6-12-2026 15:04:29 - log: Load engine in /Applications/Cocos/Creator/3.8.8/CocosCreator.app/Contents/Resources/resources/3d/engine
6-12-2026 15:04:29 - log: Register native engine in /Applications/Cocos/Creator/3.8.8/CocosCreator.app/Contents/Resources/resources/3d/engine/native
6-12-2026 15:04:29 - log: Request namespace: device-list
6-12-2026 15:04:32 - log: [wechat-subpackage-builder] loaded
6-12-2026 15:04:37 - log: waiting the ready of builder worker...
6-12-2026 15:04:38 - log: [Scene] meshopt wasm decoder initialized
6-12-2026 15:04:38 - log: [Scene] [bullet]:bullet wasm lib loaded.
6-12-2026 15:04:38 - log: [Scene] [box2d]:box2d wasm lib loaded.
6-12-2026 15:04:38 - log: [Scene] [PHYSICS]: using builtin.
6-12-2026 15:04:38 - log: [Scene] Cocos Creator v3.8.8
6-12-2026 15:04:38 - error: [Scene] A Class already exists with the same __cid__ : SettingPopup. Error: [Scene] A Class already exists with the same __cid__ : SettingPopup. 
    at console.error (/Applications/Cocos/Creator/3.8.8/CocosCreator.app/Contents/Resources/app.asar/node_modules/@sentry/core/src/utils-hoist/instrument/console.ts:40:14)
    at error (/Applications/Cocos/Creator/3.8.8/CocosCreator.app/Contents/Resources/resources/3d/engine/bin/.cache/dev/editor/bundled/index.js:153771:12)
    at errorID (/Applications/Cocos/Creator/3.8.8/CocosCreator.app/Contents/Resources/resources/3d/engine/bin/.cache/dev/editor/bundled/index.js:153949:5)
    at eval (/Applications/Cocos/Creator/3.8.8/CocosCreator.app/Contents/Resources/resources/3d/engine/bin/.cache/dev/editor/bundled/index.js:168528:11)
    at Module.setClassName (/Applications/Cocos/Creator/3.8.8/CocosCreator.app/Contents/Resources/resources/3d/engine/bin/.cache/dev/editor/bundled/index.js:168563:9)
    at doDefine (/Applications/Cocos/Creator/3.8.8/CocosCreator.app/Contents/Resources/resources/3d/engine/bin/.cache/dev/editor/bundled/index.js:145711:8)
    at define (/Applications/Cocos/Creator/3.8.8/CocosCreator.app/Contents/Resources/resources/3d/engine/bin/.cache/dev/editor/bundled/index.js:145728:17)
    at CCClass (/Applications/Cocos/Creator/3.8.8/CocosCreator.app/Contents/Resources/resources/3d/engine/bin/.cache/dev/editor/bundled/index.js:145828:17)
    at eval (/Applications/Cocos/Creator/3.8.8/CocosCreator.app/Contents/Resources/resources/3d/engine/bin/.cache/dev/editor/bundled/index.js:276601:21)
    at eval (/Applications/Cocos/Creator/3.8.8/CocosCreator.app/Contents/Resources/resources/3d/engine/bin/.cache/dev/editor/bundled/index.js:277285:18)
    at Object.execute (file:///Users/zxd/workspace/person/animal-chess-game/temp/programming/packer-driver/targets/editor/chunks/96/966be97855b6b244581ac3bc3debe2dac7f513f0.js:58:79)
    at doExec (/Applications/Cocos/Creator/3.8.8/CocosCreator.app/Contents/Resources/app.asar/node_modules/@editor/lib-programming/static/executor/systemjs-bridge/out/index.js:517:30)
    at postOrderExec (/Applications/Cocos/Creator/3.8.8/CocosCreator.app/Contents/Resources/app.asar/node_modules/@editor/lib-programming/static/executor/systemjs-bridge/out/index.js:508:21)
    at /Applications/Cocos/Creator/3.8.8/CocosCreator.app/Contents/Resources/app.asar/node_modules/@editor/lib-programming/static/executor/systemjs-bridge/out/index.js:440:12
    at file:///Users/zxd/workspace/person/animal-chess-game/temp/programming/packer-driver/targets/editor/chunks/6d/cce:/internal/x/prerequisite-imports:8:13
    at Object.execute (file:///Users/zxd/workspace/person/animal-chess-game/temp/programming/packer-driver/targets/editor/chunks/6d/cce:/internal/x/prerequisite-imports:4:1)
    at Executor._importPrerequisiteModules (/Applications/Cocos/Creator/3.8.8/CocosCreator.app/Contents/Resources/app.asar/node_modules/@editor/lib-programming/src/executor/index.ts:358:13)
    at Executor.reload (/Applications/Cocos/Creator/3.8.8/CocosCreator.app/Contents/Resources/app.asar/node_modules/@editor/lib-programming/src/executor/index.ts:235:13)
    at /Applications/Cocos/Creator/3.8.8/CocosCreator.app/Contents/Resources/app.asar/builtin/scene/dist/script/3d/manager/scripts.ccc:1:1893
    at GlobalEnv.processQueue (/Applications/Cocos/Creator/3.8.8/CocosCreator.app/Contents/Resources/app.asar/builtin/scene/dist/script/3d/manager/scripts.ccc:1:2290)
    at GlobalEnv.record (/Applications/Cocos/Creator/3.8.8/CocosCreator.app/Contents/Resources/app.asar/builtin/scene/dist/script/3d/manager/scripts.ccc:1:2061)
    at ScriptManager.init (/Applications/Cocos/Creator/3.8.8/CocosCreator.app/Contents/Resources/app.asar/builtin/scene/dist/script/3d/manager/scripts.ccc:1:4024)
6-12-2026 15:04:38 - error: [Scene] A Class already exists with the same __cid__ : SettingPopup. Error: [Scene] A Class already exists with the same __cid__ : SettingPopup. 
    at console.error (/Applications/Cocos/Creator/3.8.8/CocosCreator.app/Contents/Resources/app.asar/node_modules/@sentry/core/src/utils-hoist/instrument/console.ts:40:14)
    at error (/Applications/Cocos/Creator/3.8.8/CocosCreator.app/Contents/Resources/resources/3d/engine/bin/.cache/dev/editor/bundled/index.js:153771:12)
    at errorID (/Applications/Cocos/Creator/3.8.8/CocosCreator.app/Contents/Resources/resources/3d/engine/bin/.cache/dev/editor/bundled/index.js:153949:5)
    at eval (/Applications/Cocos/Creator/3.8.8/CocosCreator.app/Contents/Resources/resources/3d/engine/bin/.cache/dev/editor/bundled/index.js:168528:11)
    at Module.setClassName (/Applications/Cocos/Creator/3.8.8/CocosCreator.app/Contents/Resources/resources/3d/engine/bin/.cache/dev/editor/bundled/index.js:168563:9)
    at doDefine (/Applications/Cocos/Creator/3.8.8/CocosCreator.app/Contents/Resources/resources/3d/engine/bin/.cache/dev/editor/bundled/index.js:145711:8)
    at define (/Applications/Cocos/Creator/3.8.8/CocosCreator.app/Contents/Resources/resources/3d/engine/bin/.cache/dev/editor/bundled/index.js:145728:17)
    at CCClass (/Applications/Cocos/Creator/3.8.8/CocosCreator.app/Contents/Resources/resources/3d/engine/bin/.cache/dev/editor/bundled/index.js:145828:17)
    at eval (/Applications/Cocos/Creator/3.8.8/CocosCreator.app/Contents/Resources/resources/3d/engine/bin/.cache/dev/editor/bundled/index.js:276601:21)
    at eval (/Applications/Cocos/Creator/3.8.8/CocosCreator.app/Contents/Resources/resources/3d/engine/bin/.cache/dev/editor/bundled/index.js:277285:18)
    at Object.execute (file:///Users/zxd/workspace/person/animal-chess-game/temp/programming/packer-driver/targets/editor/chunks/dc/dc698acb7dd709e01358d55b8966c9c814637d60.js:58:79)
    at doExec (/Applications/Cocos/Creator/3.8.8/CocosCreator.app/Contents/Resources/app.asar/node_modules/@editor/lib-programming/static/executor/systemjs-bridge/out/index.js:517:30)
    at postOrderExec (/Applications/Cocos/Creator/3.8.8/CocosCreator.app/Contents/Resources/app.asar/node_modules/@editor/lib-programming/static/executor/systemjs-bridge/out/index.js:508:21)
    at /Applications/Cocos/Creator/3.8.8/CocosCreator.app/Contents/Resources/app.asar/node_modules/@editor/lib-programming/static/executor/systemjs-bridge/out/index.js:440:12
    at file:///Users/zxd/workspace/person/animal-chess-game/temp/programming/packer-driver/targets/editor/chunks/6d/cce:/internal/x/prerequisite-imports:8:13
    at Object.execute (file:///Users/zxd/workspace/person/animal-chess-game/temp/programming/packer-driver/targets/editor/chunks/6d/cce:/internal/x/prerequisite-imports:4:1)
    at Executor._importPrerequisiteModules (/Applications/Cocos/Creator/3.8.8/CocosCreator.app/Contents/Resources/app.asar/node_modules/@editor/lib-programming/src/executor/index.ts:358:13)
    at Executor.reload (/Applications/Cocos/Creator/3.8.8/CocosCreator.app/Contents/Resources/app.asar/node_modules/@editor/lib-programming/src/executor/index.ts:235:13)
    at /Applications/Cocos/Creator/3.8.8/CocosCreator.app/Contents/Resources/app.asar/builtin/scene/dist/script/3d/manager/scripts.ccc:1:1893
    at GlobalEnv.processQueue (/Applications/Cocos/Creator/3.8.8/CocosCreator.app/Contents/Resources/app.asar/builtin/scene/dist/script/3d/manager/scripts.ccc:1:2290)
    at GlobalEnv.record (/Applications/Cocos/Creator/3.8.8/CocosCreator.app/Contents/Resources/app.asar/builtin/scene/dist/script/3d/manager/scripts.ccc:1:2061)
    at ScriptManager.init (/Applications/Cocos/Creator/3.8.8/CocosCreator.app/Contents/Resources/app.asar/builtin/scene/dist/script/3d/manager/scripts.ccc:1:4024)
6-12-2026 15:04:38 - log: [Scene] Using custom pipeline: Builtin
6-12-2026 15:04:38 - log: [Scene] [PHYSICS2D]: switch from builtin to box2d.
