18:39:21.283 debug: 2026/6/8 18:39:21
18:39:21.284 debug: Project: /Users/zxd/workspace/person/animal-chess-game
18:39:21.284 debug: Targets: editor,preview
18:39:21.286 debug: Incremental file seems great.
18:39:21.286 debug: Engine path: /Applications/Cocos/Creator/3.8.8/CocosCreator.app/Contents/Resources/resources/3d/engine
18:39:21.292 debug: Initializing target [Editor]
18:39:21.293 debug: Loading cache
18:39:21.294 debug: Loading cache costs 1.3763330000001588ms.
18:39:21.294 debug: Engine features shipped in editor: base,gfx-webgl,gfx-webgl2,gfx-empty,gfx-webgpu,3d,animation,skeletal-animation,2d,rich-text,mask,graphics,ui-skew,ui,affine-transform,sorting-2d,particle,particle-2d,physics-framework,physics-cannon,physics-physx,physics-ammo,physics-builtin,physics-2d-framework,physics-2d-box2d-jsb,physics-2d-box2d,physics-2d-builtin,physics-2d-box2d-wasm,intersection-2d,primitive,profiler,occlusion-query,geometry-renderer,debug-renderer,audio,video,xr,light-probe,terrain,webview,tween,tiled-map,vendor-google,spine-3.8,spine-4.2,dragon-bones,marionette,procedural-animation,custom-pipeline,custom-pipeline-builtin-scripts,custom-pipeline-post-process,legacy-pipeline,websocket,websocket-server,meshopt
18:39:21.294 debug: Our import map(foo:/bar): {
  "imports": {
    "cc": "cce:/internal/x/cc"
  }
}
18:39:21.294 debug: Initializing target [Preview]
18:39:21.295 debug: Loading cache
18:39:21.296 debug: Loading cache costs 1.070042000000285ms.
18:39:21.296 debug: Our import map(foo:/bar): {
  "imports": {
    "cc": "cce:/internal/x/cc"
  }
}
18:39:21.323 debug: Sync engine features: 2d,affine-transform,animation,audio,base,custom-pipeline,dragon-bones,gfx-webgl,gfx-webgl2,graphics,intersection-2d,mask,particle-2d,physics-2d-box2d,profiler,rich-text,spine-3.8,tiled-map,tween,ui,video,webview
18:39:21.325 debug: Reset databases. Enumerated domains: [
  {
    "root": "db://internal/",
    "physical": "/Applications/Cocos/Creator/3.8.8/CocosCreator.app/Contents/Resources/resources/3d/engine/editor/assets"
  },
  {
    "root": "db://assets/",
    "physical": "/Users/zxd/workspace/person/animal-chess-game/assets"
  }
]
18:39:21.325 debug: Our import map(foo:/bar): {
  "imports": {
    "cc": "cce:/internal/x/cc",
    "db://internal/": "file:///Applications/Cocos/Creator/3.8.8/CocosCreator.app/Contents/Resources/resources/3d/engine/editor/assets/",
    "db://assets/": "file:///Users/zxd/workspace/person/animal-chess-game/assets/"
  }
}
18:39:21.325 debug: Our import map(foo:/bar): {
  "imports": {
    "cc": "cce:/internal/x/cc",
    "db://internal/": "file:///Applications/Cocos/Creator/3.8.8/CocosCreator.app/Contents/Resources/resources/3d/engine/editor/assets/",
    "db://assets/": "file:///Users/zxd/workspace/person/animal-chess-game/assets/"
  }
}
18:39:21.325 debug: Pulling asset-db.
18:39:21.328 debug: Fetch asset-db cost: 2.7009580000003552ms.
18:39:21.329 debug: Build iteration starts.
Number of accumulated asset changes: 24
Feature changed: false
18:39:21.329 debug: Target(editor) build started.
18:39:21.331 debug: Detected change: cce:/internal/x/cc. Last mtime: Thu Jan 01 1970 08:00:05 GMT+0800 (中国标准时间), Current mtime: Thu Jan 01 1970 08:00:06 GMT+0800 (中国标准时间)
18:39:21.331 debug: Inspect cce:/internal/x/cc
18:39:21.357 debug: transform url: 'cce:/internal/x/cc' costs: 25.60 ms
18:39:21.358 debug: Resolve cce:/internal/x/cc-fu/base from cce:/internal/x/cc as external dependency cce:/internal/x/cc-fu/base.
18:39:21.358 debug: Resolve cce:/internal/x/cc-fu/gfx-webgl from cce:/internal/x/cc as external dependency cce:/internal/x/cc-fu/gfx-webgl.
18:39:21.358 debug: Resolve cce:/internal/x/cc-fu/gfx-webgl2 from cce:/internal/x/cc as external dependency cce:/internal/x/cc-fu/gfx-webgl2.
18:39:21.358 debug: Resolve cce:/internal/x/cc-fu/gfx-empty from cce:/internal/x/cc as external dependency cce:/internal/x/cc-fu/gfx-empty.
18:39:21.358 debug: Resolve cce:/internal/x/cc-fu/gfx-webgpu from cce:/internal/x/cc as external dependency cce:/internal/x/cc-fu/gfx-webgpu.
18:39:21.358 debug: Resolve cce:/internal/x/cc-fu/3d from cce:/internal/x/cc as external dependency cce:/internal/x/cc-fu/3d.
18:39:21.358 debug: Resolve cce:/internal/x/cc-fu/animation from cce:/internal/x/cc as external dependency cce:/internal/x/cc-fu/animation.
18:39:21.358 debug: Resolve cce:/internal/x/cc-fu/skeletal-animation from cce:/internal/x/cc as external dependency cce:/internal/x/cc-fu/skeletal-animation.
18:39:21.358 debug: Resolve cce:/internal/x/cc-fu/2d from cce:/internal/x/cc as external dependency cce:/internal/x/cc-fu/2d.
18:39:21.358 debug: Resolve cce:/internal/x/cc-fu/sorting from cce:/internal/x/cc as external dependency cce:/internal/x/cc-fu/sorting.
18:39:21.358 debug: Resolve cce:/internal/x/cc-fu/rich-text from cce:/internal/x/cc as external dependency cce:/internal/x/cc-fu/rich-text.
18:39:21.358 debug: Resolve cce:/internal/x/cc-fu/mask from cce:/internal/x/cc as external dependency cce:/internal/x/cc-fu/mask.
18:39:21.358 debug: Resolve cce:/internal/x/cc-fu/graphics from cce:/internal/x/cc as external dependency cce:/internal/x/cc-fu/graphics.
18:39:21.358 debug: Resolve cce:/internal/x/cc-fu/ui-skew from cce:/internal/x/cc as external dependency cce:/internal/x/cc-fu/ui-skew.
18:39:21.358 debug: Resolve cce:/internal/x/cc-fu/ui from cce:/internal/x/cc as external dependency cce:/internal/x/cc-fu/ui.
18:39:21.358 debug: Resolve cce:/internal/x/cc-fu/affine-transform from cce:/internal/x/cc as external dependency cce:/internal/x/cc-fu/affine-transform.
18:39:21.358 debug: Resolve cce:/internal/x/cc-fu/sorting-2d from cce:/internal/x/cc as external dependency cce:/internal/x/cc-fu/sorting-2d.
18:39:21.358 debug: Resolve cce:/internal/x/cc-fu/particle from cce:/internal/x/cc as external dependency cce:/internal/x/cc-fu/particle.
18:39:21.358 debug: Resolve cce:/internal/x/cc-fu/particle-2d from cce:/internal/x/cc as external dependency cce:/internal/x/cc-fu/particle-2d.
18:39:21.358 debug: Resolve cce:/internal/x/cc-fu/physics-framework from cce:/internal/x/cc as external dependency cce:/internal/x/cc-fu/physics-framework.
18:39:21.358 debug: Resolve cce:/internal/x/cc-fu/physics-cannon from cce:/internal/x/cc as external dependency cce:/internal/x/cc-fu/physics-cannon.
18:39:21.358 debug: Resolve cce:/internal/x/cc-fu/physics-physx from cce:/internal/x/cc as external dependency cce:/internal/x/cc-fu/physics-physx.
18:39:21.358 debug: Resolve cce:/internal/x/cc-fu/physics-ammo from cce:/internal/x/cc as external dependency cce:/internal/x/cc-fu/physics-ammo.
18:39:21.358 debug: Resolve cce:/internal/x/cc-fu/physics-builtin from cce:/internal/x/cc as external dependency cce:/internal/x/cc-fu/physics-builtin.
18:39:21.358 debug: Resolve cce:/internal/x/cc-fu/physics-2d-framework from cce:/internal/x/cc as external dependency cce:/internal/x/cc-fu/physics-2d-framework.
18:39:21.358 debug: Resolve cce:/internal/x/cc-fu/physics-2d-box2d-jsb from cce:/internal/x/cc as external dependency cce:/internal/x/cc-fu/physics-2d-box2d-jsb.
18:39:21.358 debug: Resolve cce:/internal/x/cc-fu/physics-2d-box2d from cce:/internal/x/cc as external dependency cce:/internal/x/cc-fu/physics-2d-box2d.
18:39:21.358 debug: Resolve cce:/internal/x/cc-fu/physics-2d-builtin from cce:/internal/x/cc as external dependency cce:/internal/x/cc-fu/physics-2d-builtin.
18:39:21.358 debug: Resolve cce:/internal/x/cc-fu/physics-2d-box2d-wasm from cce:/internal/x/cc as external dependency cce:/internal/x/cc-fu/physics-2d-box2d-wasm.
18:39:21.358 debug: Resolve cce:/internal/x/cc-fu/intersection-2d from cce:/internal/x/cc as external dependency cce:/internal/x/cc-fu/intersection-2d.
18:39:21.358 debug: Resolve cce:/internal/x/cc-fu/primitive from cce:/internal/x/cc as external dependency cce:/internal/x/cc-fu/primitive.
18:39:21.358 debug: Resolve cce:/internal/x/cc-fu/profiler from cce:/internal/x/cc as external dependency cce:/internal/x/cc-fu/profiler.
18:39:21.358 debug: Resolve cce:/internal/x/cc-fu/geometry-renderer from cce:/internal/x/cc as external dependency cce:/internal/x/cc-fu/geometry-renderer.
18:39:21.358 debug: Resolve cce:/internal/x/cc-fu/audio from cce:/internal/x/cc as external dependency cce:/internal/x/cc-fu/audio.
18:39:21.358 debug: Resolve cce:/internal/x/cc-fu/video from cce:/internal/x/cc as external dependency cce:/internal/x/cc-fu/video.
18:39:21.358 debug: Resolve cce:/internal/x/cc-fu/xr from cce:/internal/x/cc as external dependency cce:/internal/x/cc-fu/xr.
18:39:21.358 debug: Resolve cce:/internal/x/cc-fu/light-probe from cce:/internal/x/cc as external dependency cce:/internal/x/cc-fu/light-probe.
18:39:21.358 debug: Resolve cce:/internal/x/cc-fu/terrain from cce:/internal/x/cc as external dependency cce:/internal/x/cc-fu/terrain.
18:39:21.358 debug: Resolve cce:/internal/x/cc-fu/webview from cce:/internal/x/cc as external dependency cce:/internal/x/cc-fu/webview.
18:39:21.358 debug: Resolve cce:/internal/x/cc-fu/tween from cce:/internal/x/cc as external dependency cce:/internal/x/cc-fu/tween.
18:39:21.358 debug: Resolve cce:/internal/x/cc-fu/tiled-map from cce:/internal/x/cc as external dependency cce:/internal/x/cc-fu/tiled-map.
18:39:21.358 debug: Resolve cce:/internal/x/cc-fu/vendor-google from cce:/internal/x/cc as external dependency cce:/internal/x/cc-fu/vendor-google.
18:39:21.358 debug: Resolve cce:/internal/x/cc-fu/spine from cce:/internal/x/cc as external dependency cce:/internal/x/cc-fu/spine.
18:39:21.358 debug: Resolve cce:/internal/x/cc-fu/dragon-bones from cce:/internal/x/cc as external dependency cce:/internal/x/cc-fu/dragon-bones.
18:39:21.358 debug: Resolve cce:/internal/x/cc-fu/custom-pipeline from cce:/internal/x/cc as external dependency cce:/internal/x/cc-fu/custom-pipeline.
18:39:21.358 debug: Resolve cce:/internal/x/cc-fu/custom-pipeline-post-process from cce:/internal/x/cc as external dependency cce:/internal/x/cc-fu/custom-pipeline-post-process.
18:39:21.358 debug: Resolve cce:/internal/x/cc-fu/legacy-pipeline from cce:/internal/x/cc as external dependency cce:/internal/x/cc-fu/legacy-pipeline.
18:39:21.358 debug: Detected change: cce:/internal/x/prerequisite-imports. Last mtime: Thu Jan 01 1970 08:00:07 GMT+0800 (中国标准时间), Current mtime: Thu Jan 01 1970 08:00:06 GMT+0800 (中国标准时间)
18:39:21.358 debug: Inspect cce:/internal/x/prerequisite-imports
18:39:21.367 debug: transform url: 'cce:/internal/x/prerequisite-imports' costs: 8.70 ms
18:39:21.368 debug: Resolve file:///Applications/Cocos/Creator/3.8.8/CocosCreator.app/Contents/Resources/resources/3d/engine/editor/assets/default_renderpipeline/builtin-dof-pass.ts from cce:/internal/x/prerequisite-imports as file:///Applications/Cocos/Creator/3.8.8/CocosCreator.app/Contents/Resources/resources/3d/engine/editor/assets/default_renderpipeline/builtin-dof-pass.ts.
18:39:21.368 debug: Resolve file:///Applications/Cocos/Creator/3.8.8/CocosCreator.app/Contents/Resources/resources/3d/engine/editor/assets/default_renderpipeline/builtin-pipeline-pass.ts from cce:/internal/x/prerequisite-imports as file:///Applications/Cocos/Creator/3.8.8/CocosCreator.app/Contents/Resources/resources/3d/engine/editor/assets/default_renderpipeline/builtin-pipeline-pass.ts.
18:39:21.368 debug: Resolve file:///Applications/Cocos/Creator/3.8.8/CocosCreator.app/Contents/Resources/resources/3d/engine/editor/assets/default_renderpipeline/builtin-pipeline-settings.ts from cce:/internal/x/prerequisite-imports as file:///Applications/Cocos/Creator/3.8.8/CocosCreator.app/Contents/Resources/resources/3d/engine/editor/assets/default_renderpipeline/builtin-pipeline-settings.ts.
18:39:21.368 debug: Resolve file:///Applications/Cocos/Creator/3.8.8/CocosCreator.app/Contents/Resources/resources/3d/engine/editor/assets/default_renderpipeline/builtin-pipeline-types.ts from cce:/internal/x/prerequisite-imports as file:///Applications/Cocos/Creator/3.8.8/CocosCreator.app/Contents/Resources/resources/3d/engine/editor/assets/default_renderpipeline/builtin-pipeline-types.ts.
18:39:21.368 debug: Resolve file:///Applications/Cocos/Creator/3.8.8/CocosCreator.app/Contents/Resources/resources/3d/engine/editor/assets/default_renderpipeline/builtin-pipeline.ts from cce:/internal/x/prerequisite-imports as file:///Applications/Cocos/Creator/3.8.8/CocosCreator.app/Contents/Resources/resources/3d/engine/editor/assets/default_renderpipeline/builtin-pipeline.ts.
18:39:21.368 debug: Resolve file:///Applications/Cocos/Creator/3.8.8/CocosCreator.app/Contents/Resources/resources/3d/engine/editor/assets/tools/debug-view-runtime-control.ts from cce:/internal/x/prerequisite-imports as file:///Applications/Cocos/Creator/3.8.8/CocosCreator.app/Contents/Resources/resources/3d/engine/editor/assets/tools/debug-view-runtime-control.ts.
18:39:21.369 debug: Resolve file:///Users/zxd/workspace/person/animal-chess-game/assets/scripts/GameMain.ts from cce:/internal/x/prerequisite-imports as file:///Users/zxd/workspace/person/animal-chess-game/assets/scripts/GameMain.ts.
18:39:21.369 debug: Resolve file:///Users/zxd/workspace/person/animal-chess-game/assets/scripts/framework/DataManager.ts from cce:/internal/x/prerequisite-imports as file:///Users/zxd/workspace/person/animal-chess-game/assets/scripts/framework/DataManager.ts.
18:39:21.369 debug: Resolve file:///Users/zxd/workspace/person/animal-chess-game/assets/scripts/framework/HttpManager.ts from cce:/internal/x/prerequisite-imports as file:///Users/zxd/workspace/person/animal-chess-game/assets/scripts/framework/HttpManager.ts.
18:39:21.369 debug: Resolve file:///Users/zxd/workspace/person/animal-chess-game/assets/scripts/framework/PopupManager.ts from cce:/internal/x/prerequisite-imports as file:///Users/zxd/workspace/person/animal-chess-game/assets/scripts/framework/PopupManager.ts.
18:39:21.369 debug: Resolve file:///Users/zxd/workspace/person/animal-chess-game/assets/scripts/framework/ResManager.ts from cce:/internal/x/prerequisite-imports as file:///Users/zxd/workspace/person/animal-chess-game/assets/scripts/framework/ResManager.ts.
18:39:21.369 debug: Resolve file:///Users/zxd/workspace/person/animal-chess-game/assets/scripts/framework/Singleton.ts from cce:/internal/x/prerequisite-imports as file:///Users/zxd/workspace/person/animal-chess-game/assets/scripts/framework/Singleton.ts.
18:39:21.369 debug: Resolve file:///Users/zxd/workspace/person/animal-chess-game/assets/scripts/framework/SoundManager.ts from cce:/internal/x/prerequisite-imports as file:///Users/zxd/workspace/person/animal-chess-game/assets/scripts/framework/SoundManager.ts.
18:39:21.369 debug: Resolve file:///Users/zxd/workspace/person/animal-chess-game/assets/scripts/framework/UIManager.ts from cce:/internal/x/prerequisite-imports as file:///Users/zxd/workspace/person/animal-chess-game/assets/scripts/framework/UIManager.ts.
18:39:21.369 debug: Resolve file:///Users/zxd/workspace/person/animal-chess-game/assets/scripts/game/AIOpponentSystem.ts from cce:/internal/x/prerequisite-imports as file:///Users/zxd/workspace/person/animal-chess-game/assets/scripts/game/AIOpponentSystem.ts.
18:39:21.369 debug: Resolve file:///Users/zxd/workspace/person/animal-chess-game/assets/scripts/game/GameRuleSystem.ts from cce:/internal/x/prerequisite-imports as file:///Users/zxd/workspace/person/animal-chess-game/assets/scripts/game/GameRuleSystem.ts.
18:39:21.369 debug: Resolve file:///Users/zxd/workspace/person/animal-chess-game/assets/scripts/game/RankSystem.ts from cce:/internal/x/prerequisite-imports as file:///Users/zxd/workspace/person/animal-chess-game/assets/scripts/game/RankSystem.ts.
18:39:21.369 debug: Resolve file:///Users/zxd/workspace/person/animal-chess-game/assets/scripts/pages/GamePage.ts from cce:/internal/x/prerequisite-imports as file:///Users/zxd/workspace/person/animal-chess-game/assets/scripts/pages/GamePage.ts.
18:39:21.369 debug: Resolve file:///Users/zxd/workspace/person/animal-chess-game/assets/scripts/pages/HomePage.ts from cce:/internal/x/prerequisite-imports as file:///Users/zxd/workspace/person/animal-chess-game/assets/scripts/pages/HomePage.ts.
18:39:21.369 debug: Resolve file:///Users/zxd/workspace/person/animal-chess-game/assets/scripts/pages/LoadingPage.ts from cce:/internal/x/prerequisite-imports as file:///Users/zxd/workspace/person/animal-chess-game/assets/scripts/pages/LoadingPage.ts.
18:39:21.369 debug: Resolve file:///Users/zxd/workspace/person/animal-chess-game/assets/scripts/pages/RulesPage.ts from cce:/internal/x/prerequisite-imports as file:///Users/zxd/workspace/person/animal-chess-game/assets/scripts/pages/RulesPage.ts.
18:39:21.369 debug: Resolve file:///Users/zxd/workspace/person/animal-chess-game/assets/scripts/popups/SettingPopup.ts from cce:/internal/x/prerequisite-imports as file:///Users/zxd/workspace/person/animal-chess-game/assets/scripts/popups/SettingPopup.ts.
18:39:21.369 debug: Resolve file:///Users/zxd/workspace/person/animal-chess-game/assets/scripts/system/UserSystem.ts from cce:/internal/x/prerequisite-imports as file:///Users/zxd/workspace/person/animal-chess-game/assets/scripts/system/UserSystem.ts.
18:39:21.369 debug: Resolve file:///Users/zxd/workspace/person/animal-chess-game/assets/scripts/utils/Constants.ts from cce:/internal/x/prerequisite-imports as file:///Users/zxd/workspace/person/animal-chess-game/assets/scripts/utils/Constants.ts.
18:39:21.370 debug: Resolve cce:/internal/code-quality/cr.mjs from file:///Applications/Cocos/Creator/3.8.8/CocosCreator.app/Contents/Resources/resources/3d/engine/editor/assets/default_renderpipeline/builtin-dof-pass.ts as cce:/internal/code-quality/cr.mjs.
18:39:21.370 debug: Detected change: cce:/internal/code-quality/cr.mjs. Last mtime: Mon Jun 08 2026 18:33:12 GMT+0800 (中国标准时间), Current mtime: Mon Jun 08 2026 18:39:14 GMT+0800 (中国标准时间)
18:39:21.370 debug: Inspect cce:/internal/code-quality/cr.mjs
18:39:21.374 debug: transform url: 'cce:/internal/code-quality/cr.mjs' costs: 4.40 ms
18:39:21.375 debug: Resolve cc from file:///Applications/Cocos/Creator/3.8.8/CocosCreator.app/Contents/Resources/resources/3d/engine/editor/assets/default_renderpipeline/builtin-dof-pass.ts as cce:/internal/x/cc.
18:39:21.375 debug: Resolve cc from file:///Applications/Cocos/Creator/3.8.8/CocosCreator.app/Contents/Resources/resources/3d/engine/editor/assets/default_renderpipeline/builtin-dof-pass.ts as cce:/internal/x/cc.
18:39:21.375 debug: Resolve cc from file:///Applications/Cocos/Creator/3.8.8/CocosCreator.app/Contents/Resources/resources/3d/engine/editor/assets/default_renderpipeline/builtin-dof-pass.ts as cce:/internal/x/cc.
18:39:21.375 debug: Resolve cc/env from file:///Applications/Cocos/Creator/3.8.8/CocosCreator.app/Contents/Resources/resources/3d/engine/editor/assets/default_renderpipeline/builtin-dof-pass.ts as external dependency cc/env.
18:39:21.375 debug: Resolve ./builtin-pipeline-settings from file:///Applications/Cocos/Creator/3.8.8/CocosCreator.app/Contents/Resources/resources/3d/engine/editor/assets/default_renderpipeline/builtin-dof-pass.ts as file:///Applications/Cocos/Creator/3.8.8/CocosCreator.app/Contents/Resources/resources/3d/engine/editor/assets/default_renderpipeline/builtin-pipeline-settings.ts.
18:39:21.375 debug: Resolve ./builtin-pipeline-pass from file:///Applications/Cocos/Creator/3.8.8/CocosCreator.app/Contents/Resources/resources/3d/engine/editor/assets/default_renderpipeline/builtin-dof-pass.ts as file:///Applications/Cocos/Creator/3.8.8/CocosCreator.app/Contents/Resources/resources/3d/engine/editor/assets/default_renderpipeline/builtin-pipeline-pass.ts.
18:39:21.375 debug: Resolve ./builtin-pipeline from file:///Applications/Cocos/Creator/3.8.8/CocosCreator.app/Contents/Resources/resources/3d/engine/editor/assets/default_renderpipeline/builtin-dof-pass.ts as file:///Applications/Cocos/Creator/3.8.8/CocosCreator.app/Contents/Resources/resources/3d/engine/editor/assets/default_renderpipeline/builtin-pipeline.ts.
18:39:21.375 debug: Resolve cce:/internal/code-quality/cr.mjs from file:///Applications/Cocos/Creator/3.8.8/CocosCreator.app/Contents/Resources/resources/3d/engine/editor/assets/default_renderpipeline/builtin-pipeline-settings.ts as cce:/internal/code-quality/cr.mjs.
18:39:21.375 debug: Resolve cc from file:///Applications/Cocos/Creator/3.8.8/CocosCreator.app/Contents/Resources/resources/3d/engine/editor/assets/default_renderpipeline/builtin-pipeline-settings.ts as cce:/internal/x/cc.
18:39:21.375 debug: Resolve cc from file:///Applications/Cocos/Creator/3.8.8/CocosCreator.app/Contents/Resources/resources/3d/engine/editor/assets/default_renderpipeline/builtin-pipeline-settings.ts as cce:/internal/x/cc.
18:39:21.375 debug: Resolve cc from file:///Applications/Cocos/Creator/3.8.8/CocosCreator.app/Contents/Resources/resources/3d/engine/editor/assets/default_renderpipeline/builtin-pipeline-settings.ts as cce:/internal/x/cc.
18:39:21.375 debug: Resolve cc/env from file:///Applications/Cocos/Creator/3.8.8/CocosCreator.app/Contents/Resources/resources/3d/engine/editor/assets/default_renderpipeline/builtin-pipeline-settings.ts as external dependency cc/env.
18:39:21.375 debug: Resolve ./builtin-pipeline-types from file:///Applications/Cocos/Creator/3.8.8/CocosCreator.app/Contents/Resources/resources/3d/engine/editor/assets/default_renderpipeline/builtin-pipeline-settings.ts as file:///Applications/Cocos/Creator/3.8.8/CocosCreator.app/Contents/Resources/resources/3d/engine/editor/assets/default_renderpipeline/builtin-pipeline-types.ts.
18:39:21.375 debug: Resolve cc from file:///Applications/Cocos/Creator/3.8.8/CocosCreator.app/Contents/Resources/resources/3d/engine/editor/assets/default_renderpipeline/builtin-pipeline-types.ts as cce:/internal/x/cc.
18:39:21.375 debug: Resolve cc from file:///Applications/Cocos/Creator/3.8.8/CocosCreator.app/Contents/Resources/resources/3d/engine/editor/assets/default_renderpipeline/builtin-pipeline-types.ts as cce:/internal/x/cc.
18:39:21.375 debug: Resolve cc from file:///Applications/Cocos/Creator/3.8.8/CocosCreator.app/Contents/Resources/resources/3d/engine/editor/assets/default_renderpipeline/builtin-pipeline-types.ts as cce:/internal/x/cc.
18:39:21.375 debug: Resolve cce:/internal/code-quality/cr.mjs from file:///Applications/Cocos/Creator/3.8.8/CocosCreator.app/Contents/Resources/resources/3d/engine/editor/assets/default_renderpipeline/builtin-pipeline-pass.ts as cce:/internal/code-quality/cr.mjs.
18:39:21.376 debug: Resolve cc from file:///Applications/Cocos/Creator/3.8.8/CocosCreator.app/Contents/Resources/resources/3d/engine/editor/assets/default_renderpipeline/builtin-pipeline-pass.ts as cce:/internal/x/cc.
18:39:21.376 debug: Resolve cc from file:///Applications/Cocos/Creator/3.8.8/CocosCreator.app/Contents/Resources/resources/3d/engine/editor/assets/default_renderpipeline/builtin-pipeline-pass.ts as cce:/internal/x/cc.
18:39:21.376 debug: Resolve cc from file:///Applications/Cocos/Creator/3.8.8/CocosCreator.app/Contents/Resources/resources/3d/engine/editor/assets/default_renderpipeline/builtin-pipeline-pass.ts as cce:/internal/x/cc.
18:39:21.376 debug: Resolve ./builtin-pipeline-settings from file:///Applications/Cocos/Creator/3.8.8/CocosCreator.app/Contents/Resources/resources/3d/engine/editor/assets/default_renderpipeline/builtin-pipeline-pass.ts as file:///Applications/Cocos/Creator/3.8.8/CocosCreator.app/Contents/Resources/resources/3d/engine/editor/assets/default_renderpipeline/builtin-pipeline-settings.ts.
18:39:21.376 debug: Resolve cc/env from file:///Applications/Cocos/Creator/3.8.8/CocosCreator.app/Contents/Resources/resources/3d/engine/editor/assets/default_renderpipeline/builtin-pipeline-pass.ts as external dependency cc/env.
18:39:21.376 debug: Resolve cce:/internal/code-quality/cr.mjs from file:///Applications/Cocos/Creator/3.8.8/CocosCreator.app/Contents/Resources/resources/3d/engine/editor/assets/default_renderpipeline/builtin-pipeline.ts as cce:/internal/code-quality/cr.mjs.
18:39:21.376 debug: Resolve cc from file:///Applications/Cocos/Creator/3.8.8/CocosCreator.app/Contents/Resources/resources/3d/engine/editor/assets/default_renderpipeline/builtin-pipeline.ts as cce:/internal/x/cc.
18:39:21.376 debug: Resolve cc from file:///Applications/Cocos/Creator/3.8.8/CocosCreator.app/Contents/Resources/resources/3d/engine/editor/assets/default_renderpipeline/builtin-pipeline.ts as cce:/internal/x/cc.
18:39:21.376 debug: Resolve cc from file:///Applications/Cocos/Creator/3.8.8/CocosCreator.app/Contents/Resources/resources/3d/engine/editor/assets/default_renderpipeline/builtin-pipeline.ts as cce:/internal/x/cc.
18:39:21.376 debug: Resolve cc/env from file:///Applications/Cocos/Creator/3.8.8/CocosCreator.app/Contents/Resources/resources/3d/engine/editor/assets/default_renderpipeline/builtin-pipeline.ts as external dependency cc/env.
18:39:21.376 debug: Resolve ./builtin-pipeline-types from file:///Applications/Cocos/Creator/3.8.8/CocosCreator.app/Contents/Resources/resources/3d/engine/editor/assets/default_renderpipeline/builtin-pipeline.ts as file:///Applications/Cocos/Creator/3.8.8/CocosCreator.app/Contents/Resources/resources/3d/engine/editor/assets/default_renderpipeline/builtin-pipeline-types.ts.
18:39:21.376 debug: Resolve cc from file:///Applications/Cocos/Creator/3.8.8/CocosCreator.app/Contents/Resources/resources/3d/engine/editor/assets/tools/debug-view-runtime-control.ts as cce:/internal/x/cc.
18:39:21.376 debug: Resolve cc from file:///Applications/Cocos/Creator/3.8.8/CocosCreator.app/Contents/Resources/resources/3d/engine/editor/assets/tools/debug-view-runtime-control.ts as cce:/internal/x/cc.
18:39:21.376 debug: Resolve cc from file:///Applications/Cocos/Creator/3.8.8/CocosCreator.app/Contents/Resources/resources/3d/engine/editor/assets/tools/debug-view-runtime-control.ts as cce:/internal/x/cc.
18:39:21.376 debug: Resolve cce:/internal/code-quality/cr.mjs from file:///Users/zxd/workspace/person/animal-chess-game/assets/scripts/GameMain.ts as cce:/internal/code-quality/cr.mjs.
18:39:21.376 debug: Resolve cc from file:///Users/zxd/workspace/person/animal-chess-game/assets/scripts/GameMain.ts as cce:/internal/x/cc.
18:39:21.376 debug: Resolve cc from file:///Users/zxd/workspace/person/animal-chess-game/assets/scripts/GameMain.ts as cce:/internal/x/cc.
18:39:21.376 debug: Resolve cc from file:///Users/zxd/workspace/person/animal-chess-game/assets/scripts/GameMain.ts as cce:/internal/x/cc.
18:39:21.376 debug: Resolve ./framework/UIManager from file:///Users/zxd/workspace/person/animal-chess-game/assets/scripts/GameMain.ts as file:///Users/zxd/workspace/person/animal-chess-game/assets/scripts/framework/UIManager.ts.
18:39:21.376 debug: Resolve ./framework/PopupManager from file:///Users/zxd/workspace/person/animal-chess-game/assets/scripts/GameMain.ts as file:///Users/zxd/workspace/person/animal-chess-game/assets/scripts/framework/PopupManager.ts.
18:39:21.376 debug: Resolve ./framework/SoundManager from file:///Users/zxd/workspace/person/animal-chess-game/assets/scripts/GameMain.ts as file:///Users/zxd/workspace/person/animal-chess-game/assets/scripts/framework/SoundManager.ts.
18:39:21.376 debug: Resolve ./framework/DataManager from file:///Users/zxd/workspace/person/animal-chess-game/assets/scripts/GameMain.ts as file:///Users/zxd/workspace/person/animal-chess-game/assets/scripts/framework/DataManager.ts.
18:39:21.376 debug: Resolve ./framework/HttpManager from file:///Users/zxd/workspace/person/animal-chess-game/assets/scripts/GameMain.ts as file:///Users/zxd/workspace/person/animal-chess-game/assets/scripts/framework/HttpManager.ts.
18:39:21.376 debug: Resolve ./utils/Constants from file:///Users/zxd/workspace/person/animal-chess-game/assets/scripts/GameMain.ts as file:///Users/zxd/workspace/person/animal-chess-game/assets/scripts/utils/Constants.ts.
18:39:21.376 debug: Resolve ./pages/HomePage from file:///Users/zxd/workspace/person/animal-chess-game/assets/scripts/GameMain.ts as file:///Users/zxd/workspace/person/animal-chess-game/assets/scripts/pages/HomePage.ts.
18:39:21.377 debug: Resolve ./system/UserSystem from file:///Users/zxd/workspace/person/animal-chess-game/assets/scripts/GameMain.ts as file:///Users/zxd/workspace/person/animal-chess-game/assets/scripts/system/UserSystem.ts.
18:39:21.377 debug: Resolve cce:/internal/code-quality/cr.mjs from file:///Users/zxd/workspace/person/animal-chess-game/assets/scripts/framework/UIManager.ts as cce:/internal/code-quality/cr.mjs.
18:39:21.377 debug: Resolve cc from file:///Users/zxd/workspace/person/animal-chess-game/assets/scripts/framework/UIManager.ts as cce:/internal/x/cc.
18:39:21.377 debug: Resolve cc from file:///Users/zxd/workspace/person/animal-chess-game/assets/scripts/framework/UIManager.ts as cce:/internal/x/cc.
18:39:21.377 debug: Resolve cc from file:///Users/zxd/workspace/person/animal-chess-game/assets/scripts/framework/UIManager.ts as cce:/internal/x/cc.
18:39:21.377 debug: Resolve ./Singleton from file:///Users/zxd/workspace/person/animal-chess-game/assets/scripts/framework/UIManager.ts as file:///Users/zxd/workspace/person/animal-chess-game/assets/scripts/framework/Singleton.ts.
18:39:21.377 debug: Resolve ../pages/LoadingPage from file:///Users/zxd/workspace/person/animal-chess-game/assets/scripts/framework/UIManager.ts as file:///Users/zxd/workspace/person/animal-chess-game/assets/scripts/pages/LoadingPage.ts.
18:39:21.377 debug: Resolve ../pages/HomePage from file:///Users/zxd/workspace/person/animal-chess-game/assets/scripts/framework/UIManager.ts as file:///Users/zxd/workspace/person/animal-chess-game/assets/scripts/pages/HomePage.ts.
18:39:21.377 debug: Resolve ../pages/GamePage from file:///Users/zxd/workspace/person/animal-chess-game/assets/scripts/framework/UIManager.ts as file:///Users/zxd/workspace/person/animal-chess-game/assets/scripts/pages/GamePage.ts.
18:39:21.377 debug: Resolve ../pages/RulesPage from file:///Users/zxd/workspace/person/animal-chess-game/assets/scripts/framework/UIManager.ts as file:///Users/zxd/workspace/person/animal-chess-game/assets/scripts/pages/RulesPage.ts.
18:39:21.377 debug: Resolve cc from file:///Users/zxd/workspace/person/animal-chess-game/assets/scripts/framework/Singleton.ts as cce:/internal/x/cc.
18:39:21.377 debug: Resolve cce:/internal/code-quality/cr.mjs from file:///Users/zxd/workspace/person/animal-chess-game/assets/scripts/pages/LoadingPage.ts as cce:/internal/code-quality/cr.mjs.
18:39:21.377 debug: Resolve cc from file:///Users/zxd/workspace/person/animal-chess-game/assets/scripts/pages/LoadingPage.ts as cce:/internal/x/cc.
18:39:21.377 debug: Resolve cc from file:///Users/zxd/workspace/person/animal-chess-game/assets/scripts/pages/LoadingPage.ts as cce:/internal/x/cc.
18:39:21.377 debug: Resolve cc from file:///Users/zxd/workspace/person/animal-chess-game/assets/scripts/pages/LoadingPage.ts as cce:/internal/x/cc.
18:39:21.377 debug: Resolve ../framework/ResManager from file:///Users/zxd/workspace/person/animal-chess-game/assets/scripts/pages/LoadingPage.ts as file:///Users/zxd/workspace/person/animal-chess-game/assets/scripts/framework/ResManager.ts.
18:39:21.377 debug: Resolve cce:/internal/code-quality/cr.mjs from file:///Users/zxd/workspace/person/animal-chess-game/assets/scripts/framework/ResManager.ts as cce:/internal/code-quality/cr.mjs.
18:39:21.378 debug: Resolve cc from file:///Users/zxd/workspace/person/animal-chess-game/assets/scripts/framework/ResManager.ts as cce:/internal/x/cc.
18:39:21.378 debug: Resolve cc from file:///Users/zxd/workspace/person/animal-chess-game/assets/scripts/framework/ResManager.ts as cce:/internal/x/cc.
18:39:21.378 debug: Resolve cc from file:///Users/zxd/workspace/person/animal-chess-game/assets/scripts/framework/ResManager.ts as cce:/internal/x/cc.
18:39:21.378 debug: Resolve ./Singleton from file:///Users/zxd/workspace/person/animal-chess-game/assets/scripts/framework/ResManager.ts as file:///Users/zxd/workspace/person/animal-chess-game/assets/scripts/framework/Singleton.ts.
18:39:21.378 debug: Resolve cce:/internal/code-quality/cr.mjs from file:///Users/zxd/workspace/person/animal-chess-game/assets/scripts/pages/HomePage.ts as cce:/internal/code-quality/cr.mjs.
18:39:21.378 debug: Resolve cc from file:///Users/zxd/workspace/person/animal-chess-game/assets/scripts/pages/HomePage.ts as cce:/internal/x/cc.
18:39:21.378 debug: Resolve cc from file:///Users/zxd/workspace/person/animal-chess-game/assets/scripts/pages/HomePage.ts as cce:/internal/x/cc.
18:39:21.378 debug: Resolve cc from file:///Users/zxd/workspace/person/animal-chess-game/assets/scripts/pages/HomePage.ts as cce:/internal/x/cc.
18:39:21.378 debug: Resolve ../framework/UIManager from file:///Users/zxd/workspace/person/animal-chess-game/assets/scripts/pages/HomePage.ts as file:///Users/zxd/workspace/person/animal-chess-game/assets/scripts/framework/UIManager.ts.
18:39:21.378 debug: Resolve ../framework/SoundManager from file:///Users/zxd/workspace/person/animal-chess-game/assets/scripts/pages/HomePage.ts as file:///Users/zxd/workspace/person/animal-chess-game/assets/scripts/framework/SoundManager.ts.
18:39:21.378 debug: Resolve ../system/UserSystem from file:///Users/zxd/workspace/person/animal-chess-game/assets/scripts/pages/HomePage.ts as file:///Users/zxd/workspace/person/animal-chess-game/assets/scripts/system/UserSystem.ts.
18:39:21.378 debug: Resolve ../game/RankSystem from file:///Users/zxd/workspace/person/animal-chess-game/assets/scripts/pages/HomePage.ts as file:///Users/zxd/workspace/person/animal-chess-game/assets/scripts/game/RankSystem.ts.
18:39:21.378 debug: Resolve cce:/internal/code-quality/cr.mjs from file:///Users/zxd/workspace/person/animal-chess-game/assets/scripts/framework/SoundManager.ts as cce:/internal/code-quality/cr.mjs.
18:39:21.378 debug: Resolve cc from file:///Users/zxd/workspace/person/animal-chess-game/assets/scripts/framework/SoundManager.ts as cce:/internal/x/cc.
18:39:21.378 debug: Resolve cc from file:///Users/zxd/workspace/person/animal-chess-game/assets/scripts/framework/SoundManager.ts as cce:/internal/x/cc.
18:39:21.378 debug: Resolve cc from file:///Users/zxd/workspace/person/animal-chess-game/assets/scripts/framework/SoundManager.ts as cce:/internal/x/cc.
18:39:21.378 debug: Resolve ./Singleton from file:///Users/zxd/workspace/person/animal-chess-game/assets/scripts/framework/SoundManager.ts as file:///Users/zxd/workspace/person/animal-chess-game/assets/scripts/framework/Singleton.ts.
18:39:21.378 debug: Resolve ./ResManager from file:///Users/zxd/workspace/person/animal-chess-game/assets/scripts/framework/SoundManager.ts as file:///Users/zxd/workspace/person/animal-chess-game/assets/scripts/framework/ResManager.ts.
18:39:21.378 debug: Resolve cc from file:///Users/zxd/workspace/person/animal-chess-game/assets/scripts/system/UserSystem.ts as cce:/internal/x/cc.
18:39:21.378 debug: Resolve cc from file:///Users/zxd/workspace/person/animal-chess-game/assets/scripts/game/RankSystem.ts as cce:/internal/x/cc.
18:39:21.378 debug: Resolve cce:/internal/code-quality/cr.mjs from file:///Users/zxd/workspace/person/animal-chess-game/assets/scripts/pages/GamePage.ts as cce:/internal/code-quality/cr.mjs.
18:39:21.378 debug: Resolve cc from file:///Users/zxd/workspace/person/animal-chess-game/assets/scripts/pages/GamePage.ts as cce:/internal/x/cc.
18:39:21.378 debug: Resolve cc from file:///Users/zxd/workspace/person/animal-chess-game/assets/scripts/pages/GamePage.ts as cce:/internal/x/cc.
18:39:21.378 debug: Resolve cc from file:///Users/zxd/workspace/person/animal-chess-game/assets/scripts/pages/GamePage.ts as cce:/internal/x/cc.
18:39:21.379 debug: Resolve ../framework/UIManager from file:///Users/zxd/workspace/person/animal-chess-game/assets/scripts/pages/GamePage.ts as file:///Users/zxd/workspace/person/animal-chess-game/assets/scripts/framework/UIManager.ts.
18:39:21.379 debug: Resolve ../framework/SoundManager from file:///Users/zxd/workspace/person/animal-chess-game/assets/scripts/pages/GamePage.ts as file:///Users/zxd/workspace/person/animal-chess-game/assets/scripts/framework/SoundManager.ts.
18:39:21.379 debug: Resolve ../game/GameRuleSystem from file:///Users/zxd/workspace/person/animal-chess-game/assets/scripts/pages/GamePage.ts as file:///Users/zxd/workspace/person/animal-chess-game/assets/scripts/game/GameRuleSystem.ts.
18:39:21.379 debug: Resolve ../system/UserSystem from file:///Users/zxd/workspace/person/animal-chess-game/assets/scripts/pages/GamePage.ts as file:///Users/zxd/workspace/person/animal-chess-game/assets/scripts/system/UserSystem.ts.
18:39:21.379 debug: Resolve ../game/RankSystem from file:///Users/zxd/workspace/person/animal-chess-game/assets/scripts/pages/GamePage.ts as file:///Users/zxd/workspace/person/animal-chess-game/assets/scripts/game/RankSystem.ts.
18:39:21.379 debug: Resolve ../game/AIOpponentSystem from file:///Users/zxd/workspace/person/animal-chess-game/assets/scripts/pages/GamePage.ts as file:///Users/zxd/workspace/person/animal-chess-game/assets/scripts/game/AIOpponentSystem.ts.
18:39:21.379 debug: Resolve cc from file:///Users/zxd/workspace/person/animal-chess-game/assets/scripts/game/GameRuleSystem.ts as cce:/internal/x/cc.
18:39:21.379 debug: Resolve cce:/internal/code-quality/cr.mjs from file:///Users/zxd/workspace/person/animal-chess-game/assets/scripts/game/AIOpponentSystem.ts as cce:/internal/code-quality/cr.mjs.
18:39:21.379 debug: Resolve cc from file:///Users/zxd/workspace/person/animal-chess-game/assets/scripts/game/AIOpponentSystem.ts as cce:/internal/x/cc.
18:39:21.379 debug: Resolve ./GameRuleSystem from file:///Users/zxd/workspace/person/animal-chess-game/assets/scripts/game/AIOpponentSystem.ts as file:///Users/zxd/workspace/person/animal-chess-game/assets/scripts/game/GameRuleSystem.ts.
18:39:21.379 debug: Resolve cce:/internal/code-quality/cr.mjs from file:///Users/zxd/workspace/person/animal-chess-game/assets/scripts/pages/RulesPage.ts as cce:/internal/code-quality/cr.mjs.
18:39:21.379 debug: Resolve cc from file:///Users/zxd/workspace/person/animal-chess-game/assets/scripts/pages/RulesPage.ts as cce:/internal/x/cc.
18:39:21.379 debug: Resolve cc from file:///Users/zxd/workspace/person/animal-chess-game/assets/scripts/pages/RulesPage.ts as cce:/internal/x/cc.
18:39:21.379 debug: Resolve cc from file:///Users/zxd/workspace/person/animal-chess-game/assets/scripts/pages/RulesPage.ts as cce:/internal/x/cc.
18:39:21.379 debug: Resolve ../framework/UIManager from file:///Users/zxd/workspace/person/animal-chess-game/assets/scripts/pages/RulesPage.ts as file:///Users/zxd/workspace/person/animal-chess-game/assets/scripts/framework/UIManager.ts.
18:39:21.379 debug: Resolve ../framework/SoundManager from file:///Users/zxd/workspace/person/animal-chess-game/assets/scripts/pages/RulesPage.ts as file:///Users/zxd/workspace/person/animal-chess-game/assets/scripts/framework/SoundManager.ts.
18:39:21.379 debug: Resolve cce:/internal/code-quality/cr.mjs from file:///Users/zxd/workspace/person/animal-chess-game/assets/scripts/framework/PopupManager.ts as cce:/internal/code-quality/cr.mjs.
18:39:21.379 debug: Resolve cc from file:///Users/zxd/workspace/person/animal-chess-game/assets/scripts/framework/PopupManager.ts as cce:/internal/x/cc.
18:39:21.379 debug: Resolve cc from file:///Users/zxd/workspace/person/animal-chess-game/assets/scripts/framework/PopupManager.ts as cce:/internal/x/cc.
18:39:21.379 debug: Resolve cc from file:///Users/zxd/workspace/person/animal-chess-game/assets/scripts/framework/PopupManager.ts as cce:/internal/x/cc.
18:39:21.379 debug: Resolve ./Singleton from file:///Users/zxd/workspace/person/animal-chess-game/assets/scripts/framework/PopupManager.ts as file:///Users/zxd/workspace/person/animal-chess-game/assets/scripts/framework/Singleton.ts.
18:39:21.379 debug: Resolve cce:/internal/code-quality/cr.mjs from file:///Users/zxd/workspace/person/animal-chess-game/assets/scripts/framework/DataManager.ts as cce:/internal/code-quality/cr.mjs.
18:39:21.379 debug: Resolve cc from file:///Users/zxd/workspace/person/animal-chess-game/assets/scripts/framework/DataManager.ts as cce:/internal/x/cc.
18:39:21.379 debug: Resolve cc from file:///Users/zxd/workspace/person/animal-chess-game/assets/scripts/framework/DataManager.ts as cce:/internal/x/cc.
18:39:21.379 debug: Resolve cc from file:///Users/zxd/workspace/person/animal-chess-game/assets/scripts/framework/DataManager.ts as cce:/internal/x/cc.
18:39:21.379 debug: Resolve ./Singleton from file:///Users/zxd/workspace/person/animal-chess-game/assets/scripts/framework/DataManager.ts as file:///Users/zxd/workspace/person/animal-chess-game/assets/scripts/framework/Singleton.ts.
18:39:21.379 debug: Resolve cce:/internal/code-quality/cr.mjs from file:///Users/zxd/workspace/person/animal-chess-game/assets/scripts/framework/HttpManager.ts as cce:/internal/code-quality/cr.mjs.
18:39:21.379 debug: Resolve cc from file:///Users/zxd/workspace/person/animal-chess-game/assets/scripts/framework/HttpManager.ts as cce:/internal/x/cc.
18:39:21.379 debug: Resolve cc from file:///Users/zxd/workspace/person/animal-chess-game/assets/scripts/framework/HttpManager.ts as cce:/internal/x/cc.
18:39:21.379 debug: Resolve cc from file:///Users/zxd/workspace/person/animal-chess-game/assets/scripts/framework/HttpManager.ts as cce:/internal/x/cc.
18:39:21.380 debug: Resolve ./Singleton from file:///Users/zxd/workspace/person/animal-chess-game/assets/scripts/framework/HttpManager.ts as file:///Users/zxd/workspace/person/animal-chess-game/assets/scripts/framework/Singleton.ts.
18:39:21.380 debug: Resolve ./DataManager from file:///Users/zxd/workspace/person/animal-chess-game/assets/scripts/framework/HttpManager.ts as file:///Users/zxd/workspace/person/animal-chess-game/assets/scripts/framework/DataManager.ts.
18:39:21.380 debug: Resolve cc from file:///Users/zxd/workspace/person/animal-chess-game/assets/scripts/utils/Constants.ts as cce:/internal/x/cc.
18:39:21.380 debug: Resolve cce:/internal/code-quality/cr.mjs from file:///Users/zxd/workspace/person/animal-chess-game/assets/scripts/popups/SettingPopup.ts as cce:/internal/code-quality/cr.mjs.
18:39:21.380 debug: Resolve cc from file:///Users/zxd/workspace/person/animal-chess-game/assets/scripts/popups/SettingPopup.ts as cce:/internal/x/cc.
18:39:21.380 debug: Resolve cc from file:///Users/zxd/workspace/person/animal-chess-game/assets/scripts/popups/SettingPopup.ts as cce:/internal/x/cc.
18:39:21.380 debug: Resolve cc from file:///Users/zxd/workspace/person/animal-chess-game/assets/scripts/popups/SettingPopup.ts as cce:/internal/x/cc.
18:39:21.380 debug: Resolve ../framework/PopupManager from file:///Users/zxd/workspace/person/animal-chess-game/assets/scripts/popups/SettingPopup.ts as file:///Users/zxd/workspace/person/animal-chess-game/assets/scripts/framework/PopupManager.ts.
18:39:21.380 debug: Resolve ../framework/SoundManager from file:///Users/zxd/workspace/person/animal-chess-game/assets/scripts/popups/SettingPopup.ts as file:///Users/zxd/workspace/person/animal-chess-game/assets/scripts/framework/SoundManager.ts.
18:39:21.380 debug: Resolve ../framework/DataManager from file:///Users/zxd/workspace/person/animal-chess-game/assets/scripts/popups/SettingPopup.ts as file:///Users/zxd/workspace/person/animal-chess-game/assets/scripts/framework/DataManager.ts.
18:39:21.386 debug: Target(editor) ends with cost 56.53137500000048ms.
18:39:21.386 debug: Target(preview) build started.
18:39:21.387 debug: Detected change: cce:/internal/x/cc. Last mtime: Thu Jan 01 1970 08:00:05 GMT+0800 (中国标准时间), Current mtime: Thu Jan 01 1970 08:00:06 GMT+0800 (中国标准时间)
18:39:21.387 debug: Inspect cce:/internal/x/cc
18:39:21.398 debug: transform url: 'cce:/internal/x/cc' costs: 11.10 ms
18:39:21.398 debug: Resolve cce:/internal/x/cc-fu/2d from cce:/internal/x/cc as external dependency cce:/internal/x/cc-fu/2d.
18:39:21.398 debug: Resolve cce:/internal/x/cc-fu/sorting from cce:/internal/x/cc as external dependency cce:/internal/x/cc-fu/sorting.
18:39:21.398 debug: Resolve cce:/internal/x/cc-fu/affine-transform from cce:/internal/x/cc as external dependency cce:/internal/x/cc-fu/affine-transform.
18:39:21.398 debug: Resolve cce:/internal/x/cc-fu/animation from cce:/internal/x/cc as external dependency cce:/internal/x/cc-fu/animation.
18:39:21.398 debug: Resolve cce:/internal/x/cc-fu/audio from cce:/internal/x/cc as external dependency cce:/internal/x/cc-fu/audio.
18:39:21.398 debug: Resolve cce:/internal/x/cc-fu/base from cce:/internal/x/cc as external dependency cce:/internal/x/cc-fu/base.
18:39:21.398 debug: Resolve cce:/internal/x/cc-fu/custom-pipeline from cce:/internal/x/cc as external dependency cce:/internal/x/cc-fu/custom-pipeline.
18:39:21.398 debug: Resolve cce:/internal/x/cc-fu/dragon-bones from cce:/internal/x/cc as external dependency cce:/internal/x/cc-fu/dragon-bones.
18:39:21.398 debug: Resolve cce:/internal/x/cc-fu/gfx-webgl from cce:/internal/x/cc as external dependency cce:/internal/x/cc-fu/gfx-webgl.
18:39:21.398 debug: Resolve cce:/internal/x/cc-fu/gfx-webgl2 from cce:/internal/x/cc as external dependency cce:/internal/x/cc-fu/gfx-webgl2.
18:39:21.399 debug: Resolve cce:/internal/x/cc-fu/graphics from cce:/internal/x/cc as external dependency cce:/internal/x/cc-fu/graphics.
18:39:21.399 debug: Resolve cce:/internal/x/cc-fu/intersection-2d from cce:/internal/x/cc as external dependency cce:/internal/x/cc-fu/intersection-2d.
18:39:21.399 debug: Resolve cce:/internal/x/cc-fu/mask from cce:/internal/x/cc as external dependency cce:/internal/x/cc-fu/mask.
18:39:21.399 debug: Resolve cce:/internal/x/cc-fu/particle-2d from cce:/internal/x/cc as external dependency cce:/internal/x/cc-fu/particle-2d.
18:39:21.399 debug: Resolve cce:/internal/x/cc-fu/physics-2d-box2d from cce:/internal/x/cc as external dependency cce:/internal/x/cc-fu/physics-2d-box2d.
18:39:21.399 debug: Resolve cce:/internal/x/cc-fu/physics-2d-framework from cce:/internal/x/cc as external dependency cce:/internal/x/cc-fu/physics-2d-framework.
18:39:21.399 debug: Resolve cce:/internal/x/cc-fu/profiler from cce:/internal/x/cc as external dependency cce:/internal/x/cc-fu/profiler.
18:39:21.399 debug: Resolve cce:/internal/x/cc-fu/rich-text from cce:/internal/x/cc as external dependency cce:/internal/x/cc-fu/rich-text.
18:39:21.399 debug: Resolve cce:/internal/x/cc-fu/spine from cce:/internal/x/cc as external dependency cce:/internal/x/cc-fu/spine.
18:39:21.399 debug: Resolve cce:/internal/x/cc-fu/tiled-map from cce:/internal/x/cc as external dependency cce:/internal/x/cc-fu/tiled-map.
18:39:21.399 debug: Resolve cce:/internal/x/cc-fu/tween from cce:/internal/x/cc as external dependency cce:/internal/x/cc-fu/tween.
18:39:21.399 debug: Resolve cce:/internal/x/cc-fu/ui from cce:/internal/x/cc as external dependency cce:/internal/x/cc-fu/ui.
18:39:21.399 debug: Resolve cce:/internal/x/cc-fu/video from cce:/internal/x/cc as external dependency cce:/internal/x/cc-fu/video.
18:39:21.399 debug: Resolve cce:/internal/x/cc-fu/webview from cce:/internal/x/cc as external dependency cce:/internal/x/cc-fu/webview.
18:39:21.399 debug: Detected change: cce:/internal/x/prerequisite-imports. Last mtime: Thu Jan 01 1970 08:00:07 GMT+0800 (中国标准时间), Current mtime: Thu Jan 01 1970 08:00:06 GMT+0800 (中国标准时间)
18:39:21.399 debug: Inspect cce:/internal/x/prerequisite-imports
18:39:21.404 debug: transform url: 'cce:/internal/x/prerequisite-imports' costs: 5.00 ms
18:39:21.404 debug: Resolve file:///Applications/Cocos/Creator/3.8.8/CocosCreator.app/Contents/Resources/resources/3d/engine/editor/assets/default_renderpipeline/builtin-dof-pass.ts from cce:/internal/x/prerequisite-imports as file:///Applications/Cocos/Creator/3.8.8/CocosCreator.app/Contents/Resources/resources/3d/engine/editor/assets/default_renderpipeline/builtin-dof-pass.ts.
18:39:21.405 debug: Resolve file:///Applications/Cocos/Creator/3.8.8/CocosCreator.app/Contents/Resources/resources/3d/engine/editor/assets/default_renderpipeline/builtin-pipeline-pass.ts from cce:/internal/x/prerequisite-imports as file:///Applications/Cocos/Creator/3.8.8/CocosCreator.app/Contents/Resources/resources/3d/engine/editor/assets/default_renderpipeline/builtin-pipeline-pass.ts.
18:39:21.405 debug: Resolve file:///Applications/Cocos/Creator/3.8.8/CocosCreator.app/Contents/Resources/resources/3d/engine/editor/assets/default_renderpipeline/builtin-pipeline-settings.ts from cce:/internal/x/prerequisite-imports as file:///Applications/Cocos/Creator/3.8.8/CocosCreator.app/Contents/Resources/resources/3d/engine/editor/assets/default_renderpipeline/builtin-pipeline-settings.ts.
18:39:21.405 debug: Resolve file:///Applications/Cocos/Creator/3.8.8/CocosCreator.app/Contents/Resources/resources/3d/engine/editor/assets/default_renderpipeline/builtin-pipeline-types.ts from cce:/internal/x/prerequisite-imports as file:///Applications/Cocos/Creator/3.8.8/CocosCreator.app/Contents/Resources/resources/3d/engine/editor/assets/default_renderpipeline/builtin-pipeline-types.ts.
18:39:21.405 debug: Resolve file:///Applications/Cocos/Creator/3.8.8/CocosCreator.app/Contents/Resources/resources/3d/engine/editor/assets/default_renderpipeline/builtin-pipeline.ts from cce:/internal/x/prerequisite-imports as file:///Applications/Cocos/Creator/3.8.8/CocosCreator.app/Contents/Resources/resources/3d/engine/editor/assets/default_renderpipeline/builtin-pipeline.ts.
18:39:21.405 debug: Resolve file:///Applications/Cocos/Creator/3.8.8/CocosCreator.app/Contents/Resources/resources/3d/engine/editor/assets/tools/debug-view-runtime-control.ts from cce:/internal/x/prerequisite-imports as file:///Applications/Cocos/Creator/3.8.8/CocosCreator.app/Contents/Resources/resources/3d/engine/editor/assets/tools/debug-view-runtime-control.ts.
18:39:21.405 debug: Resolve file:///Users/zxd/workspace/person/animal-chess-game/assets/scripts/GameMain.ts from cce:/internal/x/prerequisite-imports as file:///Users/zxd/workspace/person/animal-chess-game/assets/scripts/GameMain.ts.
18:39:21.405 debug: Resolve file:///Users/zxd/workspace/person/animal-chess-game/assets/scripts/framework/DataManager.ts from cce:/internal/x/prerequisite-imports as file:///Users/zxd/workspace/person/animal-chess-game/assets/scripts/framework/DataManager.ts.
18:39:21.405 debug: Resolve file:///Users/zxd/workspace/person/animal-chess-game/assets/scripts/framework/HttpManager.ts from cce:/internal/x/prerequisite-imports as file:///Users/zxd/workspace/person/animal-chess-game/assets/scripts/framework/HttpManager.ts.
18:39:21.405 debug: Resolve file:///Users/zxd/workspace/person/animal-chess-game/assets/scripts/framework/PopupManager.ts from cce:/internal/x/prerequisite-imports as file:///Users/zxd/workspace/person/animal-chess-game/assets/scripts/framework/PopupManager.ts.
18:39:21.405 debug: Resolve file:///Users/zxd/workspace/person/animal-chess-game/assets/scripts/framework/ResManager.ts from cce:/internal/x/prerequisite-imports as file:///Users/zxd/workspace/person/animal-chess-game/assets/scripts/framework/ResManager.ts.
18:39:21.405 debug: Resolve file:///Users/zxd/workspace/person/animal-chess-game/assets/scripts/framework/Singleton.ts from cce:/internal/x/prerequisite-imports as file:///Users/zxd/workspace/person/animal-chess-game/assets/scripts/framework/Singleton.ts.
18:39:21.405 debug: Resolve file:///Users/zxd/workspace/person/animal-chess-game/assets/scripts/framework/SoundManager.ts from cce:/internal/x/prerequisite-imports as file:///Users/zxd/workspace/person/animal-chess-game/assets/scripts/framework/SoundManager.ts.
18:39:21.405 debug: Resolve file:///Users/zxd/workspace/person/animal-chess-game/assets/scripts/framework/UIManager.ts from cce:/internal/x/prerequisite-imports as file:///Users/zxd/workspace/person/animal-chess-game/assets/scripts/framework/UIManager.ts.
18:39:21.405 debug: Resolve file:///Users/zxd/workspace/person/animal-chess-game/assets/scripts/game/AIOpponentSystem.ts from cce:/internal/x/prerequisite-imports as file:///Users/zxd/workspace/person/animal-chess-game/assets/scripts/game/AIOpponentSystem.ts.
18:39:21.405 debug: Resolve file:///Users/zxd/workspace/person/animal-chess-game/assets/scripts/game/GameRuleSystem.ts from cce:/internal/x/prerequisite-imports as file:///Users/zxd/workspace/person/animal-chess-game/assets/scripts/game/GameRuleSystem.ts.
18:39:21.405 debug: Resolve file:///Users/zxd/workspace/person/animal-chess-game/assets/scripts/game/RankSystem.ts from cce:/internal/x/prerequisite-imports as file:///Users/zxd/workspace/person/animal-chess-game/assets/scripts/game/RankSystem.ts.
18:39:21.406 debug: Resolve file:///Users/zxd/workspace/person/animal-chess-game/assets/scripts/pages/GamePage.ts from cce:/internal/x/prerequisite-imports as file:///Users/zxd/workspace/person/animal-chess-game/assets/scripts/pages/GamePage.ts.
18:39:21.406 debug: Resolve file:///Users/zxd/workspace/person/animal-chess-game/assets/scripts/pages/HomePage.ts from cce:/internal/x/prerequisite-imports as file:///Users/zxd/workspace/person/animal-chess-game/assets/scripts/pages/HomePage.ts.
18:39:21.406 debug: Resolve file:///Users/zxd/workspace/person/animal-chess-game/assets/scripts/pages/LoadingPage.ts from cce:/internal/x/prerequisite-imports as file:///Users/zxd/workspace/person/animal-chess-game/assets/scripts/pages/LoadingPage.ts.
18:39:21.406 debug: Resolve file:///Users/zxd/workspace/person/animal-chess-game/assets/scripts/pages/RulesPage.ts from cce:/internal/x/prerequisite-imports as file:///Users/zxd/workspace/person/animal-chess-game/assets/scripts/pages/RulesPage.ts.
18:39:21.406 debug: Resolve file:///Users/zxd/workspace/person/animal-chess-game/assets/scripts/popups/SettingPopup.ts from cce:/internal/x/prerequisite-imports as file:///Users/zxd/workspace/person/animal-chess-game/assets/scripts/popups/SettingPopup.ts.
18:39:21.406 debug: Resolve file:///Users/zxd/workspace/person/animal-chess-game/assets/scripts/system/UserSystem.ts from cce:/internal/x/prerequisite-imports as file:///Users/zxd/workspace/person/animal-chess-game/assets/scripts/system/UserSystem.ts.
18:39:21.406 debug: Resolve file:///Users/zxd/workspace/person/animal-chess-game/assets/scripts/utils/Constants.ts from cce:/internal/x/prerequisite-imports as file:///Users/zxd/workspace/person/animal-chess-game/assets/scripts/utils/Constants.ts.
18:39:21.406 debug: Resolve cce:/internal/code-quality/cr.mjs from file:///Applications/Cocos/Creator/3.8.8/CocosCreator.app/Contents/Resources/resources/3d/engine/editor/assets/default_renderpipeline/builtin-dof-pass.ts as cce:/internal/code-quality/cr.mjs.
18:39:21.406 debug: Detected change: cce:/internal/code-quality/cr.mjs. Last mtime: Mon Jun 08 2026 18:33:12 GMT+0800 (中国标准时间), Current mtime: Mon Jun 08 2026 18:39:14 GMT+0800 (中国标准时间)
18:39:21.406 debug: Inspect cce:/internal/code-quality/cr.mjs
18:39:21.411 debug: transform url: 'cce:/internal/code-quality/cr.mjs' costs: 5.50 ms
18:39:21.412 debug: Resolve cc from file:///Applications/Cocos/Creator/3.8.8/CocosCreator.app/Contents/Resources/resources/3d/engine/editor/assets/default_renderpipeline/builtin-dof-pass.ts as cce:/internal/x/cc.
18:39:21.412 debug: Resolve cc from file:///Applications/Cocos/Creator/3.8.8/CocosCreator.app/Contents/Resources/resources/3d/engine/editor/assets/default_renderpipeline/builtin-dof-pass.ts as cce:/internal/x/cc.
18:39:21.412 debug: Resolve cc from file:///Applications/Cocos/Creator/3.8.8/CocosCreator.app/Contents/Resources/resources/3d/engine/editor/assets/default_renderpipeline/builtin-dof-pass.ts as cce:/internal/x/cc.
18:39:21.412 debug: Resolve cc/env from file:///Applications/Cocos/Creator/3.8.8/CocosCreator.app/Contents/Resources/resources/3d/engine/editor/assets/default_renderpipeline/builtin-dof-pass.ts as external dependency cc/env.
18:39:21.412 debug: Resolve ./builtin-pipeline-settings from file:///Applications/Cocos/Creator/3.8.8/CocosCreator.app/Contents/Resources/resources/3d/engine/editor/assets/default_renderpipeline/builtin-dof-pass.ts as file:///Applications/Cocos/Creator/3.8.8/CocosCreator.app/Contents/Resources/resources/3d/engine/editor/assets/default_renderpipeline/builtin-pipeline-settings.ts.
18:39:21.412 debug: Resolve ./builtin-pipeline-pass from file:///Applications/Cocos/Creator/3.8.8/CocosCreator.app/Contents/Resources/resources/3d/engine/editor/assets/default_renderpipeline/builtin-dof-pass.ts as file:///Applications/Cocos/Creator/3.8.8/CocosCreator.app/Contents/Resources/resources/3d/engine/editor/assets/default_renderpipeline/builtin-pipeline-pass.ts.
18:39:21.412 debug: Resolve ./builtin-pipeline from file:///Applications/Cocos/Creator/3.8.8/CocosCreator.app/Contents/Resources/resources/3d/engine/editor/assets/default_renderpipeline/builtin-dof-pass.ts as file:///Applications/Cocos/Creator/3.8.8/CocosCreator.app/Contents/Resources/resources/3d/engine/editor/assets/default_renderpipeline/builtin-pipeline.ts.
18:39:21.412 debug: Resolve cce:/internal/code-quality/cr.mjs from file:///Applications/Cocos/Creator/3.8.8/CocosCreator.app/Contents/Resources/resources/3d/engine/editor/assets/default_renderpipeline/builtin-pipeline-settings.ts as cce:/internal/code-quality/cr.mjs.
18:39:21.412 debug: Resolve cc from file:///Applications/Cocos/Creator/3.8.8/CocosCreator.app/Contents/Resources/resources/3d/engine/editor/assets/default_renderpipeline/builtin-pipeline-settings.ts as cce:/internal/x/cc.
18:39:21.412 debug: Resolve cc from file:///Applications/Cocos/Creator/3.8.8/CocosCreator.app/Contents/Resources/resources/3d/engine/editor/assets/default_renderpipeline/builtin-pipeline-settings.ts as cce:/internal/x/cc.
18:39:21.412 debug: Resolve cc from file:///Applications/Cocos/Creator/3.8.8/CocosCreator.app/Contents/Resources/resources/3d/engine/editor/assets/default_renderpipeline/builtin-pipeline-settings.ts as cce:/internal/x/cc.
18:39:21.412 debug: Resolve cc/env from file:///Applications/Cocos/Creator/3.8.8/CocosCreator.app/Contents/Resources/resources/3d/engine/editor/assets/default_renderpipeline/builtin-pipeline-settings.ts as external dependency cc/env.
18:39:21.412 debug: Resolve ./builtin-pipeline-types from file:///Applications/Cocos/Creator/3.8.8/CocosCreator.app/Contents/Resources/resources/3d/engine/editor/assets/default_renderpipeline/builtin-pipeline-settings.ts as file:///Applications/Cocos/Creator/3.8.8/CocosCreator.app/Contents/Resources/resources/3d/engine/editor/assets/default_renderpipeline/builtin-pipeline-types.ts.
18:39:21.412 debug: Resolve cc from file:///Applications/Cocos/Creator/3.8.8/CocosCreator.app/Contents/Resources/resources/3d/engine/editor/assets/default_renderpipeline/builtin-pipeline-types.ts as cce:/internal/x/cc.
18:39:21.413 debug: Resolve cc from file:///Applications/Cocos/Creator/3.8.8/CocosCreator.app/Contents/Resources/resources/3d/engine/editor/assets/default_renderpipeline/builtin-pipeline-types.ts as cce:/internal/x/cc.
18:39:21.413 debug: Resolve cc from file:///Applications/Cocos/Creator/3.8.8/CocosCreator.app/Contents/Resources/resources/3d/engine/editor/assets/default_renderpipeline/builtin-pipeline-types.ts as cce:/internal/x/cc.
18:39:21.413 debug: Resolve cce:/internal/code-quality/cr.mjs from file:///Applications/Cocos/Creator/3.8.8/CocosCreator.app/Contents/Resources/resources/3d/engine/editor/assets/default_renderpipeline/builtin-pipeline-pass.ts as cce:/internal/code-quality/cr.mjs.
18:39:21.413 debug: Resolve cc from file:///Applications/Cocos/Creator/3.8.8/CocosCreator.app/Contents/Resources/resources/3d/engine/editor/assets/default_renderpipeline/builtin-pipeline-pass.ts as cce:/internal/x/cc.
18:39:21.413 debug: Resolve cc from file:///Applications/Cocos/Creator/3.8.8/CocosCreator.app/Contents/Resources/resources/3d/engine/editor/assets/default_renderpipeline/builtin-pipeline-pass.ts as cce:/internal/x/cc.
18:39:21.413 debug: Resolve cc from file:///Applications/Cocos/Creator/3.8.8/CocosCreator.app/Contents/Resources/resources/3d/engine/editor/assets/default_renderpipeline/builtin-pipeline-pass.ts as cce:/internal/x/cc.
18:39:21.413 debug: Resolve ./builtin-pipeline-settings from file:///Applications/Cocos/Creator/3.8.8/CocosCreator.app/Contents/Resources/resources/3d/engine/editor/assets/default_renderpipeline/builtin-pipeline-pass.ts as file:///Applications/Cocos/Creator/3.8.8/CocosCreator.app/Contents/Resources/resources/3d/engine/editor/assets/default_renderpipeline/builtin-pipeline-settings.ts.
18:39:21.413 debug: Resolve cc/env from file:///Applications/Cocos/Creator/3.8.8/CocosCreator.app/Contents/Resources/resources/3d/engine/editor/assets/default_renderpipeline/builtin-pipeline-pass.ts as external dependency cc/env.
18:39:21.413 debug: Resolve cce:/internal/code-quality/cr.mjs from file:///Applications/Cocos/Creator/3.8.8/CocosCreator.app/Contents/Resources/resources/3d/engine/editor/assets/default_renderpipeline/builtin-pipeline.ts as cce:/internal/code-quality/cr.mjs.
18:39:21.413 debug: Resolve cc from file:///Applications/Cocos/Creator/3.8.8/CocosCreator.app/Contents/Resources/resources/3d/engine/editor/assets/default_renderpipeline/builtin-pipeline.ts as cce:/internal/x/cc.
18:39:21.413 debug: Resolve cc from file:///Applications/Cocos/Creator/3.8.8/CocosCreator.app/Contents/Resources/resources/3d/engine/editor/assets/default_renderpipeline/builtin-pipeline.ts as cce:/internal/x/cc.
18:39:21.413 debug: Resolve cc from file:///Applications/Cocos/Creator/3.8.8/CocosCreator.app/Contents/Resources/resources/3d/engine/editor/assets/default_renderpipeline/builtin-pipeline.ts as cce:/internal/x/cc.
18:39:21.413 debug: Resolve cc/env from file:///Applications/Cocos/Creator/3.8.8/CocosCreator.app/Contents/Resources/resources/3d/engine/editor/assets/default_renderpipeline/builtin-pipeline.ts as external dependency cc/env.
18:39:21.413 debug: Resolve ./builtin-pipeline-types from file:///Applications/Cocos/Creator/3.8.8/CocosCreator.app/Contents/Resources/resources/3d/engine/editor/assets/default_renderpipeline/builtin-pipeline.ts as file:///Applications/Cocos/Creator/3.8.8/CocosCreator.app/Contents/Resources/resources/3d/engine/editor/assets/default_renderpipeline/builtin-pipeline-types.ts.
18:39:21.413 debug: Resolve cc from file:///Applications/Cocos/Creator/3.8.8/CocosCreator.app/Contents/Resources/resources/3d/engine/editor/assets/tools/debug-view-runtime-control.ts as cce:/internal/x/cc.
18:39:21.413 debug: Resolve cc from file:///Applications/Cocos/Creator/3.8.8/CocosCreator.app/Contents/Resources/resources/3d/engine/editor/assets/tools/debug-view-runtime-control.ts as cce:/internal/x/cc.
18:39:21.413 debug: Resolve cc from file:///Applications/Cocos/Creator/3.8.8/CocosCreator.app/Contents/Resources/resources/3d/engine/editor/assets/tools/debug-view-runtime-control.ts as cce:/internal/x/cc.
18:39:21.413 debug: Resolve cce:/internal/code-quality/cr.mjs from file:///Users/zxd/workspace/person/animal-chess-game/assets/scripts/GameMain.ts as cce:/internal/code-quality/cr.mjs.
18:39:21.413 debug: Resolve cc from file:///Users/zxd/workspace/person/animal-chess-game/assets/scripts/GameMain.ts as cce:/internal/x/cc.
18:39:21.413 debug: Resolve cc from file:///Users/zxd/workspace/person/animal-chess-game/assets/scripts/GameMain.ts as cce:/internal/x/cc.
18:39:21.413 debug: Resolve cc from file:///Users/zxd/workspace/person/animal-chess-game/assets/scripts/GameMain.ts as cce:/internal/x/cc.
18:39:21.413 debug: Resolve ./framework/UIManager from file:///Users/zxd/workspace/person/animal-chess-game/assets/scripts/GameMain.ts as file:///Users/zxd/workspace/person/animal-chess-game/assets/scripts/framework/UIManager.ts.
18:39:21.413 debug: Resolve ./framework/PopupManager from file:///Users/zxd/workspace/person/animal-chess-game/assets/scripts/GameMain.ts as file:///Users/zxd/workspace/person/animal-chess-game/assets/scripts/framework/PopupManager.ts.
18:39:21.413 debug: Resolve ./framework/SoundManager from file:///Users/zxd/workspace/person/animal-chess-game/assets/scripts/GameMain.ts as file:///Users/zxd/workspace/person/animal-chess-game/assets/scripts/framework/SoundManager.ts.
18:39:21.413 debug: Resolve ./framework/DataManager from file:///Users/zxd/workspace/person/animal-chess-game/assets/scripts/GameMain.ts as file:///Users/zxd/workspace/person/animal-chess-game/assets/scripts/framework/DataManager.ts.
18:39:21.413 debug: Resolve ./framework/HttpManager from file:///Users/zxd/workspace/person/animal-chess-game/assets/scripts/GameMain.ts as file:///Users/zxd/workspace/person/animal-chess-game/assets/scripts/framework/HttpManager.ts.
18:39:21.413 debug: Resolve ./utils/Constants from file:///Users/zxd/workspace/person/animal-chess-game/assets/scripts/GameMain.ts as file:///Users/zxd/workspace/person/animal-chess-game/assets/scripts/utils/Constants.ts.
18:39:21.413 debug: Resolve ./pages/HomePage from file:///Users/zxd/workspace/person/animal-chess-game/assets/scripts/GameMain.ts as file:///Users/zxd/workspace/person/animal-chess-game/assets/scripts/pages/HomePage.ts.
18:39:21.413 debug: Resolve ./system/UserSystem from file:///Users/zxd/workspace/person/animal-chess-game/assets/scripts/GameMain.ts as file:///Users/zxd/workspace/person/animal-chess-game/assets/scripts/system/UserSystem.ts.
18:39:21.414 debug: Resolve cce:/internal/code-quality/cr.mjs from file:///Users/zxd/workspace/person/animal-chess-game/assets/scripts/framework/UIManager.ts as cce:/internal/code-quality/cr.mjs.
18:39:21.414 debug: Resolve cc from file:///Users/zxd/workspace/person/animal-chess-game/assets/scripts/framework/UIManager.ts as cce:/internal/x/cc.
18:39:21.414 debug: Resolve cc from file:///Users/zxd/workspace/person/animal-chess-game/assets/scripts/framework/UIManager.ts as cce:/internal/x/cc.
18:39:21.414 debug: Resolve cc from file:///Users/zxd/workspace/person/animal-chess-game/assets/scripts/framework/UIManager.ts as cce:/internal/x/cc.
18:39:21.414 debug: Resolve ./Singleton from file:///Users/zxd/workspace/person/animal-chess-game/assets/scripts/framework/UIManager.ts as file:///Users/zxd/workspace/person/animal-chess-game/assets/scripts/framework/Singleton.ts.
18:39:21.414 debug: Resolve ../pages/LoadingPage from file:///Users/zxd/workspace/person/animal-chess-game/assets/scripts/framework/UIManager.ts as file:///Users/zxd/workspace/person/animal-chess-game/assets/scripts/pages/LoadingPage.ts.
18:39:21.414 debug: Resolve ../pages/HomePage from file:///Users/zxd/workspace/person/animal-chess-game/assets/scripts/framework/UIManager.ts as file:///Users/zxd/workspace/person/animal-chess-game/assets/scripts/pages/HomePage.ts.
18:39:21.414 debug: Resolve ../pages/GamePage from file:///Users/zxd/workspace/person/animal-chess-game/assets/scripts/framework/UIManager.ts as file:///Users/zxd/workspace/person/animal-chess-game/assets/scripts/pages/GamePage.ts.
18:39:21.414 debug: Resolve ../pages/RulesPage from file:///Users/zxd/workspace/person/animal-chess-game/assets/scripts/framework/UIManager.ts as file:///Users/zxd/workspace/person/animal-chess-game/assets/scripts/pages/RulesPage.ts.
18:39:21.414 debug: Resolve cc from file:///Users/zxd/workspace/person/animal-chess-game/assets/scripts/framework/Singleton.ts as cce:/internal/x/cc.
18:39:21.414 debug: Resolve cce:/internal/code-quality/cr.mjs from file:///Users/zxd/workspace/person/animal-chess-game/assets/scripts/pages/LoadingPage.ts as cce:/internal/code-quality/cr.mjs.
18:39:21.414 debug: Resolve cc from file:///Users/zxd/workspace/person/animal-chess-game/assets/scripts/pages/LoadingPage.ts as cce:/internal/x/cc.
18:39:21.414 debug: Resolve cc from file:///Users/zxd/workspace/person/animal-chess-game/assets/scripts/pages/LoadingPage.ts as cce:/internal/x/cc.
18:39:21.414 debug: Resolve cc from file:///Users/zxd/workspace/person/animal-chess-game/assets/scripts/pages/LoadingPage.ts as cce:/internal/x/cc.
18:39:21.414 debug: Resolve ../framework/ResManager from file:///Users/zxd/workspace/person/animal-chess-game/assets/scripts/pages/LoadingPage.ts as file:///Users/zxd/workspace/person/animal-chess-game/assets/scripts/framework/ResManager.ts.
18:39:21.414 debug: Resolve cce:/internal/code-quality/cr.mjs from file:///Users/zxd/workspace/person/animal-chess-game/assets/scripts/framework/ResManager.ts as cce:/internal/code-quality/cr.mjs.
18:39:21.414 debug: Resolve cc from file:///Users/zxd/workspace/person/animal-chess-game/assets/scripts/framework/ResManager.ts as cce:/internal/x/cc.
18:39:21.414 debug: Resolve cc from file:///Users/zxd/workspace/person/animal-chess-game/assets/scripts/framework/ResManager.ts as cce:/internal/x/cc.
18:39:21.414 debug: Resolve cc from file:///Users/zxd/workspace/person/animal-chess-game/assets/scripts/framework/ResManager.ts as cce:/internal/x/cc.
18:39:21.414 debug: Resolve ./Singleton from file:///Users/zxd/workspace/person/animal-chess-game/assets/scripts/framework/ResManager.ts as file:///Users/zxd/workspace/person/animal-chess-game/assets/scripts/framework/Singleton.ts.
18:39:21.414 debug: Resolve cce:/internal/code-quality/cr.mjs from file:///Users/zxd/workspace/person/animal-chess-game/assets/scripts/pages/HomePage.ts as cce:/internal/code-quality/cr.mjs.
18:39:21.414 debug: Resolve cc from file:///Users/zxd/workspace/person/animal-chess-game/assets/scripts/pages/HomePage.ts as cce:/internal/x/cc.
18:39:21.414 debug: Resolve cc from file:///Users/zxd/workspace/person/animal-chess-game/assets/scripts/pages/HomePage.ts as cce:/internal/x/cc.
18:39:21.414 debug: Resolve cc from file:///Users/zxd/workspace/person/animal-chess-game/assets/scripts/pages/HomePage.ts as cce:/internal/x/cc.
18:39:21.414 debug: Resolve ../framework/UIManager from file:///Users/zxd/workspace/person/animal-chess-game/assets/scripts/pages/HomePage.ts as file:///Users/zxd/workspace/person/animal-chess-game/assets/scripts/framework/UIManager.ts.
18:39:21.414 debug: Resolve ../framework/SoundManager from file:///Users/zxd/workspace/person/animal-chess-game/assets/scripts/pages/HomePage.ts as file:///Users/zxd/workspace/person/animal-chess-game/assets/scripts/framework/SoundManager.ts.
18:39:21.415 debug: Resolve ../system/UserSystem from file:///Users/zxd/workspace/person/animal-chess-game/assets/scripts/pages/HomePage.ts as file:///Users/zxd/workspace/person/animal-chess-game/assets/scripts/system/UserSystem.ts.
18:39:21.415 debug: Resolve ../game/RankSystem from file:///Users/zxd/workspace/person/animal-chess-game/assets/scripts/pages/HomePage.ts as file:///Users/zxd/workspace/person/animal-chess-game/assets/scripts/game/RankSystem.ts.
18:39:21.415 debug: Resolve cce:/internal/code-quality/cr.mjs from file:///Users/zxd/workspace/person/animal-chess-game/assets/scripts/framework/SoundManager.ts as cce:/internal/code-quality/cr.mjs.
18:39:21.415 debug: Resolve cc from file:///Users/zxd/workspace/person/animal-chess-game/assets/scripts/framework/SoundManager.ts as cce:/internal/x/cc.
18:39:21.415 debug: Resolve cc from file:///Users/zxd/workspace/person/animal-chess-game/assets/scripts/framework/SoundManager.ts as cce:/internal/x/cc.
18:39:21.415 debug: Resolve cc from file:///Users/zxd/workspace/person/animal-chess-game/assets/scripts/framework/SoundManager.ts as cce:/internal/x/cc.
18:39:21.415 debug: Resolve ./Singleton from file:///Users/zxd/workspace/person/animal-chess-game/assets/scripts/framework/SoundManager.ts as file:///Users/zxd/workspace/person/animal-chess-game/assets/scripts/framework/Singleton.ts.
18:39:21.415 debug: Resolve ./ResManager from file:///Users/zxd/workspace/person/animal-chess-game/assets/scripts/framework/SoundManager.ts as file:///Users/zxd/workspace/person/animal-chess-game/assets/scripts/framework/ResManager.ts.
18:39:21.415 debug: Resolve cc from file:///Users/zxd/workspace/person/animal-chess-game/assets/scripts/system/UserSystem.ts as cce:/internal/x/cc.
18:39:21.415 debug: Resolve cc from file:///Users/zxd/workspace/person/animal-chess-game/assets/scripts/game/RankSystem.ts as cce:/internal/x/cc.
18:39:21.415 debug: Resolve cce:/internal/code-quality/cr.mjs from file:///Users/zxd/workspace/person/animal-chess-game/assets/scripts/pages/GamePage.ts as cce:/internal/code-quality/cr.mjs.
18:39:21.415 debug: Resolve cc from file:///Users/zxd/workspace/person/animal-chess-game/assets/scripts/pages/GamePage.ts as cce:/internal/x/cc.
18:39:21.415 debug: Resolve cc from file:///Users/zxd/workspace/person/animal-chess-game/assets/scripts/pages/GamePage.ts as cce:/internal/x/cc.
18:39:21.415 debug: Resolve cc from file:///Users/zxd/workspace/person/animal-chess-game/assets/scripts/pages/GamePage.ts as cce:/internal/x/cc.
18:39:21.415 debug: Resolve ../framework/UIManager from file:///Users/zxd/workspace/person/animal-chess-game/assets/scripts/pages/GamePage.ts as file:///Users/zxd/workspace/person/animal-chess-game/assets/scripts/framework/UIManager.ts.
18:39:21.415 debug: Resolve ../framework/SoundManager from file:///Users/zxd/workspace/person/animal-chess-game/assets/scripts/pages/GamePage.ts as file:///Users/zxd/workspace/person/animal-chess-game/assets/scripts/framework/SoundManager.ts.
18:39:21.415 debug: Resolve ../game/GameRuleSystem from file:///Users/zxd/workspace/person/animal-chess-game/assets/scripts/pages/GamePage.ts as file:///Users/zxd/workspace/person/animal-chess-game/assets/scripts/game/GameRuleSystem.ts.
18:39:21.415 debug: Resolve ../system/UserSystem from file:///Users/zxd/workspace/person/animal-chess-game/assets/scripts/pages/GamePage.ts as file:///Users/zxd/workspace/person/animal-chess-game/assets/scripts/system/UserSystem.ts.
18:39:21.415 debug: Resolve ../game/RankSystem from file:///Users/zxd/workspace/person/animal-chess-game/assets/scripts/pages/GamePage.ts as file:///Users/zxd/workspace/person/animal-chess-game/assets/scripts/game/RankSystem.ts.
18:39:21.415 debug: Resolve ../game/AIOpponentSystem from file:///Users/zxd/workspace/person/animal-chess-game/assets/scripts/pages/GamePage.ts as file:///Users/zxd/workspace/person/animal-chess-game/assets/scripts/game/AIOpponentSystem.ts.
18:39:21.415 debug: Resolve cc from file:///Users/zxd/workspace/person/animal-chess-game/assets/scripts/game/GameRuleSystem.ts as cce:/internal/x/cc.
18:39:21.415 debug: Resolve cce:/internal/code-quality/cr.mjs from file:///Users/zxd/workspace/person/animal-chess-game/assets/scripts/game/AIOpponentSystem.ts as cce:/internal/code-quality/cr.mjs.
18:39:21.415 debug: Resolve cc from file:///Users/zxd/workspace/person/animal-chess-game/assets/scripts/game/AIOpponentSystem.ts as cce:/internal/x/cc.
18:39:21.415 debug: Resolve ./GameRuleSystem from file:///Users/zxd/workspace/person/animal-chess-game/assets/scripts/game/AIOpponentSystem.ts as file:///Users/zxd/workspace/person/animal-chess-game/assets/scripts/game/GameRuleSystem.ts.
18:39:21.415 debug: Resolve cce:/internal/code-quality/cr.mjs from file:///Users/zxd/workspace/person/animal-chess-game/assets/scripts/pages/RulesPage.ts as cce:/internal/code-quality/cr.mjs.
18:39:21.415 debug: Resolve cc from file:///Users/zxd/workspace/person/animal-chess-game/assets/scripts/pages/RulesPage.ts as cce:/internal/x/cc.
18:39:21.415 debug: Resolve cc from file:///Users/zxd/workspace/person/animal-chess-game/assets/scripts/pages/RulesPage.ts as cce:/internal/x/cc.
18:39:21.415 debug: Resolve cc from file:///Users/zxd/workspace/person/animal-chess-game/assets/scripts/pages/RulesPage.ts as cce:/internal/x/cc.
18:39:21.415 debug: Resolve ../framework/UIManager from file:///Users/zxd/workspace/person/animal-chess-game/assets/scripts/pages/RulesPage.ts as file:///Users/zxd/workspace/person/animal-chess-game/assets/scripts/framework/UIManager.ts.
18:39:21.416 debug: Resolve ../framework/SoundManager from file:///Users/zxd/workspace/person/animal-chess-game/assets/scripts/pages/RulesPage.ts as file:///Users/zxd/workspace/person/animal-chess-game/assets/scripts/framework/SoundManager.ts.
18:39:21.416 debug: Resolve cce:/internal/code-quality/cr.mjs from file:///Users/zxd/workspace/person/animal-chess-game/assets/scripts/framework/PopupManager.ts as cce:/internal/code-quality/cr.mjs.
18:39:21.416 debug: Resolve cc from file:///Users/zxd/workspace/person/animal-chess-game/assets/scripts/framework/PopupManager.ts as cce:/internal/x/cc.
18:39:21.416 debug: Resolve cc from file:///Users/zxd/workspace/person/animal-chess-game/assets/scripts/framework/PopupManager.ts as cce:/internal/x/cc.
18:39:21.416 debug: Resolve cc from file:///Users/zxd/workspace/person/animal-chess-game/assets/scripts/framework/PopupManager.ts as cce:/internal/x/cc.
18:39:21.416 debug: Resolve ./Singleton from file:///Users/zxd/workspace/person/animal-chess-game/assets/scripts/framework/PopupManager.ts as file:///Users/zxd/workspace/person/animal-chess-game/assets/scripts/framework/Singleton.ts.
18:39:21.416 debug: Resolve cce:/internal/code-quality/cr.mjs from file:///Users/zxd/workspace/person/animal-chess-game/assets/scripts/framework/DataManager.ts as cce:/internal/code-quality/cr.mjs.
18:39:21.416 debug: Resolve cc from file:///Users/zxd/workspace/person/animal-chess-game/assets/scripts/framework/DataManager.ts as cce:/internal/x/cc.
18:39:21.416 debug: Resolve cc from file:///Users/zxd/workspace/person/animal-chess-game/assets/scripts/framework/DataManager.ts as cce:/internal/x/cc.
18:39:21.416 debug: Resolve cc from file:///Users/zxd/workspace/person/animal-chess-game/assets/scripts/framework/DataManager.ts as cce:/internal/x/cc.
18:39:21.416 debug: Resolve ./Singleton from file:///Users/zxd/workspace/person/animal-chess-game/assets/scripts/framework/DataManager.ts as file:///Users/zxd/workspace/person/animal-chess-game/assets/scripts/framework/Singleton.ts.
18:39:21.416 debug: Resolve cce:/internal/code-quality/cr.mjs from file:///Users/zxd/workspace/person/animal-chess-game/assets/scripts/framework/HttpManager.ts as cce:/internal/code-quality/cr.mjs.
18:39:21.416 debug: Resolve cc from file:///Users/zxd/workspace/person/animal-chess-game/assets/scripts/framework/HttpManager.ts as cce:/internal/x/cc.
18:39:21.416 debug: Resolve cc from file:///Users/zxd/workspace/person/animal-chess-game/assets/scripts/framework/HttpManager.ts as cce:/internal/x/cc.
18:39:21.416 debug: Resolve cc from file:///Users/zxd/workspace/person/animal-chess-game/assets/scripts/framework/HttpManager.ts as cce:/internal/x/cc.
18:39:21.416 debug: Resolve ./Singleton from file:///Users/zxd/workspace/person/animal-chess-game/assets/scripts/framework/HttpManager.ts as file:///Users/zxd/workspace/person/animal-chess-game/assets/scripts/framework/Singleton.ts.
18:39:21.416 debug: Resolve ./DataManager from file:///Users/zxd/workspace/person/animal-chess-game/assets/scripts/framework/HttpManager.ts as file:///Users/zxd/workspace/person/animal-chess-game/assets/scripts/framework/DataManager.ts.
18:39:21.416 debug: Resolve cc from file:///Users/zxd/workspace/person/animal-chess-game/assets/scripts/utils/Constants.ts as cce:/internal/x/cc.
18:39:21.416 debug: Resolve cce:/internal/code-quality/cr.mjs from file:///Users/zxd/workspace/person/animal-chess-game/assets/scripts/popups/SettingPopup.ts as cce:/internal/code-quality/cr.mjs.
18:39:21.416 debug: Resolve cc from file:///Users/zxd/workspace/person/animal-chess-game/assets/scripts/popups/SettingPopup.ts as cce:/internal/x/cc.
18:39:21.416 debug: Resolve cc from file:///Users/zxd/workspace/person/animal-chess-game/assets/scripts/popups/SettingPopup.ts as cce:/internal/x/cc.
18:39:21.416 debug: Resolve cc from file:///Users/zxd/workspace/person/animal-chess-game/assets/scripts/popups/SettingPopup.ts as cce:/internal/x/cc.
18:39:21.416 debug: Resolve ../framework/PopupManager from file:///Users/zxd/workspace/person/animal-chess-game/assets/scripts/popups/SettingPopup.ts as file:///Users/zxd/workspace/person/animal-chess-game/assets/scripts/framework/PopupManager.ts.
18:39:21.416 debug: Resolve ../framework/SoundManager from file:///Users/zxd/workspace/person/animal-chess-game/assets/scripts/popups/SettingPopup.ts as file:///Users/zxd/workspace/person/animal-chess-game/assets/scripts/framework/SoundManager.ts.
18:39:21.416 debug: Resolve ../framework/DataManager from file:///Users/zxd/workspace/person/animal-chess-game/assets/scripts/popups/SettingPopup.ts as file:///Users/zxd/workspace/person/animal-chess-game/assets/scripts/framework/DataManager.ts.
18:39:21.420 debug: Target(preview) ends with cost 33.671667000000525ms.
18:39:22.834 debug: Pulling asset-db.
18:39:23.238 debug: Fetch asset-db cost: 403.34900000000016ms.
18:39:23.239 debug: Build iteration starts.
Number of accumulated asset changes: 24
Feature changed: false
18:39:23.239 debug: Target(editor) build started.
18:39:23.324 debug: Detected change: cce:/internal/x/prerequisite-imports. Last mtime: Thu Jan 01 1970 08:00:06 GMT+0800 (中国标准时间), Current mtime: Thu Jan 01 1970 08:00:08 GMT+0800 (中国标准时间)
18:39:23.324 debug: Inspect cce:/internal/x/prerequisite-imports
18:39:23.333 debug: transform url: 'cce:/internal/x/prerequisite-imports' costs: 8.20 ms
18:39:23.333 debug: Resolve file:///Applications/Cocos/Creator/3.8.8/CocosCreator.app/Contents/Resources/resources/3d/engine/editor/assets/default_renderpipeline/builtin-dof-pass.ts from cce:/internal/x/prerequisite-imports as file:///Applications/Cocos/Creator/3.8.8/CocosCreator.app/Contents/Resources/resources/3d/engine/editor/assets/default_renderpipeline/builtin-dof-pass.ts.
18:39:23.333 debug: Resolve file:///Applications/Cocos/Creator/3.8.8/CocosCreator.app/Contents/Resources/resources/3d/engine/editor/assets/default_renderpipeline/builtin-pipeline-pass.ts from cce:/internal/x/prerequisite-imports as file:///Applications/Cocos/Creator/3.8.8/CocosCreator.app/Contents/Resources/resources/3d/engine/editor/assets/default_renderpipeline/builtin-pipeline-pass.ts.
18:39:23.334 debug: Resolve file:///Applications/Cocos/Creator/3.8.8/CocosCreator.app/Contents/Resources/resources/3d/engine/editor/assets/default_renderpipeline/builtin-pipeline-settings.ts from cce:/internal/x/prerequisite-imports as file:///Applications/Cocos/Creator/3.8.8/CocosCreator.app/Contents/Resources/resources/3d/engine/editor/assets/default_renderpipeline/builtin-pipeline-settings.ts.
18:39:23.334 debug: Resolve file:///Applications/Cocos/Creator/3.8.8/CocosCreator.app/Contents/Resources/resources/3d/engine/editor/assets/default_renderpipeline/builtin-pipeline-types.ts from cce:/internal/x/prerequisite-imports as file:///Applications/Cocos/Creator/3.8.8/CocosCreator.app/Contents/Resources/resources/3d/engine/editor/assets/default_renderpipeline/builtin-pipeline-types.ts.
18:39:23.334 debug: Resolve file:///Applications/Cocos/Creator/3.8.8/CocosCreator.app/Contents/Resources/resources/3d/engine/editor/assets/default_renderpipeline/builtin-pipeline.ts from cce:/internal/x/prerequisite-imports as file:///Applications/Cocos/Creator/3.8.8/CocosCreator.app/Contents/Resources/resources/3d/engine/editor/assets/default_renderpipeline/builtin-pipeline.ts.
18:39:23.334 debug: Resolve file:///Applications/Cocos/Creator/3.8.8/CocosCreator.app/Contents/Resources/resources/3d/engine/editor/assets/tools/debug-view-runtime-control.ts from cce:/internal/x/prerequisite-imports as file:///Applications/Cocos/Creator/3.8.8/CocosCreator.app/Contents/Resources/resources/3d/engine/editor/assets/tools/debug-view-runtime-control.ts.
18:39:23.334 debug: Resolve file:///Users/zxd/workspace/person/animal-chess-game/assets/scripts/GameMain.ts from cce:/internal/x/prerequisite-imports as file:///Users/zxd/workspace/person/animal-chess-game/assets/scripts/GameMain.ts.
18:39:23.334 debug: Resolve file:///Users/zxd/workspace/person/animal-chess-game/assets/scripts/framework/DataManager.ts from cce:/internal/x/prerequisite-imports as file:///Users/zxd/workspace/person/animal-chess-game/assets/scripts/framework/DataManager.ts.
18:39:23.334 debug: Resolve file:///Users/zxd/workspace/person/animal-chess-game/assets/scripts/framework/HttpManager.ts from cce:/internal/x/prerequisite-imports as file:///Users/zxd/workspace/person/animal-chess-game/assets/scripts/framework/HttpManager.ts.
18:39:23.334 debug: Resolve file:///Users/zxd/workspace/person/animal-chess-game/assets/scripts/framework/PopupManager.ts from cce:/internal/x/prerequisite-imports as file:///Users/zxd/workspace/person/animal-chess-game/assets/scripts/framework/PopupManager.ts.
18:39:23.334 debug: Resolve file:///Users/zxd/workspace/person/animal-chess-game/assets/scripts/framework/ResManager.ts from cce:/internal/x/prerequisite-imports as file:///Users/zxd/workspace/person/animal-chess-game/assets/scripts/framework/ResManager.ts.
18:39:23.334 debug: Resolve file:///Users/zxd/workspace/person/animal-chess-game/assets/scripts/framework/Singleton.ts from cce:/internal/x/prerequisite-imports as file:///Users/zxd/workspace/person/animal-chess-game/assets/scripts/framework/Singleton.ts.
18:39:23.334 debug: Resolve file:///Users/zxd/workspace/person/animal-chess-game/assets/scripts/framework/SoundManager.ts from cce:/internal/x/prerequisite-imports as file:///Users/zxd/workspace/person/animal-chess-game/assets/scripts/framework/SoundManager.ts.
18:39:23.334 debug: Resolve file:///Users/zxd/workspace/person/animal-chess-game/assets/scripts/framework/UIManager.ts from cce:/internal/x/prerequisite-imports as file:///Users/zxd/workspace/person/animal-chess-game/assets/scripts/framework/UIManager.ts.
18:39:23.335 debug: Resolve file:///Users/zxd/workspace/person/animal-chess-game/assets/scripts/game/AIOpponentSystem.ts from cce:/internal/x/prerequisite-imports as file:///Users/zxd/workspace/person/animal-chess-game/assets/scripts/game/AIOpponentSystem.ts.
18:39:23.335 debug: Resolve file:///Users/zxd/workspace/person/animal-chess-game/assets/scripts/game/GameRuleSystem.ts from cce:/internal/x/prerequisite-imports as file:///Users/zxd/workspace/person/animal-chess-game/assets/scripts/game/GameRuleSystem.ts.
18:39:23.335 debug: Resolve file:///Users/zxd/workspace/person/animal-chess-game/assets/scripts/game/RankSystem.ts from cce:/internal/x/prerequisite-imports as file:///Users/zxd/workspace/person/animal-chess-game/assets/scripts/game/RankSystem.ts.
18:39:23.335 debug: Resolve file:///Users/zxd/workspace/person/animal-chess-game/assets/scripts/pages/GamePage.ts from cce:/internal/x/prerequisite-imports as file:///Users/zxd/workspace/person/animal-chess-game/assets/scripts/pages/GamePage.ts.
18:39:23.335 debug: Resolve file:///Users/zxd/workspace/person/animal-chess-game/assets/scripts/pages/HomePage.ts from cce:/internal/x/prerequisite-imports as file:///Users/zxd/workspace/person/animal-chess-game/assets/scripts/pages/HomePage.ts.
18:39:23.335 debug: Resolve file:///Users/zxd/workspace/person/animal-chess-game/assets/scripts/pages/LoadingPage.ts from cce:/internal/x/prerequisite-imports as file:///Users/zxd/workspace/person/animal-chess-game/assets/scripts/pages/LoadingPage.ts.
18:39:23.335 debug: Resolve file:///Users/zxd/workspace/person/animal-chess-game/assets/scripts/pages/RulesPage.ts from cce:/internal/x/prerequisite-imports as file:///Users/zxd/workspace/person/animal-chess-game/assets/scripts/pages/RulesPage.ts.
18:39:23.335 debug: Resolve file:///Users/zxd/workspace/person/animal-chess-game/assets/scripts/popups/SettingPopup.ts from cce:/internal/x/prerequisite-imports as file:///Users/zxd/workspace/person/animal-chess-game/assets/scripts/popups/SettingPopup.ts.
18:39:23.335 debug: Resolve file:///Users/zxd/workspace/person/animal-chess-game/assets/scripts/system/UserSystem.ts from cce:/internal/x/prerequisite-imports as file:///Users/zxd/workspace/person/animal-chess-game/assets/scripts/system/UserSystem.ts.
18:39:23.335 debug: Resolve file:///Users/zxd/workspace/person/animal-chess-game/assets/scripts/utils/Constants.ts from cce:/internal/x/prerequisite-imports as file:///Users/zxd/workspace/person/animal-chess-game/assets/scripts/utils/Constants.ts.
18:39:23.341 debug: Target(editor) ends with cost 101.88637500000004ms.
18:39:23.342 debug: Target(preview) build started.
18:39:23.343 debug: Detected change: cce:/internal/x/prerequisite-imports. Last mtime: Thu Jan 01 1970 08:00:06 GMT+0800 (中国标准时间), Current mtime: Thu Jan 01 1970 08:00:08 GMT+0800 (中国标准时间)
18:39:23.344 debug: Inspect cce:/internal/x/prerequisite-imports
18:39:23.352 debug: transform url: 'cce:/internal/x/prerequisite-imports' costs: 8.00 ms
18:39:23.353 debug: Resolve file:///Applications/Cocos/Creator/3.8.8/CocosCreator.app/Contents/Resources/resources/3d/engine/editor/assets/default_renderpipeline/builtin-dof-pass.ts from cce:/internal/x/prerequisite-imports as file:///Applications/Cocos/Creator/3.8.8/CocosCreator.app/Contents/Resources/resources/3d/engine/editor/assets/default_renderpipeline/builtin-dof-pass.ts.
18:39:23.353 debug: Resolve file:///Applications/Cocos/Creator/3.8.8/CocosCreator.app/Contents/Resources/resources/3d/engine/editor/assets/default_renderpipeline/builtin-pipeline-pass.ts from cce:/internal/x/prerequisite-imports as file:///Applications/Cocos/Creator/3.8.8/CocosCreator.app/Contents/Resources/resources/3d/engine/editor/assets/default_renderpipeline/builtin-pipeline-pass.ts.
18:39:23.353 debug: Resolve file:///Applications/Cocos/Creator/3.8.8/CocosCreator.app/Contents/Resources/resources/3d/engine/editor/assets/default_renderpipeline/builtin-pipeline-settings.ts from cce:/internal/x/prerequisite-imports as file:///Applications/Cocos/Creator/3.8.8/CocosCreator.app/Contents/Resources/resources/3d/engine/editor/assets/default_renderpipeline/builtin-pipeline-settings.ts.
18:39:23.353 debug: Resolve file:///Applications/Cocos/Creator/3.8.8/CocosCreator.app/Contents/Resources/resources/3d/engine/editor/assets/default_renderpipeline/builtin-pipeline-types.ts from cce:/internal/x/prerequisite-imports as file:///Applications/Cocos/Creator/3.8.8/CocosCreator.app/Contents/Resources/resources/3d/engine/editor/assets/default_renderpipeline/builtin-pipeline-types.ts.
18:39:23.353 debug: Resolve file:///Applications/Cocos/Creator/3.8.8/CocosCreator.app/Contents/Resources/resources/3d/engine/editor/assets/default_renderpipeline/builtin-pipeline.ts from cce:/internal/x/prerequisite-imports as file:///Applications/Cocos/Creator/3.8.8/CocosCreator.app/Contents/Resources/resources/3d/engine/editor/assets/default_renderpipeline/builtin-pipeline.ts.
18:39:23.353 debug: Resolve file:///Applications/Cocos/Creator/3.8.8/CocosCreator.app/Contents/Resources/resources/3d/engine/editor/assets/tools/debug-view-runtime-control.ts from cce:/internal/x/prerequisite-imports as file:///Applications/Cocos/Creator/3.8.8/CocosCreator.app/Contents/Resources/resources/3d/engine/editor/assets/tools/debug-view-runtime-control.ts.
18:39:23.353 debug: Resolve file:///Users/zxd/workspace/person/animal-chess-game/assets/scripts/GameMain.ts from cce:/internal/x/prerequisite-imports as file:///Users/zxd/workspace/person/animal-chess-game/assets/scripts/GameMain.ts.
18:39:23.353 debug: Resolve file:///Users/zxd/workspace/person/animal-chess-game/assets/scripts/framework/DataManager.ts from cce:/internal/x/prerequisite-imports as file:///Users/zxd/workspace/person/animal-chess-game/assets/scripts/framework/DataManager.ts.
18:39:23.353 debug: Resolve file:///Users/zxd/workspace/person/animal-chess-game/assets/scripts/framework/HttpManager.ts from cce:/internal/x/prerequisite-imports as file:///Users/zxd/workspace/person/animal-chess-game/assets/scripts/framework/HttpManager.ts.
18:39:23.353 debug: Resolve file:///Users/zxd/workspace/person/animal-chess-game/assets/scripts/framework/PopupManager.ts from cce:/internal/x/prerequisite-imports as file:///Users/zxd/workspace/person/animal-chess-game/assets/scripts/framework/PopupManager.ts.
18:39:23.353 debug: Resolve file:///Users/zxd/workspace/person/animal-chess-game/assets/scripts/framework/ResManager.ts from cce:/internal/x/prerequisite-imports as file:///Users/zxd/workspace/person/animal-chess-game/assets/scripts/framework/ResManager.ts.
18:39:23.353 debug: Resolve file:///Users/zxd/workspace/person/animal-chess-game/assets/scripts/framework/Singleton.ts from cce:/internal/x/prerequisite-imports as file:///Users/zxd/workspace/person/animal-chess-game/assets/scripts/framework/Singleton.ts.
18:39:23.354 debug: Resolve file:///Users/zxd/workspace/person/animal-chess-game/assets/scripts/framework/SoundManager.ts from cce:/internal/x/prerequisite-imports as file:///Users/zxd/workspace/person/animal-chess-game/assets/scripts/framework/SoundManager.ts.
18:39:23.354 debug: Resolve file:///Users/zxd/workspace/person/animal-chess-game/assets/scripts/framework/UIManager.ts from cce:/internal/x/prerequisite-imports as file:///Users/zxd/workspace/person/animal-chess-game/assets/scripts/framework/UIManager.ts.
18:39:23.354 debug: Resolve file:///Users/zxd/workspace/person/animal-chess-game/assets/scripts/game/AIOpponentSystem.ts from cce:/internal/x/prerequisite-imports as file:///Users/zxd/workspace/person/animal-chess-game/assets/scripts/game/AIOpponentSystem.ts.
18:39:23.354 debug: Resolve file:///Users/zxd/workspace/person/animal-chess-game/assets/scripts/game/GameRuleSystem.ts from cce:/internal/x/prerequisite-imports as file:///Users/zxd/workspace/person/animal-chess-game/assets/scripts/game/GameRuleSystem.ts.
18:39:23.354 debug: Resolve file:///Users/zxd/workspace/person/animal-chess-game/assets/scripts/game/RankSystem.ts from cce:/internal/x/prerequisite-imports as file:///Users/zxd/workspace/person/animal-chess-game/assets/scripts/game/RankSystem.ts.
18:39:23.354 debug: Resolve file:///Users/zxd/workspace/person/animal-chess-game/assets/scripts/pages/GamePage.ts from cce:/internal/x/prerequisite-imports as file:///Users/zxd/workspace/person/animal-chess-game/assets/scripts/pages/GamePage.ts.
18:39:23.354 debug: Resolve file:///Users/zxd/workspace/person/animal-chess-game/assets/scripts/pages/HomePage.ts from cce:/internal/x/prerequisite-imports as file:///Users/zxd/workspace/person/animal-chess-game/assets/scripts/pages/HomePage.ts.
18:39:23.354 debug: Resolve file:///Users/zxd/workspace/person/animal-chess-game/assets/scripts/pages/LoadingPage.ts from cce:/internal/x/prerequisite-imports as file:///Users/zxd/workspace/person/animal-chess-game/assets/scripts/pages/LoadingPage.ts.
18:39:23.354 debug: Resolve file:///Users/zxd/workspace/person/animal-chess-game/assets/scripts/pages/RulesPage.ts from cce:/internal/x/prerequisite-imports as file:///Users/zxd/workspace/person/animal-chess-game/assets/scripts/pages/RulesPage.ts.
18:39:23.354 debug: Resolve file:///Users/zxd/workspace/person/animal-chess-game/assets/scripts/popups/SettingPopup.ts from cce:/internal/x/prerequisite-imports as file:///Users/zxd/workspace/person/animal-chess-game/assets/scripts/popups/SettingPopup.ts.
18:39:23.354 debug: Resolve file:///Users/zxd/workspace/person/animal-chess-game/assets/scripts/system/UserSystem.ts from cce:/internal/x/prerequisite-imports as file:///Users/zxd/workspace/person/animal-chess-game/assets/scripts/system/UserSystem.ts.
18:39:23.354 debug: Resolve file:///Users/zxd/workspace/person/animal-chess-game/assets/scripts/utils/Constants.ts from cce:/internal/x/prerequisite-imports as file:///Users/zxd/workspace/person/animal-chess-game/assets/scripts/utils/Constants.ts.
18:39:23.365 debug: Target(preview) ends with cost 23.086999999999534ms.
