2026-5-12 20:02:30-log: Cannot access game frame or container.
2026-5-12 20:02:31-debug: asset-db:require-engine-code (1559ms)
2026-5-12 20:02:31-log: meshopt wasm decoder initialized
2026-5-12 20:02:31-log: [bullet]:bullet wasm lib loaded.
2026-5-12 20:02:31-log: [box2d]:box2d wasm lib loaded.
2026-5-12 20:02:31-log: Cocos Creator v3.8.8
2026-5-12 20:02:31-log: Using legacy pipeline
2026-5-12 20:02:31-log: Forward render pipeline initialized.
2026-5-12 20:02:31-debug: [Assets Memory track]: asset-db:worker-init: initEngine start:31.03MB, end 117.12MB, increase: 86.08MB
2026-5-12 20:02:33-debug: [Assets Memory track]: asset-db:worker-init: initPlugin start:78.71MB, end 273.68MB, increase: 194.97MB
2026-5-12 20:02:33-debug: asset-db:worker-init: initPlugin (2230ms)
2026-5-12 20:02:33-debug: [Assets Memory track]: asset-db:worker-init start:31.02MB, end 273.79MB, increase: 242.77MB
2026-5-12 20:02:33-debug: Run asset db hook engine-extends:beforePreStart ...
2026-5-12 20:02:33-debug: Run asset db hook programming:beforePreStart success!
2026-5-12 20:02:33-debug: Run asset db hook programming:beforePreStart ...
2026-5-12 20:02:33-debug: Run asset db hook engine-extends:beforePreStart success!
2026-5-12 20:02:34-debug: asset-db:worker-init (3930ms)
2026-5-12 20:02:34-debug: asset-db-hook-programming-beforePreStart (58ms)
2026-5-12 20:02:34-debug: asset-db-hook-engine-extends-beforePreStart (58ms)
2026-5-12 20:02:34-debug: Preimport db internal success
2026-5-12 20:02:34-debug: Preimport db assets success
2026-5-12 20:02:34-debug: Run asset db hook programming:afterPreStart ...
2026-5-12 20:02:34-debug: starting packer-driver...
2026-5-12 20:02:34-debug: initialize scripting environment...
2026-5-12 20:02:34-debug: [[Executor]] prepare before lock
2026-5-12 20:02:34-debug: Set detail map pack:///resolution-detail-map.json: {}
2026-5-12 20:02:34-debug: Run asset db hook programming:afterPreStart success!
2026-5-12 20:02:34-debug: Run asset db hook engine-extends:afterPreStart ...
2026-5-12 20:02:34-debug: Run asset db hook engine-extends:afterPreStart success!
2026-5-12 20:02:34-debug: [Assets Memory track]: asset-db:worker-init: preStart start:273.80MB, end 277.50MB, increase: 3.69MB
2026-5-12 20:02:34-debug: Start up the 'internal' database...
2026-5-12 20:02:34-debug: [[Executor]] prepare after unlock
2026-5-12 20:02:34-debug: asset-db-hook-programming-afterPreStart (377ms)
2026-5-12 20:02:34-debug: asset-db:worker-effect-data-processing (214ms)
2026-5-12 20:02:34-debug: asset-db-hook-engine-extends-afterPreStart (214ms)
2026-5-12 20:02:34-debug: Run asset db hook engine-extends:afterStartDB ...
2026-5-12 20:02:34-debug: recompile effect.bin success
2026-5-12 20:02:34-debug: Run asset db hook engine-extends:afterStartDB success!
2026-5-12 20:02:34-debug: Start up the 'assets' database...
2026-5-12 20:02:34-debug: asset-db:worker-effect-data-processing (351ms)
2026-5-12 20:02:34-debug: asset-db-hook-engine-extends-afterStartDB (351ms)
2026-5-12 20:02:34-debug: Run asset db hook engine-extends:afterStartDB ...
2026-5-12 20:02:35-debug: recompile effect.bin success
2026-5-12 20:02:35-debug: Run asset db hook engine-extends:afterStartDB success!
2026-5-12 20:02:35-debug: [Assets Memory track]: asset-db:worker-init: startup start:277.51MB, end 295.98MB, increase: 18.47MB
2026-5-12 20:02:35-debug: lazy register asset handler *
2026-5-12 20:02:35-debug: lazy register asset handler directory
2026-5-12 20:02:35-debug: lazy register asset handler text
2026-5-12 20:02:35-debug: lazy register asset handler json
2026-5-12 20:02:35-debug: lazy register asset handler spine-data
2026-5-12 20:02:35-debug: lazy register asset handler dragonbones
2026-5-12 20:02:35-debug: lazy register asset handler terrain
2026-5-12 20:02:35-debug: lazy register asset handler dragonbones-atlas
2026-5-12 20:02:35-debug: lazy register asset handler javascript
2026-5-12 20:02:35-debug: lazy register asset handler scene
2026-5-12 20:02:35-debug: lazy register asset handler typescript
2026-5-12 20:02:35-debug: lazy register asset handler prefab
2026-5-12 20:02:35-debug: lazy register asset handler tiled-map
2026-5-12 20:02:35-debug: lazy register asset handler buffer
2026-5-12 20:02:35-debug: lazy register asset handler sprite-frame
2026-5-12 20:02:35-debug: lazy register asset handler sign-image
2026-5-12 20:02:35-debug: lazy register asset handler alpha-image
2026-5-12 20:02:35-debug: lazy register asset handler erp-texture-cube
2026-5-12 20:02:35-debug: lazy register asset handler render-texture
2026-5-12 20:02:35-debug: lazy register asset handler texture-cube-face
2026-5-12 20:02:35-debug: lazy register asset handler rt-sprite-frame
2026-5-12 20:02:35-debug: lazy register asset handler gltf
2026-5-12 20:02:35-debug: lazy register asset handler gltf-mesh
2026-5-12 20:02:35-debug: lazy register asset handler gltf-animation
2026-5-12 20:02:35-debug: lazy register asset handler gltf-skeleton
2026-5-12 20:02:35-debug: lazy register asset handler gltf-material
2026-5-12 20:02:35-debug: lazy register asset handler gltf-scene
2026-5-12 20:02:35-debug: lazy register asset handler gltf-embeded-image
2026-5-12 20:02:35-debug: lazy register asset handler fbx
2026-5-12 20:02:35-debug: lazy register asset handler material
2026-5-12 20:02:35-debug: lazy register asset handler physics-material
2026-5-12 20:02:35-debug: lazy register asset handler effect
2026-5-12 20:02:35-debug: lazy register asset handler effect-header
2026-5-12 20:02:35-debug: lazy register asset handler audio-clip
2026-5-12 20:02:35-debug: lazy register asset handler animation-clip
2026-5-12 20:02:35-debug: lazy register asset handler animation-graph
2026-5-12 20:02:35-debug: lazy register asset handler animation-graph-variant
2026-5-12 20:02:35-debug: lazy register asset handler animation-mask
2026-5-12 20:02:35-debug: lazy register asset handler ttf-font
2026-5-12 20:02:35-debug: lazy register asset handler bitmap-font
2026-5-12 20:02:35-debug: lazy register asset handler particle
2026-5-12 20:02:35-debug: lazy register asset handler sprite-atlas
2026-5-12 20:02:35-debug: lazy register asset handler auto-atlas
2026-5-12 20:02:35-debug: lazy register asset handler label-atlas
2026-5-12 20:02:35-debug: lazy register asset handler render-pipeline
2026-5-12 20:02:35-debug: lazy register asset handler render-stage
2026-5-12 20:02:35-debug: lazy register asset handler render-flow
2026-5-12 20:02:35-debug: lazy register asset handler instantiation-material
2026-5-12 20:02:35-debug: lazy register asset handler instantiation-mesh
2026-5-12 20:02:35-debug: lazy register asset handler instantiation-skeleton
2026-5-12 20:02:35-debug: lazy register asset handler instantiation-animation
2026-5-12 20:02:35-debug: lazy register asset handler video-clip
2026-5-12 20:02:35-debug: lazy register asset handler image
2026-5-12 20:02:35-debug: lazy register asset handler texture
2026-5-12 20:02:35-debug: lazy register asset handler texture-cube
2026-5-12 20:02:35-debug: asset-db-hook-engine-extends-afterStartDB (875ms)
2026-5-12 20:02:35-debug: asset-db:ready (7607ms)
2026-5-12 20:02:35-debug: asset-db:worker-effect-data-processing (874ms)
2026-5-12 20:02:35-debug: asset-db:start-database (1755ms)
2026-5-12 20:02:35-debug: init worker message success
2026-5-12 20:02:36-debug: programming:execute-script (6ms)
2026-5-12 20:02:36-debug: [Build Memory track]: builder:worker-init start:299.78MB, end 309.22MB, increase: 9.44MB
2026-5-12 20:02:36-debug: builder:worker-init (396ms)
2026-5-12 20:02:36-debug: Query all assets info in project
2026-5-12 20:02:36-debug: init custom config: keepNodeUuid: false, useCache: true
2026-5-12 20:02:36-debug: Skip compress image, progress: 0%
2026-5-12 20:02:36-debug: Num of bundles: 3..., progress: 0%
2026-5-12 20:02:36-debug: Init all bundles start..., progress: 0%
2026-5-12 20:02:36-debug: Query asset bundle start, progress: 0%
2026-5-12 20:02:36-debug: // ---- build task Query asset bundle ----
2026-5-12 20:02:36-debug: Init bundle root assets start..., progress: 0%
2026-5-12 20:02:36-debug: Query preload assets/scripts from cc.config.json: 60f7195c-ec2a-45eb-ba94-8955f60e81d0,1c02ae6f-4492-4915-b8f8-7492a3b1e4cd,810e96e4-e456-4468-9b59-f4e8f39732c0,efe8e2a3-eace-427b-b4f1-cb8a937ec77d,e9aa9a3e-5b2b-4ac7-a2c7-073de2b2b24f,8bbdbcdd-5cd4-4100-b6d5-b7c9625b6107,50f4348b-c883-4e2f-8f11-ce233b859fa1,fda095cb-831d-4601-ad94-846013963de8,f92806d7-1768-443f-afe8-12bcde84d0f0,dd3a144d-ab7f-41f0-82b8-2e43a090d496,f0416e68-0200-4b77-a926-4f9d16e494da,970b0598-bcb0-4714-91fb-2e81440dccd8,bcd64cc6-2dd9-43f6-abbe-66318d332032,d930590d-bb92-4cc8-8bd1-23cd027f9edf,a3cd009f-0ab0-420d-9278-b9fdab939bbc,6a2d0734-bd9e-4ddf-946e-caa52498cb75,c27215d8-6835-4b68-bfbb-bdeac6100c04,b5d6115f-0370-4d7c-aad3-c194cc71cf98,871c3b6c-7379-419d-bda3-794b239ab90d,ff9b0199-ce04-4cfe-86cc-6c719f08d6e4,de1c2107-70c8-4021-8459-6399f24d01c6,cbf30902-517f-40dc-af90-a550bac27cf1,5c601d96-e4c7-4698-991b-7ee674b11079
2026-5-12 20:02:36-debug:   Number of all scenes: 1
2026-5-12 20:02:36-debug:   Number of all scripts: 23
2026-5-12 20:02:36-debug:   Number of other assets: 317
2026-5-12 20:02:36-debug: Init bundle root assets success..., progress: 0%
2026-5-12 20:02:36-debug: // ---- build task Query asset bundle ---- (12ms)
2026-5-12 20:02:36-log: run build task Query asset bundle success in 12 ms√, progress: 5%
2026-5-12 20:02:36-debug: [Build Memory track]: Query asset bundle start:225.19MB, end 225.93MB, increase: 758.15KB
2026-5-12 20:02:36-debug: Query asset bundle start, progress: 5%
2026-5-12 20:02:36-debug: // ---- build task Query asset bundle ----
2026-5-12 20:02:36-debug: // ---- build task Query asset bundle ---- (4ms)
2026-5-12 20:02:36-debug: [Build Memory track]: Query asset bundle start:225.97MB, end 226.08MB, increase: 115.86KB
2026-5-12 20:02:36-debug: Sort some build options to settings.json start, progress: 10%
2026-5-12 20:02:36-debug: // ---- build task Sort some build options to settings.json ----
2026-5-12 20:02:36-log: run build task Query asset bundle success in 4 ms√, progress: 10%
2026-5-12 20:02:36-debug: // ---- build task Sort some build options to settings.json ---- (1ms)
2026-5-12 20:02:36-log: run build task Sort some build options to settings.json success in 1 ms√, progress: 12%
2026-5-12 20:02:36-debug: [Build Memory track]: Sort some build options to settings.json start:226.12MB, end 226.16MB, increase: 31.63KB
2026-5-12 20:02:36-debug: Fill script data to settings start, progress: 12%
2026-5-12 20:02:36-debug: // ---- build task Fill script data to settings ----
2026-5-12 20:02:36-debug: // ---- build task Fill script data to settings ---- (2ms)
2026-5-12 20:02:36-log: run build task Fill script data to settings success in 2 ms√, progress: 13%
2026-5-12 20:02:36-debug: [Build Memory track]: Fill script data to settings start:226.19MB, end 226.22MB, increase: 31.05KB
2026-5-12 20:02:36-debug: Sort some build options to settings.json start, progress: 13%
2026-5-12 20:02:36-debug: // ---- build task Sort some build options to settings.json ----
2026-5-12 20:02:36-debug: // ---- build task Sort some build options to settings.json ---- (6ms)
2026-5-12 20:02:36-debug: [Build Memory track]: Sort some build options to settings.json start:226.26MB, end 226.41MB, increase: 156.93KB
2026-5-12 20:02:36-log: run build task Sort some build options to settings.json success in 6 ms√, progress: 15%
2026-5-12 20:02:37-debug: Query all assets info in project
2026-5-12 20:02:37-debug: init custom config: keepNodeUuid: false, useCache: true
2026-5-12 20:02:37-debug: Skip compress image, progress: 0%
2026-5-12 20:02:37-debug: Init all bundles start..., progress: 0%
2026-5-12 20:02:37-debug: Num of bundles: 3..., progress: 0%
2026-5-12 20:02:37-debug: Query asset bundle start, progress: 0%
2026-5-12 20:02:37-debug: // ---- build task Query asset bundle ----
2026-5-12 20:02:37-debug: Init bundle root assets start..., progress: 0%
2026-5-12 20:02:37-debug: Query preload assets/scripts from cc.config.json: 60f7195c-ec2a-45eb-ba94-8955f60e81d0,1c02ae6f-4492-4915-b8f8-7492a3b1e4cd,810e96e4-e456-4468-9b59-f4e8f39732c0,efe8e2a3-eace-427b-b4f1-cb8a937ec77d,e9aa9a3e-5b2b-4ac7-a2c7-073de2b2b24f,8bbdbcdd-5cd4-4100-b6d5-b7c9625b6107,50f4348b-c883-4e2f-8f11-ce233b859fa1,fda095cb-831d-4601-ad94-846013963de8,f92806d7-1768-443f-afe8-12bcde84d0f0,dd3a144d-ab7f-41f0-82b8-2e43a090d496,f0416e68-0200-4b77-a926-4f9d16e494da,970b0598-bcb0-4714-91fb-2e81440dccd8,bcd64cc6-2dd9-43f6-abbe-66318d332032,d930590d-bb92-4cc8-8bd1-23cd027f9edf,a3cd009f-0ab0-420d-9278-b9fdab939bbc,6a2d0734-bd9e-4ddf-946e-caa52498cb75,c27215d8-6835-4b68-bfbb-bdeac6100c04,b5d6115f-0370-4d7c-aad3-c194cc71cf98,871c3b6c-7379-419d-bda3-794b239ab90d,ff9b0199-ce04-4cfe-86cc-6c719f08d6e4,de1c2107-70c8-4021-8459-6399f24d01c6,cbf30902-517f-40dc-af90-a550bac27cf1,5c601d96-e4c7-4698-991b-7ee674b11079
2026-5-12 20:02:37-debug:   Number of all scenes: 1
2026-5-12 20:02:37-debug:   Number of all scripts: 23
2026-5-12 20:02:37-debug:   Number of other assets: 317
2026-5-12 20:02:37-debug: Init bundle root assets success..., progress: 0%
2026-5-12 20:02:37-log: run build task Query asset bundle success in 14 ms√, progress: 5%
2026-5-12 20:02:37-debug: [Build Memory track]: Query asset bundle start:227.94MB, end 221.92MB, increase: -6161.94KB
2026-5-12 20:02:37-debug: Query asset bundle start, progress: 5%
2026-5-12 20:02:37-debug: // ---- build task Query asset bundle ----
2026-5-12 20:02:37-debug: // ---- build task Query asset bundle ---- (14ms)
2026-5-12 20:02:37-debug: // ---- build task Query asset bundle ---- (14ms)
2026-5-12 20:02:37-log: run build task Query asset bundle success in 14 ms√, progress: 10%
2026-5-12 20:02:37-debug: [Build Memory track]: Query asset bundle start:221.96MB, end 222.07MB, increase: 118.48KB
2026-5-12 20:02:37-debug: Sort some build options to settings.json start, progress: 10%
2026-5-12 20:02:37-debug: // ---- build task Sort some build options to settings.json ----
2026-5-12 20:02:37-debug: // ---- build task Sort some build options to settings.json ---- (1ms)
2026-5-12 20:02:37-log: run build task Sort some build options to settings.json success in 1 ms√, progress: 12%
2026-5-12 20:02:37-debug: [Build Memory track]: Sort some build options to settings.json start:222.12MB, end 222.14MB, increase: 23.46KB
2026-5-12 20:02:37-debug: Fill script data to settings start, progress: 12%
2026-5-12 20:02:37-debug: // ---- build task Fill script data to settings ----
2026-5-12 20:02:37-debug: // ---- build task Fill script data to settings ---- (2ms)
2026-5-12 20:02:37-debug: // ---- build task Sort some build options to settings.json ----
2026-5-12 20:02:37-log: run build task Fill script data to settings success in 2 ms√, progress: 13%
2026-5-12 20:02:37-debug: [Build Memory track]: Fill script data to settings start:222.18MB, end 222.23MB, increase: 47.07KB
2026-5-12 20:02:37-debug: Sort some build options to settings.json start, progress: 13%
2026-5-12 20:02:37-debug: // ---- build task Sort some build options to settings.json ---- (7ms)
2026-5-12 20:02:37-log: run build task Sort some build options to settings.json success in 7 ms√, progress: 15%
2026-5-12 20:02:37-debug: [Build Memory track]: Sort some build options to settings.json start:222.26MB, end 222.39MB, increase: 131.86KB
2026-5-12 20:13:05-debug: refresh db internal success
2026-5-12 20:13:05-debug: refresh db assets success
2026-5-12 20:13:05-debug: Run asset db hook engine-extends:afterRefresh ...
2026-5-12 20:13:05-debug: Run asset db hook engine-extends:afterRefresh success!
2026-5-12 20:13:05-debug: asset-db:refresh-all-database (46ms)
2026-5-12 20:13:05-debug: asset-db:worker-effect-data-processing (1ms)
2026-5-12 20:13:05-debug: asset-db-hook-engine-extends-afterRefresh (1ms)
2026-5-12 20:28:14-debug: refresh db internal success
2026-5-12 20:28:14-debug: %cImport%c: /Users/zxd/workspace/person/kuaisha/assets/scripts/pages/GamePage.tsbackground: #aaff85; color: #000;color: #000;
2026-5-12 20:28:14-debug: refresh db assets success
2026-5-12 20:28:14-debug: Run asset db hook engine-extends:afterRefresh ...
2026-5-12 20:28:14-debug: Run asset db hook engine-extends:afterRefresh success!
2026-5-12 20:28:14-debug: asset-db:refresh-all-database (65ms)
2026-5-12 20:28:14-debug: asset-db:worker-effect-data-processing (1ms)
2026-5-12 20:28:14-debug: asset-db-hook-engine-extends-afterRefresh (1ms)
2026-5-12 20:28:15-debug: Query all assets info in project
2026-5-12 20:28:16-debug: init custom config: keepNodeUuid: false, useCache: true
2026-5-12 20:28:16-debug: Skip compress image, progress: 0%
2026-5-12 20:28:16-debug: Init all bundles start..., progress: 0%
2026-5-12 20:28:16-debug: Num of bundles: 3..., progress: 0%
2026-5-12 20:28:16-debug: Query asset bundle start, progress: 0%
2026-5-12 20:28:16-debug: // ---- build task Query asset bundle ----
2026-5-12 20:28:16-debug: Init bundle root assets start..., progress: 0%
2026-5-12 20:28:16-debug:   Number of all scenes: 1
2026-5-12 20:28:16-debug:   Number of all scripts: 23
2026-5-12 20:28:16-debug:   Number of other assets: 317
2026-5-12 20:28:16-debug: Init bundle root assets success..., progress: 0%
2026-5-12 20:28:16-debug: Query preload assets/scripts from cc.config.json: 60f7195c-ec2a-45eb-ba94-8955f60e81d0,1c02ae6f-4492-4915-b8f8-7492a3b1e4cd,810e96e4-e456-4468-9b59-f4e8f39732c0,efe8e2a3-eace-427b-b4f1-cb8a937ec77d,e9aa9a3e-5b2b-4ac7-a2c7-073de2b2b24f,8bbdbcdd-5cd4-4100-b6d5-b7c9625b6107,50f4348b-c883-4e2f-8f11-ce233b859fa1,fda095cb-831d-4601-ad94-846013963de8,f92806d7-1768-443f-afe8-12bcde84d0f0,dd3a144d-ab7f-41f0-82b8-2e43a090d496,f0416e68-0200-4b77-a926-4f9d16e494da,970b0598-bcb0-4714-91fb-2e81440dccd8,bcd64cc6-2dd9-43f6-abbe-66318d332032,d930590d-bb92-4cc8-8bd1-23cd027f9edf,a3cd009f-0ab0-420d-9278-b9fdab939bbc,6a2d0734-bd9e-4ddf-946e-caa52498cb75,c27215d8-6835-4b68-bfbb-bdeac6100c04,b5d6115f-0370-4d7c-aad3-c194cc71cf98,871c3b6c-7379-419d-bda3-794b239ab90d,ff9b0199-ce04-4cfe-86cc-6c719f08d6e4,de1c2107-70c8-4021-8459-6399f24d01c6,cbf30902-517f-40dc-af90-a550bac27cf1,5c601d96-e4c7-4698-991b-7ee674b11079
2026-5-12 20:28:16-debug: // ---- build task Query asset bundle ---- (8ms)
2026-5-12 20:28:16-log: run build task Query asset bundle success in 8 ms√, progress: 5%
2026-5-12 20:28:16-debug: Query asset bundle start, progress: 5%
2026-5-12 20:28:16-debug: // ---- build task Query asset bundle ----
2026-5-12 20:28:16-debug: [Build Memory track]: Query asset bundle start:224.30MB, end 223.95MB, increase: -353.44KB
2026-5-12 20:28:16-debug: // ---- build task Query asset bundle ---- (3ms)
2026-5-12 20:28:16-log: run build task Query asset bundle success in 3 ms√, progress: 10%
2026-5-12 20:28:16-debug: [Build Memory track]: Query asset bundle start:223.99MB, end 224.10MB, increase: 112.81KB
2026-5-12 20:28:16-debug: // ---- build task Sort some build options to settings.json ----
2026-5-12 20:28:16-debug: Sort some build options to settings.json start, progress: 10%
2026-5-12 20:28:16-log: run build task Sort some build options to settings.json success in √, progress: 12%
2026-5-12 20:28:16-debug: [Build Memory track]: Sort some build options to settings.json start:224.13MB, end 224.15MB, increase: 17.61KB
2026-5-12 20:28:16-debug: // ---- build task Fill script data to settings ----
2026-5-12 20:28:16-debug: Fill script data to settings start, progress: 12%
2026-5-12 20:28:16-debug: // ---- build task Fill script data to settings ---- (1ms)
2026-5-12 20:28:16-log: run build task Fill script data to settings success in 1 ms√, progress: 13%
2026-5-12 20:28:16-debug: [Build Memory track]: Fill script data to settings start:224.18MB, end 224.21MB, increase: 31.45KB
2026-5-12 20:28:16-debug: Sort some build options to settings.json start, progress: 13%
2026-5-12 20:28:16-debug: // ---- build task Sort some build options to settings.json ----
2026-5-12 20:28:16-debug: // ---- build task Sort some build options to settings.json ---- (6ms)
2026-5-12 20:28:16-log: run build task Sort some build options to settings.json success in 6 ms√, progress: 15%
2026-5-12 20:28:16-debug: [Build Memory track]: Sort some build options to settings.json start:224.25MB, end 224.38MB, increase: 134.83KB
2026-5-12 20:28:16-debug: Query all assets info in project
2026-5-12 20:28:16-debug: Skip compress image, progress: 0%
2026-5-12 20:28:16-debug: init custom config: keepNodeUuid: false, useCache: true
2026-5-12 20:28:16-debug: Init all bundles start..., progress: 0%
2026-5-12 20:28:16-debug: // ---- build task Query asset bundle ----
2026-5-12 20:28:16-debug: Init bundle root assets start..., progress: 0%
2026-5-12 20:28:16-debug: Num of bundles: 3..., progress: 0%
2026-5-12 20:28:16-debug: Query asset bundle start, progress: 0%
2026-5-12 20:28:16-debug: Query preload assets/scripts from cc.config.json: 60f7195c-ec2a-45eb-ba94-8955f60e81d0,1c02ae6f-4492-4915-b8f8-7492a3b1e4cd,810e96e4-e456-4468-9b59-f4e8f39732c0,efe8e2a3-eace-427b-b4f1-cb8a937ec77d,e9aa9a3e-5b2b-4ac7-a2c7-073de2b2b24f,8bbdbcdd-5cd4-4100-b6d5-b7c9625b6107,50f4348b-c883-4e2f-8f11-ce233b859fa1,fda095cb-831d-4601-ad94-846013963de8,f92806d7-1768-443f-afe8-12bcde84d0f0,dd3a144d-ab7f-41f0-82b8-2e43a090d496,f0416e68-0200-4b77-a926-4f9d16e494da,970b0598-bcb0-4714-91fb-2e81440dccd8,bcd64cc6-2dd9-43f6-abbe-66318d332032,d930590d-bb92-4cc8-8bd1-23cd027f9edf,a3cd009f-0ab0-420d-9278-b9fdab939bbc,6a2d0734-bd9e-4ddf-946e-caa52498cb75,c27215d8-6835-4b68-bfbb-bdeac6100c04,b5d6115f-0370-4d7c-aad3-c194cc71cf98,871c3b6c-7379-419d-bda3-794b239ab90d,ff9b0199-ce04-4cfe-86cc-6c719f08d6e4,de1c2107-70c8-4021-8459-6399f24d01c6,cbf30902-517f-40dc-af90-a550bac27cf1,5c601d96-e4c7-4698-991b-7ee674b11079
2026-5-12 20:28:16-debug:   Number of all scenes: 1
2026-5-12 20:28:16-debug:   Number of all scripts: 23
2026-5-12 20:28:16-debug:   Number of other assets: 317
2026-5-12 20:28:16-debug: Init bundle root assets success..., progress: 0%
2026-5-12 20:28:16-debug: // ---- build task Query asset bundle ---- (11ms)
2026-5-12 20:28:16-log: run build task Query asset bundle success in 11 ms√, progress: 5%
2026-5-12 20:28:16-debug: Query asset bundle start, progress: 5%
2026-5-12 20:28:16-debug: // ---- build task Query asset bundle ----
2026-5-12 20:28:16-debug: [Build Memory track]: Query asset bundle start:224.79MB, end 224.65MB, increase: -141.98KB
2026-5-12 20:28:16-debug: // ---- build task Query asset bundle ---- (25ms)
2026-5-12 20:28:16-log: run build task Query asset bundle success in 25 ms√, progress: 10%
2026-5-12 20:28:16-debug: [Build Memory track]: Query asset bundle start:224.69MB, end 224.10MB, increase: -598.71KB
2026-5-12 20:28:16-debug: Sort some build options to settings.json start, progress: 10%
2026-5-12 20:28:16-debug: // ---- build task Sort some build options to settings.json ----
2026-5-12 20:28:16-debug: // ---- build task Sort some build options to settings.json ---- (2ms)
2026-5-12 20:28:16-log: run build task Sort some build options to settings.json success in 2 ms√, progress: 12%
2026-5-12 20:28:16-debug: [Build Memory track]: Sort some build options to settings.json start:224.14MB, end 224.18MB, increase: 40.72KB
2026-5-12 20:28:16-debug: Fill script data to settings start, progress: 12%
2026-5-12 20:28:16-debug: // ---- build task Fill script data to settings ----
2026-5-12 20:28:16-log: run build task Fill script data to settings success in √, progress: 13%
2026-5-12 20:28:16-debug: [Build Memory track]: Fill script data to settings start:224.21MB, end 224.23MB, increase: 19.75KB
2026-5-12 20:28:16-debug: Sort some build options to settings.json start, progress: 13%
2026-5-12 20:28:16-debug: // ---- build task Sort some build options to settings.json ----
2026-5-12 20:28:16-debug: // ---- build task Sort some build options to settings.json ---- (4ms)
2026-5-12 20:28:16-log: run build task Sort some build options to settings.json success in 4 ms√, progress: 15%
2026-5-12 20:28:16-debug: [Build Memory track]: Sort some build options to settings.json start:224.27MB, end 224.41MB, increase: 144.86KB
2026-5-12 20:28:44-debug: refresh db internal success
2026-5-12 20:28:44-debug: refresh db assets success
2026-5-12 20:28:44-debug: Run asset db hook engine-extends:afterRefresh ...
2026-5-12 20:28:44-debug: Run asset db hook engine-extends:afterRefresh success!
2026-5-12 20:28:44-debug: asset-db:refresh-all-database (38ms)
2026-5-12 20:28:44-debug: asset-db:worker-effect-data-processing (1ms)
2026-5-12 20:28:44-debug: asset-db-hook-engine-extends-afterRefresh (1ms)
