2026-5-25 17:36:21-log: Cannot access game frame or container.
2026-5-25 17:36:23-debug: asset-db:require-engine-code (1958ms)
2026-5-25 17:36:23-log: meshopt wasm decoder initialized
2026-5-25 17:36:23-log: [box2d]:box2d wasm lib loaded.
2026-5-25 17:36:23-log: [bullet]:bullet wasm lib loaded.
2026-5-25 17:36:23-log: Cocos Creator v3.8.8
2026-5-25 17:36:23-log: Using legacy pipeline
2026-5-25 17:36:23-debug: [Assets Memory track]: asset-db:worker-init: initEngine start:31.34MB, end 79.13MB, increase: 47.79MB
2026-5-25 17:36:23-log: Forward render pipeline initialized.
2026-5-25 17:36:25-debug: [Assets Memory track]: asset-db:worker-init: initPlugin start:79.17MB, end 243.17MB, increase: 164.01MB
2026-5-25 17:36:25-debug: asset-db:worker-init: initPlugin (2499ms)
2026-5-25 17:36:25-debug: [Assets Memory track]: asset-db:worker-init start:31.33MB, end 243.29MB, increase: 211.96MB
2026-5-25 17:36:25-debug: Run asset db hook engine-extends:beforePreStart success!
2026-5-25 17:36:25-debug: Run asset db hook programming:beforePreStart success!
2026-5-25 17:36:25-debug: Run asset db hook engine-extends:beforePreStart ...
2026-5-25 17:36:25-debug: Run asset db hook programming:beforePreStart ...
2026-5-25 17:36:25-debug: asset-db:worker-init (4596ms)
2026-5-25 17:36:25-debug: asset-db-hook-programming-beforePreStart (76ms)
2026-5-25 17:36:25-debug: asset-db-hook-engine-extends-beforePreStart (76ms)
2026-5-25 17:36:25-debug: Preimport db internal success
2026-5-25 17:36:25-debug: Preimport db assets success
2026-5-25 17:36:25-debug: Run asset db hook programming:afterPreStart ...
2026-5-25 17:36:25-debug: starting packer-driver...
2026-5-25 17:36:26-debug: initialize scripting environment...
2026-5-25 17:36:26-debug: [[Executor]] prepare before lock
2026-5-25 17:36:26-debug: Set detail map pack:///resolution-detail-map.json: {}
2026-5-25 17:36:26-debug: [[Executor]] prepare after unlock
2026-5-25 17:36:26-debug: [Assets Memory track]: asset-db:worker-init: preStart start:243.30MB, end 245.47MB, increase: 2.17MB
2026-5-25 17:36:26-debug: Start up the 'internal' database...
2026-5-25 17:36:26-debug: Run asset db hook programming:afterPreStart success!
2026-5-25 17:36:26-debug: Run asset db hook engine-extends:afterPreStart ...
2026-5-25 17:36:26-debug: Run asset db hook engine-extends:afterPreStart success!
2026-5-25 17:36:26-debug: asset-db-hook-programming-afterPreStart (1086ms)
2026-5-25 17:36:26-debug: asset-db:worker-effect-data-processing (220ms)
2026-5-25 17:36:26-debug: asset-db-hook-engine-extends-afterPreStart (220ms)
2026-5-25 17:36:26-debug: Run asset db hook engine-extends:afterStartDB ...
2026-5-25 17:36:27-debug: recompile effect.bin success
2026-5-25 17:36:27-debug: asset-db:worker-effect-data-processing (282ms)
2026-5-25 17:36:27-debug: Run asset db hook engine-extends:afterStartDB success!
2026-5-25 17:36:27-debug: Start up the 'assets' database...
2026-5-25 17:36:27-debug: asset-db-hook-engine-extends-afterStartDB (282ms)
2026-5-25 17:36:27-debug: Run asset db hook engine-extends:afterStartDB ...
2026-5-25 17:36:27-debug: recompile effect.bin success
2026-5-25 17:36:27-debug: Run asset db hook engine-extends:afterStartDB success!
2026-5-25 17:36:27-debug: lazy register asset handler *
2026-5-25 17:36:27-debug: lazy register asset handler directory
2026-5-25 17:36:27-debug: lazy register asset handler text
2026-5-25 17:36:27-debug: lazy register asset handler json
2026-5-25 17:36:27-debug: lazy register asset handler spine-data
2026-5-25 17:36:27-debug: lazy register asset handler dragonbones
2026-5-25 17:36:27-debug: lazy register asset handler dragonbones-atlas
2026-5-25 17:36:27-debug: lazy register asset handler terrain
2026-5-25 17:36:27-debug: lazy register asset handler javascript
2026-5-25 17:36:27-debug: lazy register asset handler typescript
2026-5-25 17:36:27-debug: lazy register asset handler scene
2026-5-25 17:36:27-debug: lazy register asset handler prefab
2026-5-25 17:36:27-debug: lazy register asset handler sprite-frame
2026-5-25 17:36:27-debug: lazy register asset handler tiled-map
2026-5-25 17:36:27-debug: lazy register asset handler buffer
2026-5-25 17:36:27-debug: lazy register asset handler image
2026-5-25 17:36:27-debug: lazy register asset handler sign-image
2026-5-25 17:36:27-debug: lazy register asset handler alpha-image
2026-5-25 17:36:27-debug: lazy register asset handler texture
2026-5-25 17:36:27-debug: lazy register asset handler texture-cube
2026-5-25 17:36:27-debug: lazy register asset handler erp-texture-cube
2026-5-25 17:36:27-debug: lazy register asset handler render-texture
2026-5-25 17:36:27-debug: lazy register asset handler texture-cube-face
2026-5-25 17:36:27-debug: lazy register asset handler rt-sprite-frame
2026-5-25 17:36:27-debug: lazy register asset handler gltf
2026-5-25 17:36:27-debug: lazy register asset handler gltf-mesh
2026-5-25 17:36:27-debug: lazy register asset handler gltf-animation
2026-5-25 17:36:27-debug: lazy register asset handler gltf-skeleton
2026-5-25 17:36:27-debug: lazy register asset handler gltf-material
2026-5-25 17:36:27-debug: lazy register asset handler gltf-scene
2026-5-25 17:36:27-debug: lazy register asset handler gltf-embeded-image
2026-5-25 17:36:27-debug: lazy register asset handler fbx
2026-5-25 17:36:27-debug: lazy register asset handler material
2026-5-25 17:36:27-debug: lazy register asset handler physics-material
2026-5-25 17:36:27-debug: lazy register asset handler effect
2026-5-25 17:36:27-debug: lazy register asset handler effect-header
2026-5-25 17:36:27-debug: lazy register asset handler audio-clip
2026-5-25 17:36:27-debug: lazy register asset handler animation-clip
2026-5-25 17:36:27-debug: lazy register asset handler animation-graph
2026-5-25 17:36:27-debug: lazy register asset handler animation-graph-variant
2026-5-25 17:36:27-debug: lazy register asset handler animation-mask
2026-5-25 17:36:27-debug: lazy register asset handler ttf-font
2026-5-25 17:36:27-debug: lazy register asset handler bitmap-font
2026-5-25 17:36:27-debug: lazy register asset handler particle
2026-5-25 17:36:27-debug: lazy register asset handler sprite-atlas
2026-5-25 17:36:27-debug: lazy register asset handler auto-atlas
2026-5-25 17:36:27-debug: lazy register asset handler label-atlas
2026-5-25 17:36:27-debug: lazy register asset handler render-pipeline
2026-5-25 17:36:27-debug: lazy register asset handler render-stage
2026-5-25 17:36:27-debug: lazy register asset handler render-flow
2026-5-25 17:36:27-debug: lazy register asset handler instantiation-material
2026-5-25 17:36:27-debug: lazy register asset handler instantiation-mesh
2026-5-25 17:36:27-debug: lazy register asset handler instantiation-skeleton
2026-5-25 17:36:27-debug: lazy register asset handler instantiation-animation
2026-5-25 17:36:27-debug: lazy register asset handler video-clip
2026-5-25 17:36:27-debug: [Assets Memory track]: asset-db:worker-init: startup start:245.48MB, end 263.91MB, increase: 18.43MB
2026-5-25 17:36:27-debug: asset-db:worker-effect-data-processing (260ms)
2026-5-25 17:36:27-debug: asset-db-hook-engine-extends-afterStartDB (260ms)
2026-5-25 17:36:27-debug: asset-db:start-database (1801ms)
2026-5-25 17:36:27-debug: asset-db:ready (8685ms)
2026-5-25 17:36:27-debug: init worker message success
2026-5-25 17:36:27-debug: programming:execute-script (1ms)
2026-5-25 17:36:27-debug: [Build Memory track]: builder:worker-init start:267.71MB, end 277.73MB, increase: 10.03MB
2026-5-25 17:36:27-debug: builder:worker-init (278ms)
2026-5-25 17:36:53-debug: refresh db internal success
2026-5-25 17:36:53-debug: refresh db assets success
2026-5-25 17:36:53-debug: Run asset db hook engine-extends:afterRefresh ...
2026-5-25 17:36:53-debug: Run asset db hook engine-extends:afterRefresh success!
2026-5-25 17:36:53-debug: asset-db:refresh-all-database (31ms)
2026-5-25 17:36:53-debug: asset-db:worker-effect-data-processing (2ms)
2026-5-25 17:36:53-debug: asset-db-hook-engine-extends-afterRefresh (2ms)
2026-5-25 17:37:13-debug: refresh db internal success
2026-5-25 17:37:13-debug: refresh db assets success
2026-5-25 17:37:13-debug: Run asset db hook engine-extends:afterRefresh ...
2026-5-25 17:37:13-debug: Run asset db hook engine-extends:afterRefresh success!
2026-5-25 17:37:13-debug: asset-db:refresh-all-database (42ms)
2026-5-25 17:37:13-debug: asset-db:worker-effect-data-processing (1ms)
2026-5-25 17:37:13-debug: asset-db-hook-engine-extends-afterRefresh (2ms)
2026-5-25 17:37:27-debug: refresh db internal success
2026-5-25 17:37:27-debug: refresh db assets success
2026-5-25 17:37:27-debug: Run asset db hook engine-extends:afterRefresh ...
2026-5-25 17:37:27-debug: Run asset db hook engine-extends:afterRefresh success!
2026-5-25 17:37:27-debug: asset-db:refresh-all-database (37ms)
2026-5-25 17:37:27-debug: asset-db:worker-effect-data-processing (1ms)
2026-5-25 17:37:27-debug: asset-db-hook-engine-extends-afterRefresh (2ms)
2026-5-25 17:37:30-debug: refresh db internal success
2026-5-25 17:37:30-debug: refresh db assets success
2026-5-25 17:37:30-debug: Run asset db hook engine-extends:afterRefresh success!
2026-5-25 17:37:30-debug: Run asset db hook engine-extends:afterRefresh ...
2026-5-25 17:37:30-debug: asset-db:refresh-all-database (26ms)
2026-5-25 17:37:30-debug: asset-db:worker-effect-data-processing (1ms)
2026-5-25 17:37:30-debug: asset-db-hook-engine-extends-afterRefresh (1ms)
2026-5-25 17:37:49-debug: refresh db internal success
2026-5-25 17:37:49-debug: refresh db assets success
2026-5-25 17:37:49-debug: Run asset db hook engine-extends:afterRefresh success!
2026-5-25 17:37:49-debug: Run asset db hook engine-extends:afterRefresh ...
2026-5-25 17:37:49-debug: asset-db:refresh-all-database (28ms)
2026-5-25 17:37:49-debug: asset-db:worker-effect-data-processing (1ms)
2026-5-25 17:37:49-debug: asset-db-hook-engine-extends-afterRefresh (1ms)
2026-5-25 17:39:27-debug: refresh db internal success
2026-5-25 17:39:27-debug: refresh db assets success
2026-5-25 17:39:27-debug: Run asset db hook engine-extends:afterRefresh success!
2026-5-25 17:39:27-debug: Run asset db hook engine-extends:afterRefresh ...
2026-5-25 17:39:27-debug: asset-db:refresh-all-database (30ms)
2026-5-25 17:39:27-debug: asset-db:worker-effect-data-processing (1ms)
2026-5-25 17:39:27-debug: asset-db-hook-engine-extends-afterRefresh (1ms)
2026-5-25 17:40:35-debug: Query all assets info in project
2026-5-25 17:40:35-debug: init custom config: keepNodeUuid: false, useCache: true
2026-5-25 17:40:35-debug: Skip compress image, progress: 0%
2026-5-25 17:40:35-debug: Init all bundles start..., progress: 0%
2026-5-25 17:40:35-debug: // ---- build task 查询 Asset Bundle ----
2026-5-25 17:40:35-debug: Num of bundles: 3..., progress: 0%
2026-5-25 17:40:35-debug: 查询 Asset Bundle start, progress: 0%
2026-5-25 17:40:35-debug: Init bundle root assets start..., progress: 0%
2026-5-25 17:40:35-debug: Query preload assets/scripts from cc.config.json: 60f7195c-ec2a-45eb-ba94-8955f60e81d0,1c02ae6f-4492-4915-b8f8-7492a3b1e4cd,810e96e4-e456-4468-9b59-f4e8f39732c0,efe8e2a3-eace-427b-b4f1-cb8a937ec77d,e9aa9a3e-5b2b-4ac7-a2c7-073de2b2b24f,8bbdbcdd-5cd4-4100-b6d5-b7c9625b6107,50f4348b-c883-4e2f-8f11-ce233b859fa1,fda095cb-831d-4601-ad94-846013963de8,f92806d7-1768-443f-afe8-12bcde84d0f0,dd3a144d-ab7f-41f0-82b8-2e43a090d496,f0416e68-0200-4b77-a926-4f9d16e494da,970b0598-bcb0-4714-91fb-2e81440dccd8,bcd64cc6-2dd9-43f6-abbe-66318d332032,d930590d-bb92-4cc8-8bd1-23cd027f9edf,a3cd009f-0ab0-420d-9278-b9fdab939bbc,6a2d0734-bd9e-4ddf-946e-caa52498cb75,c27215d8-6835-4b68-bfbb-bdeac6100c04,b5d6115f-0370-4d7c-aad3-c194cc71cf98,871c3b6c-7379-419d-bda3-794b239ab90d,ff9b0199-ce04-4cfe-86cc-6c719f08d6e4,de1c2107-70c8-4021-8459-6399f24d01c6,cbf30902-517f-40dc-af90-a550bac27cf1,5c601d96-e4c7-4698-991b-7ee674b11079
2026-5-25 17:40:35-debug: Init bundle root assets success..., progress: 0%
2026-5-25 17:40:35-debug:   Number of all scenes: 1
2026-5-25 17:40:35-debug:   Number of all scripts: 23
2026-5-25 17:40:35-debug:   Number of other assets: 317
2026-5-25 17:40:35-debug: // ---- build task 查询 Asset Bundle ---- (7ms)
2026-5-25 17:40:35-log: run build task 查询 Asset Bundle success in 7 ms√, progress: 5%
2026-5-25 17:40:35-debug: [Build Memory track]: 查询 Asset Bundle start:228.76MB, end 228.61MB, increase: -159.06KB
2026-5-25 17:40:35-debug: 查询 Asset Bundle start, progress: 5%
2026-5-25 17:40:35-debug: // ---- build task 查询 Asset Bundle ----
2026-5-25 17:40:35-debug: // ---- build task 查询 Asset Bundle ---- (2ms)
2026-5-25 17:40:35-debug: 整理部分构建选项内数据到 settings.json start, progress: 10%
2026-5-25 17:40:35-log: run build task 查询 Asset Bundle success in 2 ms√, progress: 10%
2026-5-25 17:40:35-debug: [Build Memory track]: 查询 Asset Bundle start:228.66MB, end 228.77MB, increase: 119.91KB
2026-5-25 17:40:35-debug: // ---- build task 整理部分构建选项内数据到 settings.json ----
2026-5-25 17:40:35-debug: // ---- build task 整理部分构建选项内数据到 settings.json ---- (2ms)
2026-5-25 17:40:35-debug: 填充脚本数据到 settings.json start, progress: 12%
2026-5-25 17:40:35-log: run build task 整理部分构建选项内数据到 settings.json success in 2 ms√, progress: 12%
2026-5-25 17:40:35-debug: // ---- build task 填充脚本数据到 settings.json ----
2026-5-25 17:40:35-debug: [Build Memory track]: 整理部分构建选项内数据到 settings.json start:228.81MB, end 228.84MB, increase: 31.86KB
2026-5-25 17:40:35-debug: // ---- build task 填充脚本数据到 settings.json ---- (1ms)
2026-5-25 17:40:35-log: run build task 填充脚本数据到 settings.json success in 1 ms√, progress: 13%
2026-5-25 17:40:35-debug: [Build Memory track]: 填充脚本数据到 settings.json start:228.89MB, end 228.92MB, increase: 31.47KB
2026-5-25 17:40:35-debug: 整理部分构建选项内数据到 settings.json start, progress: 13%
2026-5-25 17:40:35-debug: // ---- build task 整理部分构建选项内数据到 settings.json ----
2026-5-25 17:40:35-debug: // ---- build task 整理部分构建选项内数据到 settings.json ---- (7ms)
2026-5-25 17:40:35-log: run build task 整理部分构建选项内数据到 settings.json success in 7 ms√, progress: 15%
2026-5-25 17:40:35-debug: [Build Memory track]: 整理部分构建选项内数据到 settings.json start:228.96MB, end 229.12MB, increase: 166.50KB
2026-5-25 17:51:53-debug: refresh db internal success
2026-5-25 17:51:53-debug: refresh db assets success
2026-5-25 17:51:53-debug: Run asset db hook engine-extends:afterRefresh ...
2026-5-25 17:51:53-debug: Run asset db hook engine-extends:afterRefresh success!
2026-5-25 17:51:53-debug: asset-db:refresh-all-database (55ms)
2026-5-25 17:51:53-debug: asset-db-hook-engine-extends-afterRefresh (1ms)
2026-5-25 17:51:53-debug: asset-db:worker-effect-data-processing (1ms)
2026-5-25 17:57:09-debug: refresh db internal success
2026-5-25 17:57:09-debug: refresh db assets success
2026-5-25 17:57:09-debug: Run asset db hook engine-extends:afterRefresh ...
2026-5-25 17:57:09-debug: Run asset db hook engine-extends:afterRefresh success!
2026-5-25 17:57:09-debug: asset-db:worker-effect-data-processing (2ms)
2026-5-25 17:57:09-debug: asset-db-hook-engine-extends-afterRefresh (2ms)
2026-5-25 17:57:09-debug: asset-db:refresh-all-database (43ms)
2026-5-25 18:09:35-debug: refresh db internal success
2026-5-25 18:09:35-debug: refresh db assets success
2026-5-25 18:09:35-debug: Run asset db hook engine-extends:afterRefresh ...
2026-5-25 18:09:35-debug: Run asset db hook engine-extends:afterRefresh success!
2026-5-25 18:09:35-debug: asset-db:refresh-all-database (46ms)
2026-5-25 18:09:35-debug: asset-db:worker-effect-data-processing (1ms)
2026-5-25 18:09:35-debug: asset-db-hook-engine-extends-afterRefresh (1ms)
