2026-6-8 20:55:01-log: Cannot access game frame or container.
2026-6-8 20:55:03-debug: asset-db:require-engine-code (1902ms)
2026-6-8 20:55:03-log: meshopt wasm decoder initialized
2026-6-8 20:55:03-log: [box2d]:box2d wasm lib loaded.
2026-6-8 20:55:03-log: [bullet]:bullet wasm lib loaded.
2026-6-8 20:55:03-log: Cocos Creator v3.8.8
2026-6-8 20:55:03-log: Forward render pipeline initialized.
2026-6-8 20:55:03-debug: [Assets Memory track]: asset-db:worker-init: initEngine start:30.82MB, end 79.16MB, increase: 48.34MB
2026-6-8 20:55:03-log: Using legacy pipeline
2026-6-8 20:55:05-debug: [Assets Memory track]: asset-db:worker-init: initPlugin start:79.21MB, end 243.08MB, increase: 163.87MB
2026-6-8 20:55:05-debug: asset-db:worker-init: initPlugin (1996ms)
2026-6-8 20:55:05-debug: [Assets Memory track]: asset-db:worker-init start:30.81MB, end 243.19MB, increase: 212.37MB
2026-6-8 20:55:05-debug: Run asset db hook engine-extends:beforePreStart success!
2026-6-8 20:55:05-debug: Run asset db hook programming:beforePreStart success!
2026-6-8 20:55:05-debug: Run asset db hook engine-extends:beforePreStart ...
2026-6-8 20:55:05-debug: Run asset db hook programming:beforePreStart ...
2026-6-8 20:55:05-debug: asset-db:worker-init (4025ms)
2026-6-8 20:55:05-debug: asset-db-hook-programming-beforePreStart (59ms)
2026-6-8 20:55:05-debug: asset-db-hook-engine-extends-beforePreStart (59ms)
2026-6-8 20:55:05-debug: Preimport db internal success
2026-6-8 20:55:05-debug: %cImport%c: /Users/zxd/workspace/person/animal-chess-game/assets/scripts/pages/LoadingPage.tsbackground: #aaff85; color: #000;color: #000;
2026-6-8 20:55:05-debug: Preimport db assets success
2026-6-8 20:55:05-debug: Run asset db hook programming:afterPreStart ...
2026-6-8 20:55:05-debug: starting packer-driver...
2026-6-8 20:55:05-debug: initialize scripting environment...
2026-6-8 20:55:05-debug: [[Executor]] prepare before lock
2026-6-8 20:55:05-debug: Set detail map pack:///resolution-detail-map.json: {}
2026-6-8 20:55:05-debug: [[Executor]] prepare after unlock
2026-6-8 20:55:05-debug: Run asset db hook programming:afterPreStart success!
2026-6-8 20:55:05-debug: Run asset db hook engine-extends:afterPreStart ...
2026-6-8 20:55:05-debug: Start up the 'internal' database...
2026-6-8 20:55:05-debug: Run asset db hook engine-extends:afterPreStart success!
2026-6-8 20:55:05-debug: [Assets Memory track]: asset-db:worker-init: preStart start:243.20MB, end 245.56MB, increase: 2.36MB
2026-6-8 20:55:05-debug: asset-db-hook-programming-afterPreStart (460ms)
2026-6-8 20:55:05-debug: asset-db-hook-engine-extends-afterPreStart (207ms)
2026-6-8 20:55:05-debug: asset-db:worker-effect-data-processing (207ms)
2026-6-8 20:55:05-debug: Run asset db hook engine-extends:afterStartDB ...
2026-6-8 20:55:05-debug: recompile effect.bin success
2026-6-8 20:55:05-debug: Run asset db hook engine-extends:afterStartDB success!
2026-6-8 20:55:05-debug: Start up the 'assets' database...
2026-6-8 20:55:05-debug: asset-db:worker-effect-data-processing (310ms)
2026-6-8 20:55:05-debug: asset-db-hook-engine-extends-afterStartDB (310ms)
2026-6-8 20:55:05-debug: Run asset db hook engine-extends:afterStartDB ...
2026-6-8 20:55:06-debug: recompile effect.bin success
2026-6-8 20:55:06-debug: Run asset db hook engine-extends:afterStartDB success!
2026-6-8 20:55:06-debug: [Assets Memory track]: asset-db:worker-init: startup start:245.57MB, end 264.00MB, increase: 18.43MB
2026-6-8 20:55:06-debug: lazy register asset handler directory
2026-6-8 20:55:06-debug: lazy register asset handler text
2026-6-8 20:55:06-debug: lazy register asset handler json
2026-6-8 20:55:06-debug: lazy register asset handler spine-data
2026-6-8 20:55:06-debug: lazy register asset handler dragonbones
2026-6-8 20:55:06-debug: lazy register asset handler dragonbones-atlas
2026-6-8 20:55:06-debug: lazy register asset handler terrain
2026-6-8 20:55:06-debug: lazy register asset handler javascript
2026-6-8 20:55:06-debug: lazy register asset handler typescript
2026-6-8 20:55:06-debug: lazy register asset handler scene
2026-6-8 20:55:06-debug: lazy register asset handler prefab
2026-6-8 20:55:06-debug: lazy register asset handler sprite-frame
2026-6-8 20:55:06-debug: lazy register asset handler tiled-map
2026-6-8 20:55:06-debug: lazy register asset handler buffer
2026-6-8 20:55:06-debug: lazy register asset handler image
2026-6-8 20:55:06-debug: lazy register asset handler sign-image
2026-6-8 20:55:06-debug: lazy register asset handler alpha-image
2026-6-8 20:55:06-debug: lazy register asset handler texture
2026-6-8 20:55:06-debug: lazy register asset handler texture-cube
2026-6-8 20:55:06-debug: lazy register asset handler erp-texture-cube
2026-6-8 20:55:06-debug: lazy register asset handler render-texture
2026-6-8 20:55:06-debug: lazy register asset handler texture-cube-face
2026-6-8 20:55:06-debug: lazy register asset handler rt-sprite-frame
2026-6-8 20:55:06-debug: lazy register asset handler gltf
2026-6-8 20:55:06-debug: lazy register asset handler gltf-mesh
2026-6-8 20:55:06-debug: lazy register asset handler gltf-animation
2026-6-8 20:55:06-debug: lazy register asset handler gltf-skeleton
2026-6-8 20:55:06-debug: lazy register asset handler gltf-material
2026-6-8 20:55:06-debug: lazy register asset handler gltf-scene
2026-6-8 20:55:06-debug: lazy register asset handler gltf-embeded-image
2026-6-8 20:55:06-debug: lazy register asset handler fbx
2026-6-8 20:55:06-debug: lazy register asset handler material
2026-6-8 20:55:06-debug: lazy register asset handler physics-material
2026-6-8 20:55:06-debug: lazy register asset handler effect
2026-6-8 20:55:06-debug: lazy register asset handler effect-header
2026-6-8 20:55:06-debug: lazy register asset handler audio-clip
2026-6-8 20:55:06-debug: lazy register asset handler animation-clip
2026-6-8 20:55:06-debug: lazy register asset handler animation-graph
2026-6-8 20:55:06-debug: lazy register asset handler animation-graph-variant
2026-6-8 20:55:06-debug: lazy register asset handler animation-mask
2026-6-8 20:55:06-debug: lazy register asset handler ttf-font
2026-6-8 20:55:06-debug: lazy register asset handler bitmap-font
2026-6-8 20:55:06-debug: lazy register asset handler particle
2026-6-8 20:55:06-debug: lazy register asset handler sprite-atlas
2026-6-8 20:55:06-debug: lazy register asset handler auto-atlas
2026-6-8 20:55:06-debug: lazy register asset handler label-atlas
2026-6-8 20:55:06-debug: lazy register asset handler render-stage
2026-6-8 20:55:06-debug: lazy register asset handler render-flow
2026-6-8 20:55:06-debug: lazy register asset handler instantiation-material
2026-6-8 20:55:06-debug: lazy register asset handler instantiation-mesh
2026-6-8 20:55:06-debug: lazy register asset handler instantiation-skeleton
2026-6-8 20:55:06-debug: lazy register asset handler instantiation-animation
2026-6-8 20:55:06-debug: lazy register asset handler video-clip
2026-6-8 20:55:06-debug: lazy register asset handler *
2026-6-8 20:55:06-debug: lazy register asset handler render-pipeline
2026-6-8 20:55:06-debug: asset-db:worker-effect-data-processing (725ms)
2026-6-8 20:55:06-debug: asset-db-hook-engine-extends-afterStartDB (725ms)
2026-6-8 20:55:06-debug: asset-db:start-database (1648ms)
2026-6-8 20:55:06-debug: asset-db:ready (7401ms)
2026-6-8 20:55:06-debug: init worker message success
2026-6-8 20:55:06-debug: programming:execute-script (1ms)
2026-6-8 20:55:06-debug: [Build Memory track]: builder:worker-init start:267.83MB, end 277.66MB, increase: 9.83MB
2026-6-8 20:55:06-debug: builder:worker-init (236ms)
2026-6-8 20:55:06-debug: Query all assets info in project
2026-6-8 20:55:07-debug: init custom config: keepNodeUuid: false, useCache: true
2026-6-8 20:55:07-debug: Skip compress image, progress: 0%
2026-6-8 20:55:07-debug: Init all bundles start..., progress: 0%
2026-6-8 20:55:07-debug: Num of bundles: 3..., progress: 0%
2026-6-8 20:55:07-debug: // ---- build task 查询 Asset Bundle ----
2026-6-8 20:55:07-debug: 查询 Asset Bundle start, progress: 0%
2026-6-8 20:55:07-debug: Init bundle root assets start..., progress: 0%
2026-6-8 20:55:07-debug: Query preload assets/scripts from cc.config.json: 60f7195c-ec2a-45eb-ba94-8955f60e81d0,1c02ae6f-4492-4915-b8f8-7492a3b1e4cd,810e96e4-e456-4468-9b59-f4e8f39732c0,efe8e2a3-eace-427b-b4f1-cb8a937ec77d,e9aa9a3e-5b2b-4ac7-a2c7-073de2b2b24f,8bbdbcdd-5cd4-4100-b6d5-b7c9625b6107,50f4348b-c883-4e2f-8f11-ce233b859fa1,fda095cb-831d-4601-ad94-846013963de8,f92806d7-1768-443f-afe8-12bcde84d0f0,dd3a144d-ab7f-41f0-82b8-2e43a090d496,f0416e68-0200-4b77-a926-4f9d16e494da,970b0598-bcb0-4714-91fb-2e81440dccd8,bcd64cc6-2dd9-43f6-abbe-66318d332032,d930590d-bb92-4cc8-8bd1-23cd027f9edf,a3cd009f-0ab0-420d-9278-b9fdab939bbc,6a2d0734-bd9e-4ddf-946e-caa52498cb75,c27215d8-6835-4b68-bfbb-bdeac6100c04,b5d6115f-0370-4d7c-aad3-c194cc71cf98,871c3b6c-7379-419d-bda3-794b239ab90d,ff9b0199-ce04-4cfe-86cc-6c719f08d6e4,de1c2107-70c8-4021-8459-6399f24d01c6,cbf30902-517f-40dc-af90-a550bac27cf1,5c601d96-e4c7-4698-991b-7ee674b11079
2026-6-8 20:55:07-debug: Init bundle root assets success..., progress: 0%
2026-6-8 20:55:07-debug:   Number of all scripts: 24
2026-6-8 20:55:07-debug:   Number of other assets: 334
2026-6-8 20:55:07-debug: // ---- build task 查询 Asset Bundle ---- (8ms)
2026-6-8 20:55:07-log: run build task 查询 Asset Bundle success in 8 ms√, progress: 5%
2026-6-8 20:55:07-debug: [Build Memory track]: 查询 Asset Bundle start:274.63MB, end 275.50MB, increase: 886.68KB
2026-6-8 20:55:07-debug: 查询 Asset Bundle start, progress: 5%
2026-6-8 20:55:07-debug: // ---- build task 查询 Asset Bundle ----
2026-6-8 20:55:07-debug:   Number of all scenes: 1
2026-6-8 20:55:07-debug: // ---- build task 查询 Asset Bundle ---- (5ms)
2026-6-8 20:55:07-log: run build task 查询 Asset Bundle success in 5 ms√, progress: 10%
2026-6-8 20:55:07-debug: [Build Memory track]: 查询 Asset Bundle start:275.53MB, end 275.66MB, increase: 130.39KB
2026-6-8 20:55:07-debug: 整理部分构建选项内数据到 settings.json start, progress: 10%
2026-6-8 20:55:07-debug: // ---- build task 整理部分构建选项内数据到 settings.json ----
2026-6-8 20:55:07-debug: // ---- build task 整理部分构建选项内数据到 settings.json ---- (1ms)
2026-6-8 20:55:07-log: run build task 整理部分构建选项内数据到 settings.json success in 1 ms√, progress: 12%
2026-6-8 20:55:07-debug: 填充脚本数据到 settings.json start, progress: 12%
2026-6-8 20:55:07-debug: // ---- build task 填充脚本数据到 settings.json ----
2026-6-8 20:55:07-debug: [Build Memory track]: 整理部分构建选项内数据到 settings.json start:276.02MB, end 275.74MB, increase: -290.32KB
2026-6-8 20:55:07-debug: // ---- build task 填充脚本数据到 settings.json ---- (3ms)
2026-6-8 20:55:07-log: run build task 填充脚本数据到 settings.json success in 3 ms√, progress: 13%
2026-6-8 20:55:07-debug: [Build Memory track]: 填充脚本数据到 settings.json start:275.78MB, end 275.83MB, increase: 55.93KB
2026-6-8 20:55:07-debug: 整理部分构建选项内数据到 settings.json start, progress: 13%
2026-6-8 20:55:07-debug: // ---- build task 整理部分构建选项内数据到 settings.json ----
2026-6-8 20:55:07-debug: // ---- build task 整理部分构建选项内数据到 settings.json ---- (6ms)
2026-6-8 20:55:07-log: run build task 整理部分构建选项内数据到 settings.json success in 6 ms√, progress: 15%
2026-6-8 20:55:07-debug: [Build Memory track]: 整理部分构建选项内数据到 settings.json start:275.87MB, end 276.01MB, increase: 142.52KB
2026-6-8 20:55:07-debug: Query all assets info in project
2026-6-8 20:55:07-debug: init custom config: keepNodeUuid: false, useCache: true
2026-6-8 20:55:07-debug: Skip compress image, progress: 0%
2026-6-8 20:55:07-debug: Init all bundles start..., progress: 0%
2026-6-8 20:55:07-debug: Num of bundles: 3..., progress: 0%
2026-6-8 20:55:07-debug: Init bundle root assets start..., progress: 0%
2026-6-8 20:55:07-debug: 查询 Asset Bundle start, progress: 0%
2026-6-8 20:55:07-debug: // ---- build task 查询 Asset Bundle ----
2026-6-8 20:55:07-debug: Query preload assets/scripts from cc.config.json: 60f7195c-ec2a-45eb-ba94-8955f60e81d0,1c02ae6f-4492-4915-b8f8-7492a3b1e4cd,810e96e4-e456-4468-9b59-f4e8f39732c0,efe8e2a3-eace-427b-b4f1-cb8a937ec77d,e9aa9a3e-5b2b-4ac7-a2c7-073de2b2b24f,8bbdbcdd-5cd4-4100-b6d5-b7c9625b6107,50f4348b-c883-4e2f-8f11-ce233b859fa1,fda095cb-831d-4601-ad94-846013963de8,f92806d7-1768-443f-afe8-12bcde84d0f0,dd3a144d-ab7f-41f0-82b8-2e43a090d496,f0416e68-0200-4b77-a926-4f9d16e494da,970b0598-bcb0-4714-91fb-2e81440dccd8,bcd64cc6-2dd9-43f6-abbe-66318d332032,d930590d-bb92-4cc8-8bd1-23cd027f9edf,a3cd009f-0ab0-420d-9278-b9fdab939bbc,6a2d0734-bd9e-4ddf-946e-caa52498cb75,c27215d8-6835-4b68-bfbb-bdeac6100c04,b5d6115f-0370-4d7c-aad3-c194cc71cf98,871c3b6c-7379-419d-bda3-794b239ab90d,ff9b0199-ce04-4cfe-86cc-6c719f08d6e4,de1c2107-70c8-4021-8459-6399f24d01c6,cbf30902-517f-40dc-af90-a550bac27cf1,5c601d96-e4c7-4698-991b-7ee674b11079
2026-6-8 20:55:07-debug:   Number of all scenes: 1
2026-6-8 20:55:07-debug:   Number of all scripts: 24
2026-6-8 20:55:07-debug:   Number of other assets: 334
2026-6-8 20:55:07-debug: Init bundle root assets success..., progress: 0%
2026-6-8 20:55:07-debug: // ---- build task 查询 Asset Bundle ---- (6ms)
2026-6-8 20:55:07-debug: [Build Memory track]: 查询 Asset Bundle start:276.86MB, end 277.62MB, increase: 776.35KB
2026-6-8 20:55:07-debug: 查询 Asset Bundle start, progress: 5%
2026-6-8 20:55:07-debug: // ---- build task 查询 Asset Bundle ----
2026-6-8 20:55:07-log: run build task 查询 Asset Bundle success in 6 ms√, progress: 5%
2026-6-8 20:55:07-debug: // ---- build task 查询 Asset Bundle ---- (11ms)
2026-6-8 20:55:07-log: run build task 查询 Asset Bundle success in 11 ms√, progress: 10%
2026-6-8 20:55:07-debug: [Build Memory track]: 查询 Asset Bundle start:277.66MB, end 277.78MB, increase: 124.47KB
2026-6-8 20:55:07-debug: 整理部分构建选项内数据到 settings.json start, progress: 10%
2026-6-8 20:55:07-debug: // ---- build task 整理部分构建选项内数据到 settings.json ----
2026-6-8 20:55:07-debug: // ---- build task 整理部分构建选项内数据到 settings.json ---- (3ms)
2026-6-8 20:55:07-debug: 填充脚本数据到 settings.json start, progress: 12%
2026-6-8 20:55:07-debug: // ---- build task 填充脚本数据到 settings.json ----
2026-6-8 20:55:07-log: run build task 整理部分构建选项内数据到 settings.json success in 3 ms√, progress: 12%
2026-6-8 20:55:07-debug: [Build Memory track]: 整理部分构建选项内数据到 settings.json start:277.82MB, end 277.86MB, increase: 40.16KB
2026-6-8 20:55:07-debug: // ---- build task 填充脚本数据到 settings.json ---- (2ms)
2026-6-8 20:55:07-log: run build task 填充脚本数据到 settings.json success in 2 ms√, progress: 13%
2026-6-8 20:55:07-debug: [Build Memory track]: 填充脚本数据到 settings.json start:277.90MB, end 277.94MB, increase: 42.87KB
2026-6-8 20:55:07-debug: 整理部分构建选项内数据到 settings.json start, progress: 13%
2026-6-8 20:55:07-debug: // ---- build task 整理部分构建选项内数据到 settings.json ----
2026-6-8 20:55:07-debug: // ---- build task 整理部分构建选项内数据到 settings.json ---- (10ms)
2026-6-8 20:55:07-log: run build task 整理部分构建选项内数据到 settings.json success in 10 ms√, progress: 15%
2026-6-8 20:55:07-debug: [Build Memory track]: 整理部分构建选项内数据到 settings.json start:277.98MB, end 278.11MB, increase: 134.27KB
2026-6-8 20:55:11-debug: Query all assets info in project
2026-6-8 20:55:11-debug: init custom config: keepNodeUuid: false, useCache: true
2026-6-8 20:55:11-debug: Skip compress image, progress: 0%
2026-6-8 20:55:11-debug: Init all bundles start..., progress: 0%
2026-6-8 20:55:11-debug: Num of bundles: 3..., progress: 0%
2026-6-8 20:55:11-debug: 查询 Asset Bundle start, progress: 0%
2026-6-8 20:55:11-debug: // ---- build task 查询 Asset Bundle ----
2026-6-8 20:55:11-debug: Init bundle root assets start..., progress: 0%
2026-6-8 20:55:11-debug: Query preload assets/scripts from cc.config.json: 60f7195c-ec2a-45eb-ba94-8955f60e81d0,1c02ae6f-4492-4915-b8f8-7492a3b1e4cd,810e96e4-e456-4468-9b59-f4e8f39732c0,efe8e2a3-eace-427b-b4f1-cb8a937ec77d,e9aa9a3e-5b2b-4ac7-a2c7-073de2b2b24f,8bbdbcdd-5cd4-4100-b6d5-b7c9625b6107,50f4348b-c883-4e2f-8f11-ce233b859fa1,fda095cb-831d-4601-ad94-846013963de8,f92806d7-1768-443f-afe8-12bcde84d0f0,dd3a144d-ab7f-41f0-82b8-2e43a090d496,f0416e68-0200-4b77-a926-4f9d16e494da,970b0598-bcb0-4714-91fb-2e81440dccd8,bcd64cc6-2dd9-43f6-abbe-66318d332032,d930590d-bb92-4cc8-8bd1-23cd027f9edf,a3cd009f-0ab0-420d-9278-b9fdab939bbc,6a2d0734-bd9e-4ddf-946e-caa52498cb75,c27215d8-6835-4b68-bfbb-bdeac6100c04,b5d6115f-0370-4d7c-aad3-c194cc71cf98,871c3b6c-7379-419d-bda3-794b239ab90d,ff9b0199-ce04-4cfe-86cc-6c719f08d6e4,de1c2107-70c8-4021-8459-6399f24d01c6,cbf30902-517f-40dc-af90-a550bac27cf1,5c601d96-e4c7-4698-991b-7ee674b11079
2026-6-8 20:55:11-debug: Init bundle root assets success..., progress: 0%
2026-6-8 20:55:11-debug:   Number of other assets: 334
2026-6-8 20:55:11-debug:   Number of all scripts: 24
2026-6-8 20:55:11-debug: // ---- build task 查询 Asset Bundle ---- (8ms)
2026-6-8 20:55:11-log: run build task 查询 Asset Bundle success in 8 ms√, progress: 5%
2026-6-8 20:55:11-debug: [Build Memory track]: 查询 Asset Bundle start:279.94MB, end 280.56MB, increase: 626.54KB
2026-6-8 20:55:11-debug: 查询 Asset Bundle start, progress: 5%
2026-6-8 20:55:11-debug: // ---- build task 查询 Asset Bundle ----
2026-6-8 20:55:11-debug:   Number of all scenes: 1
2026-6-8 20:55:11-debug: // ---- build task 查询 Asset Bundle ---- (10ms)
2026-6-8 20:55:11-log: run build task 查询 Asset Bundle success in 10 ms√, progress: 10%
2026-6-8 20:55:11-debug: [Build Memory track]: 查询 Asset Bundle start:280.59MB, end 274.93MB, increase: -5799.91KB
2026-6-8 20:55:11-debug: // ---- build task 整理部分构建选项内数据到 settings.json ---- (1ms)
2026-6-8 20:55:11-debug: // ---- build task 整理部分构建选项内数据到 settings.json ----
2026-6-8 20:55:11-log: run build task 整理部分构建选项内数据到 settings.json success in 1 ms√, progress: 12%
2026-6-8 20:55:11-debug: 填充脚本数据到 settings.json start, progress: 12%
2026-6-8 20:55:11-debug: [Build Memory track]: 整理部分构建选项内数据到 settings.json start:274.97MB, end 275.00MB, increase: 28.45KB
2026-6-8 20:55:11-debug: // ---- build task 填充脚本数据到 settings.json ----
2026-6-8 20:55:11-debug: 整理部分构建选项内数据到 settings.json start, progress: 10%
2026-6-8 20:55:11-debug: // ---- build task 填充脚本数据到 settings.json ---- (5ms)
2026-6-8 20:55:11-log: run build task 填充脚本数据到 settings.json success in 5 ms√, progress: 13%
2026-6-8 20:55:11-debug: // ---- build task 整理部分构建选项内数据到 settings.json ----
2026-6-8 20:55:11-debug: [Build Memory track]: 填充脚本数据到 settings.json start:275.03MB, end 275.09MB, increase: 57.03KB
2026-6-8 20:55:11-debug: 整理部分构建选项内数据到 settings.json start, progress: 13%
2026-6-8 20:55:11-debug: // ---- build task 整理部分构建选项内数据到 settings.json ---- (8ms)
2026-6-8 20:55:11-log: run build task 整理部分构建选项内数据到 settings.json success in 8 ms√, progress: 15%
2026-6-8 20:55:11-debug: [Build Memory track]: 整理部分构建选项内数据到 settings.json start:275.13MB, end 275.26MB, increase: 141.11KB
