2026-5-12 20:28:59-log: Cannot access game frame or container.
2026-5-12 20:28:59-debug: asset-db:require-engine-code (669ms)
2026-5-12 20:28:59-log: [bullet]:bullet wasm lib loaded.
2026-5-12 20:28:59-log: [box2d]:box2d wasm lib loaded.
2026-5-12 20:28:59-log: meshopt wasm decoder initialized
2026-5-12 20:28:59-log: Cocos Creator v3.8.8
2026-5-12 20:28:59-log: Using legacy pipeline
2026-5-12 20:28:59-log: Forward render pipeline initialized.
2026-5-12 20:28:59-debug: [Assets Memory track]: asset-db:worker-init: initEngine start:31.46MB, end 121.59MB, increase: 90.14MB
2026-5-12 20:29:02-debug: [Assets Memory track]: asset-db:worker-init: initPlugin start:78.97MB, end 273.85MB, increase: 194.89MB
2026-5-12 20:29:02-debug: run package(placeholder) handler(enable) start
2026-5-12 20:29:02-debug: run package(placeholder) handler(enable) success!
2026-5-12 20:29:02-debug: asset-db:worker-init: initPlugin (2245ms)
2026-5-12 20:29:02-debug: [Assets Memory track]: asset-db:worker-init start:31.45MB, end 274.00MB, increase: 242.55MB
2026-5-12 20:29:02-debug: Run asset db hook engine-extends:beforePreStart success!
2026-5-12 20:29:02-debug: Run asset db hook programming:beforePreStart success!
2026-5-12 20:29:02-debug: Run asset db hook engine-extends:beforePreStart ...
2026-5-12 20:29:02-debug: Run asset db hook programming:beforePreStart ...
2026-5-12 20:29:02-debug: asset-db:worker-init (3365ms)
2026-5-12 20:29:02-debug: asset-db-hook-programming-beforePreStart (57ms)
2026-5-12 20:29:02-debug: asset-db-hook-engine-extends-beforePreStart (57ms)
2026-5-12 20:29:02-debug: Preimport db internal success
2026-5-12 20:29:02-debug: Preimport db assets success
2026-5-12 20:29:02-debug: starting packer-driver...
2026-5-12 20:29:02-debug: Run asset db hook programming:afterPreStart ...
2026-5-12 20:29:02-debug: initialize scripting environment...
2026-5-12 20:29:02-debug: [[Executor]] prepare before lock
2026-5-12 20:29:02-debug: Set detail map pack:///resolution-detail-map.json: {}
2026-5-12 20:29:02-debug: [[Executor]] prepare after unlock
2026-5-12 20:29:02-debug: Run asset db hook engine-extends:afterPreStart success!
2026-5-12 20:29:02-debug: Start up the 'internal' database...
2026-5-12 20:29:02-debug: Run asset db hook engine-extends:afterPreStart ...
2026-5-12 20:29:02-debug: Run asset db hook programming:afterPreStart success!
2026-5-12 20:29:02-debug: [Assets Memory track]: asset-db:worker-init: preStart start:274.01MB, end 277.63MB, increase: 3.62MB
2026-5-12 20:29:02-debug: asset-db-hook-programming-afterPreStart (355ms)
2026-5-12 20:29:02-debug: asset-db:worker-effect-data-processing (199ms)
2026-5-12 20:29:02-debug: asset-db-hook-engine-extends-afterPreStart (199ms)
2026-5-12 20:29:02-debug: Run asset db hook engine-extends:afterStartDB ...
2026-5-12 20:29:02-debug: recompile effect.bin success
2026-5-12 20:29:02-debug: asset-db:worker-effect-data-processing (285ms)
2026-5-12 20:29:02-debug: Start up the 'assets' database...
2026-5-12 20:29:02-debug: Run asset db hook engine-extends:afterStartDB success!
2026-5-12 20:29:02-debug: asset-db-hook-engine-extends-afterStartDB (285ms)
2026-5-12 20:29:02-debug: Run asset db hook engine-extends:afterStartDB ...
2026-5-12 20:29:03-debug: recompile effect.bin success
2026-5-12 20:29:03-debug: Run asset db hook engine-extends:afterStartDB success!
2026-5-12 20:29:03-debug: [Assets Memory track]: asset-db:worker-init: startup start:277.64MB, end 296.21MB, increase: 18.57MB
2026-5-12 20:29:03-debug: lazy register asset handler *
2026-5-12 20:29:03-debug: lazy register asset handler directory
2026-5-12 20:29:03-debug: lazy register asset handler text
2026-5-12 20:29:03-debug: lazy register asset handler json
2026-5-12 20:29:03-debug: lazy register asset handler dragonbones
2026-5-12 20:29:03-debug: lazy register asset handler terrain
2026-5-12 20:29:03-debug: lazy register asset handler javascript
2026-5-12 20:29:03-debug: lazy register asset handler typescript
2026-5-12 20:29:03-debug: lazy register asset handler scene
2026-5-12 20:29:03-debug: lazy register asset handler prefab
2026-5-12 20:29:03-debug: lazy register asset handler tiled-map
2026-5-12 20:29:03-debug: lazy register asset handler buffer
2026-5-12 20:29:03-debug: lazy register asset handler sprite-frame
2026-5-12 20:29:03-debug: lazy register asset handler image
2026-5-12 20:29:03-debug: lazy register asset handler sign-image
2026-5-12 20:29:03-debug: lazy register asset handler alpha-image
2026-5-12 20:29:03-debug: lazy register asset handler texture
2026-5-12 20:29:03-debug: lazy register asset handler texture-cube
2026-5-12 20:29:03-debug: lazy register asset handler erp-texture-cube
2026-5-12 20:29:03-debug: lazy register asset handler render-texture
2026-5-12 20:29:03-debug: lazy register asset handler texture-cube-face
2026-5-12 20:29:03-debug: lazy register asset handler rt-sprite-frame
2026-5-12 20:29:03-debug: lazy register asset handler gltf
2026-5-12 20:29:03-debug: lazy register asset handler gltf-mesh
2026-5-12 20:29:03-debug: lazy register asset handler gltf-animation
2026-5-12 20:29:03-debug: lazy register asset handler gltf-skeleton
2026-5-12 20:29:03-debug: lazy register asset handler gltf-material
2026-5-12 20:29:03-debug: lazy register asset handler gltf-scene
2026-5-12 20:29:03-debug: lazy register asset handler gltf-embeded-image
2026-5-12 20:29:03-debug: lazy register asset handler fbx
2026-5-12 20:29:03-debug: lazy register asset handler material
2026-5-12 20:29:03-debug: lazy register asset handler physics-material
2026-5-12 20:29:03-debug: lazy register asset handler effect
2026-5-12 20:29:03-debug: lazy register asset handler effect-header
2026-5-12 20:29:03-debug: lazy register asset handler audio-clip
2026-5-12 20:29:03-debug: lazy register asset handler animation-clip
2026-5-12 20:29:03-debug: lazy register asset handler animation-graph
2026-5-12 20:29:03-debug: lazy register asset handler animation-graph-variant
2026-5-12 20:29:03-debug: lazy register asset handler animation-mask
2026-5-12 20:29:03-debug: lazy register asset handler ttf-font
2026-5-12 20:29:03-debug: lazy register asset handler bitmap-font
2026-5-12 20:29:03-debug: lazy register asset handler particle
2026-5-12 20:29:03-debug: lazy register asset handler sprite-atlas
2026-5-12 20:29:03-debug: lazy register asset handler auto-atlas
2026-5-12 20:29:03-debug: lazy register asset handler label-atlas
2026-5-12 20:29:03-debug: lazy register asset handler render-pipeline
2026-5-12 20:29:03-debug: lazy register asset handler render-stage
2026-5-12 20:29:03-debug: lazy register asset handler render-flow
2026-5-12 20:29:03-debug: lazy register asset handler instantiation-material
2026-5-12 20:29:03-debug: lazy register asset handler instantiation-skeleton
2026-5-12 20:29:03-debug: lazy register asset handler instantiation-mesh
2026-5-12 20:29:03-debug: lazy register asset handler instantiation-animation
2026-5-12 20:29:03-debug: lazy register asset handler video-clip
2026-5-12 20:29:03-debug: lazy register asset handler spine-data
2026-5-12 20:29:03-debug: lazy register asset handler dragonbones-atlas
2026-5-12 20:29:03-debug: asset-db:worker-effect-data-processing (297ms)
2026-5-12 20:29:03-debug: asset-db-hook-engine-extends-afterStartDB (297ms)
2026-5-12 20:29:03-debug: asset-db:start-database (1080ms)
2026-5-12 20:29:03-debug: asset-db:ready (6478ms)
2026-5-12 20:29:03-debug: init worker message success
2026-5-12 20:29:03-debug: programming:execute-script (5ms)
2026-5-12 20:29:03-debug: [Build Memory track]: builder:worker-init start:300.21MB, end 309.29MB, increase: 9.08MB
2026-5-12 20:29:03-debug: builder:worker-init (258ms)
2026-5-12 20:29:16-debug: refresh db internal success
2026-5-12 20:29:16-debug: refresh db assets success
2026-5-12 20:29:16-debug: Run asset db hook engine-extends:afterRefresh ...
2026-5-12 20:29:16-debug: Run asset db hook engine-extends:afterRefresh success!
2026-5-12 20:29:16-debug: asset-db:refresh-all-database (33ms)
2026-5-12 20:29:16-debug: asset-db:worker-effect-data-processing (1ms)
2026-5-12 20:29:16-debug: asset-db-hook-engine-extends-afterRefresh (1ms)
2026-5-12 20:29:23-debug: Start record console... {file(/Users/zxd/workspace/person/kuaisha/temp/builder/log/wechatgame5-12-2026 19-36.log)}
2026-5-12 20:29:23-debug: Start lock asset db..., progress: 0%
2026-5-12 20:29:23-log: Asset DB is paused with build!
2026-5-12 20:29:23-debug: Build with Cocos Creator 3.8.8
2026-5-12 20:29:23-debug: Query all assets info in project
2026-5-12 20:29:23-debug: Start build task, options:{"name":"kuaisha","server":"","engineModulesConfigKey":"defaultConfig","platform":"wechatgame","buildPath":"project://build","debug":false,"buildMode":"bundle","mangleProperties":false,"md5Cache":false,"skipCompressTexture":false,"sourceMaps":false,"overwriteProjectSettings":{"macroConfig":{"cleanupImageCache":"on"},"includeModules":{"physics":"inherit-project-setting","physics-2d":"inherit-project-setting","gfx-webgl2":"off"}},"nativeCodeBundleMode":"wasm","polyfills":{"asyncFunctions":false},"experimentalEraseModules":false,"startSceneAssetBundle":false,"bundleConfigs":[],"inlineEnum":true,"useBuiltinServer":false,"md5CacheOptions":{"excludes":[],"includes":[],"replaceOnly":[],"handleTemplateMd5Link":true},"mainBundleIsRemote":false,"mainBundleCompressionType":"merge_dep","useSplashScreen":true,"bundleCommonChunk":false,"packAutoAtlas":true,"startScene":"de734e68-f879-44d5-9f8c-06a7f6b793ca","outputName":"wechatgame","taskName":"wechatgame","scenes":[{"url":"db://assets/scenes/Main.scene","uuid":"de734e68-f879-44d5-9f8c-06a7f6b793ca"}],"wasmCompressionMode":false,"binGroupConfig":{"threshold":16,"enable":false},"packages":{"wechatgame":{"orientation":"portrait","appid":"wx6ac3f5090a6b99c5","buildOpenDataContextTemplate":"","separateEngine":false,"highPerformanceMode":false,"__version__":"1.0.4"},"cocos-service":{"configID":"b938da","services":[]}},"__version__":"1.3.9","logDest":"project://temp/builder/log/wechatgame5-12-2026 19-36.log"}
2026-5-12 20:29:23-debug: =================================== build Task (wechatgame) Start ================================
2026-5-12 20:29:23-debug: init custom config: keepNodeUuid: false, useCache: true
2026-5-12 20:29:23-debug: wechatgame:(onAfterInit) start..., progress: 0%
2026-5-12 20:29:23-debug: // ---- build task wechatgame：onAfterInit ----
2026-5-12 20:29:23-debug: // ---- build task wechatgame：onAfterInit ---- (5ms)
2026-5-12 20:29:23-debug: // ---- build task cocos-service：onAfterInit ----
2026-5-12 20:29:23-debug: cocos-service:(onAfterInit) start..., progress: 4%
2026-5-12 20:29:23-debug: wechatgame:(onAfterInit) in 5 ms ✓, progress: 4%
2026-5-12 20:29:23-debug: // ---- build task cocos-service：onAfterInit ---- (177ms)
2026-5-12 20:29:23-debug: cocos-service:(onAfterInit) in 177 ms ✓, progress: 7%
2026-5-12 20:29:23-debug: Skip compress image, progress: 0%
2026-5-12 20:29:23-debug: run bundle task initOptions success!, progress: 7%
2026-5-12 20:29:23-debug: // ---- build task wechatgame：onBeforeBundleInit ----
2026-5-12 20:29:23-debug: run bundle task initOptions success!, progress: 7%
2026-5-12 20:29:23-debug: wechatgame:(onBeforeBundleInit) start..., progress: 7%
2026-5-12 20:29:23-debug: wechatgame:(onBeforeBundleInit) start..., progress: 7%
2026-5-12 20:29:23-debug: // ---- build task wechatgame：onBeforeBundleInit ---- (10ms)
2026-5-12 20:29:23-debug: wechatgame:(onBeforeBundleInit) in 10 ms ✓, progress: 14%
2026-5-12 20:29:23-debug: wechatgame:(onBeforeBundleInit) in 10 ms ✓, progress: 7%
2026-5-12 20:29:23-debug: adsense-h5g-plugin:(onBeforeBundleInit) start..., progress: 7%
2026-5-12 20:29:23-debug: // ---- build task adsense-h5g-plugin：onBeforeBundleInit ----
2026-5-12 20:29:23-debug: [adsense-h5g-plugin] remove script success
2026-5-12 20:29:23-debug: adsense-h5g-plugin:(onBeforeBundleInit) start..., progress: 14%
2026-5-12 20:29:23-debug: // ---- build task adsense-h5g-plugin：onBeforeBundleInit ---- (9ms)
2026-5-12 20:29:23-debug: adsense-h5g-plugin:(onBeforeBundleInit) in 9 ms ✓, progress: 20%
2026-5-12 20:29:23-debug: adsense-h5g-plugin:(onBeforeBundleInit) in 9 ms ✓, progress: 7%
2026-5-12 20:29:23-debug: Init all bundles start..., progress: 7%
2026-5-12 20:29:23-debug: Init all bundles start..., progress: 20%
2026-5-12 20:29:23-debug: run bundle task initBundle success!, progress: 28%
2026-5-12 20:29:23-debug: Init bundle root assets start..., progress: 7%
2026-5-12 20:29:23-debug: Init bundle root assets start..., progress: 28%
2026-5-12 20:29:23-debug: Num of bundles: 3..., progress: 20%
2026-5-12 20:29:23-debug: Num of bundles: 3..., progress: 7%
2026-5-12 20:29:23-debug: run bundle task initBundle success!, progress: 7%
2026-5-12 20:29:23-debug: Query preload assets/scripts from cc.config.json: 60f7195c-ec2a-45eb-ba94-8955f60e81d0,1c02ae6f-4492-4915-b8f8-7492a3b1e4cd,810e96e4-e456-4468-9b59-f4e8f39732c0,efe8e2a3-eace-427b-b4f1-cb8a937ec77d,e9aa9a3e-5b2b-4ac7-a2c7-073de2b2b24f,8bbdbcdd-5cd4-4100-b6d5-b7c9625b6107,50f4348b-c883-4e2f-8f11-ce233b859fa1,fda095cb-831d-4601-ad94-846013963de8,f92806d7-1768-443f-afe8-12bcde84d0f0,dd3a144d-ab7f-41f0-82b8-2e43a090d496,f0416e68-0200-4b77-a926-4f9d16e494da,970b0598-bcb0-4714-91fb-2e81440dccd8,bcd64cc6-2dd9-43f6-abbe-66318d332032,d930590d-bb92-4cc8-8bd1-23cd027f9edf,a3cd009f-0ab0-420d-9278-b9fdab939bbc,6a2d0734-bd9e-4ddf-946e-caa52498cb75,c27215d8-6835-4b68-bfbb-bdeac6100c04,b5d6115f-0370-4d7c-aad3-c194cc71cf98,871c3b6c-7379-419d-bda3-794b239ab90d,ff9b0199-ce04-4cfe-86cc-6c719f08d6e4,de1c2107-70c8-4021-8459-6399f24d01c6,cbf30902-517f-40dc-af90-a550bac27cf1,5c601d96-e4c7-4698-991b-7ee674b11079
2026-5-12 20:29:23-debug: Init bundle root assets success..., progress: 7%
2026-5-12 20:29:23-debug: Init bundle root assets success..., progress: 28%
2026-5-12 20:29:23-debug: reload all scripts.
2026-5-12 20:29:23-log: creating executor ...
2026-5-12 20:29:23-debug:   Number of all scenes: 1
2026-5-12 20:29:23-debug:   Number of all scripts: 23
2026-5-12 20:29:23-debug:   Number of other assets: 317
2026-5-12 20:29:23-debug: [[Executor]] reload before lock
2026-5-12 20:29:23-debug: Set detail map pack:///resolution-detail-map.json: {}
2026-5-12 20:29:23-debug: /Users/zxd/workspace/person/kuaisha/temp/programming/packer-driver/targets/editor/chunks/93/93ba276ea7b26ffcdc433fab14afc1ed6f05647b.js resolved to /Users/zxd/workspace/person/kuaisha/temp/programming/packer-driver/targets/editor/chunks/93/93ba276ea7b26ffcdc433fab14afc1ed6f05647b.js is not in module cache!
2026-5-12 20:29:23-debug: [[Executor]] Module "cce:/internal/x/cc-fu/gfx-empty" loaded.
2026-5-12 20:29:23-debug: [[Executor]] Module "cce:/internal/x/cc-fu/gfx-webgpu" loaded.
2026-5-12 20:29:23-debug: [[Executor]] Module "cce:/internal/x/cc-fu/3d" loaded.
2026-5-12 20:29:23-debug: [[Executor]] Module "cce:/internal/x/cc-fu/animation" loaded.
2026-5-12 20:29:23-debug: [[Executor]] Module "cce:/internal/x/cc-fu/skeletal-animation" loaded.
2026-5-12 20:29:23-debug: [[Executor]] Module "cce:/internal/x/cc-fu/gfx-webgl2" loaded.
2026-5-12 20:29:23-debug: [[Executor]] Module "cce:/internal/x/cc-fu/sorting" loaded.
2026-5-12 20:29:23-debug: [[Executor]] Module "cce:/internal/x/cc-fu/rich-text" loaded.
2026-5-12 20:29:23-debug: [[Executor]] Module "cce:/internal/x/cc-fu/mask" loaded.
2026-5-12 20:29:23-debug: [[Executor]] Module "cce:/internal/x/cc-fu/graphics" loaded.
2026-5-12 20:29:23-debug: [[Executor]] Module "cce:/internal/x/cc-fu/ui-skew" loaded.
2026-5-12 20:29:23-debug: [[Executor]] Module "cce:/internal/x/cc-fu/ui" loaded.
2026-5-12 20:29:23-debug: [[Executor]] Module "cce:/internal/x/cc-fu/affine-transform" loaded.
2026-5-12 20:29:23-debug: [[Executor]] Module "cce:/internal/x/cc-fu/sorting-2d" loaded.
2026-5-12 20:29:23-debug: [[Executor]] Module "cce:/internal/x/cc-fu/particle" loaded.
2026-5-12 20:29:23-debug: [[Executor]] Module "cce:/internal/x/cc-fu/particle-2d" loaded.
2026-5-12 20:29:23-debug: [[Executor]] Module "cce:/internal/x/cc-fu/physics-framework" loaded.
2026-5-12 20:29:23-debug: [[Executor]] Module "cce:/internal/x/cc-fu/physics-cannon" loaded.
2026-5-12 20:29:23-debug: [[Executor]] Module "cce:/internal/x/cc-fu/physics-physx" loaded.
2026-5-12 20:29:23-debug: [[Executor]] Module "cce:/internal/x/cc-fu/physics-ammo" loaded.
2026-5-12 20:29:23-debug: [[Executor]] Module "cce:/internal/x/cc-fu/physics-builtin" loaded.
2026-5-12 20:29:23-debug: [[Executor]] Module "cce:/internal/x/cc-fu/physics-2d-framework" loaded.
2026-5-12 20:29:23-debug: [[Executor]] Module "cce:/internal/x/cc-fu/physics-2d-box2d-jsb" loaded.
2026-5-12 20:29:23-debug: [[Executor]] Module "cce:/internal/x/cc-fu/physics-2d-box2d" loaded.
2026-5-12 20:29:23-debug: [[Executor]] Module "cce:/internal/x/cc-fu/physics-2d-builtin" loaded.
2026-5-12 20:29:23-debug: [[Executor]] Module "cce:/internal/x/cc-fu/base" loaded.
2026-5-12 20:29:23-debug: [[Executor]] Module "cce:/internal/x/cc-fu/intersection-2d" loaded.
2026-5-12 20:29:23-debug: [[Executor]] Module "cce:/internal/x/cc-fu/primitive" loaded.
2026-5-12 20:29:23-debug: [[Executor]] Module "cce:/internal/x/cc-fu/profiler" loaded.
2026-5-12 20:29:23-debug: [[Executor]] Module "cce:/internal/x/cc-fu/gfx-webgl" loaded.
2026-5-12 20:29:23-debug: [[Executor]] Module "cce:/internal/x/cc-fu/audio" loaded.
2026-5-12 20:29:23-debug: [[Executor]] Module "cce:/internal/x/cc-fu/video" loaded.
2026-5-12 20:29:23-debug: [[Executor]] Module "cce:/internal/x/cc-fu/geometry-renderer" loaded.
2026-5-12 20:29:23-debug: [[Executor]] Module "cce:/internal/x/cc-fu/light-probe" loaded.
2026-5-12 20:29:23-debug: [[Executor]] Module "cce:/internal/x/cc-fu/terrain" loaded.
2026-5-12 20:29:23-debug: [[Executor]] Module "cce:/internal/x/cc-fu/webview" loaded.
2026-5-12 20:29:23-debug: [[Executor]] Module "cce:/internal/x/cc-fu/physics-2d-box2d-wasm" loaded.
2026-5-12 20:29:23-debug: [[Executor]] Module "cce:/internal/x/cc-fu/xr" loaded.
2026-5-12 20:29:23-debug: [[Executor]] Module "cce:/internal/x/cc-fu/vendor-google" loaded.
2026-5-12 20:29:23-debug: [[Executor]] Module "cce:/internal/x/cc-fu/2d" loaded.
2026-5-12 20:29:23-debug: [[Executor]] Module "cce:/internal/x/cc-fu/spine" loaded.
2026-5-12 20:29:23-debug: [[Executor]] Module "cce:/internal/x/cc-fu/dragon-bones" loaded.
2026-5-12 20:29:23-debug: [[Executor]] Module "cce:/internal/x/cc-fu/custom-pipeline" loaded.
2026-5-12 20:29:23-debug: [[Executor]] Module "cce:/internal/x/cc-fu/custom-pipeline-post-process" loaded.
2026-5-12 20:29:23-debug: [[Executor]] Module "cce:/internal/x/cc-fu/base" loaded.
2026-5-12 20:29:23-debug: [[Executor]] Module "cce:/internal/x/cc-fu/tween" loaded.
2026-5-12 20:29:23-debug: [[Executor]] Module "cce:/internal/x/cc-fu/tiled-map" loaded.
2026-5-12 20:29:23-debug: [[Executor]] Module "cce:/internal/x/cc-fu/gfx-empty" loaded.
2026-5-12 20:29:23-debug: [[Executor]] Module "cce:/internal/x/cc-fu/gfx-webgpu" loaded.
2026-5-12 20:29:23-debug: [[Executor]] Module "cce:/internal/x/cc-fu/3d" loaded.
2026-5-12 20:29:23-debug: [[Executor]] Module "cce:/internal/x/cc-fu/gfx-webgl2" loaded.
2026-5-12 20:29:23-debug: [[Executor]] Module "cce:/internal/x/cc-fu/skeletal-animation" loaded.
2026-5-12 20:29:23-debug: [[Executor]] Module "cce:/internal/x/cc-fu/2d" loaded.
2026-5-12 20:29:23-debug: [[Executor]] Module "cce:/internal/x/cc-fu/sorting" loaded.
2026-5-12 20:29:23-debug: [[Executor]] Module "cce:/internal/x/cc-fu/rich-text" loaded.
2026-5-12 20:29:23-debug: [[Executor]] Module "cce:/internal/x/cc-fu/mask" loaded.
2026-5-12 20:29:23-debug: [[Executor]] Module "cce:/internal/x/cc-fu/graphics" loaded.
2026-5-12 20:29:23-debug: [[Executor]] Module "cce:/internal/x/cc-fu/ui-skew" loaded.
2026-5-12 20:29:23-debug: [[Executor]] Module "cce:/internal/x/cc-fu/ui" loaded.
2026-5-12 20:29:23-debug: [[Executor]] Module "cce:/internal/x/cc-fu/affine-transform" loaded.
2026-5-12 20:29:23-debug: [[Executor]] Module "cce:/internal/x/cc-fu/sorting-2d" loaded.
2026-5-12 20:29:23-debug: [[Executor]] Module "cce:/internal/x/cc-fu/particle" loaded.
2026-5-12 20:29:23-debug: [[Executor]] Module "cce:/internal/x/cc-fu/particle-2d" loaded.
2026-5-12 20:29:23-debug: [[Executor]] Module "cce:/internal/x/cc-fu/physics-framework" loaded.
2026-5-12 20:29:23-debug: [[Executor]] Module "cce:/internal/x/cc-fu/physics-cannon" loaded.
2026-5-12 20:29:23-debug: [[Executor]] Module "cce:/internal/x/cc-fu/animation" loaded.
2026-5-12 20:29:23-debug: [[Executor]] Module "cce:/internal/x/cc-fu/physics-ammo" loaded.
2026-5-12 20:29:23-debug: [[Executor]] Module "cce:/internal/x/cc-fu/physics-builtin" loaded.
2026-5-12 20:29:23-debug: [[Executor]] Module "cce:/internal/x/cc-fu/physics-2d-framework" loaded.
2026-5-12 20:29:23-debug: [[Executor]] Module "cce:/internal/x/cc-fu/physics-2d-box2d" loaded.
2026-5-12 20:29:23-debug: [[Executor]] Module "cce:/internal/x/cc-fu/physics-2d-builtin" loaded.
2026-5-12 20:29:23-debug: [[Executor]] Module "cce:/internal/x/cc-fu/physics-2d-box2d-wasm" loaded.
2026-5-12 20:29:23-debug: [[Executor]] Module "cce:/internal/x/cc-fu/intersection-2d" loaded.
2026-5-12 20:29:23-debug: [[Executor]] Module "cce:/internal/x/cc-fu/primitive" loaded.
2026-5-12 20:29:23-debug: [[Executor]] Module "cce:/internal/x/cc-fu/profiler" loaded.
2026-5-12 20:29:23-debug: [[Executor]] Module "cce:/internal/x/cc-fu/geometry-renderer" loaded.
2026-5-12 20:29:23-debug: [[Executor]] Module "cce:/internal/x/cc-fu/audio" loaded.
2026-5-12 20:29:23-debug: [[Executor]] Module "cce:/internal/x/cc-fu/video" loaded.
2026-5-12 20:29:23-debug: [[Executor]] Module "cce:/internal/x/cc-fu/xr" loaded.
2026-5-12 20:29:23-debug: [[Executor]] Module "cce:/internal/x/cc-fu/light-probe" loaded.
2026-5-12 20:29:23-debug: [[Executor]] Module "cce:/internal/x/cc-fu/terrain" loaded.
2026-5-12 20:29:23-debug: [[Executor]] Module "cce:/internal/x/cc-fu/webview" loaded.
2026-5-12 20:29:23-debug: [[Executor]] Module "cce:/internal/x/cc-fu/legacy-pipeline" loaded.
2026-5-12 20:29:23-debug: [[Executor]] Module "cce:/internal/x/cc-fu/tween" loaded.
2026-5-12 20:29:23-debug: [[Executor]] Module "cce:/internal/x/cc-fu/spine" loaded.
2026-5-12 20:29:23-debug: [[Executor]] Module "cce:/internal/x/cc-fu/dragon-bones" loaded.
2026-5-12 20:29:23-debug: [[Executor]] Module "cce:/internal/x/cc-fu/custom-pipeline" loaded.
2026-5-12 20:29:23-debug: [[Executor]] Module "cce:/internal/x/cc-fu/physics-physx" loaded.
2026-5-12 20:29:23-debug: [[Executor]] Module "cce:/internal/x/cc-fu/tiled-map" loaded.
2026-5-12 20:29:23-debug: [[Executor]] Module "cce:/internal/x/cc-fu/vendor-google" loaded.
2026-5-12 20:29:23-debug: [[Executor]] Module "cce:/internal/x/cc-fu/physics-2d-box2d-jsb" loaded.
2026-5-12 20:29:23-debug: [[Executor]] Module "cce:/internal/x/cc-fu/gfx-webgl" loaded.
2026-5-12 20:29:23-debug: Invalidating 'pack:///chunks/93/93ba276ea7b26ffcdc433fab14afc1ed6f05647b.js'
2026-5-12 20:29:23-debug: [[Executor]] Module "pack:///chunks/93/93ba276ea7b26ffcdc433fab14afc1ed6f05647b.js" loaded.
2026-5-12 20:29:23-debug: [[Executor]] Module "cce:/internal/x/cc-fu/legacy-pipeline" loaded.
2026-5-12 20:29:23-debug: [[Executor]] Module "cce:/internal/x/cc-fu/custom-pipeline-post-process" loaded.
2026-5-12 20:29:23-debug: [[Executor]] Module "pack:///chunks/93/93ba276ea7b26ffcdc433fab14afc1ed6f05647b.js" loaded.
2026-5-12 20:29:23-debug: /Users/zxd/workspace/person/kuaisha/temp/programming/packer-driver/targets/editor/chunks/6d/6d8fd2b0177941b032ddc0733af48a561fb60657.js resolved to /Users/zxd/workspace/person/kuaisha/temp/programming/packer-driver/targets/editor/chunks/6d/6d8fd2b0177941b032ddc0733af48a561fb60657.js is not in module cache!
2026-5-12 20:29:23-debug: [[Executor]] Module "pack:///chunks/6d/6d8fd2b0177941b032ddc0733af48a561fb60657.js" loaded.
2026-5-12 20:29:23-debug: /Users/zxd/workspace/person/kuaisha/temp/programming/packer-driver/targets/editor/chunks/3a/3af2b99d9d250d0c94e80c615712be1d07b4cf47.js resolved to /Users/zxd/workspace/person/kuaisha/temp/programming/packer-driver/targets/editor/chunks/3a/3af2b99d9d250d0c94e80c615712be1d07b4cf47.js is not in module cache!
2026-5-12 20:29:23-debug: /Users/zxd/workspace/person/kuaisha/temp/programming/packer-driver/targets/editor/chunks/6a/6a5019a719a9014c047e67aa1cf34453ab8392ce.js resolved to /Users/zxd/workspace/person/kuaisha/temp/programming/packer-driver/targets/editor/chunks/6a/6a5019a719a9014c047e67aa1cf34453ab8392ce.js is not in module cache!
2026-5-12 20:29:23-debug: /Users/zxd/workspace/person/kuaisha/temp/programming/packer-driver/targets/editor/chunks/87/87c4b5d58115ee6102b02680ea6b39d34083b342.js resolved to /Users/zxd/workspace/person/kuaisha/temp/programming/packer-driver/targets/editor/chunks/87/87c4b5d58115ee6102b02680ea6b39d34083b342.js is not in module cache!
2026-5-12 20:29:23-debug: /Users/zxd/workspace/person/kuaisha/temp/programming/packer-driver/targets/editor/chunks/4f/4fd3d121a4e148a0cab634e8b8fe61cad0fda6b5.js resolved to /Users/zxd/workspace/person/kuaisha/temp/programming/packer-driver/targets/editor/chunks/4f/4fd3d121a4e148a0cab634e8b8fe61cad0fda6b5.js is not in module cache!
2026-5-12 20:29:23-debug: /Users/zxd/workspace/person/kuaisha/temp/programming/packer-driver/targets/editor/chunks/86/86b8638a66ab4c727e439f4d8cdd7595bd7cb611.js resolved to /Users/zxd/workspace/person/kuaisha/temp/programming/packer-driver/targets/editor/chunks/86/86b8638a66ab4c727e439f4d8cdd7595bd7cb611.js is not in module cache!
2026-5-12 20:29:23-debug: /Users/zxd/workspace/person/kuaisha/temp/programming/packer-driver/targets/editor/chunks/13/13619a4d60fbb6416edf8ba7ec0b195f2fcda55a.js resolved to /Users/zxd/workspace/person/kuaisha/temp/programming/packer-driver/targets/editor/chunks/13/13619a4d60fbb6416edf8ba7ec0b195f2fcda55a.js is not in module cache!
2026-5-12 20:29:23-debug: [[Executor]] Module "cce:/internal/x/engine-export-to-editor/cc/editor/populate-internal-constants" loaded.
2026-5-12 20:29:23-debug: [[Executor]] Register BuiltinPipelineSettings
2026-5-12 20:29:23-debug: [[Executor]] Module "cce:/internal/x/engine-export-to-editor/cc/editor/populate-internal-constants" loaded.
2026-5-12 20:29:23-debug: [[Executor]] Module "pack:///chunks/86/86b8638a66ab4c727e439f4d8cdd7595bd7cb611.js" loaded.
2026-5-12 20:29:23-debug: [[Executor]] Register BuiltinPipelinePassBuilder
2026-5-12 20:29:23-debug: [[Executor]] Module "pack:///chunks/87/87c4b5d58115ee6102b02680ea6b39d34083b342.js" loaded.
2026-5-12 20:29:23-debug: [[Executor]] Register BuiltinDepthOfFieldPass
2026-5-12 20:29:23-debug: [[Executor]] Module "pack:///chunks/3a/3af2b99d9d250d0c94e80c615712be1d07b4cf47.js" loaded.
2026-5-12 20:29:23-debug: [[Executor]] Module "pack:///chunks/4f/4fd3d121a4e148a0cab634e8b8fe61cad0fda6b5.js" loaded.
2026-5-12 20:29:23-debug: [[Executor]] Module "pack:///chunks/6a/6a5019a719a9014c047e67aa1cf34453ab8392ce.js" loaded.
2026-5-12 20:29:23-debug: [[Executor]] Module "pack:///chunks/13/13619a4d60fbb6416edf8ba7ec0b195f2fcda55a.js" loaded.
2026-5-12 20:29:23-debug: /Users/zxd/workspace/person/kuaisha/temp/programming/packer-driver/targets/editor/chunks/9c/9c8e4ae02cd522e18faba9e72e8803c8bdb97382.js resolved to /Users/zxd/workspace/person/kuaisha/temp/programming/packer-driver/targets/editor/chunks/9c/9c8e4ae02cd522e18faba9e72e8803c8bdb97382.js is not in module cache!
2026-5-12 20:29:23-debug: [[Executor]] Register DebugViewRuntimeControl
2026-5-12 20:29:23-debug: [[Executor]] Module "pack:///chunks/9c/9c8e4ae02cd522e18faba9e72e8803c8bdb97382.js" loaded.
2026-5-12 20:29:23-debug: /Users/zxd/workspace/person/kuaisha/temp/programming/packer-driver/targets/editor/chunks/b3/b3287a29d737c5b2cbfafa96f6a8da2b1221b69a.js resolved to /Users/zxd/workspace/person/kuaisha/temp/programming/packer-driver/targets/editor/chunks/b3/b3287a29d737c5b2cbfafa96f6a8da2b1221b69a.js is not in module cache!
2026-5-12 20:29:23-debug: /Users/zxd/workspace/person/kuaisha/temp/programming/packer-driver/targets/editor/chunks/0f/0f39349a704e9c506b690e0f853dd8d0060c6cda.js resolved to /Users/zxd/workspace/person/kuaisha/temp/programming/packer-driver/targets/editor/chunks/0f/0f39349a704e9c506b690e0f853dd8d0060c6cda.js is not in module cache!
2026-5-12 20:29:23-debug: /Users/zxd/workspace/person/kuaisha/temp/programming/packer-driver/targets/editor/chunks/10/10165f1b121ec79808db09ff7d21dc35cb078fab.js resolved to /Users/zxd/workspace/person/kuaisha/temp/programming/packer-driver/targets/editor/chunks/10/10165f1b121ec79808db09ff7d21dc35cb078fab.js is not in module cache!
2026-5-12 20:29:23-debug: /Users/zxd/workspace/person/kuaisha/temp/programming/packer-driver/targets/editor/chunks/c0/c02aed91e1897d51a2b246944a838aa8e7216490.js resolved to /Users/zxd/workspace/person/kuaisha/temp/programming/packer-driver/targets/editor/chunks/c0/c02aed91e1897d51a2b246944a838aa8e7216490.js is not in module cache!
2026-5-12 20:29:23-debug: /Users/zxd/workspace/person/kuaisha/temp/programming/packer-driver/targets/editor/chunks/10/102a2b0ed58830a784b18f1f8f7091b4a3de0b0d.js resolved to /Users/zxd/workspace/person/kuaisha/temp/programming/packer-driver/targets/editor/chunks/10/102a2b0ed58830a784b18f1f8f7091b4a3de0b0d.js is not in module cache!
2026-5-12 20:29:23-debug: /Users/zxd/workspace/person/kuaisha/temp/programming/packer-driver/targets/editor/chunks/d5/d5d911d54789fae8875c1cc8c12a18d7cf8617cd.js resolved to /Users/zxd/workspace/person/kuaisha/temp/programming/packer-driver/targets/editor/chunks/d5/d5d911d54789fae8875c1cc8c12a18d7cf8617cd.js is not in module cache!
2026-5-12 20:29:23-debug: /Users/zxd/workspace/person/kuaisha/temp/programming/packer-driver/targets/editor/chunks/07/0793f09d4649dbdecd76031ec09e3d10f82cf176.js resolved to /Users/zxd/workspace/person/kuaisha/temp/programming/packer-driver/targets/editor/chunks/07/0793f09d4649dbdecd76031ec09e3d10f82cf176.js is not in module cache!
2026-5-12 20:29:23-debug: /Users/zxd/workspace/person/kuaisha/temp/programming/packer-driver/targets/editor/chunks/93/93a5e3617b94f3f999948faea2f57bd7cd9d9597.js resolved to /Users/zxd/workspace/person/kuaisha/temp/programming/packer-driver/targets/editor/chunks/93/93a5e3617b94f3f999948faea2f57bd7cd9d9597.js is not in module cache!
2026-5-12 20:29:23-debug: /Users/zxd/workspace/person/kuaisha/temp/programming/packer-driver/targets/editor/chunks/04/0499a90c6813b49a41fc55fdbb20113ee9bfa45d.js resolved to /Users/zxd/workspace/person/kuaisha/temp/programming/packer-driver/targets/editor/chunks/04/0499a90c6813b49a41fc55fdbb20113ee9bfa45d.js is not in module cache!
2026-5-12 20:29:23-debug: /Users/zxd/workspace/person/kuaisha/temp/programming/packer-driver/targets/editor/chunks/bd/bd9dfd942fa7837ea612fe2828140c0143b33da2.js resolved to /Users/zxd/workspace/person/kuaisha/temp/programming/packer-driver/targets/editor/chunks/bd/bd9dfd942fa7837ea612fe2828140c0143b33da2.js is not in module cache!
2026-5-12 20:29:23-debug: /Users/zxd/workspace/person/kuaisha/temp/programming/packer-driver/targets/editor/chunks/a6/a69888c72c7983f927a374b248f9b7b62039bb12.js resolved to /Users/zxd/workspace/person/kuaisha/temp/programming/packer-driver/targets/editor/chunks/a6/a69888c72c7983f927a374b248f9b7b62039bb12.js is not in module cache!
2026-5-12 20:29:23-debug: /Users/zxd/workspace/person/kuaisha/temp/programming/packer-driver/targets/editor/chunks/94/941f983afc121e2eda1f6dca601be9a0f8837680.js resolved to /Users/zxd/workspace/person/kuaisha/temp/programming/packer-driver/targets/editor/chunks/94/941f983afc121e2eda1f6dca601be9a0f8837680.js is not in module cache!
2026-5-12 20:29:23-debug: [[Executor]] Register PopupManager
2026-5-12 20:29:23-debug: [[Executor]] Module "pack:///chunks/10/102a2b0ed58830a784b18f1f8f7091b4a3de0b0d.js" loaded.
2026-5-12 20:29:23-debug: [[Executor]] Register ResManager
2026-5-12 20:29:23-debug: [[Executor]] Module "pack:///chunks/0f/0f39349a704e9c506b690e0f853dd8d0060c6cda.js" loaded.
2026-5-12 20:29:23-debug: [[Executor]] Register SoundManager
2026-5-12 20:29:23-debug: [[Executor]] Module "pack:///chunks/10/10165f1b121ec79808db09ff7d21dc35cb078fab.js" loaded.
2026-5-12 20:29:23-debug: [[Executor]] Module "pack:///chunks/a6/a69888c72c7983f927a374b248f9b7b62039bb12.js" loaded.
2026-5-12 20:29:23-debug: [[Executor]] Module "pack:///chunks/d5/d5d911d54789fae8875c1cc8c12a18d7cf8617cd.js" loaded.
2026-5-12 20:29:23-debug: [[Executor]] Register HttpManager
2026-5-12 20:29:23-debug: [[Executor]] Module "pack:///chunks/c0/c02aed91e1897d51a2b246944a838aa8e7216490.js" loaded.
2026-5-12 20:29:23-debug: [[Executor]] Module "pack:///chunks/07/0793f09d4649dbdecd76031ec09e3d10f82cf176.js" loaded.
2026-5-12 20:29:23-debug: [[Executor]] Module "pack:///chunks/93/93a5e3617b94f3f999948faea2f57bd7cd9d9597.js" loaded.
2026-5-12 20:29:23-debug: [[Executor]] Module "pack:///chunks/94/941f983afc121e2eda1f6dca601be9a0f8837680.js" loaded.
2026-5-12 20:29:23-debug: [[Executor]] Module "pack:///chunks/bd/bd9dfd942fa7837ea612fe2828140c0143b33da2.js" loaded.
2026-5-12 20:29:23-debug: [[Executor]] Module "pack:///chunks/04/0499a90c6813b49a41fc55fdbb20113ee9bfa45d.js" loaded.
2026-5-12 20:29:23-debug: [[Executor]] Register GameMain
2026-5-12 20:29:23-debug: [[Executor]] Module "pack:///chunks/b3/b3287a29d737c5b2cbfafa96f6a8da2b1221b69a.js" loaded.
2026-5-12 20:29:23-debug: [[Executor]] Register UIManager
2026-5-12 20:29:23-debug: [[Executor]] Register DataManager
2026-5-12 20:29:23-debug: [[Executor]] Register HomePage
2026-5-12 20:29:23-debug: /Users/zxd/workspace/person/kuaisha/temp/programming/packer-driver/targets/editor/chunks/d7/d7ec57a5604db888be895a421817e23f5de2456d.js resolved to /Users/zxd/workspace/person/kuaisha/temp/programming/packer-driver/targets/editor/chunks/d7/d7ec57a5604db888be895a421817e23f5de2456d.js is not in module cache!
2026-5-12 20:29:23-debug: /Users/zxd/workspace/person/kuaisha/temp/programming/packer-driver/targets/editor/chunks/7f/7fc4234fdd4e92c97702b1465ad095ed9d538b6a.js resolved to /Users/zxd/workspace/person/kuaisha/temp/programming/packer-driver/targets/editor/chunks/7f/7fc4234fdd4e92c97702b1465ad095ed9d538b6a.js is not in module cache!
2026-5-12 20:29:23-debug: [[Executor]] Module "pack:///chunks/7f/7fc4234fdd4e92c97702b1465ad095ed9d538b6a.js" loaded.
2026-5-12 20:29:23-debug: [[Executor]] Module "pack:///chunks/d7/d7ec57a5604db888be895a421817e23f5de2456d.js" loaded.
2026-5-12 20:29:23-debug: /Users/zxd/workspace/person/kuaisha/temp/programming/packer-driver/targets/editor/chunks/15/150483796c2769ba9a9b1ba5e74b11ed251d0873.js resolved to /Users/zxd/workspace/person/kuaisha/temp/programming/packer-driver/targets/editor/chunks/15/150483796c2769ba9a9b1ba5e74b11ed251d0873.js is not in module cache!
2026-5-12 20:29:23-debug: [[Executor]] Register GamePage
2026-5-12 20:29:23-debug: [[Executor]] Module "pack:///chunks/15/150483796c2769ba9a9b1ba5e74b11ed251d0873.js" loaded.
2026-5-12 20:29:23-debug: /Users/zxd/workspace/person/kuaisha/temp/programming/packer-driver/targets/editor/chunks/80/8039490f7d55a359a601a00abc3fd320631b0c1a.js resolved to /Users/zxd/workspace/person/kuaisha/temp/programming/packer-driver/targets/editor/chunks/80/8039490f7d55a359a601a00abc3fd320631b0c1a.js is not in module cache!
2026-5-12 20:29:23-debug: [[Executor]] Module "pack:///chunks/80/8039490f7d55a359a601a00abc3fd320631b0c1a.js" loaded.
2026-5-12 20:29:23-debug: [[Executor]] Register RulesPage
2026-5-12 20:29:23-debug: /Users/zxd/workspace/person/kuaisha/temp/programming/packer-driver/targets/editor/chunks/0a/0ace8e8ca28a6febd749ca3a15de61c17fb1a446.js resolved to /Users/zxd/workspace/person/kuaisha/temp/programming/packer-driver/targets/editor/chunks/0a/0ace8e8ca28a6febd749ca3a15de61c17fb1a446.js is not in module cache!
2026-5-12 20:29:23-debug: [[Executor]] Register SettingPopup
2026-5-12 20:29:23-debug: [[Executor]] Module "pack:///chunks/0a/0ace8e8ca28a6febd749ca3a15de61c17fb1a446.js" loaded.
2026-5-12 20:29:23-debug: [[Executor]] Module "pack:///chunks/6d/6d8fd2b0177941b032ddc0733af48a561fb60657.js" loaded.
2026-5-12 20:29:23-debug: [[Executor]] after unlock
2026-5-12 20:29:23-debug: Init bundle share assets start..., progress: 7%
2026-5-12 20:29:23-debug: Incremental keys: regeneratorRuntime,b2jsb
2026-5-12 20:29:23-debug: Init bundle share assets start..., progress: 28%
2026-5-12 20:29:23-debug: Init bundle share assets success..., progress: 7%
2026-5-12 20:29:23-debug: Init bundle share assets success..., progress: 28%
2026-5-12 20:29:23-debug: run bundle task initAsset success!, progress: 7%
2026-5-12 20:29:23-debug: run bundle task initAsset success!, progress: 35%
2026-5-12 20:29:24-debug: handle json group in bundle internal
2026-5-12 20:29:24-debug: handle json group in bundle resources
2026-5-12 20:29:24-debug: handle json group in bundle main success
2026-5-12 20:29:24-debug: init image compress task 0 in bundle main
2026-5-12 20:29:24-debug: handle json group in bundle resources success
2026-5-12 20:29:24-debug: init image compress task 0 in bundle resources
2026-5-12 20:29:24-debug: run bundle task bundleDataTask success!, progress: 7%
2026-5-12 20:29:24-debug: run bundle task bundleDataTask success!, progress: 42%
2026-5-12 20:29:24-debug: run bundle task clearBundleDest success!, progress: 7%
2026-5-12 20:29:24-debug: run bundle task clearBundleDest success!, progress: 49%
2026-5-12 20:29:24-debug: Build project script start..., progress: 7%
2026-5-12 20:29:24-debug: Build project script start..., progress: 49%
2026-5-12 20:29:24-debug: init image compress task 0 in bundle internal
2026-5-12 20:29:24-debug: handle json group in bundle internal success
2026-5-12 20:29:24-debug: handle json group in bundle main
2026-5-12 20:29:24-log: [buildScriptCommand]enter sub process 91621, 9229, see: chrome://inspect/#devices
2026-5-12 20:29:28-debug: execute-script-end with buildScriptCommand 4262ms
2026-5-12 20:29:28-debug: Copy externalScripts success!
2026-5-12 20:29:28-debug: Build project script in (4287 ms) √, progress: 7%
2026-5-12 20:29:28-debug: Build project script in (4287 ms) √, progress: 49%
2026-5-12 20:29:28-debug: run bundle task buildScript success!, progress: 7%
2026-5-12 20:29:28-debug: run bundle task buildScript success!, progress: 56%
2026-5-12 20:29:28-debug: Pack Images start, progress: 7%
2026-5-12 20:29:28-debug: Pack Images start, progress: 56%
2026-5-12 20:29:28-debug: Number of pac assets: 1
2026-5-12 20:29:28-debug: No pack results
2026-5-12 20:29:28-debug: Compress image start..., progress: 7%
2026-5-12 20:29:28-debug: Compress image start..., progress: 56%
2026-5-12 20:29:28-debug: sort compress task {}
2026-5-12 20:29:28-debug: Num of all image compress task 0, really: 0, configTasks: 0
2026-5-12 20:29:28-debug: No image need to compress
2026-5-12 20:29:28-debug: Compress image success..., progress: 7%
2026-5-12 20:29:28-debug: Compress image success..., progress: 56%
2026-5-12 20:29:28-debug: Output asset in bundles start, progress: 7%
2026-5-12 20:29:28-debug: Output asset in bundles start, progress: 56%
2026-5-12 20:29:28-debug: Handle all json groups in bundle internal
2026-5-12 20:29:28-debug: handle json group
2026-5-12 20:29:28-debug: Handle all json groups in bundle resources
2026-5-12 20:29:28-debug: handle json group
2026-5-12 20:29:28-debug: Handle all json groups in bundle main
2026-5-12 20:29:28-debug: handle json group
2026-5-12 20:29:28-debug: handle single json
2026-5-12 20:29:28-debug: handle single json
2026-5-12 20:29:28-debug: Error: Exit process with code:null, signal:SIGTERM in task build-script    at ChildProcess.<anonymous> (/Applications/Cocos/Creator/3.8.8/CocosCreator.app/Contents/Resources/app.asar/builtin/builder/dist/worker/worker-pools/sub-process-manager.ccc:1:2409)    at ChildProcess.emit (node:events:519:28)    at Process.ChildProcess._handle.onexit (node:internal/child_process:294:12)
2026-5-12 20:29:28-debug: Json group(04f923b60) compile success，json number: 6
2026-5-12 20:29:28-debug: handle single json
2026-5-12 20:29:28-debug: Output asset in bundles success, progress: 7%
2026-5-12 20:29:28-debug: Output asset in bundles success, progress: 56%
2026-5-12 20:29:28-debug: wechatgame:(onAfterBundleBuildTask) start..., progress: 63%
2026-5-12 20:29:28-debug: // ---- build task wechatgame：onAfterBundleBuildTask ----
2026-5-12 20:29:28-debug: wechatgame:(onAfterBundleBuildTask) start..., progress: 7%
2026-5-12 20:29:28-debug: run bundle task buildAsset success!, progress: 7%
2026-5-12 20:29:28-debug: run bundle task buildAsset success!, progress: 63%
2026-5-12 20:29:28-debug: // ---- build task wechatgame：onAfterBundleBuildTask ---- (12ms)
2026-5-12 20:29:28-debug: Output asset in bundles start, progress: 70%
2026-5-12 20:29:28-debug: compress config of bundle internal...
2026-5-12 20:29:28-debug: wechatgame:(onAfterBundleBuildTask) in 12 ms ✓, progress: 70%
2026-5-12 20:29:28-debug: compress config of bundle resources...
2026-5-12 20:29:28-debug: compress config of bundle resources success
2026-5-12 20:29:28-debug: compress config of bundle main...
2026-5-12 20:29:28-debug: Output asset in bundles start, progress: 7%
2026-5-12 20:29:28-debug: output config of bundle internal
2026-5-12 20:29:28-debug: output config of bundle internal success
2026-5-12 20:29:28-debug: output config of bundle resources
2026-5-12 20:29:28-debug: wechatgame:(onAfterBundleBuildTask) in 12 ms ✓, progress: 7%
2026-5-12 20:29:28-debug: compress config of bundle main success
2026-5-12 20:29:28-debug: output config of bundle main
2026-5-12 20:29:28-debug: output config of bundle main success
2026-5-12 20:29:28-debug: compress config of bundle internal success
2026-5-12 20:29:28-debug: Output asset in bundles success, progress: 7%
2026-5-12 20:29:28-debug: run bundle task outputBundle success!, progress: 7%
2026-5-12 20:29:28-debug: run bundle task outputBundle success!, progress: 77%
2026-5-12 20:29:28-debug:  start, progress: 7%
2026-5-12 20:29:28-debug: output config of bundle resources success
2026-5-12 20:29:28-debug: Output asset in bundles success, progress: 70%
2026-5-12 20:29:28-debug: // ---- build task  ----
2026-5-12 20:29:28-debug: // ---- build task  ---- (19ms)
2026-5-12 20:29:28-log: run build task  success in 19 ms√, progress: 9%
2026-5-12 20:29:28-debug: // ---- build task Sort some build options to settings.json ----
2026-5-12 20:29:28-debug: [Build Memory track]:  start:224.46MB, end 224.64MB, increase: 189.76KB
2026-5-12 20:29:28-debug: Sort some build options to settings.json start, progress: 9%
2026-5-12 20:29:28-debug: // ---- build task Sort some build options to settings.json ---- (10ms)
2026-5-12 20:29:28-debug: Fill script data to settings start, progress: 11%
2026-5-12 20:29:28-debug: [Build Memory track]: Sort some build options to settings.json start:224.68MB, end 224.76MB, increase: 87.33KB
2026-5-12 20:29:28-debug: // ---- build task Fill script data to settings ----
2026-5-12 20:29:28-log: run build task Sort some build options to settings.json success in 10 ms√, progress: 11%
2026-5-12 20:29:28-debug: // ---- build task Fill script data to settings ---- (10ms)
2026-5-12 20:29:28-log: run build task Fill script data to settings success in 10 ms√, progress: 12%
2026-5-12 20:29:28-debug: [Build Memory track]: Fill script data to settings start:224.81MB, end 224.89MB, increase: 84.83KB
2026-5-12 20:29:28-log: Asset DB is resume!
2026-5-12 20:29:28-debug: [Build Memory track]: builder:build-project-total start:223.55MB, end 224.92MB, increase: 1.36MB
2026-5-12 20:29:28-debug: ================================ build Task (wechatgame) Finished in (4 s)ms ================================
2026-5-12 20:29:28-debug: Stop record console. {file(/Users/zxd/workspace/person/kuaisha/temp/builder/log/wechatgame5-12-2026 19-36.log)}
2026-5-12 20:45:23-debug: refresh db internal success
2026-5-12 20:45:23-debug: %cImport%c: /Users/zxd/workspace/person/kuaisha/assets/scripts/pages/GamePage.tsbackground: #aaff85; color: #000;color: #000;
2026-5-12 20:45:23-debug: refresh db assets success
2026-5-12 20:45:23-debug: Run asset db hook engine-extends:afterRefresh ...
2026-5-12 20:45:23-debug: Run asset db hook engine-extends:afterRefresh success!
2026-5-12 20:45:23-debug: asset-db:refresh-all-database (49ms)
2026-5-12 20:45:23-debug: asset-db:worker-effect-data-processing (2ms)
2026-5-12 20:45:23-debug: asset-db-hook-engine-extends-afterRefresh (2ms)
2026-5-12 20:45:27-debug: Query all assets info in project
2026-5-12 20:45:27-debug: init custom config: keepNodeUuid: false, useCache: true
2026-5-12 20:45:27-debug: Skip compress image, progress: 0%
2026-5-12 20:45:27-debug: Init all bundles start..., progress: 0%
2026-5-12 20:45:27-debug: Num of bundles: 3..., progress: 0%
2026-5-12 20:45:27-debug: Query asset bundle start, progress: 0%
2026-5-12 20:45:27-debug: Init bundle root assets start..., progress: 0%
2026-5-12 20:45:27-debug: // ---- build task Query asset bundle ----
2026-5-12 20:45:27-debug: Query preload assets/scripts from cc.config.json: 60f7195c-ec2a-45eb-ba94-8955f60e81d0,1c02ae6f-4492-4915-b8f8-7492a3b1e4cd,810e96e4-e456-4468-9b59-f4e8f39732c0,efe8e2a3-eace-427b-b4f1-cb8a937ec77d,e9aa9a3e-5b2b-4ac7-a2c7-073de2b2b24f,8bbdbcdd-5cd4-4100-b6d5-b7c9625b6107,50f4348b-c883-4e2f-8f11-ce233b859fa1,fda095cb-831d-4601-ad94-846013963de8,f92806d7-1768-443f-afe8-12bcde84d0f0,dd3a144d-ab7f-41f0-82b8-2e43a090d496,f0416e68-0200-4b77-a926-4f9d16e494da,970b0598-bcb0-4714-91fb-2e81440dccd8,bcd64cc6-2dd9-43f6-abbe-66318d332032,d930590d-bb92-4cc8-8bd1-23cd027f9edf,a3cd009f-0ab0-420d-9278-b9fdab939bbc,6a2d0734-bd9e-4ddf-946e-caa52498cb75,c27215d8-6835-4b68-bfbb-bdeac6100c04,b5d6115f-0370-4d7c-aad3-c194cc71cf98,871c3b6c-7379-419d-bda3-794b239ab90d,ff9b0199-ce04-4cfe-86cc-6c719f08d6e4,de1c2107-70c8-4021-8459-6399f24d01c6,cbf30902-517f-40dc-af90-a550bac27cf1,5c601d96-e4c7-4698-991b-7ee674b11079
2026-5-12 20:45:27-debug:   Number of all scenes: 1
2026-5-12 20:45:27-debug:   Number of all scripts: 23
2026-5-12 20:45:27-debug:   Number of other assets: 317
2026-5-12 20:45:27-debug: Init bundle root assets success..., progress: 0%
2026-5-12 20:45:27-debug: // ---- build task Query asset bundle ---- (5ms)
2026-5-12 20:45:27-debug: // ---- build task Query asset bundle ----
2026-5-12 20:45:27-log: run build task Query asset bundle success in 5 ms√, progress: 5%
2026-5-12 20:45:27-debug: Query asset bundle start, progress: 5%
2026-5-12 20:45:27-debug: [Build Memory track]: Query asset bundle start:226.23MB, end 226.00MB, increase: -230.79KB
2026-5-12 20:45:27-debug: // ---- build task Query asset bundle ---- (2ms)
2026-5-12 20:45:27-debug: // ---- build task Sort some build options to settings.json ----
2026-5-12 20:45:27-debug: [Build Memory track]: Query asset bundle start:226.03MB, end 226.14MB, increase: 111.11KB
2026-5-12 20:45:27-debug: Sort some build options to settings.json start, progress: 10%
2026-5-12 20:45:27-log: run build task Query asset bundle success in 2 ms√, progress: 10%
2026-5-12 20:45:27-debug: // ---- build task Sort some build options to settings.json ---- (1ms)
2026-5-12 20:45:27-log: run build task Sort some build options to settings.json success in 1 ms√, progress: 12%
2026-5-12 20:45:27-debug: [Build Memory track]: Sort some build options to settings.json start:226.18MB, end 226.24MB, increase: 58.96KB
2026-5-12 20:45:27-debug: Fill script data to settings start, progress: 12%
2026-5-12 20:45:27-debug: // ---- build task Fill script data to settings ----
2026-5-12 20:45:27-debug: // ---- build task Fill script data to settings ---- (1ms)
2026-5-12 20:45:27-log: run build task Fill script data to settings success in 1 ms√, progress: 13%
2026-5-12 20:45:27-debug: [Build Memory track]: Fill script data to settings start:226.27MB, end 226.30MB, increase: 30.66KB
2026-5-12 20:45:27-debug: Sort some build options to settings.json start, progress: 13%
2026-5-12 20:45:27-debug: // ---- build task Sort some build options to settings.json ----
2026-5-12 20:45:27-debug: // ---- build task Sort some build options to settings.json ---- (3ms)
2026-5-12 20:45:27-log: run build task Sort some build options to settings.json success in 3 ms√, progress: 15%
2026-5-12 20:45:27-debug: [Build Memory track]: Sort some build options to settings.json start:226.34MB, end 226.50MB, increase: 164.46KB
2026-5-12 20:46:33-debug: Query all assets info in project
2026-5-12 20:46:33-debug: init custom config: keepNodeUuid: false, useCache: true
2026-5-12 20:46:33-debug: Skip compress image, progress: 0%
2026-5-12 20:46:33-debug: Init all bundles start..., progress: 0%
2026-5-12 20:46:33-debug: Num of bundles: 3..., progress: 0%
2026-5-12 20:46:33-debug: Query asset bundle start, progress: 0%
2026-5-12 20:46:33-debug: // ---- build task Query asset bundle ----
2026-5-12 20:46:33-debug: Init bundle root assets start..., progress: 0%
2026-5-12 20:46:33-debug: Query preload assets/scripts from cc.config.json: 60f7195c-ec2a-45eb-ba94-8955f60e81d0,1c02ae6f-4492-4915-b8f8-7492a3b1e4cd,810e96e4-e456-4468-9b59-f4e8f39732c0,efe8e2a3-eace-427b-b4f1-cb8a937ec77d,e9aa9a3e-5b2b-4ac7-a2c7-073de2b2b24f,8bbdbcdd-5cd4-4100-b6d5-b7c9625b6107,50f4348b-c883-4e2f-8f11-ce233b859fa1,fda095cb-831d-4601-ad94-846013963de8,f92806d7-1768-443f-afe8-12bcde84d0f0,dd3a144d-ab7f-41f0-82b8-2e43a090d496,f0416e68-0200-4b77-a926-4f9d16e494da,970b0598-bcb0-4714-91fb-2e81440dccd8,bcd64cc6-2dd9-43f6-abbe-66318d332032,d930590d-bb92-4cc8-8bd1-23cd027f9edf,a3cd009f-0ab0-420d-9278-b9fdab939bbc,6a2d0734-bd9e-4ddf-946e-caa52498cb75,c27215d8-6835-4b68-bfbb-bdeac6100c04,b5d6115f-0370-4d7c-aad3-c194cc71cf98,871c3b6c-7379-419d-bda3-794b239ab90d,ff9b0199-ce04-4cfe-86cc-6c719f08d6e4,de1c2107-70c8-4021-8459-6399f24d01c6,cbf30902-517f-40dc-af90-a550bac27cf1,5c601d96-e4c7-4698-991b-7ee674b11079
2026-5-12 20:46:33-debug:   Number of other assets: 317
2026-5-12 20:46:33-debug:   Number of all scripts: 23
2026-5-12 20:46:33-debug: Init bundle root assets success..., progress: 0%
2026-5-12 20:46:33-debug:   Number of all scenes: 1
2026-5-12 20:46:33-debug: // ---- build task Query asset bundle ---- (6ms)
2026-5-12 20:46:33-log: run build task Query asset bundle success in 6 ms√, progress: 5%
2026-5-12 20:46:33-debug: [Build Memory track]: Query asset bundle start:226.79MB, end 226.00MB, increase: -806.55KB
2026-5-12 20:46:33-debug: Query asset bundle start, progress: 5%
2026-5-12 20:46:33-debug: // ---- build task Query asset bundle ----
2026-5-12 20:46:33-debug: // ---- build task Query asset bundle ---- (2ms)
2026-5-12 20:46:33-log: run build task Query asset bundle success in 2 ms√, progress: 10%
2026-5-12 20:46:33-debug: Sort some build options to settings.json start, progress: 10%
2026-5-12 20:46:33-debug: [Build Memory track]: Query asset bundle start:226.04MB, end 226.15MB, increase: 112.45KB
2026-5-12 20:46:33-debug: // ---- build task Sort some build options to settings.json ----
2026-5-12 20:46:33-debug: // ---- build task Sort some build options to settings.json ---- (1ms)
2026-5-12 20:46:33-log: run build task Sort some build options to settings.json success in 1 ms√, progress: 12%
2026-5-12 20:46:33-debug: [Build Memory track]: Sort some build options to settings.json start:226.18MB, end 226.21MB, increase: 30.45KB
2026-5-12 20:46:33-debug: Fill script data to settings start, progress: 12%
2026-5-12 20:46:33-debug: // ---- build task Fill script data to settings ----
2026-5-12 20:46:33-debug: // ---- build task Fill script data to settings ---- (1ms)
2026-5-12 20:46:33-debug: [Build Memory track]: Fill script data to settings start:226.25MB, end 226.29MB, increase: 45.54KB
2026-5-12 20:46:33-log: run build task Fill script data to settings success in 1 ms√, progress: 13%
2026-5-12 20:46:33-debug: Sort some build options to settings.json start, progress: 13%
2026-5-12 20:46:33-debug: // ---- build task Sort some build options to settings.json ----
2026-5-12 20:46:33-debug: // ---- build task Sort some build options to settings.json ---- (3ms)
2026-5-12 20:46:33-log: run build task Sort some build options to settings.json success in 3 ms√, progress: 15%
2026-5-12 20:46:33-debug: [Build Memory track]: Sort some build options to settings.json start:226.33MB, end 226.47MB, increase: 143.09KB
2026-5-12 20:48:41-debug: refresh db internal success
2026-5-12 20:48:41-debug: %cImport%c: /Users/zxd/workspace/person/kuaisha/assets/scripts/pages/GamePage.tsbackground: #aaff85; color: #000;color: #000;
2026-5-12 20:48:41-debug: refresh db assets success
2026-5-12 20:48:41-debug: Run asset db hook engine-extends:afterRefresh ...
2026-5-12 20:48:41-debug: Run asset db hook engine-extends:afterRefresh success!
2026-5-12 20:48:41-debug: asset-db:refresh-all-database (24ms)
2026-5-12 20:48:41-debug: asset-db:worker-effect-data-processing (1ms)
2026-5-12 20:48:41-debug: asset-db-hook-engine-extends-afterRefresh (1ms)
2026-5-12 20:48:42-debug: Query all assets info in project
2026-5-12 20:48:42-debug: init custom config: keepNodeUuid: false, useCache: true
2026-5-12 20:48:42-debug: Skip compress image, progress: 0%
2026-5-12 20:48:42-debug: Init all bundles start..., progress: 0%
2026-5-12 20:48:42-debug: Num of bundles: 3..., progress: 0%
2026-5-12 20:48:42-debug: // ---- build task Query asset bundle ----
2026-5-12 20:48:42-debug: Query asset bundle start, progress: 0%
2026-5-12 20:48:42-debug: Init bundle root assets start..., progress: 0%
2026-5-12 20:48:42-debug: Query preload assets/scripts from cc.config.json: 60f7195c-ec2a-45eb-ba94-8955f60e81d0,1c02ae6f-4492-4915-b8f8-7492a3b1e4cd,810e96e4-e456-4468-9b59-f4e8f39732c0,efe8e2a3-eace-427b-b4f1-cb8a937ec77d,e9aa9a3e-5b2b-4ac7-a2c7-073de2b2b24f,8bbdbcdd-5cd4-4100-b6d5-b7c9625b6107,50f4348b-c883-4e2f-8f11-ce233b859fa1,fda095cb-831d-4601-ad94-846013963de8,f92806d7-1768-443f-afe8-12bcde84d0f0,dd3a144d-ab7f-41f0-82b8-2e43a090d496,f0416e68-0200-4b77-a926-4f9d16e494da,970b0598-bcb0-4714-91fb-2e81440dccd8,bcd64cc6-2dd9-43f6-abbe-66318d332032,d930590d-bb92-4cc8-8bd1-23cd027f9edf,a3cd009f-0ab0-420d-9278-b9fdab939bbc,6a2d0734-bd9e-4ddf-946e-caa52498cb75,c27215d8-6835-4b68-bfbb-bdeac6100c04,b5d6115f-0370-4d7c-aad3-c194cc71cf98,871c3b6c-7379-419d-bda3-794b239ab90d,ff9b0199-ce04-4cfe-86cc-6c719f08d6e4,de1c2107-70c8-4021-8459-6399f24d01c6,cbf30902-517f-40dc-af90-a550bac27cf1,5c601d96-e4c7-4698-991b-7ee674b11079
2026-5-12 20:48:42-debug: Init bundle root assets success..., progress: 0%
2026-5-12 20:48:42-debug:   Number of all scripts: 23
2026-5-12 20:48:42-debug:   Number of other assets: 317
2026-5-12 20:48:42-debug:   Number of all scenes: 1
2026-5-12 20:48:42-debug: // ---- build task Query asset bundle ---- (8ms)
2026-5-12 20:48:42-log: run build task Query asset bundle success in 8 ms√, progress: 5%
2026-5-12 20:48:42-debug: [Build Memory track]: Query asset bundle start:227.64MB, end 227.42MB, increase: -224.58KB
2026-5-12 20:48:42-debug: Query asset bundle start, progress: 5%
2026-5-12 20:48:42-debug: // ---- build task Query asset bundle ----
2026-5-12 20:48:42-debug: // ---- build task Query asset bundle ---- (2ms)
2026-5-12 20:48:42-log: run build task Query asset bundle success in 2 ms√, progress: 10%
2026-5-12 20:48:42-debug: [Build Memory track]: Query asset bundle start:227.46MB, end 227.56MB, increase: 110.78KB
2026-5-12 20:48:42-debug: // ---- build task Sort some build options to settings.json ----
2026-5-12 20:48:42-debug: Sort some build options to settings.json start, progress: 10%
2026-5-12 20:48:42-log: run build task Sort some build options to settings.json success in √, progress: 12%
2026-5-12 20:48:42-debug: [Build Memory track]: Sort some build options to settings.json start:227.60MB, end 227.63MB, increase: 29.96KB
2026-5-12 20:48:42-debug: Fill script data to settings start, progress: 12%
2026-5-12 20:48:42-debug: // ---- build task Fill script data to settings ----
2026-5-12 20:48:42-debug: // ---- build task Fill script data to settings ---- (1ms)
2026-5-12 20:48:42-debug: [Build Memory track]: Fill script data to settings start:227.66MB, end 227.69MB, increase: 29.59KB
2026-5-12 20:48:42-debug: Sort some build options to settings.json start, progress: 13%
2026-5-12 20:48:42-debug: // ---- build task Sort some build options to settings.json ----
2026-5-12 20:48:42-log: run build task Fill script data to settings success in 1 ms√, progress: 13%
2026-5-12 20:48:42-debug: // ---- build task Sort some build options to settings.json ---- (5ms)
2026-5-12 20:48:42-log: run build task Sort some build options to settings.json success in 5 ms√, progress: 15%
2026-5-12 20:48:42-debug: [Build Memory track]: Sort some build options to settings.json start:227.73MB, end 227.15MB, increase: -590.59KB
2026-5-12 20:48:42-debug: Query all assets info in project
2026-5-12 20:48:42-debug: init custom config: keepNodeUuid: false, useCache: true
2026-5-12 20:48:42-debug: Skip compress image, progress: 0%
2026-5-12 20:48:42-debug: Init all bundles start..., progress: 0%
2026-5-12 20:48:42-debug: Num of bundles: 3..., progress: 0%
2026-5-12 20:48:42-debug: Query asset bundle start, progress: 0%
2026-5-12 20:48:42-debug: // ---- build task Query asset bundle ----
2026-5-12 20:48:42-debug: Init bundle root assets start..., progress: 0%
2026-5-12 20:48:42-debug: Query preload assets/scripts from cc.config.json: 60f7195c-ec2a-45eb-ba94-8955f60e81d0,1c02ae6f-4492-4915-b8f8-7492a3b1e4cd,810e96e4-e456-4468-9b59-f4e8f39732c0,efe8e2a3-eace-427b-b4f1-cb8a937ec77d,e9aa9a3e-5b2b-4ac7-a2c7-073de2b2b24f,8bbdbcdd-5cd4-4100-b6d5-b7c9625b6107,50f4348b-c883-4e2f-8f11-ce233b859fa1,fda095cb-831d-4601-ad94-846013963de8,f92806d7-1768-443f-afe8-12bcde84d0f0,dd3a144d-ab7f-41f0-82b8-2e43a090d496,f0416e68-0200-4b77-a926-4f9d16e494da,970b0598-bcb0-4714-91fb-2e81440dccd8,bcd64cc6-2dd9-43f6-abbe-66318d332032,d930590d-bb92-4cc8-8bd1-23cd027f9edf,a3cd009f-0ab0-420d-9278-b9fdab939bbc,6a2d0734-bd9e-4ddf-946e-caa52498cb75,c27215d8-6835-4b68-bfbb-bdeac6100c04,b5d6115f-0370-4d7c-aad3-c194cc71cf98,871c3b6c-7379-419d-bda3-794b239ab90d,ff9b0199-ce04-4cfe-86cc-6c719f08d6e4,de1c2107-70c8-4021-8459-6399f24d01c6,cbf30902-517f-40dc-af90-a550bac27cf1,5c601d96-e4c7-4698-991b-7ee674b11079
2026-5-12 20:48:42-debug: Init bundle root assets success..., progress: 0%
2026-5-12 20:48:42-debug:   Number of all scripts: 23
2026-5-12 20:48:42-log: run build task Query asset bundle success in 10 ms√, progress: 5%
2026-5-12 20:48:42-debug: [Build Memory track]: Query asset bundle start:227.56MB, end 227.30MB, increase: -269.98KB
2026-5-12 20:48:42-debug: Query asset bundle start, progress: 5%
2026-5-12 20:48:42-debug: // ---- build task Query asset bundle ----
2026-5-12 20:48:42-debug:   Number of other assets: 317
2026-5-12 20:48:42-debug:   Number of all scenes: 1
2026-5-12 20:48:42-debug: // ---- build task Query asset bundle ---- (10ms)
2026-5-12 20:48:42-debug: // ---- build task Query asset bundle ---- (8ms)
2026-5-12 20:48:42-log: run build task Query asset bundle success in 8 ms√, progress: 10%
2026-5-12 20:48:42-debug: Sort some build options to settings.json start, progress: 10%
2026-5-12 20:48:42-debug: [Build Memory track]: Query asset bundle start:227.34MB, end 227.45MB, increase: 114.20KB
2026-5-12 20:48:42-debug: // ---- build task Sort some build options to settings.json ----
2026-5-12 20:48:42-debug: // ---- build task Sort some build options to settings.json ---- (4ms)
2026-5-12 20:48:42-debug: // ---- build task Fill script data to settings ----
2026-5-12 20:48:42-log: run build task Sort some build options to settings.json success in 4 ms√, progress: 12%
2026-5-12 20:48:42-debug: [Build Memory track]: Sort some build options to settings.json start:227.48MB, end 227.77MB, increase: 290.75KB
2026-5-12 20:48:42-debug: Fill script data to settings start, progress: 12%
2026-5-12 20:48:42-debug: // ---- build task Fill script data to settings ---- (2ms)
2026-5-12 20:48:42-debug: // ---- build task Sort some build options to settings.json ----
2026-5-12 20:48:42-log: run build task Fill script data to settings success in 2 ms√, progress: 13%
2026-5-12 20:48:42-debug: [Build Memory track]: Fill script data to settings start:227.80MB, end 227.84MB, increase: 35.69KB
2026-5-12 20:48:42-debug: Sort some build options to settings.json start, progress: 13%
2026-5-12 20:48:42-debug: // ---- build task Sort some build options to settings.json ---- (11ms)
2026-5-12 20:48:42-log: run build task Sort some build options to settings.json success in 11 ms√, progress: 15%
2026-5-12 20:48:42-debug: [Build Memory track]: Sort some build options to settings.json start:227.87MB, end 227.76MB, increase: -113.59KB
2026-5-12 20:49:25-debug: refresh db internal success
2026-5-12 20:49:25-debug: refresh db assets success
2026-5-12 20:49:25-debug: Run asset db hook engine-extends:afterRefresh ...
2026-5-12 20:49:25-debug: Run asset db hook engine-extends:afterRefresh success!
2026-5-12 20:49:25-debug: asset-db:refresh-all-database (23ms)
2026-5-12 20:49:25-debug: asset-db-hook-engine-extends-afterRefresh (1ms)
2026-5-12 20:49:25-debug: asset-db:worker-effect-data-processing (1ms)
2026-5-12 20:51:45-debug: refresh db internal success
2026-5-12 20:51:45-debug: %cImport%c: /Users/zxd/workspace/person/kuaisha/assets/scripts/pages/GamePage.tsbackground: #aaff85; color: #000;color: #000;
2026-5-12 20:51:45-debug: refresh db assets success
2026-5-12 20:51:45-debug: Run asset db hook engine-extends:afterRefresh ...
2026-5-12 20:51:45-debug: Run asset db hook engine-extends:afterRefresh success!
2026-5-12 20:51:45-debug: asset-db:refresh-all-database (47ms)
2026-5-12 20:51:45-debug: asset-db:worker-effect-data-processing (1ms)
2026-5-12 20:51:45-debug: asset-db-hook-engine-extends-afterRefresh (1ms)
2026-5-12 20:51:46-debug: Query all assets info in project
2026-5-12 20:51:47-debug: init custom config: keepNodeUuid: false, useCache: true
2026-5-12 20:51:47-debug: Skip compress image, progress: 0%
2026-5-12 20:51:47-debug: Init all bundles start..., progress: 0%
2026-5-12 20:51:47-debug: Query asset bundle start, progress: 0%
2026-5-12 20:51:47-debug: // ---- build task Query asset bundle ----
2026-5-12 20:51:47-debug: Init bundle root assets start..., progress: 0%
2026-5-12 20:51:47-debug: Num of bundles: 3..., progress: 0%
2026-5-12 20:51:47-debug: Query preload assets/scripts from cc.config.json: 60f7195c-ec2a-45eb-ba94-8955f60e81d0,1c02ae6f-4492-4915-b8f8-7492a3b1e4cd,810e96e4-e456-4468-9b59-f4e8f39732c0,efe8e2a3-eace-427b-b4f1-cb8a937ec77d,e9aa9a3e-5b2b-4ac7-a2c7-073de2b2b24f,8bbdbcdd-5cd4-4100-b6d5-b7c9625b6107,50f4348b-c883-4e2f-8f11-ce233b859fa1,fda095cb-831d-4601-ad94-846013963de8,f92806d7-1768-443f-afe8-12bcde84d0f0,dd3a144d-ab7f-41f0-82b8-2e43a090d496,f0416e68-0200-4b77-a926-4f9d16e494da,970b0598-bcb0-4714-91fb-2e81440dccd8,bcd64cc6-2dd9-43f6-abbe-66318d332032,d930590d-bb92-4cc8-8bd1-23cd027f9edf,a3cd009f-0ab0-420d-9278-b9fdab939bbc,6a2d0734-bd9e-4ddf-946e-caa52498cb75,c27215d8-6835-4b68-bfbb-bdeac6100c04,b5d6115f-0370-4d7c-aad3-c194cc71cf98,871c3b6c-7379-419d-bda3-794b239ab90d,ff9b0199-ce04-4cfe-86cc-6c719f08d6e4,de1c2107-70c8-4021-8459-6399f24d01c6,cbf30902-517f-40dc-af90-a550bac27cf1,5c601d96-e4c7-4698-991b-7ee674b11079
2026-5-12 20:51:47-debug:   Number of all scenes: 1
2026-5-12 20:51:47-debug:   Number of all scripts: 23
2026-5-12 20:51:47-debug:   Number of other assets: 317
2026-5-12 20:51:47-debug: Init bundle root assets success..., progress: 0%
2026-5-12 20:51:47-debug: // ---- build task Query asset bundle ---- (9ms)
2026-5-12 20:51:47-log: run build task Query asset bundle success in 9 ms√, progress: 5%
2026-5-12 20:51:47-debug: [Build Memory track]: Query asset bundle start:229.85MB, end 229.63MB, increase: -227.12KB
2026-5-12 20:51:47-debug: Query asset bundle start, progress: 5%
2026-5-12 20:51:47-debug: // ---- build task Query asset bundle ----
2026-5-12 20:51:47-debug: // ---- build task Query asset bundle ---- (7ms)
2026-5-12 20:51:47-log: run build task Query asset bundle success in 7 ms√, progress: 10%
2026-5-12 20:51:47-debug: [Build Memory track]: Query asset bundle start:229.65MB, end 229.76MB, increase: 106.81KB
2026-5-12 20:51:47-debug: Sort some build options to settings.json start, progress: 10%
2026-5-12 20:51:47-debug: // ---- build task Sort some build options to settings.json ----
2026-5-12 20:51:47-debug: // ---- build task Sort some build options to settings.json ---- (1ms)
2026-5-12 20:51:47-log: run build task Sort some build options to settings.json success in 1 ms√, progress: 12%
2026-5-12 20:51:47-debug: [Build Memory track]: Sort some build options to settings.json start:229.78MB, end 229.80MB, increase: 21.30KB
2026-5-12 20:51:47-debug: Fill script data to settings start, progress: 12%
2026-5-12 20:51:47-debug: // ---- build task Fill script data to settings ----
2026-5-12 20:51:47-debug: // ---- build task Fill script data to settings ---- (1ms)
2026-5-12 20:51:47-log: run build task Fill script data to settings success in 1 ms√, progress: 13%
2026-5-12 20:51:47-debug: [Build Memory track]: Fill script data to settings start:229.83MB, end 229.85MB, increase: 19.66KB
2026-5-12 20:51:47-debug: Sort some build options to settings.json start, progress: 13%
2026-5-12 20:51:47-log: run build task Sort some build options to settings.json success in 14 ms√, progress: 15%
2026-5-12 20:51:47-debug: [Build Memory track]: Sort some build options to settings.json start:229.87MB, end 230.00MB, increase: 134.41KB
2026-5-12 20:51:47-debug: // ---- build task Sort some build options to settings.json ----
2026-5-12 20:51:47-debug: // ---- build task Sort some build options to settings.json ---- (14ms)
2026-5-12 20:51:47-debug: Query all assets info in project
2026-5-12 20:51:47-debug: init custom config: keepNodeUuid: false, useCache: true
2026-5-12 20:51:47-debug: Skip compress image, progress: 0%
2026-5-12 20:51:47-debug: Init all bundles start..., progress: 0%
2026-5-12 20:51:47-debug: Num of bundles: 3..., progress: 0%
2026-5-12 20:51:47-debug: Query asset bundle start, progress: 0%
2026-5-12 20:51:47-debug: // ---- build task Query asset bundle ----
2026-5-12 20:51:47-debug: Init bundle root assets start..., progress: 0%
2026-5-12 20:51:47-debug: Query preload assets/scripts from cc.config.json: 60f7195c-ec2a-45eb-ba94-8955f60e81d0,1c02ae6f-4492-4915-b8f8-7492a3b1e4cd,810e96e4-e456-4468-9b59-f4e8f39732c0,efe8e2a3-eace-427b-b4f1-cb8a937ec77d,e9aa9a3e-5b2b-4ac7-a2c7-073de2b2b24f,8bbdbcdd-5cd4-4100-b6d5-b7c9625b6107,50f4348b-c883-4e2f-8f11-ce233b859fa1,fda095cb-831d-4601-ad94-846013963de8,f92806d7-1768-443f-afe8-12bcde84d0f0,dd3a144d-ab7f-41f0-82b8-2e43a090d496,f0416e68-0200-4b77-a926-4f9d16e494da,970b0598-bcb0-4714-91fb-2e81440dccd8,bcd64cc6-2dd9-43f6-abbe-66318d332032,d930590d-bb92-4cc8-8bd1-23cd027f9edf,a3cd009f-0ab0-420d-9278-b9fdab939bbc,6a2d0734-bd9e-4ddf-946e-caa52498cb75,c27215d8-6835-4b68-bfbb-bdeac6100c04,b5d6115f-0370-4d7c-aad3-c194cc71cf98,871c3b6c-7379-419d-bda3-794b239ab90d,ff9b0199-ce04-4cfe-86cc-6c719f08d6e4,de1c2107-70c8-4021-8459-6399f24d01c6,cbf30902-517f-40dc-af90-a550bac27cf1,5c601d96-e4c7-4698-991b-7ee674b11079
2026-5-12 20:51:47-debug:   Number of all scenes: 1
2026-5-12 20:51:47-debug:   Number of all scripts: 23
2026-5-12 20:51:47-debug:   Number of other assets: 317
2026-5-12 20:51:47-debug: Init bundle root assets success..., progress: 0%
2026-5-12 20:51:47-debug: // ---- build task Query asset bundle ---- (11ms)
2026-5-12 20:51:47-debug: // ---- build task Query asset bundle ----
2026-5-12 20:51:47-log: run build task Query asset bundle success in 11 ms√, progress: 5%
2026-5-12 20:51:47-debug: [Build Memory track]: Query asset bundle start:230.38MB, end 230.22MB, increase: -164.58KB
2026-5-12 20:51:47-debug: Query asset bundle start, progress: 5%
2026-5-12 20:51:47-debug: [Build Memory track]: Query asset bundle start:230.24MB, end 230.35MB, increase: 106.95KB
2026-5-12 20:51:47-log: run build task Sort some build options to settings.json success in √, progress: 12%
2026-5-12 20:51:47-log: run build task Query asset bundle success in 3 ms√, progress: 10%
2026-5-12 20:51:47-debug: Fill script data to settings start, progress: 12%
2026-5-12 20:51:47-debug: // ---- build task Fill script data to settings ----
2026-5-12 20:51:47-debug: Sort some build options to settings.json start, progress: 10%
2026-5-12 20:51:47-debug: [Build Memory track]: Sort some build options to settings.json start:230.37MB, end 230.39MB, increase: 15.36KB
2026-5-12 20:51:47-debug: // ---- build task Sort some build options to settings.json ----
2026-5-12 20:51:47-debug: // ---- build task Query asset bundle ---- (3ms)
2026-5-12 20:51:47-log: run build task Fill script data to settings success in 3 ms√, progress: 13%
2026-5-12 20:51:47-debug: // ---- build task Fill script data to settings ---- (3ms)
2026-5-12 20:51:47-debug: Sort some build options to settings.json start, progress: 13%
2026-5-12 20:51:47-debug: [Build Memory track]: Fill script data to settings start:230.41MB, end 229.68MB, increase: -751.68KB
2026-5-12 20:51:47-debug: // ---- build task Sort some build options to settings.json ----
2026-5-12 20:51:47-debug: // ---- build task Sort some build options to settings.json ---- (2ms)
2026-5-12 20:51:47-debug: [Build Memory track]: Sort some build options to settings.json start:229.70MB, end 229.82MB, increase: 121.58KB
2026-5-12 20:51:47-log: run build task Sort some build options to settings.json success in 2 ms√, progress: 15%
2026-5-12 20:51:47-debug: Query all assets info in project
2026-5-12 20:51:47-debug: init custom config: keepNodeUuid: false, useCache: true
2026-5-12 20:51:47-debug: Skip compress image, progress: 0%
2026-5-12 20:51:47-debug: Init all bundles start..., progress: 0%
2026-5-12 20:51:47-debug: Num of bundles: 3..., progress: 0%
2026-5-12 20:51:47-debug: Query asset bundle start, progress: 0%
2026-5-12 20:51:47-debug: // ---- build task Query asset bundle ----
2026-5-12 20:51:47-debug: Init bundle root assets start..., progress: 0%
2026-5-12 20:51:47-debug: Query preload assets/scripts from cc.config.json: 60f7195c-ec2a-45eb-ba94-8955f60e81d0,1c02ae6f-4492-4915-b8f8-7492a3b1e4cd,810e96e4-e456-4468-9b59-f4e8f39732c0,efe8e2a3-eace-427b-b4f1-cb8a937ec77d,e9aa9a3e-5b2b-4ac7-a2c7-073de2b2b24f,8bbdbcdd-5cd4-4100-b6d5-b7c9625b6107,50f4348b-c883-4e2f-8f11-ce233b859fa1,fda095cb-831d-4601-ad94-846013963de8,f92806d7-1768-443f-afe8-12bcde84d0f0,dd3a144d-ab7f-41f0-82b8-2e43a090d496,f0416e68-0200-4b77-a926-4f9d16e494da,970b0598-bcb0-4714-91fb-2e81440dccd8,bcd64cc6-2dd9-43f6-abbe-66318d332032,d930590d-bb92-4cc8-8bd1-23cd027f9edf,a3cd009f-0ab0-420d-9278-b9fdab939bbc,6a2d0734-bd9e-4ddf-946e-caa52498cb75,c27215d8-6835-4b68-bfbb-bdeac6100c04,b5d6115f-0370-4d7c-aad3-c194cc71cf98,871c3b6c-7379-419d-bda3-794b239ab90d,ff9b0199-ce04-4cfe-86cc-6c719f08d6e4,de1c2107-70c8-4021-8459-6399f24d01c6,cbf30902-517f-40dc-af90-a550bac27cf1,5c601d96-e4c7-4698-991b-7ee674b11079
2026-5-12 20:51:47-debug:   Number of other assets: 317
2026-5-12 20:51:47-debug: // ---- build task Query asset bundle ---- (5ms)
2026-5-12 20:51:47-log: run build task Query asset bundle success in 5 ms√, progress: 5%
2026-5-12 20:51:47-debug: [Build Memory track]: Query asset bundle start:230.19MB, end 229.92MB, increase: -269.29KB
2026-5-12 20:51:47-debug: Query asset bundle start, progress: 5%
2026-5-12 20:51:47-debug: // ---- build task Query asset bundle ----
2026-5-12 20:51:47-debug:   Number of all scenes: 1
2026-5-12 20:51:47-debug:   Number of all scripts: 23
2026-5-12 20:51:47-debug: Init bundle root assets success..., progress: 0%
2026-5-12 20:51:47-debug: // ---- build task Query asset bundle ---- (9ms)
2026-5-12 20:51:47-log: run build task Query asset bundle success in 9 ms√, progress: 10%
2026-5-12 20:51:47-debug: Sort some build options to settings.json start, progress: 10%
2026-5-12 20:51:47-debug: [Build Memory track]: Query asset bundle start:229.95MB, end 230.06MB, increase: 112.92KB
2026-5-12 20:51:47-debug: // ---- build task Sort some build options to settings.json ----
2026-5-12 20:51:47-log: run build task Sort some build options to settings.json success in √, progress: 12%
2026-5-12 20:51:47-debug: [Build Memory track]: Sort some build options to settings.json start:230.08MB, end 230.10MB, increase: 15.73KB
2026-5-12 20:51:47-debug: Fill script data to settings start, progress: 12%
2026-5-12 20:51:47-debug: // ---- build task Fill script data to settings ----
2026-5-12 20:51:47-debug: // ---- build task Fill script data to settings ---- (1ms)
2026-5-12 20:51:47-log: run build task Fill script data to settings success in 1 ms√, progress: 13%
2026-5-12 20:51:47-debug: [Build Memory track]: Fill script data to settings start:230.12MB, end 230.14MB, increase: 22.42KB
2026-5-12 20:51:47-debug: Sort some build options to settings.json start, progress: 13%
2026-5-12 20:51:47-debug: // ---- build task Sort some build options to settings.json ----
2026-5-12 20:51:47-debug: // ---- build task Sort some build options to settings.json ---- (8ms)
2026-5-12 20:51:47-log: run build task Sort some build options to settings.json success in 8 ms√, progress: 15%
2026-5-12 20:51:47-debug: [Build Memory track]: Sort some build options to settings.json start:230.17MB, end 230.29MB, increase: 121.41KB
2026-5-12 20:52:34-debug: refresh db internal success
2026-5-12 20:52:34-debug: refresh db assets success
2026-5-12 20:52:34-debug: Run asset db hook engine-extends:afterRefresh ...
2026-5-12 20:52:34-debug: Run asset db hook engine-extends:afterRefresh success!
2026-5-12 20:52:34-debug: asset-db:refresh-all-database (52ms)
2026-5-12 20:52:34-debug: asset-db:worker-effect-data-processing (1ms)
2026-5-12 20:52:34-debug: asset-db-hook-engine-extends-afterRefresh (1ms)
2026-5-12 20:52:49-debug: refresh db internal success
2026-5-12 20:52:49-debug: refresh db assets success
2026-5-12 20:52:49-debug: Run asset db hook engine-extends:afterRefresh ...
2026-5-12 20:52:49-debug: Run asset db hook engine-extends:afterRefresh success!
2026-5-12 20:52:49-debug: asset-db:refresh-all-database (19ms)
2026-5-12 20:52:49-debug: asset-db:worker-effect-data-processing (1ms)
2026-5-12 20:52:49-debug: asset-db-hook-engine-extends-afterRefresh (1ms)
2026-5-12 20:56:37-debug: refresh db internal success
2026-5-12 20:56:37-debug: %cImport%c: /Users/zxd/workspace/person/kuaisha/assets/scripts/pages/HomePage.tsbackground: #aaff85; color: #000;color: #000;
2026-5-12 20:56:37-debug: refresh db assets success
2026-5-12 20:56:37-debug: Run asset db hook engine-extends:afterRefresh success!
2026-5-12 20:56:37-debug: Run asset db hook engine-extends:afterRefresh ...
2026-5-12 20:56:37-debug: asset-db:worker-effect-data-processing (2ms)
2026-5-12 20:56:37-debug: asset-db:refresh-all-database (32ms)
2026-5-12 20:56:37-debug: asset-db-hook-engine-extends-afterRefresh (2ms)
2026-5-12 20:56:47-debug: refresh db internal success
2026-5-12 20:56:47-debug: refresh db assets success
2026-5-12 20:56:47-debug: Run asset db hook engine-extends:afterRefresh ...
2026-5-12 20:56:47-debug: Run asset db hook engine-extends:afterRefresh success!
2026-5-12 20:56:47-debug: asset-db:refresh-all-database (22ms)
2026-5-12 20:56:47-debug: asset-db:worker-effect-data-processing (1ms)
2026-5-12 20:56:47-debug: asset-db-hook-engine-extends-afterRefresh (1ms)
2026-5-12 20:56:48-debug: Query all assets info in project
2026-5-12 20:56:48-debug: init custom config: keepNodeUuid: false, useCache: true
2026-5-12 20:56:48-debug: Skip compress image, progress: 0%
2026-5-12 20:56:48-debug: Init all bundles start..., progress: 0%
2026-5-12 20:56:48-debug: Query asset bundle start, progress: 0%
2026-5-12 20:56:48-debug: // ---- build task Query asset bundle ----
2026-5-12 20:56:48-debug: Num of bundles: 3..., progress: 0%
2026-5-12 20:56:48-debug: Init bundle root assets start..., progress: 0%
2026-5-12 20:56:48-debug: Query preload assets/scripts from cc.config.json: 60f7195c-ec2a-45eb-ba94-8955f60e81d0,1c02ae6f-4492-4915-b8f8-7492a3b1e4cd,810e96e4-e456-4468-9b59-f4e8f39732c0,efe8e2a3-eace-427b-b4f1-cb8a937ec77d,e9aa9a3e-5b2b-4ac7-a2c7-073de2b2b24f,8bbdbcdd-5cd4-4100-b6d5-b7c9625b6107,50f4348b-c883-4e2f-8f11-ce233b859fa1,fda095cb-831d-4601-ad94-846013963de8,f92806d7-1768-443f-afe8-12bcde84d0f0,dd3a144d-ab7f-41f0-82b8-2e43a090d496,f0416e68-0200-4b77-a926-4f9d16e494da,970b0598-bcb0-4714-91fb-2e81440dccd8,bcd64cc6-2dd9-43f6-abbe-66318d332032,d930590d-bb92-4cc8-8bd1-23cd027f9edf,a3cd009f-0ab0-420d-9278-b9fdab939bbc,6a2d0734-bd9e-4ddf-946e-caa52498cb75,c27215d8-6835-4b68-bfbb-bdeac6100c04,b5d6115f-0370-4d7c-aad3-c194cc71cf98,871c3b6c-7379-419d-bda3-794b239ab90d,ff9b0199-ce04-4cfe-86cc-6c719f08d6e4,de1c2107-70c8-4021-8459-6399f24d01c6,cbf30902-517f-40dc-af90-a550bac27cf1,5c601d96-e4c7-4698-991b-7ee674b11079
2026-5-12 20:56:48-debug:   Number of all scripts: 23
2026-5-12 20:56:48-debug: // ---- build task Query asset bundle ---- (7ms)
2026-5-12 20:56:48-log: run build task Query asset bundle success in 7 ms√, progress: 5%
2026-5-12 20:56:48-debug: [Build Memory track]: Query asset bundle start:232.32MB, end 232.94MB, increase: 631.61KB
2026-5-12 20:56:48-debug: Query asset bundle start, progress: 5%
2026-5-12 20:56:48-debug: // ---- build task Query asset bundle ----
2026-5-12 20:56:48-debug:   Number of other assets: 317
2026-5-12 20:56:48-debug: Init bundle root assets success..., progress: 0%
2026-5-12 20:56:48-debug:   Number of all scenes: 1
2026-5-12 20:56:48-log: run build task Query asset bundle success in 6 ms√, progress: 10%
2026-5-12 20:56:48-debug: // ---- build task Query asset bundle ---- (6ms)
2026-5-12 20:56:48-debug: Sort some build options to settings.json start, progress: 10%
2026-5-12 20:56:48-debug: // ---- build task Sort some build options to settings.json ----
2026-5-12 20:56:48-debug: // ---- build task Sort some build options to settings.json ---- (1ms)
2026-5-12 20:56:48-log: run build task Sort some build options to settings.json success in 1 ms√, progress: 12%
2026-5-12 20:56:48-debug: Fill script data to settings start, progress: 12%
2026-5-12 20:56:48-debug: // ---- build task Fill script data to settings ----
2026-5-12 20:56:48-debug: [Build Memory track]: Query asset bundle start:232.96MB, end 232.30MB, increase: -683.95KB
2026-5-12 20:56:48-debug: [Build Memory track]: Sort some build options to settings.json start:232.32MB, end 232.34MB, increase: 20.22KB
2026-5-12 20:56:48-debug: // ---- build task Fill script data to settings ---- (3ms)
2026-5-12 20:56:48-log: run build task Fill script data to settings success in 3 ms√, progress: 13%
2026-5-12 20:56:48-debug: // ---- build task Sort some build options to settings.json ----
2026-5-12 20:56:48-debug: [Build Memory track]: Fill script data to settings start:232.36MB, end 232.39MB, increase: 26.38KB
2026-5-12 20:56:48-debug: Sort some build options to settings.json start, progress: 13%
2026-5-12 20:56:48-debug: // ---- build task Sort some build options to settings.json ---- (7ms)
2026-5-12 20:56:48-log: run build task Sort some build options to settings.json success in 7 ms√, progress: 15%
2026-5-12 20:56:48-debug: [Build Memory track]: Sort some build options to settings.json start:232.41MB, end 232.53MB, increase: 121.59KB
2026-5-12 20:57:05-debug: refresh db internal success
2026-5-12 20:57:05-debug: refresh db assets success
2026-5-12 20:57:05-debug: Run asset db hook engine-extends:afterRefresh ...
2026-5-12 20:57:05-debug: Run asset db hook engine-extends:afterRefresh success!
2026-5-12 20:57:05-debug: asset-db:refresh-all-database (26ms)
2026-5-12 20:57:05-debug: asset-db:worker-effect-data-processing (1ms)
2026-5-12 20:57:05-debug: asset-db-hook-engine-extends-afterRefresh (1ms)
