2026-6-11 09:04:57-log: Cannot access game frame or container.
2026-6-11 09:04:57-debug: asset-db:require-engine-code (553ms)
2026-6-11 09:04:57-log: meshopt wasm decoder initialized
2026-6-11 09:04:57-log: [bullet]:bullet wasm lib loaded.
2026-6-11 09:04:57-log: [box2d]:box2d wasm lib loaded.
2026-6-11 09:04:57-log: Cocos Creator v3.8.8
2026-6-11 09:04:57-log: Using legacy pipeline
2026-6-11 09:04:57-log: Forward render pipeline initialized.
2026-6-11 09:04:57-debug: [Assets Memory track]: asset-db:worker-init: initEngine start:31.38MB, end 79.22MB, increase: 47.83MB
2026-6-11 09:05:00-debug: [Assets Memory track]: asset-db:worker-init: initPlugin start:79.26MB, end 216.11MB, increase: 136.85MB
2026-6-11 09:05:00-debug: run package(xiaomi-quick-game) handler(enable) start
2026-6-11 09:05:00-debug: run package(cocos-service) handler(enable) start
2026-6-11 09:05:00-debug: run package(cocos-service) handler(enable) success!
2026-6-11 09:05:00-debug: run package(im-plugin) handler(enable) success!
2026-6-11 09:05:00-debug: run package(placeholder) handler(enable) success!
2026-6-11 09:05:00-debug: run package(placeholder) handler(enable) start
2026-6-11 09:05:00-debug: run package(im-plugin) handler(enable) start
2026-6-11 09:05:00-debug: run package(xiaomi-quick-game) handler(enable) success!
2026-6-11 09:05:00-debug: asset-db:worker-init: initPlugin (2272ms)
2026-6-11 09:05:00-debug: [Assets Memory track]: asset-db:worker-init start:31.38MB, end 215.05MB, increase: 183.67MB
2026-6-11 09:05:00-debug: Run asset db hook programming:beforePreStart success!
2026-6-11 09:05:00-debug: Run asset db hook engine-extends:beforePreStart ...
2026-6-11 09:05:00-debug: Run asset db hook engine-extends:beforePreStart success!
2026-6-11 09:05:00-debug: Run asset db hook programming:beforePreStart ...
2026-6-11 09:05:00-debug: asset-db:worker-init (2954ms)
2026-6-11 09:05:00-debug: asset-db-hook-programming-beforePreStart (65ms)
2026-6-11 09:05:00-debug: asset-db-hook-engine-extends-beforePreStart (65ms)
2026-6-11 09:05:00-debug: Preimport db internal success
2026-6-11 09:05:00-debug: %cImport%c: /Users/zxd/workspace/person/animal-chess-game/assets/scripts/pages/GamePage.tsbackground: #aaff85; color: #000;color: #000;
2026-6-11 09:05:00-debug: Preimport db assets success
2026-6-11 09:05:00-debug: starting packer-driver...
2026-6-11 09:05:00-debug: Run asset db hook programming:afterPreStart ...
2026-6-11 09:05:00-debug: initialize scripting environment...
2026-6-11 09:05:00-debug: [[Executor]] prepare before lock
2026-6-11 09:05:00-debug: Set detail map pack:///resolution-detail-map.json: {}
2026-6-11 09:05:00-debug: [[Executor]] prepare after unlock
2026-6-11 09:05:00-debug: [Assets Memory track]: asset-db:worker-init: preStart start:215.06MB, end 221.22MB, increase: 6.16MB
2026-6-11 09:05:00-debug: Start up the 'internal' database...
2026-6-11 09:05:00-debug: Run asset db hook engine-extends:afterPreStart success!
2026-6-11 09:05:00-debug: Run asset db hook programming:afterPreStart success!
2026-6-11 09:05:00-debug: Run asset db hook engine-extends:afterPreStart ...
2026-6-11 09:05:00-debug: asset-db-hook-programming-afterPreStart (438ms)
2026-6-11 09:05:00-debug: asset-db:worker-effect-data-processing (188ms)
2026-6-11 09:05:00-debug: asset-db-hook-engine-extends-afterPreStart (188ms)
2026-6-11 09:05:00-debug: Run asset db hook engine-extends:afterStartDB ...
2026-6-11 09:05:00-debug: recompile effect.bin success
2026-6-11 09:05:00-debug: Run asset db hook engine-extends:afterStartDB success!
2026-6-11 09:05:00-debug: Start up the 'assets' database...
2026-6-11 09:05:00-debug: asset-db:worker-effect-data-processing (201ms)
2026-6-11 09:05:00-debug: asset-db-hook-engine-extends-afterStartDB (201ms)
2026-6-11 09:05:00-debug: Run asset db hook engine-extends:afterStartDB ...
2026-6-11 09:05:01-debug: recompile effect.bin success
2026-6-11 09:05:01-debug: Run asset db hook engine-extends:afterStartDB success!
2026-6-11 09:05:01-debug: lazy register asset handler text
2026-6-11 09:05:01-debug: lazy register asset handler json
2026-6-11 09:05:01-debug: lazy register asset handler spine-data
2026-6-11 09:05:01-debug: lazy register asset handler dragonbones
2026-6-11 09:05:01-debug: lazy register asset handler dragonbones-atlas
2026-6-11 09:05:01-debug: lazy register asset handler terrain
2026-6-11 09:05:01-debug: lazy register asset handler javascript
2026-6-11 09:05:01-debug: lazy register asset handler typescript
2026-6-11 09:05:01-debug: lazy register asset handler scene
2026-6-11 09:05:01-debug: lazy register asset handler sprite-frame
2026-6-11 09:05:01-debug: lazy register asset handler prefab
2026-6-11 09:05:01-debug: lazy register asset handler tiled-map
2026-6-11 09:05:01-debug: lazy register asset handler buffer
2026-6-11 09:05:01-debug: lazy register asset handler image
2026-6-11 09:05:01-debug: lazy register asset handler sign-image
2026-6-11 09:05:01-debug: lazy register asset handler alpha-image
2026-6-11 09:05:01-debug: lazy register asset handler texture
2026-6-11 09:05:01-debug: lazy register asset handler texture-cube
2026-6-11 09:05:01-debug: lazy register asset handler erp-texture-cube
2026-6-11 09:05:01-debug: lazy register asset handler render-texture
2026-6-11 09:05:01-debug: lazy register asset handler *
2026-6-11 09:05:01-debug: lazy register asset handler directory
2026-6-11 09:05:01-debug: lazy register asset handler texture-cube-face
2026-6-11 09:05:01-debug: lazy register asset handler gltf-mesh
2026-6-11 09:05:01-debug: lazy register asset handler rt-sprite-frame
2026-6-11 09:05:01-debug: lazy register asset handler gltf-skeleton
2026-6-11 09:05:01-debug: lazy register asset handler gltf-material
2026-6-11 09:05:01-debug: lazy register asset handler gltf-animation
2026-6-11 09:05:01-debug: lazy register asset handler gltf-embeded-image
2026-6-11 09:05:01-debug: lazy register asset handler fbx
2026-6-11 09:05:01-debug: lazy register asset handler material
2026-6-11 09:05:01-debug: lazy register asset handler physics-material
2026-6-11 09:05:01-debug: lazy register asset handler effect
2026-6-11 09:05:01-debug: lazy register asset handler gltf
2026-6-11 09:05:01-debug: lazy register asset handler audio-clip
2026-6-11 09:05:01-debug: lazy register asset handler animation-clip
2026-6-11 09:05:01-debug: lazy register asset handler effect-header
2026-6-11 09:05:01-debug: lazy register asset handler animation-graph-variant
2026-6-11 09:05:01-debug: lazy register asset handler animation-mask
2026-6-11 09:05:01-debug: lazy register asset handler animation-graph
2026-6-11 09:05:01-debug: lazy register asset handler ttf-font
2026-6-11 09:05:01-debug: lazy register asset handler particle
2026-6-11 09:05:01-debug: lazy register asset handler bitmap-font
2026-6-11 09:05:01-debug: lazy register asset handler gltf-scene
2026-6-11 09:05:01-debug: lazy register asset handler label-atlas
2026-6-11 09:05:01-debug: lazy register asset handler render-pipeline
2026-6-11 09:05:01-debug: lazy register asset handler auto-atlas
2026-6-11 09:05:01-debug: lazy register asset handler render-flow
2026-6-11 09:05:01-debug: lazy register asset handler sprite-atlas
2026-6-11 09:05:01-debug: lazy register asset handler instantiation-material
2026-6-11 09:05:01-debug: lazy register asset handler instantiation-mesh
2026-6-11 09:05:01-debug: [Assets Memory track]: asset-db:worker-init: startup start:221.23MB, end 238.80MB, increase: 17.57MB
2026-6-11 09:05:01-debug: lazy register asset handler instantiation-animation
2026-6-11 09:05:01-debug: lazy register asset handler render-stage
2026-6-11 09:05:01-debug: lazy register asset handler instantiation-skeleton
2026-6-11 09:05:01-debug: lazy register asset handler video-clip
2026-6-11 09:05:01-debug: asset-db:worker-effect-data-processing (174ms)
2026-6-11 09:05:01-debug: asset-db-hook-engine-extends-afterStartDB (174ms)
2026-6-11 09:05:01-debug: asset-db:ready (5922ms)
2026-6-11 09:05:01-debug: asset-db:start-database (959ms)
2026-6-11 09:05:01-debug: init worker message success
2026-6-11 09:05:01-debug: programming:execute-script (3ms)
2026-6-11 09:05:01-debug: [Build Memory track]: builder:worker-init start:242.66MB, end 252.06MB, increase: 9.39MB
2026-6-11 09:05:01-debug: builder:worker-init (216ms)
2026-6-11 09:05:05-debug: refresh db internal success
2026-6-11 09:05:05-debug: refresh db assets success
2026-6-11 09:05:05-debug: Run asset db hook engine-extends:afterRefresh ...
2026-6-11 09:05:05-debug: Run asset db hook engine-extends:afterRefresh success!
2026-6-11 09:05:05-debug: asset-db:refresh-all-database (23ms)
2026-6-11 09:05:35-debug: refresh db internal success
2026-6-11 09:05:35-debug: Run asset db hook engine-extends:afterRefresh ...
2026-6-11 09:05:35-debug: refresh db assets success
2026-6-11 09:05:35-debug: Run asset db hook engine-extends:afterRefresh success!
2026-6-11 09:05:35-debug: asset-db:refresh-all-database (31ms)
2026-6-11 09:05:35-debug: asset-db:worker-effect-data-processing (1ms)
2026-6-11 09:05:35-debug: asset-db-hook-engine-extends-afterRefresh (1ms)
2026-6-11 09:05:37-debug: Query all assets info in project
2026-6-11 09:05:37-debug: init custom config: keepNodeUuid: false, useCache: true
2026-6-11 09:05:37-debug: Skip compress image, progress: 0%
2026-6-11 09:05:37-debug: Init all bundles start..., progress: 0%
2026-6-11 09:05:37-debug: Num of bundles: 3..., progress: 0%
2026-6-11 09:05:37-debug: Init bundle root assets start..., progress: 0%
2026-6-11 09:05:37-debug: // ---- build task 查询 Asset Bundle ----
2026-6-11 09:05:37-debug: 查询 Asset Bundle start, progress: 0%
2026-6-11 09:05:37-debug: Query preload assets/scripts from cc.config.json: 60f7195c-ec2a-45eb-ba94-8955f60e81d0,1c02ae6f-4492-4915-b8f8-7492a3b1e4cd,810e96e4-e456-4468-9b59-f4e8f39732c0,efe8e2a3-eace-427b-b4f1-cb8a937ec77d,e9aa9a3e-5b2b-4ac7-a2c7-073de2b2b24f,8bbdbcdd-5cd4-4100-b6d5-b7c9625b6107,50f4348b-c883-4e2f-8f11-ce233b859fa1,fda095cb-831d-4601-ad94-846013963de8,f92806d7-1768-443f-afe8-12bcde84d0f0,dd3a144d-ab7f-41f0-82b8-2e43a090d496,f0416e68-0200-4b77-a926-4f9d16e494da,970b0598-bcb0-4714-91fb-2e81440dccd8,bcd64cc6-2dd9-43f6-abbe-66318d332032,d930590d-bb92-4cc8-8bd1-23cd027f9edf,a3cd009f-0ab0-420d-9278-b9fdab939bbc,6a2d0734-bd9e-4ddf-946e-caa52498cb75,c27215d8-6835-4b68-bfbb-bdeac6100c04,b5d6115f-0370-4d7c-aad3-c194cc71cf98,871c3b6c-7379-419d-bda3-794b239ab90d,ff9b0199-ce04-4cfe-86cc-6c719f08d6e4,de1c2107-70c8-4021-8459-6399f24d01c6,cbf30902-517f-40dc-af90-a550bac27cf1,5c601d96-e4c7-4698-991b-7ee674b11079
2026-6-11 09:05:37-debug:   Number of all scenes: 1
2026-6-11 09:05:37-debug:   Number of all scripts: 21
2026-6-11 09:05:37-debug:   Number of other assets: 374
2026-6-11 09:05:37-debug: Init bundle root assets success..., progress: 0%
2026-6-11 09:05:37-log: run build task 查询 Asset Bundle success in 6 ms√, progress: 5%
2026-6-11 09:05:37-debug: // ---- build task 查询 Asset Bundle ---- (6ms)
2026-6-11 09:05:37-debug: 查询 Asset Bundle start, progress: 5%
2026-6-11 09:05:37-debug: // ---- build task 查询 Asset Bundle ----
2026-6-11 09:05:37-debug: [Build Memory track]: 查询 Asset Bundle start:223.37MB, end 223.49MB, increase: 123.04KB
2026-6-11 09:05:37-debug: // ---- build task 查询 Asset Bundle ---- (4ms)
2026-6-11 09:05:37-log: run build task 查询 Asset Bundle success in 4 ms√, progress: 10%
2026-6-11 09:05:37-debug: [Build Memory track]: 查询 Asset Bundle start:223.53MB, end 223.68MB, increase: 153.90KB
2026-6-11 09:05:37-debug: // ---- build task 整理部分构建选项内数据到 settings.json ----
2026-6-11 09:05:37-debug: 整理部分构建选项内数据到 settings.json start, progress: 10%
2026-6-11 09:05:37-debug: // ---- build task 整理部分构建选项内数据到 settings.json ---- (1ms)
2026-6-11 09:05:37-log: run build task 整理部分构建选项内数据到 settings.json success in 1 ms√, progress: 12%
2026-6-11 09:05:37-debug: [Build Memory track]: 整理部分构建选项内数据到 settings.json start:223.72MB, end 223.75MB, increase: 32.06KB
2026-6-11 09:05:37-debug: 填充脚本数据到 settings.json start, progress: 12%
2026-6-11 09:05:37-debug: // ---- build task 填充脚本数据到 settings.json ----
2026-6-11 09:05:37-debug: // ---- build task 填充脚本数据到 settings.json ---- (1ms)
2026-6-11 09:05:37-log: run build task 填充脚本数据到 settings.json success in 1 ms√, progress: 13%
2026-6-11 09:05:37-debug: [Build Memory track]: 填充脚本数据到 settings.json start:223.79MB, end 223.10MB, increase: -707.68KB
2026-6-11 09:05:37-debug: 整理部分构建选项内数据到 settings.json start, progress: 13%
2026-6-11 09:05:37-debug: // ---- build task 整理部分构建选项内数据到 settings.json ----
2026-6-11 09:05:37-debug: // ---- build task 整理部分构建选项内数据到 settings.json ---- (3ms)
2026-6-11 09:05:37-log: run build task 整理部分构建选项内数据到 settings.json success in 3 ms√, progress: 15%
2026-6-11 09:05:37-debug: [Build Memory track]: 整理部分构建选项内数据到 settings.json start:223.14MB, end 223.29MB, increase: 157.23KB
2026-6-11 09:05:49-debug: Query all assets info in project
2026-6-11 09:05:49-debug: init custom config: keepNodeUuid: false, useCache: true
2026-6-11 09:05:49-debug: Skip compress image, progress: 0%
2026-6-11 09:05:49-debug: Init all bundles start..., progress: 0%
2026-6-11 09:05:49-debug: Init bundle root assets start..., progress: 0%
2026-6-11 09:05:49-debug: Num of bundles: 3..., progress: 0%
2026-6-11 09:05:49-debug: 查询 Asset Bundle start, progress: 0%
2026-6-11 09:05:49-debug: // ---- build task 查询 Asset Bundle ----
2026-6-11 09:05:49-debug: Query preload assets/scripts from cc.config.json: 60f7195c-ec2a-45eb-ba94-8955f60e81d0,1c02ae6f-4492-4915-b8f8-7492a3b1e4cd,810e96e4-e456-4468-9b59-f4e8f39732c0,efe8e2a3-eace-427b-b4f1-cb8a937ec77d,e9aa9a3e-5b2b-4ac7-a2c7-073de2b2b24f,8bbdbcdd-5cd4-4100-b6d5-b7c9625b6107,50f4348b-c883-4e2f-8f11-ce233b859fa1,fda095cb-831d-4601-ad94-846013963de8,f92806d7-1768-443f-afe8-12bcde84d0f0,dd3a144d-ab7f-41f0-82b8-2e43a090d496,f0416e68-0200-4b77-a926-4f9d16e494da,970b0598-bcb0-4714-91fb-2e81440dccd8,bcd64cc6-2dd9-43f6-abbe-66318d332032,d930590d-bb92-4cc8-8bd1-23cd027f9edf,a3cd009f-0ab0-420d-9278-b9fdab939bbc,6a2d0734-bd9e-4ddf-946e-caa52498cb75,c27215d8-6835-4b68-bfbb-bdeac6100c04,b5d6115f-0370-4d7c-aad3-c194cc71cf98,871c3b6c-7379-419d-bda3-794b239ab90d,ff9b0199-ce04-4cfe-86cc-6c719f08d6e4,de1c2107-70c8-4021-8459-6399f24d01c6,cbf30902-517f-40dc-af90-a550bac27cf1,5c601d96-e4c7-4698-991b-7ee674b11079
2026-6-11 09:05:49-debug:   Number of all scenes: 1
2026-6-11 09:05:49-debug: Init bundle root assets success..., progress: 0%
2026-6-11 09:05:49-debug:   Number of other assets: 374
2026-6-11 09:05:49-debug:   Number of all scripts: 21
2026-6-11 09:05:49-debug: // ---- build task 查询 Asset Bundle ---- (8ms)
2026-6-11 09:05:49-debug: // ---- build task 查询 Asset Bundle ----
2026-6-11 09:05:49-log: run build task 查询 Asset Bundle success in 8 ms√, progress: 5%
2026-6-11 09:05:49-debug: [Build Memory track]: 查询 Asset Bundle start:223.39MB, end 223.54MB, increase: 156.54KB
2026-6-11 09:05:49-debug: 查询 Asset Bundle start, progress: 5%
2026-6-11 09:05:49-debug: // ---- build task 查询 Asset Bundle ---- (5ms)
2026-6-11 09:05:49-log: run build task 查询 Asset Bundle success in 5 ms√, progress: 10%
2026-6-11 09:05:49-debug: [Build Memory track]: 查询 Asset Bundle start:223.58MB, end 223.71MB, increase: 127.55KB
2026-6-11 09:05:49-debug: 整理部分构建选项内数据到 settings.json start, progress: 10%
2026-6-11 09:05:49-debug: // ---- build task 整理部分构建选项内数据到 settings.json ----
2026-6-11 09:05:49-debug: // ---- build task 整理部分构建选项内数据到 settings.json ---- (2ms)
2026-6-11 09:05:49-log: run build task 整理部分构建选项内数据到 settings.json success in 2 ms√, progress: 12%
2026-6-11 09:05:49-debug: [Build Memory track]: 整理部分构建选项内数据到 settings.json start:223.75MB, end 223.78MB, increase: 33.54KB
2026-6-11 09:05:49-debug: 填充脚本数据到 settings.json start, progress: 12%
2026-6-11 09:05:49-debug: // ---- build task 填充脚本数据到 settings.json ----
2026-6-11 09:05:49-debug: // ---- build task 填充脚本数据到 settings.json ---- (2ms)
2026-6-11 09:05:49-log: run build task 填充脚本数据到 settings.json success in 2 ms√, progress: 13%
2026-6-11 09:05:49-debug: // ---- build task 整理部分构建选项内数据到 settings.json ----
2026-6-11 09:05:49-debug: 整理部分构建选项内数据到 settings.json start, progress: 13%
2026-6-11 09:05:49-debug: [Build Memory track]: 填充脚本数据到 settings.json start:223.82MB, end 223.86MB, increase: 38.61KB
2026-6-11 09:05:49-debug: // ---- build task 整理部分构建选项内数据到 settings.json ---- (3ms)
2026-6-11 09:05:49-debug: [Build Memory track]: 整理部分构建选项内数据到 settings.json start:223.90MB, end 224.05MB, increase: 157.50KB
2026-6-11 09:05:49-log: run build task 整理部分构建选项内数据到 settings.json success in 3 ms√, progress: 15%
2026-6-11 09:08:28-debug: Query all assets info in project
2026-6-11 09:08:28-debug: init custom config: keepNodeUuid: false, useCache: true
2026-6-11 09:08:28-debug: Skip compress image, progress: 0%
2026-6-11 09:08:28-debug: Init all bundles start..., progress: 0%
2026-6-11 09:08:28-debug: // ---- build task 查询 Asset Bundle ----
2026-6-11 09:08:28-debug: Init bundle root assets start..., progress: 0%
2026-6-11 09:08:28-debug: Num of bundles: 3..., progress: 0%
2026-6-11 09:08:28-debug: 查询 Asset Bundle start, progress: 0%
2026-6-11 09:08:28-debug: Query preload assets/scripts from cc.config.json: 60f7195c-ec2a-45eb-ba94-8955f60e81d0,1c02ae6f-4492-4915-b8f8-7492a3b1e4cd,810e96e4-e456-4468-9b59-f4e8f39732c0,efe8e2a3-eace-427b-b4f1-cb8a937ec77d,e9aa9a3e-5b2b-4ac7-a2c7-073de2b2b24f,8bbdbcdd-5cd4-4100-b6d5-b7c9625b6107,50f4348b-c883-4e2f-8f11-ce233b859fa1,fda095cb-831d-4601-ad94-846013963de8,f92806d7-1768-443f-afe8-12bcde84d0f0,dd3a144d-ab7f-41f0-82b8-2e43a090d496,f0416e68-0200-4b77-a926-4f9d16e494da,970b0598-bcb0-4714-91fb-2e81440dccd8,bcd64cc6-2dd9-43f6-abbe-66318d332032,d930590d-bb92-4cc8-8bd1-23cd027f9edf,a3cd009f-0ab0-420d-9278-b9fdab939bbc,6a2d0734-bd9e-4ddf-946e-caa52498cb75,c27215d8-6835-4b68-bfbb-bdeac6100c04,b5d6115f-0370-4d7c-aad3-c194cc71cf98,871c3b6c-7379-419d-bda3-794b239ab90d,ff9b0199-ce04-4cfe-86cc-6c719f08d6e4,de1c2107-70c8-4021-8459-6399f24d01c6,cbf30902-517f-40dc-af90-a550bac27cf1,5c601d96-e4c7-4698-991b-7ee674b11079
2026-6-11 09:08:28-debug:   Number of all scripts: 21
2026-6-11 09:08:28-debug:   Number of other assets: 374
2026-6-11 09:08:28-debug: Init bundle root assets success..., progress: 0%
2026-6-11 09:08:28-debug:   Number of all scenes: 1
2026-6-11 09:08:28-debug: // ---- build task 查询 Asset Bundle ---- (8ms)
2026-6-11 09:08:28-log: run build task 查询 Asset Bundle success in 8 ms√, progress: 5%
2026-6-11 09:08:28-debug: // ---- build task 查询 Asset Bundle ----
2026-6-11 09:08:28-debug: [Build Memory track]: 查询 Asset Bundle start:224.21MB, end 223.54MB, increase: -686.45KB
2026-6-11 09:08:28-debug: 查询 Asset Bundle start, progress: 5%
2026-6-11 09:08:28-debug: // ---- build task 查询 Asset Bundle ---- (3ms)
2026-6-11 09:08:28-log: run build task 查询 Asset Bundle success in 3 ms√, progress: 10%
2026-6-11 09:08:28-debug: [Build Memory track]: 查询 Asset Bundle start:223.58MB, end 223.71MB, increase: 127.32KB
2026-6-11 09:08:28-debug: 整理部分构建选项内数据到 settings.json start, progress: 10%
2026-6-11 09:08:28-debug: // ---- build task 整理部分构建选项内数据到 settings.json ----
2026-6-11 09:08:28-log: run build task 整理部分构建选项内数据到 settings.json success in √, progress: 12%
2026-6-11 09:08:28-debug: [Build Memory track]: 整理部分构建选项内数据到 settings.json start:223.74MB, end 223.76MB, increase: 19.31KB
2026-6-11 09:08:28-debug: 填充脚本数据到 settings.json start, progress: 12%
2026-6-11 09:08:28-debug: // ---- build task 填充脚本数据到 settings.json ----
2026-6-11 09:08:28-debug: // ---- build task 填充脚本数据到 settings.json ---- (1ms)
2026-6-11 09:08:28-debug: [Build Memory track]: 填充脚本数据到 settings.json start:223.80MB, end 223.83MB, increase: 30.32KB
2026-6-11 09:08:28-debug: // ---- build task 整理部分构建选项内数据到 settings.json ----
2026-6-11 09:08:28-log: run build task 填充脚本数据到 settings.json success in 1 ms√, progress: 13%
2026-6-11 09:08:28-debug: 整理部分构建选项内数据到 settings.json start, progress: 13%
2026-6-11 09:08:28-log: run build task 整理部分构建选项内数据到 settings.json success in 4 ms√, progress: 15%
2026-6-11 09:08:28-debug: [Build Memory track]: 整理部分构建选项内数据到 settings.json start:223.87MB, end 224.01MB, increase: 145.33KB
2026-6-11 09:08:28-debug: // ---- build task 整理部分构建选项内数据到 settings.json ---- (4ms)
2026-6-11 09:08:32-debug: Query all assets info in project
2026-6-11 09:08:32-debug: init custom config: keepNodeUuid: false, useCache: true
2026-6-11 09:08:32-debug: Skip compress image, progress: 0%
2026-6-11 09:08:32-debug: Init all bundles start..., progress: 0%
2026-6-11 09:08:32-debug: // ---- build task 查询 Asset Bundle ----
2026-6-11 09:08:32-debug: Num of bundles: 3..., progress: 0%
2026-6-11 09:08:32-debug: 查询 Asset Bundle start, progress: 0%
2026-6-11 09:08:32-debug: Init bundle root assets start..., progress: 0%
2026-6-11 09:08:32-debug: Query preload assets/scripts from cc.config.json: 60f7195c-ec2a-45eb-ba94-8955f60e81d0,1c02ae6f-4492-4915-b8f8-7492a3b1e4cd,810e96e4-e456-4468-9b59-f4e8f39732c0,efe8e2a3-eace-427b-b4f1-cb8a937ec77d,e9aa9a3e-5b2b-4ac7-a2c7-073de2b2b24f,8bbdbcdd-5cd4-4100-b6d5-b7c9625b6107,50f4348b-c883-4e2f-8f11-ce233b859fa1,fda095cb-831d-4601-ad94-846013963de8,f92806d7-1768-443f-afe8-12bcde84d0f0,dd3a144d-ab7f-41f0-82b8-2e43a090d496,f0416e68-0200-4b77-a926-4f9d16e494da,970b0598-bcb0-4714-91fb-2e81440dccd8,bcd64cc6-2dd9-43f6-abbe-66318d332032,d930590d-bb92-4cc8-8bd1-23cd027f9edf,a3cd009f-0ab0-420d-9278-b9fdab939bbc,6a2d0734-bd9e-4ddf-946e-caa52498cb75,c27215d8-6835-4b68-bfbb-bdeac6100c04,b5d6115f-0370-4d7c-aad3-c194cc71cf98,871c3b6c-7379-419d-bda3-794b239ab90d,ff9b0199-ce04-4cfe-86cc-6c719f08d6e4,de1c2107-70c8-4021-8459-6399f24d01c6,cbf30902-517f-40dc-af90-a550bac27cf1,5c601d96-e4c7-4698-991b-7ee674b11079
2026-6-11 09:08:32-debug:   Number of all scenes: 1
2026-6-11 09:08:32-debug:   Number of all scripts: 21
2026-6-11 09:08:32-debug:   Number of other assets: 374
2026-6-11 09:08:32-debug: Init bundle root assets success..., progress: 0%
2026-6-11 09:08:32-debug: // ---- build task 查询 Asset Bundle ---- (6ms)
2026-6-11 09:08:32-debug: [Build Memory track]: 查询 Asset Bundle start:223.80MB, end 223.94MB, increase: 140.86KB
2026-6-11 09:08:32-debug: 查询 Asset Bundle start, progress: 5%
2026-6-11 09:08:32-log: run build task 查询 Asset Bundle success in 6 ms√, progress: 5%
2026-6-11 09:08:32-debug: // ---- build task 查询 Asset Bundle ----
2026-6-11 09:08:32-debug: // ---- build task 查询 Asset Bundle ---- (2ms)
2026-6-11 09:08:32-debug: [Build Memory track]: 查询 Asset Bundle start:223.98MB, end 224.11MB, increase: 132.22KB
2026-6-11 09:08:32-debug: 整理部分构建选项内数据到 settings.json start, progress: 10%
2026-6-11 09:08:32-debug: // ---- build task 整理部分构建选项内数据到 settings.json ----
2026-6-11 09:08:32-log: run build task 查询 Asset Bundle success in 2 ms√, progress: 10%
2026-6-11 09:08:32-debug: // ---- build task 整理部分构建选项内数据到 settings.json ---- (1ms)
2026-6-11 09:08:32-log: run build task 整理部分构建选项内数据到 settings.json success in 1 ms√, progress: 12%
2026-6-11 09:08:32-debug: [Build Memory track]: 整理部分构建选项内数据到 settings.json start:224.14MB, end 224.18MB, increase: 38.16KB
2026-6-11 09:08:32-debug: 填充脚本数据到 settings.json start, progress: 12%
2026-6-11 09:08:32-log: run build task 填充脚本数据到 settings.json success in √, progress: 13%
2026-6-11 09:08:32-debug: 整理部分构建选项内数据到 settings.json start, progress: 13%
2026-6-11 09:08:32-debug: [Build Memory track]: 填充脚本数据到 settings.json start:224.22MB, end 224.23MB, increase: 15.87KB
2026-6-11 09:08:32-debug: // ---- build task 整理部分构建选项内数据到 settings.json ----
2026-6-11 09:08:32-debug: // ---- build task 填充脚本数据到 settings.json ----
2026-6-11 09:08:32-debug: // ---- build task 整理部分构建选项内数据到 settings.json ---- (4ms)
2026-6-11 09:08:32-log: run build task 整理部分构建选项内数据到 settings.json success in 4 ms√, progress: 15%
2026-6-11 09:08:32-debug: [Build Memory track]: 整理部分构建选项内数据到 settings.json start:224.27MB, end 224.40MB, increase: 131.48KB
2026-6-11 09:09:14-debug: Query all assets info in project
2026-6-11 09:09:14-debug: init custom config: keepNodeUuid: false, useCache: true
2026-6-11 09:09:14-debug: Skip compress image, progress: 0%
2026-6-11 09:09:14-debug: Init all bundles start..., progress: 0%
2026-6-11 09:09:14-debug: Num of bundles: 3..., progress: 0%
2026-6-11 09:09:14-debug: 查询 Asset Bundle start, progress: 0%
2026-6-11 09:09:14-debug: // ---- build task 查询 Asset Bundle ----
2026-6-11 09:09:14-debug: Init bundle root assets start..., progress: 0%
2026-6-11 09:09:14-debug: Query preload assets/scripts from cc.config.json: 60f7195c-ec2a-45eb-ba94-8955f60e81d0,1c02ae6f-4492-4915-b8f8-7492a3b1e4cd,810e96e4-e456-4468-9b59-f4e8f39732c0,efe8e2a3-eace-427b-b4f1-cb8a937ec77d,e9aa9a3e-5b2b-4ac7-a2c7-073de2b2b24f,8bbdbcdd-5cd4-4100-b6d5-b7c9625b6107,50f4348b-c883-4e2f-8f11-ce233b859fa1,fda095cb-831d-4601-ad94-846013963de8,f92806d7-1768-443f-afe8-12bcde84d0f0,dd3a144d-ab7f-41f0-82b8-2e43a090d496,f0416e68-0200-4b77-a926-4f9d16e494da,970b0598-bcb0-4714-91fb-2e81440dccd8,bcd64cc6-2dd9-43f6-abbe-66318d332032,d930590d-bb92-4cc8-8bd1-23cd027f9edf,a3cd009f-0ab0-420d-9278-b9fdab939bbc,6a2d0734-bd9e-4ddf-946e-caa52498cb75,c27215d8-6835-4b68-bfbb-bdeac6100c04,b5d6115f-0370-4d7c-aad3-c194cc71cf98,871c3b6c-7379-419d-bda3-794b239ab90d,ff9b0199-ce04-4cfe-86cc-6c719f08d6e4,de1c2107-70c8-4021-8459-6399f24d01c6,cbf30902-517f-40dc-af90-a550bac27cf1,5c601d96-e4c7-4698-991b-7ee674b11079
2026-6-11 09:09:14-debug: Init bundle root assets success..., progress: 0%
2026-6-11 09:09:14-debug:   Number of all scripts: 21
2026-6-11 09:09:14-debug:   Number of all scenes: 1
2026-6-11 09:09:14-debug:   Number of other assets: 374
2026-6-11 09:09:14-debug: // ---- build task 查询 Asset Bundle ---- (6ms)
2026-6-11 09:09:14-log: run build task 查询 Asset Bundle success in 6 ms√, progress: 5%
2026-6-11 09:09:14-debug: [Build Memory track]: 查询 Asset Bundle start:224.50MB, end 224.61MB, increase: 103.95KB
2026-6-11 09:09:14-debug: 查询 Asset Bundle start, progress: 5%
2026-6-11 09:09:14-debug: // ---- build task 查询 Asset Bundle ----
2026-6-11 09:09:14-debug: // ---- build task 查询 Asset Bundle ---- (2ms)
2026-6-11 09:09:14-debug: [Build Memory track]: 查询 Asset Bundle start:224.64MB, end 224.03MB, increase: -630.54KB
2026-6-11 09:09:14-debug: 整理部分构建选项内数据到 settings.json start, progress: 10%
2026-6-11 09:09:14-debug: // ---- build task 整理部分构建选项内数据到 settings.json ----
2026-6-11 09:09:14-log: run build task 查询 Asset Bundle success in 2 ms√, progress: 10%
2026-6-11 09:09:14-log: run build task 整理部分构建选项内数据到 settings.json success in √, progress: 12%
2026-6-11 09:09:14-debug: [Build Memory track]: 整理部分构建选项内数据到 settings.json start:224.06MB, end 224.08MB, increase: 19.94KB
2026-6-11 09:09:14-debug: // ---- build task 填充脚本数据到 settings.json ----
2026-6-11 09:09:14-debug: 填充脚本数据到 settings.json start, progress: 12%
2026-6-11 09:09:14-debug: // ---- build task 填充脚本数据到 settings.json ---- (1ms)
2026-6-11 09:09:14-log: run build task 填充脚本数据到 settings.json success in 1 ms√, progress: 13%
2026-6-11 09:09:14-debug: 整理部分构建选项内数据到 settings.json start, progress: 13%
2026-6-11 09:09:14-debug: // ---- build task 整理部分构建选项内数据到 settings.json ----
2026-6-11 09:09:14-debug: [Build Memory track]: 填充脚本数据到 settings.json start:224.12MB, end 224.15MB, increase: 32.36KB
2026-6-11 09:09:14-debug: // ---- build task 整理部分构建选项内数据到 settings.json ---- (4ms)
2026-6-11 09:09:14-log: run build task 整理部分构建选项内数据到 settings.json success in 4 ms√, progress: 15%
2026-6-11 09:09:14-debug: [Build Memory track]: 整理部分构建选项内数据到 settings.json start:224.19MB, end 224.32MB, increase: 134.86KB
2026-6-11 09:25:02-debug: refresh db internal success
2026-6-11 09:25:02-debug: refresh db assets success
2026-6-11 09:25:02-debug: Run asset db hook engine-extends:afterRefresh ...
2026-6-11 09:25:02-debug: Run asset db hook engine-extends:afterRefresh success!
2026-6-11 09:25:02-debug: asset-db:refresh-all-database (98ms)
2026-6-11 09:25:02-debug: asset-db:worker-effect-data-processing (3ms)
2026-6-11 09:25:02-debug: asset-db-hook-engine-extends-afterRefresh (4ms)
2026-6-11 10:49:59-debug: Query all assets info in project
2026-6-11 10:49:59-debug: init custom config: keepNodeUuid: false, useCache: true
2026-6-11 10:49:59-debug: Skip compress image, progress: 0%
2026-6-11 10:49:59-debug: Init all bundles start..., progress: 0%
2026-6-11 10:49:59-debug: Num of bundles: 3..., progress: 0%
2026-6-11 10:49:59-debug: 查询 Asset Bundle start, progress: 0%
2026-6-11 10:49:59-debug: // ---- build task 查询 Asset Bundle ----
2026-6-11 10:49:59-debug: Init bundle root assets start..., progress: 0%
2026-6-11 10:49:59-debug: Query preload assets/scripts from cc.config.json: 60f7195c-ec2a-45eb-ba94-8955f60e81d0,1c02ae6f-4492-4915-b8f8-7492a3b1e4cd,810e96e4-e456-4468-9b59-f4e8f39732c0,efe8e2a3-eace-427b-b4f1-cb8a937ec77d,e9aa9a3e-5b2b-4ac7-a2c7-073de2b2b24f,8bbdbcdd-5cd4-4100-b6d5-b7c9625b6107,50f4348b-c883-4e2f-8f11-ce233b859fa1,fda095cb-831d-4601-ad94-846013963de8,f92806d7-1768-443f-afe8-12bcde84d0f0,dd3a144d-ab7f-41f0-82b8-2e43a090d496,f0416e68-0200-4b77-a926-4f9d16e494da,970b0598-bcb0-4714-91fb-2e81440dccd8,bcd64cc6-2dd9-43f6-abbe-66318d332032,d930590d-bb92-4cc8-8bd1-23cd027f9edf,a3cd009f-0ab0-420d-9278-b9fdab939bbc,6a2d0734-bd9e-4ddf-946e-caa52498cb75,c27215d8-6835-4b68-bfbb-bdeac6100c04,b5d6115f-0370-4d7c-aad3-c194cc71cf98,871c3b6c-7379-419d-bda3-794b239ab90d,ff9b0199-ce04-4cfe-86cc-6c719f08d6e4,de1c2107-70c8-4021-8459-6399f24d01c6,cbf30902-517f-40dc-af90-a550bac27cf1,5c601d96-e4c7-4698-991b-7ee674b11079
2026-6-11 10:49:59-debug: Init bundle root assets success..., progress: 0%
2026-6-11 10:49:59-debug:   Number of all scripts: 21
2026-6-11 10:49:59-debug:   Number of other assets: 374
2026-6-11 10:49:59-debug:   Number of all scenes: 1
2026-6-11 10:49:59-debug: // ---- build task 查询 Asset Bundle ---- (18ms)
2026-6-11 10:49:59-debug: [Build Memory track]: 查询 Asset Bundle start:225.78MB, end 225.21MB, increase: -587.43KB
2026-6-11 10:49:59-debug: // ---- build task 查询 Asset Bundle ----
2026-6-11 10:49:59-log: run build task 查询 Asset Bundle success in 18 ms√, progress: 5%
2026-6-11 10:49:59-debug: 查询 Asset Bundle start, progress: 5%
2026-6-11 10:49:59-debug: // ---- build task 查询 Asset Bundle ---- (3ms)
2026-6-11 10:49:59-debug: 整理部分构建选项内数据到 settings.json start, progress: 10%
2026-6-11 10:49:59-debug: [Build Memory track]: 查询 Asset Bundle start:225.24MB, end 225.37MB, increase: 126.40KB
2026-6-11 10:49:59-log: run build task 查询 Asset Bundle success in 3 ms√, progress: 10%
2026-6-11 10:49:59-debug: // ---- build task 整理部分构建选项内数据到 settings.json ----
2026-6-11 10:49:59-debug: // ---- build task 整理部分构建选项内数据到 settings.json ---- (1ms)
2026-6-11 10:49:59-debug: 填充脚本数据到 settings.json start, progress: 12%
2026-6-11 10:49:59-debug: [Build Memory track]: 整理部分构建选项内数据到 settings.json start:225.41MB, end 225.44MB, increase: 31.48KB
2026-6-11 10:49:59-debug: // ---- build task 填充脚本数据到 settings.json ----
2026-6-11 10:49:59-log: run build task 整理部分构建选项内数据到 settings.json success in 1 ms√, progress: 12%
2026-6-11 10:49:59-debug: // ---- build task 填充脚本数据到 settings.json ---- (1ms)
2026-6-11 10:49:59-debug: 整理部分构建选项内数据到 settings.json start, progress: 13%
2026-6-11 10:49:59-debug: // ---- build task 整理部分构建选项内数据到 settings.json ----
2026-6-11 10:49:59-debug: [Build Memory track]: 填充脚本数据到 settings.json start:225.47MB, end 225.50MB, increase: 30.96KB
2026-6-11 10:49:59-log: run build task 填充脚本数据到 settings.json success in 1 ms√, progress: 13%
2026-6-11 10:49:59-log: run build task 整理部分构建选项内数据到 settings.json success in 9 ms√, progress: 15%
2026-6-11 10:49:59-debug: // ---- build task 整理部分构建选项内数据到 settings.json ---- (9ms)
2026-6-11 10:49:59-debug: [Build Memory track]: 整理部分构建选项内数据到 settings.json start:225.54MB, end 225.69MB, increase: 147.84KB
2026-6-11 11:19:37-debug: refresh db internal success
2026-6-11 11:19:37-debug: %cImport%c: /Users/zxd/workspace/person/animal-chess-game/assets/resources/images/play/piece_bg.pngbackground: #aaff85; color: #000;color: #000;
2026-6-11 11:19:37-debug: %cImport%c: /Users/zxd/workspace/person/animal-chess-game/assets/resources/images/playbackground: #aaff85; color: #000;color: #000;
2026-6-11 11:19:37-debug: %cImport%c: /Users/zxd/workspace/person/animal-chess-game/assets/scripts/pages/GamePage.tsbackground: #aaff85; color: #000;color: #000;
2026-6-11 11:19:37-debug: %cImport%c: /Users/zxd/workspace/person/animal-chess-game/assets/resources/images/play/piece_bg.png@6c48abackground: #aaff85; color: #000;color: #000;
2026-6-11 11:19:37-debug: refresh db assets success
2026-6-11 11:19:37-debug: Run asset db hook engine-extends:afterRefresh ...
2026-6-11 11:19:37-debug: Run asset db hook engine-extends:afterRefresh success!
2026-6-11 11:19:37-debug: asset-db:refresh-all-database (239ms)
2026-6-11 11:19:37-debug: asset-db:worker-effect-data-processing (2ms)
2026-6-11 11:19:37-debug: asset-db-hook-engine-extends-afterRefresh (3ms)
