2026-5-12 20:57:19-log: Cannot access game frame or container.
2026-5-12 20:57:20-debug: asset-db:require-engine-code (559ms)
2026-5-12 20:57:20-log: [box2d]:box2d wasm lib loaded.
2026-5-12 20:57:20-log: [bullet]:bullet wasm lib loaded.
2026-5-12 20:57:20-log: meshopt wasm decoder initialized
2026-5-12 20:57:20-log: Cocos Creator v3.8.8
2026-5-12 20:57:20-log: Using legacy pipeline
2026-5-12 20:57:20-log: Forward render pipeline initialized.
2026-5-12 20:57:20-debug: [Assets Memory track]: asset-db:worker-init: initEngine start:31.36MB, end 116.98MB, increase: 85.62MB
2026-5-12 20:57:22-debug: [Assets Memory track]: asset-db:worker-init: initPlugin start:78.66MB, end 273.62MB, increase: 194.95MB
2026-5-12 20:57:22-debug: run package(windows) handler(enable) start
2026-5-12 20:57:22-debug: run package(cocos-service) handler(enable) start
2026-5-12 20:57:22-debug: run package(cocos-service) handler(enable) success!
2026-5-12 20:57:22-debug: run package(im-plugin) handler(enable) start
2026-5-12 20:57:22-debug: run package(im-plugin) handler(enable) success!
2026-5-12 20:57:22-debug: run package(placeholder) handler(enable) start
2026-5-12 20:57:22-debug: run package(placeholder) handler(enable) success!
2026-5-12 20:57:22-debug: run package(windows) handler(enable) success!
2026-5-12 20:57:22-debug: run package(xiaomi-quick-game) handler(enable) start
2026-5-12 20:57:22-debug: run package(xiaomi-quick-game) handler(enable) success!
2026-5-12 20:57:22-debug: asset-db:worker-init: initPlugin (2227ms)
2026-5-12 20:57:22-debug: [Assets Memory track]: asset-db:worker-init start:31.35MB, end 274.10MB, increase: 242.75MB
2026-5-12 20:57:22-debug: Run asset db hook engine-extends:beforePreStart ...
2026-5-12 20:57:22-debug: Run asset db hook programming:beforePreStart success!
2026-5-12 20:57:22-debug: Run asset db hook engine-extends:beforePreStart success!
2026-5-12 20:57:22-debug: Run asset db hook programming:beforePreStart ...
2026-5-12 20:57:22-debug: asset-db:worker-init (2915ms)
2026-5-12 20:57:22-debug: asset-db-hook-programming-beforePreStart (65ms)
2026-5-12 20:57:22-debug: asset-db-hook-engine-extends-beforePreStart (65ms)
2026-5-12 20:57:22-debug: Preimport db internal success
2026-5-12 20:57:22-debug: Preimport db assets success
2026-5-12 20:57:22-debug: Run asset db hook programming:afterPreStart ...
2026-5-12 20:57:22-debug: starting packer-driver...
2026-5-12 20:57:22-debug: initialize scripting environment...
2026-5-12 20:57:22-debug: [[Executor]] prepare before lock
2026-5-12 20:57:22-debug: Set detail map pack:///resolution-detail-map.json: {}
2026-5-12 20:57:22-debug: [[Executor]] prepare after unlock
2026-5-12 20:57:22-debug: [Assets Memory track]: asset-db:worker-init: preStart start:274.11MB, end 277.44MB, increase: 3.33MB
2026-5-12 20:57:22-debug: Start up the 'internal' database...
2026-5-12 20:57:22-debug: Run asset db hook engine-extends:afterPreStart success!
2026-5-12 20:57:22-debug: Run asset db hook programming:afterPreStart success!
2026-5-12 20:57:22-debug: Run asset db hook engine-extends:afterPreStart ...
2026-5-12 20:57:22-debug: asset-db-hook-programming-afterPreStart (351ms)
2026-5-12 20:57:22-debug: asset-db:worker-effect-data-processing (198ms)
2026-5-12 20:57:22-debug: asset-db-hook-engine-extends-afterPreStart (198ms)
2026-5-12 20:57:22-debug: Run asset db hook engine-extends:afterStartDB ...
2026-5-12 20:57:23-debug: recompile effect.bin success
2026-5-12 20:57:23-debug: Run asset db hook engine-extends:afterStartDB success!
2026-5-12 20:57:23-debug: Start up the 'assets' database...
2026-5-12 20:57:23-debug: asset-db:worker-effect-data-processing (282ms)
2026-5-12 20:57:23-debug: asset-db-hook-engine-extends-afterStartDB (282ms)
2026-5-12 20:57:23-debug: Run asset db hook engine-extends:afterStartDB ...
2026-5-12 20:57:23-debug: recompile effect.bin success
2026-5-12 20:57:23-debug: Run asset db hook engine-extends:afterStartDB success!
2026-5-12 20:57:23-debug: [Assets Memory track]: asset-db:worker-init: startup start:277.45MB, end 297.63MB, increase: 20.18MB
2026-5-12 20:57:23-debug: lazy register asset handler *
2026-5-12 20:57:23-debug: lazy register asset handler directory
2026-5-12 20:57:23-debug: lazy register asset handler text
2026-5-12 20:57:23-debug: lazy register asset handler json
2026-5-12 20:57:23-debug: lazy register asset handler spine-data
2026-5-12 20:57:23-debug: lazy register asset handler dragonbones
2026-5-12 20:57:23-debug: lazy register asset handler terrain
2026-5-12 20:57:23-debug: lazy register asset handler dragonbones-atlas
2026-5-12 20:57:23-debug: lazy register asset handler javascript
2026-5-12 20:57:23-debug: lazy register asset handler typescript
2026-5-12 20:57:23-debug: lazy register asset handler scene
2026-5-12 20:57:23-debug: lazy register asset handler sprite-frame
2026-5-12 20:57:23-debug: lazy register asset handler prefab
2026-5-12 20:57:23-debug: lazy register asset handler tiled-map
2026-5-12 20:57:23-debug: lazy register asset handler buffer
2026-5-12 20:57:23-debug: lazy register asset handler image
2026-5-12 20:57:23-debug: lazy register asset handler sign-image
2026-5-12 20:57:23-debug: lazy register asset handler alpha-image
2026-5-12 20:57:23-debug: lazy register asset handler texture
2026-5-12 20:57:23-debug: lazy register asset handler texture-cube
2026-5-12 20:57:23-debug: lazy register asset handler erp-texture-cube
2026-5-12 20:57:23-debug: lazy register asset handler render-texture
2026-5-12 20:57:23-debug: lazy register asset handler texture-cube-face
2026-5-12 20:57:23-debug: lazy register asset handler rt-sprite-frame
2026-5-12 20:57:23-debug: lazy register asset handler gltf
2026-5-12 20:57:23-debug: lazy register asset handler gltf-mesh
2026-5-12 20:57:23-debug: lazy register asset handler gltf-animation
2026-5-12 20:57:23-debug: lazy register asset handler gltf-skeleton
2026-5-12 20:57:23-debug: lazy register asset handler gltf-material
2026-5-12 20:57:23-debug: lazy register asset handler gltf-scene
2026-5-12 20:57:23-debug: lazy register asset handler gltf-embeded-image
2026-5-12 20:57:23-debug: lazy register asset handler fbx
2026-5-12 20:57:23-debug: lazy register asset handler material
2026-5-12 20:57:23-debug: lazy register asset handler physics-material
2026-5-12 20:57:23-debug: lazy register asset handler effect
2026-5-12 20:57:23-debug: lazy register asset handler effect-header
2026-5-12 20:57:23-debug: lazy register asset handler audio-clip
2026-5-12 20:57:23-debug: lazy register asset handler animation-clip
2026-5-12 20:57:23-debug: lazy register asset handler ttf-font
2026-5-12 20:57:23-debug: lazy register asset handler bitmap-font
2026-5-12 20:57:23-debug: lazy register asset handler particle
2026-5-12 20:57:23-debug: lazy register asset handler sprite-atlas
2026-5-12 20:57:23-debug: lazy register asset handler auto-atlas
2026-5-12 20:57:23-debug: lazy register asset handler label-atlas
2026-5-12 20:57:23-debug: lazy register asset handler render-pipeline
2026-5-12 20:57:23-debug: lazy register asset handler render-stage
2026-5-12 20:57:23-debug: lazy register asset handler render-flow
2026-5-12 20:57:23-debug: lazy register asset handler instantiation-material
2026-5-12 20:57:23-debug: lazy register asset handler instantiation-mesh
2026-5-12 20:57:23-debug: lazy register asset handler instantiation-skeleton
2026-5-12 20:57:23-debug: lazy register asset handler instantiation-animation
2026-5-12 20:57:23-debug: lazy register asset handler video-clip
2026-5-12 20:57:23-debug: lazy register asset handler animation-graph-variant
2026-5-12 20:57:23-debug: asset-db:worker-effect-data-processing (331ms)
2026-5-12 20:57:23-debug: asset-db-hook-engine-extends-afterStartDB (331ms)
2026-5-12 20:57:23-debug: asset-db:start-database (1117ms)
2026-5-12 20:57:23-debug: asset-db:ready (6146ms)
2026-5-12 20:57:23-debug: lazy register asset handler animation-mask
2026-5-12 20:57:23-debug: lazy register asset handler animation-graph
2026-5-12 20:57:23-debug: init worker message success
2026-5-12 20:57:23-debug: programming:execute-script (4ms)
2026-5-12 20:57:23-debug: [Build Memory track]: builder:worker-init start:301.83MB, end 313.79MB, increase: 11.95MB
2026-5-12 20:57:23-debug: builder:worker-init (295ms)
2026-5-12 20:57:33-debug: Start record console... {file(/Users/zxd/workspace/person/kuaisha/temp/builder/log/wechatgame5-12-2026 19-36.log)}
2026-5-12 20:57:33-debug: =================================== build Task (wechatgame) Start ================================
2026-5-12 20:57:33-debug: Start lock asset db..., progress: 0%
2026-5-12 20:57:33-log: Asset DB is paused with build!
2026-5-12 20:57:33-debug: Build with Cocos Creator 3.8.8
2026-5-12 20:57:33-debug: Start build task, options:{"name":"kuaisha","server":"","engineModulesConfigKey":"defaultConfig","platform":"wechatgame","buildPath":"project://build","debug":false,"buildMode":"bundle","mangleProperties":false,"md5Cache":false,"skipCompressTexture":false,"sourceMaps":false,"overwriteProjectSettings":{"macroConfig":{"cleanupImageCache":"on"},"includeModules":{"physics":"inherit-project-setting","physics-2d":"inherit-project-setting","gfx-webgl2":"off"}},"nativeCodeBundleMode":"wasm","polyfills":{"asyncFunctions":false},"experimentalEraseModules":false,"startSceneAssetBundle":false,"bundleConfigs":[],"inlineEnum":true,"useBuiltinServer":false,"md5CacheOptions":{"excludes":[],"includes":[],"replaceOnly":[],"handleTemplateMd5Link":true},"mainBundleIsRemote":false,"mainBundleCompressionType":"merge_dep","useSplashScreen":true,"bundleCommonChunk":false,"packAutoAtlas":true,"startScene":"de734e68-f879-44d5-9f8c-06a7f6b793ca","outputName":"wechatgame","taskName":"wechatgame","scenes":[{"url":"db://assets/scenes/Main.scene","uuid":"de734e68-f879-44d5-9f8c-06a7f6b793ca"}],"wasmCompressionMode":false,"binGroupConfig":{"threshold":16,"enable":false},"packages":{"wechatgame":{"orientation":"portrait","appid":"wx6ac3f5090a6b99c5","buildOpenDataContextTemplate":"","separateEngine":false,"highPerformanceMode":false,"__version__":"1.0.4"},"cocos-service":{"configID":"b938da","services":[]}},"__version__":"1.3.9","logDest":"project://temp/builder/log/wechatgame5-12-2026 19-36.log"}
2026-5-12 20:57:33-debug: Query all assets info in project
2026-5-12 20:57:34-debug: init custom config: keepNodeUuid: false, useCache: true
2026-5-12 20:57:34-debug: wechatgame:(onAfterInit) start..., progress: 0%
2026-5-12 20:57:34-debug: // ---- build task wechatgame：onAfterInit ----
2026-5-12 20:57:34-debug: // ---- build task wechatgame：onAfterInit ---- (6ms)
2026-5-12 20:57:34-debug: wechatgame:(onAfterInit) in 6 ms ✓, progress: 4%
2026-5-12 20:57:34-debug: cocos-service:(onAfterInit) start..., progress: 4%
2026-5-12 20:57:34-debug: // ---- build task cocos-service：onAfterInit ----
2026-5-12 20:57:34-debug: // ---- build task cocos-service：onAfterInit ---- (294ms)
2026-5-12 20:57:34-debug: cocos-service:(onAfterInit) in 294 ms ✓, progress: 7%
2026-5-12 20:57:34-debug: Skip compress image, progress: 0%
2026-5-12 20:57:34-debug: run bundle task initOptions success!, progress: 7%
2026-5-12 20:57:34-debug: run bundle task initOptions success!, progress: 7%
2026-5-12 20:57:34-debug: wechatgame:(onBeforeBundleInit) start..., progress: 7%
2026-5-12 20:57:34-debug: wechatgame:(onBeforeBundleInit) start..., progress: 7%
2026-5-12 20:57:34-debug: // ---- build task wechatgame：onBeforeBundleInit ----
2026-5-12 20:57:34-debug: // ---- build task wechatgame：onBeforeBundleInit ---- (10ms)
2026-5-12 20:57:34-debug: adsense-h5g-plugin:(onBeforeBundleInit) start..., progress: 14%
2026-5-12 20:57:34-debug: wechatgame:(onBeforeBundleInit) in 10 ms ✓, progress: 7%
2026-5-12 20:57:34-debug: [adsense-h5g-plugin] remove script success
2026-5-12 20:57:34-debug: wechatgame:(onBeforeBundleInit) in 10 ms ✓, progress: 14%
2026-5-12 20:57:34-debug: // ---- build task adsense-h5g-plugin：onBeforeBundleInit ----
2026-5-12 20:57:34-debug: adsense-h5g-plugin:(onBeforeBundleInit) start..., progress: 7%
2026-5-12 20:57:34-debug: // ---- build task adsense-h5g-plugin：onBeforeBundleInit ---- (11ms)
2026-5-12 20:57:34-debug: adsense-h5g-plugin:(onBeforeBundleInit) in 11 ms ✓, progress: 7%
2026-5-12 20:57:34-debug: adsense-h5g-plugin:(onBeforeBundleInit) in 11 ms ✓, progress: 20%
2026-5-12 20:57:34-debug: Init all bundles start..., progress: 7%
2026-5-12 20:57:34-debug: run bundle task initBundle success!, progress: 7%
2026-5-12 20:57:34-debug: run bundle task initBundle success!, progress: 28%
2026-5-12 20:57:34-debug: Init bundle root assets start..., progress: 7%
2026-5-12 20:57:34-debug: Num of bundles: 3..., progress: 20%
2026-5-12 20:57:34-debug: Num of bundles: 3..., progress: 7%
2026-5-12 20:57:34-debug: Init all bundles start..., progress: 20%
2026-5-12 20:57:34-debug: Init bundle root assets start..., progress: 28%
2026-5-12 20:57:34-debug: Query preload assets/scripts from cc.config.json: 60f7195c-ec2a-45eb-ba94-8955f60e81d0,1c02ae6f-4492-4915-b8f8-7492a3b1e4cd,810e96e4-e456-4468-9b59-f4e8f39732c0,efe8e2a3-eace-427b-b4f1-cb8a937ec77d,e9aa9a3e-5b2b-4ac7-a2c7-073de2b2b24f,8bbdbcdd-5cd4-4100-b6d5-b7c9625b6107,50f4348b-c883-4e2f-8f11-ce233b859fa1,fda095cb-831d-4601-ad94-846013963de8,f92806d7-1768-443f-afe8-12bcde84d0f0,dd3a144d-ab7f-41f0-82b8-2e43a090d496,f0416e68-0200-4b77-a926-4f9d16e494da,970b0598-bcb0-4714-91fb-2e81440dccd8,bcd64cc6-2dd9-43f6-abbe-66318d332032,d930590d-bb92-4cc8-8bd1-23cd027f9edf,a3cd009f-0ab0-420d-9278-b9fdab939bbc,6a2d0734-bd9e-4ddf-946e-caa52498cb75,c27215d8-6835-4b68-bfbb-bdeac6100c04,b5d6115f-0370-4d7c-aad3-c194cc71cf98,871c3b6c-7379-419d-bda3-794b239ab90d,ff9b0199-ce04-4cfe-86cc-6c719f08d6e4,de1c2107-70c8-4021-8459-6399f24d01c6,cbf30902-517f-40dc-af90-a550bac27cf1,5c601d96-e4c7-4698-991b-7ee674b11079
2026-5-12 20:57:34-debug: Init bundle root assets success..., progress: 7%
2026-5-12 20:57:34-debug:   Number of all scripts: 23
2026-5-12 20:57:34-log: creating executor ...
2026-5-12 20:57:34-debug: Init bundle root assets success..., progress: 28%
2026-5-12 20:57:34-debug: reload all scripts.
2026-5-12 20:57:34-debug:   Number of all scenes: 1
2026-5-12 20:57:34-debug:   Number of other assets: 317
2026-5-12 20:57:34-debug: [[Executor]] reload before lock
2026-5-12 20:57:34-debug: Set detail map pack:///resolution-detail-map.json: {}
2026-5-12 20:57:34-debug: /Users/zxd/workspace/person/kuaisha/temp/programming/packer-driver/targets/editor/chunks/93/93ba276ea7b26ffcdc433fab14afc1ed6f05647b.js resolved to /Users/zxd/workspace/person/kuaisha/temp/programming/packer-driver/targets/editor/chunks/93/93ba276ea7b26ffcdc433fab14afc1ed6f05647b.js is not in module cache!
2026-5-12 20:57:34-debug: [[Executor]] Module "cce:/internal/x/cc-fu/gfx-empty" loaded.
2026-5-12 20:57:34-debug: [[Executor]] Module "cce:/internal/x/cc-fu/gfx-webgpu" loaded.
2026-5-12 20:57:34-debug: [[Executor]] Module "cce:/internal/x/cc-fu/3d" loaded.
2026-5-12 20:57:34-debug: [[Executor]] Module "cce:/internal/x/cc-fu/animation" loaded.
2026-5-12 20:57:34-debug: [[Executor]] Module "cce:/internal/x/cc-fu/skeletal-animation" loaded.
2026-5-12 20:57:34-debug: [[Executor]] Module "cce:/internal/x/cc-fu/2d" loaded.
2026-5-12 20:57:34-debug: [[Executor]] Module "cce:/internal/x/cc-fu/sorting" loaded.
2026-5-12 20:57:34-debug: [[Executor]] Module "cce:/internal/x/cc-fu/rich-text" loaded.
2026-5-12 20:57:34-debug: [[Executor]] Module "cce:/internal/x/cc-fu/gfx-webgl2" loaded.
2026-5-12 20:57:34-debug: [[Executor]] Module "cce:/internal/x/cc-fu/base" loaded.
2026-5-12 20:57:34-debug: [[Executor]] Module "cce:/internal/x/cc-fu/gfx-webgl" loaded.
2026-5-12 20:57:34-debug: [[Executor]] Module "cce:/internal/x/cc-fu/ui" loaded.
2026-5-12 20:57:34-debug: [[Executor]] Module "cce:/internal/x/cc-fu/affine-transform" loaded.
2026-5-12 20:57:34-debug: [[Executor]] Module "cce:/internal/x/cc-fu/sorting-2d" loaded.
2026-5-12 20:57:34-debug: [[Executor]] Module "cce:/internal/x/cc-fu/particle" loaded.
2026-5-12 20:57:34-debug: [[Executor]] Module "cce:/internal/x/cc-fu/particle-2d" loaded.
2026-5-12 20:57:34-debug: [[Executor]] Module "cce:/internal/x/cc-fu/physics-framework" loaded.
2026-5-12 20:57:34-debug: [[Executor]] Module "cce:/internal/x/cc-fu/physics-cannon" loaded.
2026-5-12 20:57:34-debug: [[Executor]] Module "cce:/internal/x/cc-fu/physics-physx" loaded.
2026-5-12 20:57:34-debug: [[Executor]] Module "cce:/internal/x/cc-fu/physics-ammo" loaded.
2026-5-12 20:57:34-debug: [[Executor]] Module "cce:/internal/x/cc-fu/physics-builtin" loaded.
2026-5-12 20:57:34-debug: [[Executor]] Module "cce:/internal/x/cc-fu/physics-2d-framework" loaded.
2026-5-12 20:57:34-debug: [[Executor]] Module "cce:/internal/x/cc-fu/graphics" loaded.
2026-5-12 20:57:34-debug: [[Executor]] Module "cce:/internal/x/cc-fu/physics-2d-box2d" loaded.
2026-5-12 20:57:34-debug: [[Executor]] Module "cce:/internal/x/cc-fu/physics-2d-builtin" loaded.
2026-5-12 20:57:34-debug: [[Executor]] Module "cce:/internal/x/cc-fu/physics-2d-box2d-wasm" loaded.
2026-5-12 20:57:34-debug: [[Executor]] Module "cce:/internal/x/cc-fu/intersection-2d" loaded.
2026-5-12 20:57:34-debug: [[Executor]] Module "cce:/internal/x/cc-fu/primitive" loaded.
2026-5-12 20:57:34-debug: [[Executor]] Module "cce:/internal/x/cc-fu/profiler" loaded.
2026-5-12 20:57:34-debug: [[Executor]] Module "cce:/internal/x/cc-fu/mask" loaded.
2026-5-12 20:57:34-debug: [[Executor]] Module "cce:/internal/x/cc-fu/geometry-renderer" loaded.
2026-5-12 20:57:34-debug: [[Executor]] Module "cce:/internal/x/cc-fu/audio" loaded.
2026-5-12 20:57:34-debug: [[Executor]] Module "cce:/internal/x/cc-fu/video" loaded.
2026-5-12 20:57:34-debug: [[Executor]] Module "cce:/internal/x/cc-fu/xr" loaded.
2026-5-12 20:57:34-debug: [[Executor]] Module "cce:/internal/x/cc-fu/light-probe" loaded.
2026-5-12 20:57:34-debug: [[Executor]] Module "cce:/internal/x/cc-fu/ui-skew" loaded.
2026-5-12 20:57:34-debug: [[Executor]] Module "cce:/internal/x/cc-fu/tween" loaded.
2026-5-12 20:57:34-debug: [[Executor]] Module "cce:/internal/x/cc-fu/tiled-map" loaded.
2026-5-12 20:57:34-debug: [[Executor]] Module "cce:/internal/x/cc-fu/vendor-google" loaded.
2026-5-12 20:57:34-debug: [[Executor]] Module "cce:/internal/x/cc-fu/spine" loaded.
2026-5-12 20:57:34-debug: [[Executor]] Module "cce:/internal/x/cc-fu/dragon-bones" loaded.
2026-5-12 20:57:34-debug: [[Executor]] Module "cce:/internal/x/cc-fu/custom-pipeline" loaded.
2026-5-12 20:57:34-debug: [[Executor]] Module "cce:/internal/x/cc-fu/custom-pipeline-post-process" loaded.
2026-5-12 20:57:34-debug: [[Executor]] Module "cce:/internal/x/cc-fu/legacy-pipeline" loaded.
2026-5-12 20:57:34-debug: [[Executor]] Module "cce:/internal/x/cc-fu/base" loaded.
2026-5-12 20:57:34-debug: [[Executor]] Module "cce:/internal/x/cc-fu/gfx-webgl" loaded.
2026-5-12 20:57:34-debug: [[Executor]] Module "cce:/internal/x/cc-fu/gfx-webgl2" loaded.
2026-5-12 20:57:34-debug: [[Executor]] Module "cce:/internal/x/cc-fu/gfx-empty" loaded.
2026-5-12 20:57:34-debug: [[Executor]] Module "cce:/internal/x/cc-fu/gfx-webgpu" loaded.
2026-5-12 20:57:34-debug: [[Executor]] Module "cce:/internal/x/cc-fu/3d" loaded.
2026-5-12 20:57:34-debug: [[Executor]] Module "cce:/internal/x/cc-fu/webview" loaded.
2026-5-12 20:57:34-debug: [[Executor]] Module "cce:/internal/x/cc-fu/animation" loaded.
2026-5-12 20:57:34-debug: [[Executor]] Module "cce:/internal/x/cc-fu/skeletal-animation" loaded.
2026-5-12 20:57:34-debug: [[Executor]] Module "cce:/internal/x/cc-fu/2d" loaded.
2026-5-12 20:57:34-debug: [[Executor]] Module "cce:/internal/x/cc-fu/sorting" loaded.
2026-5-12 20:57:34-debug: [[Executor]] Module "cce:/internal/x/cc-fu/rich-text" loaded.
2026-5-12 20:57:34-debug: [[Executor]] Module "cce:/internal/x/cc-fu/mask" loaded.
2026-5-12 20:57:34-debug: [[Executor]] Module "cce:/internal/x/cc-fu/graphics" loaded.
2026-5-12 20:57:34-debug: [[Executor]] Module "cce:/internal/x/cc-fu/ui-skew" loaded.
2026-5-12 20:57:34-debug: [[Executor]] Module "cce:/internal/x/cc-fu/ui" loaded.
2026-5-12 20:57:34-debug: [[Executor]] Module "cce:/internal/x/cc-fu/affine-transform" loaded.
2026-5-12 20:57:34-debug: [[Executor]] Module "cce:/internal/x/cc-fu/sorting-2d" loaded.
2026-5-12 20:57:34-debug: [[Executor]] Module "cce:/internal/x/cc-fu/particle" loaded.
2026-5-12 20:57:34-debug: [[Executor]] Module "cce:/internal/x/cc-fu/physics-2d-box2d-jsb" loaded.
2026-5-12 20:57:34-debug: [[Executor]] Module "cce:/internal/x/cc-fu/physics-cannon" loaded.
2026-5-12 20:57:34-debug: [[Executor]] Module "cce:/internal/x/cc-fu/particle-2d" loaded.
2026-5-12 20:57:34-debug: [[Executor]] Module "cce:/internal/x/cc-fu/terrain" loaded.
2026-5-12 20:57:34-debug: [[Executor]] Module "cce:/internal/x/cc-fu/physics-builtin" loaded.
2026-5-12 20:57:34-debug: [[Executor]] Module "cce:/internal/x/cc-fu/physics-2d-framework" loaded.
2026-5-12 20:57:34-debug: [[Executor]] Module "cce:/internal/x/cc-fu/physics-2d-box2d" loaded.
2026-5-12 20:57:34-debug: [[Executor]] Module "cce:/internal/x/cc-fu/physics-2d-builtin" loaded.
2026-5-12 20:57:34-debug: [[Executor]] Module "cce:/internal/x/cc-fu/physics-2d-box2d-wasm" loaded.
2026-5-12 20:57:34-debug: [[Executor]] Module "cce:/internal/x/cc-fu/intersection-2d" loaded.
2026-5-12 20:57:34-debug: [[Executor]] Module "cce:/internal/x/cc-fu/primitive" loaded.
2026-5-12 20:57:34-debug: [[Executor]] Module "cce:/internal/x/cc-fu/profiler" loaded.
2026-5-12 20:57:34-debug: [[Executor]] Module "cce:/internal/x/cc-fu/geometry-renderer" loaded.
2026-5-12 20:57:34-debug: [[Executor]] Module "cce:/internal/x/cc-fu/video" loaded.
2026-5-12 20:57:34-debug: [[Executor]] Module "cce:/internal/x/cc-fu/audio" loaded.
2026-5-12 20:57:34-debug: [[Executor]] Module "cce:/internal/x/cc-fu/xr" loaded.
2026-5-12 20:57:34-debug: [[Executor]] Module "cce:/internal/x/cc-fu/light-probe" loaded.
2026-5-12 20:57:34-debug: [[Executor]] Module "cce:/internal/x/cc-fu/terrain" loaded.
2026-5-12 20:57:34-debug: [[Executor]] Module "cce:/internal/x/cc-fu/webview" loaded.
2026-5-12 20:57:34-debug: [[Executor]] Module "cce:/internal/x/cc-fu/tween" loaded.
2026-5-12 20:57:34-debug: [[Executor]] Module "cce:/internal/x/cc-fu/tiled-map" loaded.
2026-5-12 20:57:34-debug: [[Executor]] Module "cce:/internal/x/cc-fu/spine" loaded.
2026-5-12 20:57:34-debug: [[Executor]] Module "cce:/internal/x/cc-fu/physics-framework" loaded.
2026-5-12 20:57:34-debug: [[Executor]] Module "cce:/internal/x/cc-fu/physics-physx" loaded.
2026-5-12 20:57:34-debug: [[Executor]] Module "cce:/internal/x/cc-fu/custom-pipeline-post-process" loaded.
2026-5-12 20:57:34-debug: [[Executor]] Module "cce:/internal/x/cc-fu/legacy-pipeline" loaded.
2026-5-12 20:57:34-debug: [[Executor]] Module "cce:/internal/x/cc-fu/vendor-google" loaded.
2026-5-12 20:57:34-debug: [[Executor]] Module "cce:/internal/x/cc-fu/physics-2d-box2d-jsb" loaded.
2026-5-12 20:57:34-debug: [[Executor]] Module "pack:///chunks/93/93ba276ea7b26ffcdc433fab14afc1ed6f05647b.js" loaded.
2026-5-12 20:57:34-debug: Invalidating 'pack:///chunks/93/93ba276ea7b26ffcdc433fab14afc1ed6f05647b.js'
2026-5-12 20:57:34-debug: [[Executor]] Module "cce:/internal/x/cc-fu/physics-ammo" loaded.
2026-5-12 20:57:34-debug: [[Executor]] Module "cce:/internal/x/cc-fu/custom-pipeline" loaded.
2026-5-12 20:57:34-debug: [[Executor]] Module "pack:///chunks/93/93ba276ea7b26ffcdc433fab14afc1ed6f05647b.js" loaded.
2026-5-12 20:57:34-debug: [[Executor]] Module "cce:/internal/x/cc-fu/dragon-bones" loaded.
2026-5-12 20:57:34-debug: /Users/zxd/workspace/person/kuaisha/temp/programming/packer-driver/targets/editor/chunks/6d/6d8fd2b0177941b032ddc0733af48a561fb60657.js resolved to /Users/zxd/workspace/person/kuaisha/temp/programming/packer-driver/targets/editor/chunks/6d/6d8fd2b0177941b032ddc0733af48a561fb60657.js is not in module cache!
2026-5-12 20:57:34-debug: [[Executor]] Module "pack:///chunks/6d/6d8fd2b0177941b032ddc0733af48a561fb60657.js" loaded.
2026-5-12 20:57:34-debug: /Users/zxd/workspace/person/kuaisha/temp/programming/packer-driver/targets/editor/chunks/3a/3af2b99d9d250d0c94e80c615712be1d07b4cf47.js resolved to /Users/zxd/workspace/person/kuaisha/temp/programming/packer-driver/targets/editor/chunks/3a/3af2b99d9d250d0c94e80c615712be1d07b4cf47.js is not in module cache!
2026-5-12 20:57:34-debug: /Users/zxd/workspace/person/kuaisha/temp/programming/packer-driver/targets/editor/chunks/6a/6a5019a719a9014c047e67aa1cf34453ab8392ce.js resolved to /Users/zxd/workspace/person/kuaisha/temp/programming/packer-driver/targets/editor/chunks/6a/6a5019a719a9014c047e67aa1cf34453ab8392ce.js is not in module cache!
2026-5-12 20:57:34-debug: /Users/zxd/workspace/person/kuaisha/temp/programming/packer-driver/targets/editor/chunks/4f/4fd3d121a4e148a0cab634e8b8fe61cad0fda6b5.js resolved to /Users/zxd/workspace/person/kuaisha/temp/programming/packer-driver/targets/editor/chunks/4f/4fd3d121a4e148a0cab634e8b8fe61cad0fda6b5.js is not in module cache!
2026-5-12 20:57:34-debug: /Users/zxd/workspace/person/kuaisha/temp/programming/packer-driver/targets/editor/chunks/87/87c4b5d58115ee6102b02680ea6b39d34083b342.js resolved to /Users/zxd/workspace/person/kuaisha/temp/programming/packer-driver/targets/editor/chunks/87/87c4b5d58115ee6102b02680ea6b39d34083b342.js is not in module cache!
2026-5-12 20:57:34-debug: /Users/zxd/workspace/person/kuaisha/temp/programming/packer-driver/targets/editor/chunks/86/86b8638a66ab4c727e439f4d8cdd7595bd7cb611.js resolved to /Users/zxd/workspace/person/kuaisha/temp/programming/packer-driver/targets/editor/chunks/86/86b8638a66ab4c727e439f4d8cdd7595bd7cb611.js is not in module cache!
2026-5-12 20:57:34-debug: /Users/zxd/workspace/person/kuaisha/temp/programming/packer-driver/targets/editor/chunks/13/13619a4d60fbb6416edf8ba7ec0b195f2fcda55a.js resolved to /Users/zxd/workspace/person/kuaisha/temp/programming/packer-driver/targets/editor/chunks/13/13619a4d60fbb6416edf8ba7ec0b195f2fcda55a.js is not in module cache!
2026-5-12 20:57:34-debug: [[Executor]] Module "pack:///chunks/13/13619a4d60fbb6416edf8ba7ec0b195f2fcda55a.js" loaded.
2026-5-12 20:57:34-debug: [[Executor]] Register BuiltinPipelineSettings
2026-5-12 20:57:34-debug: [[Executor]] Module "pack:///chunks/87/87c4b5d58115ee6102b02680ea6b39d34083b342.js" loaded.
2026-5-12 20:57:34-debug: [[Executor]] Module "pack:///chunks/86/86b8638a66ab4c727e439f4d8cdd7595bd7cb611.js" loaded.
2026-5-12 20:57:34-debug: [[Executor]] Module "cce:/internal/x/engine-export-to-editor/cc/editor/populate-internal-constants" loaded.
2026-5-12 20:57:34-debug: [[Executor]] Module "pack:///chunks/4f/4fd3d121a4e148a0cab634e8b8fe61cad0fda6b5.js" loaded.
2026-5-12 20:57:34-debug: [[Executor]] Register BuiltinDepthOfFieldPass
2026-5-12 20:57:34-debug: [[Executor]] Module "pack:///chunks/3a/3af2b99d9d250d0c94e80c615712be1d07b4cf47.js" loaded.
2026-5-12 20:57:34-debug: [[Executor]] Module "pack:///chunks/6a/6a5019a719a9014c047e67aa1cf34453ab8392ce.js" loaded.
2026-5-12 20:57:34-debug: [[Executor]] Register BuiltinPipelinePassBuilder
2026-5-12 20:57:34-debug: [[Executor]] Module "cce:/internal/x/engine-export-to-editor/cc/editor/populate-internal-constants" loaded.
2026-5-12 20:57:34-debug: /Users/zxd/workspace/person/kuaisha/temp/programming/packer-driver/targets/editor/chunks/9c/9c8e4ae02cd522e18faba9e72e8803c8bdb97382.js resolved to /Users/zxd/workspace/person/kuaisha/temp/programming/packer-driver/targets/editor/chunks/9c/9c8e4ae02cd522e18faba9e72e8803c8bdb97382.js is not in module cache!
2026-5-12 20:57:34-debug: [[Executor]] Register DebugViewRuntimeControl
2026-5-12 20:57:34-debug: [[Executor]] Module "pack:///chunks/9c/9c8e4ae02cd522e18faba9e72e8803c8bdb97382.js" loaded.
2026-5-12 20:57:34-debug: /Users/zxd/workspace/person/kuaisha/temp/programming/packer-driver/targets/editor/chunks/b3/b3287a29d737c5b2cbfafa96f6a8da2b1221b69a.js resolved to /Users/zxd/workspace/person/kuaisha/temp/programming/packer-driver/targets/editor/chunks/b3/b3287a29d737c5b2cbfafa96f6a8da2b1221b69a.js is not in module cache!
2026-5-12 20:57:34-debug: /Users/zxd/workspace/person/kuaisha/temp/programming/packer-driver/targets/editor/chunks/0f/0f39349a704e9c506b690e0f853dd8d0060c6cda.js resolved to /Users/zxd/workspace/person/kuaisha/temp/programming/packer-driver/targets/editor/chunks/0f/0f39349a704e9c506b690e0f853dd8d0060c6cda.js is not in module cache!
2026-5-12 20:57:34-debug: /Users/zxd/workspace/person/kuaisha/temp/programming/packer-driver/targets/editor/chunks/c0/c02aed91e1897d51a2b246944a838aa8e7216490.js resolved to /Users/zxd/workspace/person/kuaisha/temp/programming/packer-driver/targets/editor/chunks/c0/c02aed91e1897d51a2b246944a838aa8e7216490.js is not in module cache!
2026-5-12 20:57:34-debug: /Users/zxd/workspace/person/kuaisha/temp/programming/packer-driver/targets/editor/chunks/07/0793f09d4649dbdecd76031ec09e3d10f82cf176.js resolved to /Users/zxd/workspace/person/kuaisha/temp/programming/packer-driver/targets/editor/chunks/07/0793f09d4649dbdecd76031ec09e3d10f82cf176.js is not in module cache!
2026-5-12 20:57:34-debug: /Users/zxd/workspace/person/kuaisha/temp/programming/packer-driver/targets/editor/chunks/d5/d5d911d54789fae8875c1cc8c12a18d7cf8617cd.js resolved to /Users/zxd/workspace/person/kuaisha/temp/programming/packer-driver/targets/editor/chunks/d5/d5d911d54789fae8875c1cc8c12a18d7cf8617cd.js is not in module cache!
2026-5-12 20:57:34-debug: /Users/zxd/workspace/person/kuaisha/temp/programming/packer-driver/targets/editor/chunks/93/93a5e3617b94f3f999948faea2f57bd7cd9d9597.js resolved to /Users/zxd/workspace/person/kuaisha/temp/programming/packer-driver/targets/editor/chunks/93/93a5e3617b94f3f999948faea2f57bd7cd9d9597.js is not in module cache!
2026-5-12 20:57:34-debug: /Users/zxd/workspace/person/kuaisha/temp/programming/packer-driver/targets/editor/chunks/04/0499a90c6813b49a41fc55fdbb20113ee9bfa45d.js resolved to /Users/zxd/workspace/person/kuaisha/temp/programming/packer-driver/targets/editor/chunks/04/0499a90c6813b49a41fc55fdbb20113ee9bfa45d.js is not in module cache!
2026-5-12 20:57:34-debug: /Users/zxd/workspace/person/kuaisha/temp/programming/packer-driver/targets/editor/chunks/10/10165f1b121ec79808db09ff7d21dc35cb078fab.js resolved to /Users/zxd/workspace/person/kuaisha/temp/programming/packer-driver/targets/editor/chunks/10/10165f1b121ec79808db09ff7d21dc35cb078fab.js is not in module cache!
2026-5-12 20:57:34-debug: /Users/zxd/workspace/person/kuaisha/temp/programming/packer-driver/targets/editor/chunks/10/102a2b0ed58830a784b18f1f8f7091b4a3de0b0d.js resolved to /Users/zxd/workspace/person/kuaisha/temp/programming/packer-driver/targets/editor/chunks/10/102a2b0ed58830a784b18f1f8f7091b4a3de0b0d.js is not in module cache!
2026-5-12 20:57:34-debug: /Users/zxd/workspace/person/kuaisha/temp/programming/packer-driver/targets/editor/chunks/bd/bd9dfd942fa7837ea612fe2828140c0143b33da2.js resolved to /Users/zxd/workspace/person/kuaisha/temp/programming/packer-driver/targets/editor/chunks/bd/bd9dfd942fa7837ea612fe2828140c0143b33da2.js is not in module cache!
2026-5-12 20:57:34-debug: /Users/zxd/workspace/person/kuaisha/temp/programming/packer-driver/targets/editor/chunks/a6/a69888c72c7983f927a374b248f9b7b62039bb12.js resolved to /Users/zxd/workspace/person/kuaisha/temp/programming/packer-driver/targets/editor/chunks/a6/a69888c72c7983f927a374b248f9b7b62039bb12.js is not in module cache!
2026-5-12 20:57:34-debug: /Users/zxd/workspace/person/kuaisha/temp/programming/packer-driver/targets/editor/chunks/94/941f983afc121e2eda1f6dca601be9a0f8837680.js resolved to /Users/zxd/workspace/person/kuaisha/temp/programming/packer-driver/targets/editor/chunks/94/941f983afc121e2eda1f6dca601be9a0f8837680.js is not in module cache!
2026-5-12 20:57:34-debug: [[Executor]] Register PopupManager
2026-5-12 20:57:34-debug: [[Executor]] Module "pack:///chunks/10/102a2b0ed58830a784b18f1f8f7091b4a3de0b0d.js" loaded.
2026-5-12 20:57:34-debug: [[Executor]] Register ResManager
2026-5-12 20:57:34-debug: [[Executor]] Module "pack:///chunks/a6/a69888c72c7983f927a374b248f9b7b62039bb12.js" loaded.
2026-5-12 20:57:34-debug: [[Executor]] Register SoundManager
2026-5-12 20:57:34-debug: [[Executor]] Module "pack:///chunks/10/10165f1b121ec79808db09ff7d21dc35cb078fab.js" loaded.
2026-5-12 20:57:34-debug: [[Executor]] Register DataManager
2026-5-12 20:57:34-debug: [[Executor]] Module "pack:///chunks/bd/bd9dfd942fa7837ea612fe2828140c0143b33da2.js" loaded.
2026-5-12 20:57:34-debug: [[Executor]] Register HttpManager
2026-5-12 20:57:34-debug: [[Executor]] Module "pack:///chunks/c0/c02aed91e1897d51a2b246944a838aa8e7216490.js" loaded.
2026-5-12 20:57:34-debug: [[Executor]] Module "pack:///chunks/07/0793f09d4649dbdecd76031ec09e3d10f82cf176.js" loaded.
2026-5-12 20:57:34-debug: [[Executor]] Register UIManager
2026-5-12 20:57:34-debug: [[Executor]] Module "pack:///chunks/94/941f983afc121e2eda1f6dca601be9a0f8837680.js" loaded.
2026-5-12 20:57:34-debug: [[Executor]] Module "pack:///chunks/d5/d5d911d54789fae8875c1cc8c12a18d7cf8617cd.js" loaded.
2026-5-12 20:57:34-debug: [[Executor]] Module "pack:///chunks/04/0499a90c6813b49a41fc55fdbb20113ee9bfa45d.js" loaded.
2026-5-12 20:57:34-debug: [[Executor]] Register GameMain
2026-5-12 20:57:34-debug: [[Executor]] Module "pack:///chunks/b3/b3287a29d737c5b2cbfafa96f6a8da2b1221b69a.js" loaded.
2026-5-12 20:57:34-debug: [[Executor]] Module "pack:///chunks/0f/0f39349a704e9c506b690e0f853dd8d0060c6cda.js" loaded.
2026-5-12 20:57:34-debug: [[Executor]] Register HomePage
2026-5-12 20:57:34-debug: [[Executor]] Module "pack:///chunks/93/93a5e3617b94f3f999948faea2f57bd7cd9d9597.js" loaded.
2026-5-12 20:57:34-debug: /Users/zxd/workspace/person/kuaisha/temp/programming/packer-driver/targets/editor/chunks/d7/d7ec57a5604db888be895a421817e23f5de2456d.js resolved to /Users/zxd/workspace/person/kuaisha/temp/programming/packer-driver/targets/editor/chunks/d7/d7ec57a5604db888be895a421817e23f5de2456d.js is not in module cache!
2026-5-12 20:57:34-debug: /Users/zxd/workspace/person/kuaisha/temp/programming/packer-driver/targets/editor/chunks/7f/7fc4234fdd4e92c97702b1465ad095ed9d538b6a.js resolved to /Users/zxd/workspace/person/kuaisha/temp/programming/packer-driver/targets/editor/chunks/7f/7fc4234fdd4e92c97702b1465ad095ed9d538b6a.js is not in module cache!
2026-5-12 20:57:34-debug: [[Executor]] Module "pack:///chunks/7f/7fc4234fdd4e92c97702b1465ad095ed9d538b6a.js" loaded.
2026-5-12 20:57:34-debug: [[Executor]] Module "pack:///chunks/d7/d7ec57a5604db888be895a421817e23f5de2456d.js" loaded.
2026-5-12 20:57:34-debug: /Users/zxd/workspace/person/kuaisha/temp/programming/packer-driver/targets/editor/chunks/15/150483796c2769ba9a9b1ba5e74b11ed251d0873.js resolved to /Users/zxd/workspace/person/kuaisha/temp/programming/packer-driver/targets/editor/chunks/15/150483796c2769ba9a9b1ba5e74b11ed251d0873.js is not in module cache!
2026-5-12 20:57:34-debug: [[Executor]] Module "pack:///chunks/15/150483796c2769ba9a9b1ba5e74b11ed251d0873.js" loaded.
2026-5-12 20:57:34-debug: [[Executor]] Register GamePage
2026-5-12 20:57:34-debug: /Users/zxd/workspace/person/kuaisha/temp/programming/packer-driver/targets/editor/chunks/80/8039490f7d55a359a601a00abc3fd320631b0c1a.js resolved to /Users/zxd/workspace/person/kuaisha/temp/programming/packer-driver/targets/editor/chunks/80/8039490f7d55a359a601a00abc3fd320631b0c1a.js is not in module cache!
2026-5-12 20:57:34-debug: [[Executor]] Module "pack:///chunks/80/8039490f7d55a359a601a00abc3fd320631b0c1a.js" loaded.
2026-5-12 20:57:34-debug: [[Executor]] Register RulesPage
2026-5-12 20:57:34-debug: /Users/zxd/workspace/person/kuaisha/temp/programming/packer-driver/targets/editor/chunks/0a/0ace8e8ca28a6febd749ca3a15de61c17fb1a446.js resolved to /Users/zxd/workspace/person/kuaisha/temp/programming/packer-driver/targets/editor/chunks/0a/0ace8e8ca28a6febd749ca3a15de61c17fb1a446.js is not in module cache!
2026-5-12 20:57:34-debug: [[Executor]] Module "pack:///chunks/0a/0ace8e8ca28a6febd749ca3a15de61c17fb1a446.js" loaded.
2026-5-12 20:57:34-debug: [[Executor]] Register SettingPopup
2026-5-12 20:57:34-debug: [[Executor]] Module "pack:///chunks/6d/6d8fd2b0177941b032ddc0733af48a561fb60657.js" loaded.
2026-5-12 20:57:34-debug: [[Executor]] after unlock
2026-5-12 20:57:34-debug: Init bundle share assets start..., progress: 28%
2026-5-12 20:57:34-debug: Init bundle share assets start..., progress: 7%
2026-5-12 20:57:34-debug: Incremental keys: regeneratorRuntime,b2jsb
2026-5-12 20:57:34-debug: Init bundle share assets success..., progress: 7%
2026-5-12 20:57:34-debug: run bundle task initAsset success!, progress: 7%
2026-5-12 20:57:34-debug: run bundle task initAsset success!, progress: 35%
2026-5-12 20:57:34-debug: Init bundle share assets success..., progress: 28%
2026-5-12 20:57:34-debug: handle json group in bundle internal
2026-5-12 20:57:34-debug: handle json group in bundle internal success
2026-5-12 20:57:34-debug: handle json group in bundle resources
2026-5-12 20:57:34-debug: init image compress task 0 in bundle internal
2026-5-12 20:57:34-debug: handle json group in bundle main success
2026-5-12 20:57:34-debug: handle json group in bundle main
2026-5-12 20:57:34-debug: run bundle task bundleDataTask success!, progress: 7%
2026-5-12 20:57:34-debug: run bundle task bundleDataTask success!, progress: 42%
2026-5-12 20:57:34-debug: run bundle task clearBundleDest success!, progress: 7%
2026-5-12 20:57:34-debug: run bundle task clearBundleDest success!, progress: 49%
2026-5-12 20:57:34-debug: Build project script start..., progress: 7%
2026-5-12 20:57:34-debug: Build project script start..., progress: 49%
2026-5-12 20:57:34-debug: handle json group in bundle resources success
2026-5-12 20:57:34-debug: init image compress task 0 in bundle resources
2026-5-12 20:57:34-debug: init image compress task 0 in bundle main
2026-5-12 20:57:34-log: [buildScriptCommand]enter sub process 98779, 9229, see: chrome://inspect/#devices
2026-5-12 20:57:39-debug: execute-script-end with buildScriptCommand 4882ms
2026-5-12 20:57:39-debug: Copy externalScripts success!
2026-5-12 20:57:39-debug: Build project script in (4905 ms) √, progress: 7%
2026-5-12 20:57:39-debug: run bundle task buildScript success!, progress: 56%
2026-5-12 20:57:39-debug: Pack Images start, progress: 7%
2026-5-12 20:57:39-debug: Build project script in (4905 ms) √, progress: 49%
2026-5-12 20:57:39-debug: Number of pac assets: 1
2026-5-12 20:57:39-debug: Compress image start..., progress: 7%
2026-5-12 20:57:39-debug: Compress image start..., progress: 56%
2026-5-12 20:57:39-debug: sort compress task {}
2026-5-12 20:57:39-debug: Num of all image compress task 0, really: 0, configTasks: 0
2026-5-12 20:57:39-debug: No image need to compress
2026-5-12 20:57:39-debug: Compress image success..., progress: 7%
2026-5-12 20:57:39-debug: Compress image success..., progress: 56%
2026-5-12 20:57:39-debug: Output asset in bundles start, progress: 7%
2026-5-12 20:57:39-debug: Output asset in bundles start, progress: 56%
2026-5-12 20:57:39-debug: Handle all json groups in bundle internal
2026-5-12 20:57:39-debug: run bundle task buildScript success!, progress: 7%
2026-5-12 20:57:39-debug: Pack Images start, progress: 56%
2026-5-12 20:57:39-debug: No pack results
2026-5-12 20:57:39-debug: handle json group
2026-5-12 20:57:39-debug: Handle all json groups in bundle resources
2026-5-12 20:57:39-debug: handle json group
2026-5-12 20:57:39-debug: Handle all json groups in bundle main
2026-5-12 20:57:39-debug: handle json group
2026-5-12 20:57:39-debug: handle single json
2026-5-12 20:57:39-debug: handle single json
2026-5-12 20:57:39-debug: Error: Exit process with code:null, signal:SIGTERM in task build-script    at ChildProcess.<anonymous> (/Applications/Cocos/Creator/3.8.8/CocosCreator.app/Contents/Resources/app.asar/builtin/builder/dist/worker/worker-pools/sub-process-manager.ccc:1:2409)    at ChildProcess.emit (node:events:519:28)    at Process.ChildProcess._handle.onexit (node:internal/child_process:294:12)
2026-5-12 20:57:39-debug: Json group(04f923b60) compile success，json number: 6
2026-5-12 20:57:39-debug: handle single json
2026-5-12 20:57:39-debug: Output asset in bundles success, progress: 7%
2026-5-12 20:57:39-debug: wechatgame:(onAfterBundleBuildTask) start..., progress: 7%
2026-5-12 20:57:39-debug: run bundle task buildAsset success!, progress: 7%
2026-5-12 20:57:39-debug: // ---- build task wechatgame：onAfterBundleBuildTask ----
2026-5-12 20:57:39-debug: wechatgame:(onAfterBundleBuildTask) start..., progress: 63%
2026-5-12 20:57:39-debug: run bundle task buildAsset success!, progress: 63%
2026-5-12 20:57:39-debug: Output asset in bundles success, progress: 56%
2026-5-12 20:57:39-debug: wechatgame:(onAfterBundleBuildTask) in 12 ms ✓, progress: 7%
2026-5-12 20:57:39-debug: wechatgame:(onAfterBundleBuildTask) in 12 ms ✓, progress: 70%
2026-5-12 20:57:39-debug: Output asset in bundles start, progress: 7%
2026-5-12 20:57:39-debug: compress config of bundle internal...
2026-5-12 20:57:39-debug: compress config of bundle resources...
2026-5-12 20:57:39-debug: compress config of bundle resources success
2026-5-12 20:57:39-debug: compress config of bundle main...
2026-5-12 20:57:39-debug: // ---- build task wechatgame：onAfterBundleBuildTask ---- (12ms)
2026-5-12 20:57:39-debug: output config of bundle internal
2026-5-12 20:57:39-debug: output config of bundle internal success
2026-5-12 20:57:39-debug: output config of bundle resources
2026-5-12 20:57:39-debug: output config of bundle resources success
2026-5-12 20:57:39-debug: output config of bundle main
2026-5-12 20:57:39-debug: output config of bundle main success
2026-5-12 20:57:39-debug: Output asset in bundles success, progress: 7%
2026-5-12 20:57:39-debug: Output asset in bundles success, progress: 70%
2026-5-12 20:57:39-debug: run bundle task outputBundle success!, progress: 77%
2026-5-12 20:57:39-debug: run bundle task outputBundle success!, progress: 7%
2026-5-12 20:57:39-debug:  start, progress: 7%
2026-5-12 20:57:39-debug: // ---- build task  ----
2026-5-12 20:57:39-debug: compress config of bundle main success
2026-5-12 20:57:39-debug: compress config of bundle internal success
2026-5-12 20:57:39-debug: Output asset in bundles start, progress: 70%
2026-5-12 20:57:39-debug: // ---- build task  ---- (26ms)
2026-5-12 20:57:39-log: run build task  success in 26 ms√, progress: 9%
2026-5-12 20:57:39-debug: [Build Memory track]:  start:228.46MB, end 225.80MB, increase: -2722.93KB
2026-5-12 20:57:39-debug: Sort some build options to settings.json start, progress: 9%
2026-5-12 20:57:39-debug: // ---- build task Sort some build options to settings.json ----
2026-5-12 20:57:39-debug: // ---- build task Sort some build options to settings.json ---- (11ms)
2026-5-12 20:57:39-debug: [Build Memory track]: Sort some build options to settings.json start:225.83MB, end 225.92MB, increase: 85.47KB
2026-5-12 20:57:39-debug: Fill script data to settings start, progress: 11%
2026-5-12 20:57:39-debug: // ---- build task Fill script data to settings ----
2026-5-12 20:57:39-debug: // ---- build task Fill script data to settings ---- (13ms)
2026-5-12 20:57:39-log: run build task Fill script data to settings success in 13 ms√, progress: 12%
2026-5-12 20:57:39-debug: [Build Memory track]: Fill script data to settings start:225.96MB, end 226.04MB, increase: 86.71KB
2026-5-12 20:57:39-log: Asset DB is resume!
2026-5-12 20:57:39-debug: Stop record console. {file(/Users/zxd/workspace/person/kuaisha/temp/builder/log/wechatgame5-12-2026 19-36.log)}
2026-5-12 20:57:39-log: run build task Sort some build options to settings.json success in 11 ms√, progress: 11%
2026-5-12 20:57:39-debug: [Build Memory track]: builder:build-project-total start:222.46MB, end 226.07MB, increase: 3.60MB
2026-5-12 20:57:39-debug: ================================ build Task (wechatgame) Finished in (5 s)ms ================================
2026-5-12 20:58:23-debug: refresh db internal success
2026-5-12 20:58:23-debug: refresh db assets success
2026-5-12 20:58:23-debug: Run asset db hook engine-extends:afterRefresh ...
2026-5-12 20:58:23-debug: Run asset db hook engine-extends:afterRefresh success!
2026-5-12 20:58:23-debug: asset-db:refresh-all-database (56ms)
2026-5-12 20:58:23-debug: asset-db:worker-effect-data-processing (1ms)
2026-5-12 20:58:23-debug: asset-db-hook-engine-extends-afterRefresh (1ms)
