2026-6-9 18:30:13-log: Cannot access game frame or container.
2026-6-9 18:30:14-debug: asset-db:require-engine-code (727ms)
2026-6-9 18:30:14-log: [bullet]:bullet wasm lib loaded.
2026-6-9 18:30:14-log: [box2d]:box2d wasm lib loaded.
2026-6-9 18:30:14-log: meshopt wasm decoder initialized
2026-6-9 18:30:14-log: Cocos Creator v3.8.8
2026-6-9 18:30:14-log: Using legacy pipeline
2026-6-9 18:30:14-log: Forward render pipeline initialized.
2026-6-9 18:30:14-debug: [Assets Memory track]: asset-db:worker-init: initEngine start:30.90MB, end 116.97MB, increase: 86.07MB
2026-6-9 18:30:16-debug: [Assets Memory track]: asset-db:worker-init: initPlugin start:78.71MB, end 273.69MB, increase: 194.97MB
2026-6-9 18:30:16-debug: run package(windows) handler(enable) start
2026-6-9 18:30:16-debug: run package(windows) handler(enable) success!
2026-6-9 18:30:16-debug: run package(xiaomi-quick-game) handler(enable) start
2026-6-9 18:30:16-debug: run package(xiaomi-quick-game) handler(enable) success!
2026-6-9 18:30:16-debug: run package(im-plugin) handler(enable) success!
2026-6-9 18:30:16-debug: run package(placeholder) handler(enable) start
2026-6-9 18:30:16-debug: run package(placeholder) handler(enable) success!
2026-6-9 18:30:16-debug: run package(cocos-service) handler(enable) start
2026-6-9 18:30:16-debug: run package(cocos-service) handler(enable) success!
2026-6-9 18:30:16-debug: run package(im-plugin) handler(enable) start
2026-6-9 18:30:16-debug: asset-db:worker-init: initPlugin (2330ms)
2026-6-9 18:30:16-debug: [Assets Memory track]: asset-db:worker-init start:30.89MB, end 274.17MB, increase: 243.28MB
2026-6-9 18:30:16-debug: Run asset db hook engine-extends:beforePreStart ...
2026-6-9 18:30:16-debug: Run asset db hook programming:beforePreStart success!
2026-6-9 18:30:16-debug: Run asset db hook engine-extends:beforePreStart success!
2026-6-9 18:30:16-debug: Run asset db hook programming:beforePreStart ...
2026-6-9 18:30:16-debug: asset-db:worker-init (3190ms)
2026-6-9 18:30:16-debug: asset-db-hook-programming-beforePreStart (66ms)
2026-6-9 18:30:16-debug: asset-db-hook-engine-extends-beforePreStart (66ms)
2026-6-9 18:30:16-debug: Preimport db internal success
2026-6-9 18:30:16-debug: Preimport db assets success
2026-6-9 18:30:16-debug: starting packer-driver...
2026-6-9 18:30:16-debug: Run asset db hook programming:afterPreStart ...
2026-6-9 18:30:16-debug: initialize scripting environment...
2026-6-9 18:30:16-debug: [[Executor]] prepare before lock
2026-6-9 18:30:16-debug: Set detail map pack:///resolution-detail-map.json: {}
2026-6-9 18:30:16-debug: [[Executor]] prepare after unlock
2026-6-9 18:30:16-debug: [Assets Memory track]: asset-db:worker-init: preStart start:274.19MB, end 277.75MB, increase: 3.57MB
2026-6-9 18:30:16-debug: Start up the 'internal' database...
2026-6-9 18:30:16-debug: Run asset db hook engine-extends:afterPreStart success!
2026-6-9 18:30:16-debug: Run asset db hook programming:afterPreStart success!
2026-6-9 18:30:16-debug: Run asset db hook engine-extends:afterPreStart ...
2026-6-9 18:30:16-debug: asset-db-hook-programming-afterPreStart (355ms)
2026-6-9 18:30:16-debug: asset-db:worker-effect-data-processing (202ms)
2026-6-9 18:30:16-debug: asset-db-hook-engine-extends-afterPreStart (202ms)
2026-6-9 18:30:17-debug: Run asset db hook engine-extends:afterStartDB ...
2026-6-9 18:30:17-debug: recompile effect.bin success
2026-6-9 18:30:17-debug: Run asset db hook engine-extends:afterStartDB success!
2026-6-9 18:30:17-debug: Start up the 'assets' database...
2026-6-9 18:30:17-debug: asset-db:worker-effect-data-processing (294ms)
2026-6-9 18:30:17-debug: asset-db-hook-engine-extends-afterStartDB (294ms)
2026-6-9 18:30:17-debug: Run asset db hook engine-extends:afterStartDB ...
2026-6-9 18:30:17-debug: Run asset db hook engine-extends:afterStartDB success!
2026-6-9 18:30:17-debug: recompile effect.bin success
2026-6-9 18:30:17-debug: [Assets Memory track]: asset-db:worker-init: startup start:277.76MB, end 301.06MB, increase: 23.30MB
2026-6-9 18:30:17-debug: lazy register asset handler *
2026-6-9 18:30:17-debug: lazy register asset handler directory
2026-6-9 18:30:17-debug: lazy register asset handler text
2026-6-9 18:30:17-debug: lazy register asset handler json
2026-6-9 18:30:17-debug: lazy register asset handler spine-data
2026-6-9 18:30:17-debug: lazy register asset handler dragonbones
2026-6-9 18:30:17-debug: lazy register asset handler dragonbones-atlas
2026-6-9 18:30:17-debug: lazy register asset handler terrain
2026-6-9 18:30:17-debug: lazy register asset handler javascript
2026-6-9 18:30:17-debug: lazy register asset handler typescript
2026-6-9 18:30:17-debug: lazy register asset handler scene
2026-6-9 18:30:17-debug: lazy register asset handler prefab
2026-6-9 18:30:17-debug: lazy register asset handler sprite-frame
2026-6-9 18:30:17-debug: lazy register asset handler tiled-map
2026-6-9 18:30:17-debug: lazy register asset handler buffer
2026-6-9 18:30:17-debug: lazy register asset handler sign-image
2026-6-9 18:30:17-debug: lazy register asset handler alpha-image
2026-6-9 18:30:17-debug: lazy register asset handler texture
2026-6-9 18:30:17-debug: lazy register asset handler texture-cube
2026-6-9 18:30:17-debug: lazy register asset handler image
2026-6-9 18:30:17-debug: lazy register asset handler render-texture
2026-6-9 18:30:17-debug: lazy register asset handler erp-texture-cube
2026-6-9 18:30:17-debug: lazy register asset handler texture-cube-face
2026-6-9 18:30:17-debug: lazy register asset handler gltf
2026-6-9 18:30:17-debug: lazy register asset handler gltf-mesh
2026-6-9 18:30:17-debug: lazy register asset handler gltf-animation
2026-6-9 18:30:17-debug: lazy register asset handler gltf-skeleton
2026-6-9 18:30:17-debug: lazy register asset handler gltf-material
2026-6-9 18:30:17-debug: lazy register asset handler gltf-scene
2026-6-9 18:30:17-debug: lazy register asset handler gltf-embeded-image
2026-6-9 18:30:17-debug: lazy register asset handler fbx
2026-6-9 18:30:17-debug: lazy register asset handler material
2026-6-9 18:30:17-debug: lazy register asset handler physics-material
2026-6-9 18:30:17-debug: lazy register asset handler effect
2026-6-9 18:30:17-debug: lazy register asset handler effect-header
2026-6-9 18:30:17-debug: lazy register asset handler audio-clip
2026-6-9 18:30:17-debug: lazy register asset handler animation-clip
2026-6-9 18:30:17-debug: lazy register asset handler animation-graph
2026-6-9 18:30:17-debug: lazy register asset handler rt-sprite-frame
2026-6-9 18:30:17-debug: lazy register asset handler animation-graph-variant
2026-6-9 18:30:17-debug: lazy register asset handler ttf-font
2026-6-9 18:30:17-debug: lazy register asset handler animation-mask
2026-6-9 18:30:17-debug: lazy register asset handler bitmap-font
2026-6-9 18:30:17-debug: lazy register asset handler particle
2026-6-9 18:30:17-debug: lazy register asset handler auto-atlas
2026-6-9 18:30:17-debug: lazy register asset handler label-atlas
2026-6-9 18:30:17-debug: lazy register asset handler sprite-atlas
2026-6-9 18:30:17-debug: lazy register asset handler render-stage
2026-6-9 18:30:17-debug: lazy register asset handler render-flow
2026-6-9 18:30:17-debug: lazy register asset handler render-pipeline
2026-6-9 18:30:17-debug: lazy register asset handler instantiation-material
2026-6-9 18:30:17-debug: lazy register asset handler instantiation-mesh
2026-6-9 18:30:17-debug: lazy register asset handler instantiation-skeleton
2026-6-9 18:30:17-debug: lazy register asset handler instantiation-animation
2026-6-9 18:30:17-debug: lazy register asset handler video-clip
2026-6-9 18:30:18-debug: asset-db:worker-effect-data-processing (909ms)
2026-6-9 18:30:18-debug: asset-db-hook-engine-extends-afterStartDB (909ms)
2026-6-9 18:30:18-debug: asset-db:start-database (1722ms)
2026-6-9 18:30:18-debug: asset-db:ready (6645ms)
2026-6-9 18:30:18-debug: init worker message success
2026-6-9 18:30:18-debug: programming:execute-script (1ms)
2026-6-9 18:30:18-debug: [Build Memory track]: builder:worker-init start:298.84MB, end 309.65MB, increase: 10.81MB
2026-6-9 18:30:18-debug: builder:worker-init (419ms)
2026-6-9 18:30:18-debug: Query all assets info in project
2026-6-9 18:30:18-debug: Skip compress image, progress: 0%
2026-6-9 18:30:18-debug: init custom config: keepNodeUuid: false, useCache: true
2026-6-9 18:30:18-debug: Init all bundles start..., progress: 0%
2026-6-9 18:30:18-debug: 查询 Asset Bundle start, progress: 0%
2026-6-9 18:30:18-debug: // ---- build task 查询 Asset Bundle ----
2026-6-9 18:30:18-debug: Init bundle root assets start..., progress: 0%
2026-6-9 18:30:18-debug: Num of bundles: 3..., progress: 0%
2026-6-9 18:30:18-debug: Query preload assets/scripts from cc.config.json: 60f7195c-ec2a-45eb-ba94-8955f60e81d0,1c02ae6f-4492-4915-b8f8-7492a3b1e4cd,810e96e4-e456-4468-9b59-f4e8f39732c0,efe8e2a3-eace-427b-b4f1-cb8a937ec77d,e9aa9a3e-5b2b-4ac7-a2c7-073de2b2b24f,8bbdbcdd-5cd4-4100-b6d5-b7c9625b6107,50f4348b-c883-4e2f-8f11-ce233b859fa1,fda095cb-831d-4601-ad94-846013963de8,f92806d7-1768-443f-afe8-12bcde84d0f0,dd3a144d-ab7f-41f0-82b8-2e43a090d496,f0416e68-0200-4b77-a926-4f9d16e494da,970b0598-bcb0-4714-91fb-2e81440dccd8,bcd64cc6-2dd9-43f6-abbe-66318d332032,d930590d-bb92-4cc8-8bd1-23cd027f9edf,a3cd009f-0ab0-420d-9278-b9fdab939bbc,6a2d0734-bd9e-4ddf-946e-caa52498cb75,c27215d8-6835-4b68-bfbb-bdeac6100c04,b5d6115f-0370-4d7c-aad3-c194cc71cf98,871c3b6c-7379-419d-bda3-794b239ab90d,ff9b0199-ce04-4cfe-86cc-6c719f08d6e4,de1c2107-70c8-4021-8459-6399f24d01c6,cbf30902-517f-40dc-af90-a550bac27cf1,5c601d96-e4c7-4698-991b-7ee674b11079
2026-6-9 18:30:18-debug: Init bundle root assets success..., progress: 0%
2026-6-9 18:30:18-debug:   Number of other assets: 360
2026-6-9 18:30:18-debug:   Number of all scenes: 1
2026-6-9 18:30:18-debug:   Number of all scripts: 24
2026-6-9 18:30:18-debug: // ---- build task 查询 Asset Bundle ---- (18ms)
2026-6-9 18:30:18-debug: [Build Memory track]: 查询 Asset Bundle start:225.14MB, end 226.21MB, increase: 1.07MB
2026-6-9 18:30:18-debug: 查询 Asset Bundle start, progress: 5%
2026-6-9 18:30:18-log: run build task 查询 Asset Bundle success in 18 ms√, progress: 5%
2026-6-9 18:30:18-debug: // ---- build task 查询 Asset Bundle ----
2026-6-9 18:30:18-debug: // ---- build task 查询 Asset Bundle ---- (13ms)
2026-6-9 18:30:18-log: run build task 查询 Asset Bundle success in 13 ms√, progress: 10%
2026-6-9 18:30:18-debug: [Build Memory track]: 查询 Asset Bundle start:226.25MB, end 226.37MB, increase: 125.08KB
2026-6-9 18:30:18-debug: 整理部分构建选项内数据到 settings.json start, progress: 10%
2026-6-9 18:30:18-debug: // ---- build task 整理部分构建选项内数据到 settings.json ----
2026-6-9 18:30:18-debug: // ---- build task 整理部分构建选项内数据到 settings.json ---- (3ms)
2026-6-9 18:30:18-debug: [Build Memory track]: 整理部分构建选项内数据到 settings.json start:226.41MB, end 226.44MB, increase: 37.63KB
2026-6-9 18:30:18-debug: 填充脚本数据到 settings.json start, progress: 12%
2026-6-9 18:30:18-debug: // ---- build task 填充脚本数据到 settings.json ----
2026-6-9 18:30:18-log: run build task 整理部分构建选项内数据到 settings.json success in 3 ms√, progress: 12%
2026-6-9 18:30:18-debug: // ---- build task 填充脚本数据到 settings.json ---- (2ms)
2026-6-9 18:30:18-log: run build task 填充脚本数据到 settings.json success in 2 ms√, progress: 13%
2026-6-9 18:30:18-debug: [Build Memory track]: 填充脚本数据到 settings.json start:226.48MB, end 226.51MB, increase: 31.80KB
2026-6-9 18:30:18-debug: 整理部分构建选项内数据到 settings.json start, progress: 13%
2026-6-9 18:30:18-debug: // ---- build task 整理部分构建选项内数据到 settings.json ----
2026-6-9 18:30:18-debug: // ---- build task 整理部分构建选项内数据到 settings.json ---- (9ms)
2026-6-9 18:30:18-log: run build task 整理部分构建选项内数据到 settings.json success in 9 ms√, progress: 15%
2026-6-9 18:30:18-debug: [Build Memory track]: 整理部分构建选项内数据到 settings.json start:226.55MB, end 226.69MB, increase: 145.24KB
2026-6-9 18:30:19-debug: Query all assets info in project
2026-6-9 18:30:19-debug: init custom config: keepNodeUuid: false, useCache: true
2026-6-9 18:30:19-debug: Skip compress image, progress: 0%
2026-6-9 18:30:19-debug: Init all bundles start..., progress: 0%
2026-6-9 18:30:19-debug: Num of bundles: 3..., progress: 0%
2026-6-9 18:30:19-debug: 查询 Asset Bundle start, progress: 0%
2026-6-9 18:30:19-debug: // ---- build task 查询 Asset Bundle ----
2026-6-9 18:30:19-debug: Init bundle root assets start..., progress: 0%
2026-6-9 18:30:19-debug: Query preload assets/scripts from cc.config.json: 60f7195c-ec2a-45eb-ba94-8955f60e81d0,1c02ae6f-4492-4915-b8f8-7492a3b1e4cd,810e96e4-e456-4468-9b59-f4e8f39732c0,efe8e2a3-eace-427b-b4f1-cb8a937ec77d,e9aa9a3e-5b2b-4ac7-a2c7-073de2b2b24f,8bbdbcdd-5cd4-4100-b6d5-b7c9625b6107,50f4348b-c883-4e2f-8f11-ce233b859fa1,fda095cb-831d-4601-ad94-846013963de8,f92806d7-1768-443f-afe8-12bcde84d0f0,dd3a144d-ab7f-41f0-82b8-2e43a090d496,f0416e68-0200-4b77-a926-4f9d16e494da,970b0598-bcb0-4714-91fb-2e81440dccd8,bcd64cc6-2dd9-43f6-abbe-66318d332032,d930590d-bb92-4cc8-8bd1-23cd027f9edf,a3cd009f-0ab0-420d-9278-b9fdab939bbc,6a2d0734-bd9e-4ddf-946e-caa52498cb75,c27215d8-6835-4b68-bfbb-bdeac6100c04,b5d6115f-0370-4d7c-aad3-c194cc71cf98,871c3b6c-7379-419d-bda3-794b239ab90d,ff9b0199-ce04-4cfe-86cc-6c719f08d6e4,de1c2107-70c8-4021-8459-6399f24d01c6,cbf30902-517f-40dc-af90-a550bac27cf1,5c601d96-e4c7-4698-991b-7ee674b11079
2026-6-9 18:30:19-debug:   Number of all scenes: 1
2026-6-9 18:30:19-debug:   Number of all scripts: 24
2026-6-9 18:30:19-debug:   Number of other assets: 360
2026-6-9 18:30:19-debug: Init bundle root assets success..., progress: 0%
2026-6-9 18:30:19-debug: // ---- build task 查询 Asset Bundle ---- (7ms)
2026-6-9 18:30:19-log: run build task 查询 Asset Bundle success in 7 ms√, progress: 5%
2026-6-9 18:30:19-debug: [Build Memory track]: 查询 Asset Bundle start:228.32MB, end 222.18MB, increase: -6283.67KB
2026-6-9 18:30:19-debug: 查询 Asset Bundle start, progress: 5%
2026-6-9 18:30:19-debug: // ---- build task 查询 Asset Bundle ----
2026-6-9 18:30:19-debug: // ---- build task 查询 Asset Bundle ---- (5ms)
2026-6-9 18:30:19-log: run build task 查询 Asset Bundle success in 5 ms√, progress: 10%
2026-6-9 18:30:19-debug: [Build Memory track]: 查询 Asset Bundle start:222.22MB, end 222.34MB, increase: 124.47KB
2026-6-9 18:30:19-debug: 整理部分构建选项内数据到 settings.json start, progress: 10%
2026-6-9 18:30:19-debug: // ---- build task 整理部分构建选项内数据到 settings.json ----
2026-6-9 18:30:19-debug: // ---- build task 整理部分构建选项内数据到 settings.json ---- (3ms)
2026-6-9 18:30:19-log: run build task 整理部分构建选项内数据到 settings.json success in 3 ms√, progress: 12%
2026-6-9 18:30:19-debug: [Build Memory track]: 整理部分构建选项内数据到 settings.json start:222.38MB, end 222.43MB, increase: 46.73KB
2026-6-9 18:30:19-debug: 填充脚本数据到 settings.json start, progress: 12%
2026-6-9 18:30:19-debug: // ---- build task 填充脚本数据到 settings.json ----
2026-6-9 18:30:19-log: run build task 填充脚本数据到 settings.json success in √, progress: 13%
2026-6-9 18:30:19-debug: [Build Memory track]: 填充脚本数据到 settings.json start:222.47MB, end 222.52MB, increase: 56.74KB
2026-6-9 18:30:19-debug: 整理部分构建选项内数据到 settings.json start, progress: 13%
2026-6-9 18:30:19-debug: // ---- build task 整理部分构建选项内数据到 settings.json ----
2026-6-9 18:30:19-log: run build task 整理部分构建选项内数据到 settings.json success in 6 ms√, progress: 15%
2026-6-9 18:30:19-debug: [Build Memory track]: 整理部分构建选项内数据到 settings.json start:222.56MB, end 222.69MB, increase: 129.73KB
2026-6-9 18:30:19-debug: // ---- build task 整理部分构建选项内数据到 settings.json ---- (6ms)
