2026-6-9 20:38:03-log: Cannot access game frame or container.
2026-6-9 20:38:03-debug: asset-db:require-engine-code (607ms)
2026-6-9 20:38:03-log: meshopt wasm decoder initialized
2026-6-9 20:38:03-log: [bullet]:bullet wasm lib loaded.
2026-6-9 20:38:03-log: [box2d]:box2d wasm lib loaded.
2026-6-9 20:38:03-log: Cocos Creator v3.8.8
2026-6-9 20:38:03-log: Using legacy pipeline
2026-6-9 20:38:03-log: Forward render pipeline initialized.
2026-6-9 20:38:03-debug: [Assets Memory track]: asset-db:worker-init: initEngine start:31.53MB, end 79.19MB, increase: 47.66MB
2026-6-9 20:38:06-debug: [Assets Memory track]: asset-db:worker-init: initPlugin start:79.21MB, end 342.50MB, increase: 263.29MB
2026-6-9 20:38:06-debug: run package(im-plugin) handler(enable) start
2026-6-9 20:38:06-debug: run package(im-plugin) handler(enable) success!
2026-6-9 20:38:06-debug: run package(placeholder) handler(enable) start
2026-6-9 20:38:06-debug: run package(placeholder) handler(enable) success!
2026-6-9 20:38:06-debug: run package(cocos-service) handler(enable) success!
2026-6-9 20:38:06-debug: run package(cocos-service) handler(enable) start
2026-6-9 20:38:06-debug: asset-db:worker-init: initPlugin (2353ms)
2026-6-9 20:38:06-debug: [Assets Memory track]: asset-db:worker-init start:31.52MB, end 340.90MB, increase: 309.38MB
2026-6-9 20:38:06-debug: Run asset db hook engine-extends:beforePreStart success!
2026-6-9 20:38:06-debug: Run asset db hook programming:beforePreStart ...
2026-6-9 20:38:06-debug: Run asset db hook engine-extends:beforePreStart ...
2026-6-9 20:38:06-debug: Run asset db hook programming:beforePreStart success!
2026-6-9 20:38:06-debug: asset-db:worker-init (3101ms)
2026-6-9 20:38:06-debug: asset-db-hook-programming-beforePreStart (70ms)
2026-6-9 20:38:06-debug: asset-db-hook-engine-extends-beforePreStart (69ms)
2026-6-9 20:38:06-debug: Preimport db internal success
2026-6-9 20:38:06-debug: %cImport%c: /Users/zxd/workspace/person/animal-chess-game/assets/scripts/pages/HomePage.tsbackground: #aaff85; color: #000;color: #000;
2026-6-9 20:38:06-debug: Preimport db assets success
2026-6-9 20:38:06-debug: Run asset db hook programming:afterPreStart ...
2026-6-9 20:38:06-debug: starting packer-driver...
2026-6-9 20:38:06-debug: initialize scripting environment...
2026-6-9 20:38:06-debug: [[Executor]] prepare before lock
2026-6-9 20:38:06-debug: Set detail map pack:///resolution-detail-map.json: {}
2026-6-9 20:38:06-debug: [[Executor]] prepare after unlock
2026-6-9 20:38:06-debug: [Assets Memory track]: asset-db:worker-init: preStart start:340.91MB, end 343.19MB, increase: 2.28MB
2026-6-9 20:38:06-debug: Start up the 'internal' database...
2026-6-9 20:38:06-debug: Run asset db hook programming:afterPreStart success!
2026-6-9 20:38:06-debug: Run asset db hook engine-extends:afterPreStart ...
2026-6-9 20:38:06-debug: Run asset db hook engine-extends:afterPreStart success!
2026-6-9 20:38:06-debug: asset-db-hook-programming-afterPreStart (567ms)
2026-6-9 20:38:07-debug: asset-db:worker-effect-data-processing (257ms)
2026-6-9 20:38:07-debug: asset-db-hook-engine-extends-afterPreStart (257ms)
2026-6-9 20:38:07-debug: Run asset db hook engine-extends:afterStartDB ...
2026-6-9 20:38:07-debug: recompile effect.bin success
2026-6-9 20:38:07-debug: Run asset db hook engine-extends:afterStartDB success!
2026-6-9 20:38:07-debug: Start up the 'assets' database...
2026-6-9 20:38:07-debug: asset-db:worker-effect-data-processing (321ms)
2026-6-9 20:38:07-debug: asset-db-hook-engine-extends-afterStartDB (321ms)
2026-6-9 20:38:07-debug: Run asset db hook engine-extends:afterStartDB ...
2026-6-9 20:38:07-debug: recompile effect.bin success
2026-6-9 20:38:07-debug: Run asset db hook engine-extends:afterStartDB success!
2026-6-9 20:38:07-debug: [Assets Memory track]: asset-db:worker-init: startup start:343.20MB, end 382.76MB, increase: 39.56MB
2026-6-9 20:38:07-debug: lazy register asset handler *
2026-6-9 20:38:07-debug: lazy register asset handler directory
2026-6-9 20:38:07-debug: lazy register asset handler spine-data
2026-6-9 20:38:07-debug: lazy register asset handler dragonbones
2026-6-9 20:38:07-debug: lazy register asset handler javascript
2026-6-9 20:38:07-debug: lazy register asset handler typescript
2026-6-9 20:38:07-debug: lazy register asset handler prefab
2026-6-9 20:38:07-debug: lazy register asset handler tiled-map
2026-6-9 20:38:07-debug: lazy register asset handler buffer
2026-6-9 20:38:07-debug: lazy register asset handler image
2026-6-9 20:38:07-debug: lazy register asset handler sign-image
2026-6-9 20:38:07-debug: lazy register asset handler alpha-image
2026-6-9 20:38:07-debug: lazy register asset handler texture
2026-6-9 20:38:07-debug: lazy register asset handler texture-cube
2026-6-9 20:38:07-debug: lazy register asset handler erp-texture-cube
2026-6-9 20:38:07-debug: lazy register asset handler render-texture
2026-6-9 20:38:07-debug: lazy register asset handler scene
2026-6-9 20:38:07-debug: lazy register asset handler rt-sprite-frame
2026-6-9 20:38:07-debug: lazy register asset handler gltf
2026-6-9 20:38:07-debug: lazy register asset handler gltf-mesh
2026-6-9 20:38:07-debug: lazy register asset handler gltf-animation
2026-6-9 20:38:07-debug: lazy register asset handler gltf-skeleton
2026-6-9 20:38:07-debug: lazy register asset handler gltf-material
2026-6-9 20:38:07-debug: lazy register asset handler gltf-scene
2026-6-9 20:38:07-debug: lazy register asset handler gltf-embeded-image
2026-6-9 20:38:07-debug: lazy register asset handler fbx
2026-6-9 20:38:07-debug: lazy register asset handler material
2026-6-9 20:38:07-debug: lazy register asset handler physics-material
2026-6-9 20:38:07-debug: lazy register asset handler terrain
2026-6-9 20:38:07-debug: lazy register asset handler effect-header
2026-6-9 20:38:07-debug: lazy register asset handler audio-clip
2026-6-9 20:38:07-debug: lazy register asset handler json
2026-6-9 20:38:07-debug: lazy register asset handler animation-clip
2026-6-9 20:38:07-debug: lazy register asset handler animation-graph-variant
2026-6-9 20:38:07-debug: lazy register asset handler animation-graph
2026-6-9 20:38:07-debug: lazy register asset handler ttf-font
2026-6-9 20:38:07-debug: lazy register asset handler animation-mask
2026-6-9 20:38:07-debug: lazy register asset handler bitmap-font
2026-6-9 20:38:07-debug: lazy register asset handler particle
2026-6-9 20:38:07-debug: lazy register asset handler auto-atlas
2026-6-9 20:38:07-debug: lazy register asset handler sprite-atlas
2026-6-9 20:38:07-debug: lazy register asset handler label-atlas
2026-6-9 20:38:07-debug: lazy register asset handler render-pipeline
2026-6-9 20:38:07-debug: lazy register asset handler render-flow
2026-6-9 20:38:07-debug: lazy register asset handler render-stage
2026-6-9 20:38:07-debug: lazy register asset handler instantiation-mesh
2026-6-9 20:38:07-debug: lazy register asset handler instantiation-material
2026-6-9 20:38:07-debug: lazy register asset handler instantiation-skeleton
2026-6-9 20:38:07-debug: lazy register asset handler instantiation-animation
2026-6-9 20:38:07-debug: lazy register asset handler video-clip
2026-6-9 20:38:07-debug: lazy register asset handler text
2026-6-9 20:38:07-debug: lazy register asset handler effect
2026-6-9 20:38:07-debug: lazy register asset handler sprite-frame
2026-6-9 20:38:07-debug: lazy register asset handler dragonbones-atlas
2026-6-9 20:38:07-debug: lazy register asset handler texture-cube-face
2026-6-9 20:38:08-debug: asset-db:worker-effect-data-processing (840ms)
2026-6-9 20:38:08-debug: asset-db-hook-engine-extends-afterStartDB (840ms)
2026-6-9 20:38:08-debug: asset-db:start-database (1905ms)
2026-6-9 20:38:08-debug: asset-db:ready (7112ms)
2026-6-9 20:38:08-debug: init worker message success
2026-6-9 20:38:08-debug: programming:execute-script (9ms)
2026-6-9 20:38:08-debug: [Build Memory track]: builder:worker-init start:387.63MB, end 225.09MB, increase: -166436.23KB
2026-6-9 20:38:08-debug: builder:worker-init (275ms)
2026-6-9 20:38:08-debug: Query all assets info in project
2026-6-9 20:38:08-debug: Skip compress image, progress: 0%
2026-6-9 20:38:08-debug: init custom config: keepNodeUuid: false, useCache: true
2026-6-9 20:38:08-debug: Init all bundles start..., progress: 0%
2026-6-9 20:38:08-debug: Num of bundles: 3..., progress: 0%
2026-6-9 20:38:08-debug: 查询 Asset Bundle start, progress: 0%
2026-6-9 20:38:08-debug: // ---- build task 查询 Asset Bundle ----
2026-6-9 20:38:08-debug: Init bundle root assets start..., progress: 0%
2026-6-9 20:38:08-debug: Query preload assets/scripts from cc.config.json: 60f7195c-ec2a-45eb-ba94-8955f60e81d0,1c02ae6f-4492-4915-b8f8-7492a3b1e4cd,810e96e4-e456-4468-9b59-f4e8f39732c0,efe8e2a3-eace-427b-b4f1-cb8a937ec77d,e9aa9a3e-5b2b-4ac7-a2c7-073de2b2b24f,8bbdbcdd-5cd4-4100-b6d5-b7c9625b6107,50f4348b-c883-4e2f-8f11-ce233b859fa1,fda095cb-831d-4601-ad94-846013963de8,f92806d7-1768-443f-afe8-12bcde84d0f0,dd3a144d-ab7f-41f0-82b8-2e43a090d496,f0416e68-0200-4b77-a926-4f9d16e494da,970b0598-bcb0-4714-91fb-2e81440dccd8,bcd64cc6-2dd9-43f6-abbe-66318d332032,d930590d-bb92-4cc8-8bd1-23cd027f9edf,a3cd009f-0ab0-420d-9278-b9fdab939bbc,6a2d0734-bd9e-4ddf-946e-caa52498cb75,c27215d8-6835-4b68-bfbb-bdeac6100c04,b5d6115f-0370-4d7c-aad3-c194cc71cf98,871c3b6c-7379-419d-bda3-794b239ab90d,ff9b0199-ce04-4cfe-86cc-6c719f08d6e4,de1c2107-70c8-4021-8459-6399f24d01c6,cbf30902-517f-40dc-af90-a550bac27cf1,5c601d96-e4c7-4698-991b-7ee674b11079
2026-6-9 20:38:08-debug:   Number of all scenes: 1
2026-6-9 20:38:08-debug:   Number of all scripts: 24
2026-6-9 20:38:08-debug:   Number of other assets: 360
2026-6-9 20:38:08-debug: Init bundle root assets success..., progress: 0%
2026-6-9 20:38:08-debug: // ---- build task 查询 Asset Bundle ---- (36ms)
2026-6-9 20:38:08-log: run build task 查询 Asset Bundle success in 36 ms√, progress: 5%
2026-6-9 20:38:08-debug: [Build Memory track]: 查询 Asset Bundle start:229.36MB, end 224.59MB, increase: -4890.02KB
2026-6-9 20:38:08-debug: 查询 Asset Bundle start, progress: 5%
2026-6-9 20:38:08-debug: // ---- build task 查询 Asset Bundle ----
2026-6-9 20:38:08-log: run build task 查询 Asset Bundle success in 15 ms√, progress: 10%
2026-6-9 20:38:08-debug: [Build Memory track]: 查询 Asset Bundle start:224.63MB, end 224.75MB, increase: 125.75KB
2026-6-9 20:38:08-debug: // ---- build task 整理部分构建选项内数据到 settings.json ----
2026-6-9 20:38:08-debug: // ---- build task 查询 Asset Bundle ---- (15ms)
2026-6-9 20:38:08-debug: 整理部分构建选项内数据到 settings.json start, progress: 10%
2026-6-9 20:38:08-log: run build task 整理部分构建选项内数据到 settings.json success in 5 ms√, progress: 12%
2026-6-9 20:38:08-debug: [Build Memory track]: 整理部分构建选项内数据到 settings.json start:224.79MB, end 224.85MB, increase: 66.11KB
2026-6-9 20:38:08-debug: 填充脚本数据到 settings.json start, progress: 12%
2026-6-9 20:38:08-debug: // ---- build task 填充脚本数据到 settings.json ----
2026-6-9 20:38:08-log: run build task 填充脚本数据到 settings.json success in √, progress: 13%
2026-6-9 20:38:08-debug: [Build Memory track]: 填充脚本数据到 settings.json start:224.89MB, end 224.91MB, increase: 16.07KB
2026-6-9 20:38:08-debug: 整理部分构建选项内数据到 settings.json start, progress: 13%
2026-6-9 20:38:08-debug: // ---- build task 整理部分构建选项内数据到 settings.json ----
2026-6-9 20:38:08-debug: // ---- build task 整理部分构建选项内数据到 settings.json ---- (5ms)
2026-6-9 20:38:08-debug: // ---- build task 整理部分构建选项内数据到 settings.json ---- (22ms)
2026-6-9 20:38:08-log: run build task 整理部分构建选项内数据到 settings.json success in 22 ms√, progress: 15%
2026-6-9 20:38:08-debug: [Build Memory track]: 整理部分构建选项内数据到 settings.json start:224.95MB, end 225.09MB, increase: 146.09KB
2026-6-9 20:38:08-debug: Query all assets info in project
2026-6-9 20:38:08-debug: init custom config: keepNodeUuid: false, useCache: true
2026-6-9 20:38:08-debug: Skip compress image, progress: 0%
2026-6-9 20:38:09-debug: Init all bundles start..., progress: 0%
2026-6-9 20:38:09-debug: // ---- build task 查询 Asset Bundle ----
2026-6-9 20:38:09-debug: Init bundle root assets start..., progress: 0%
2026-6-9 20:38:09-debug: 查询 Asset Bundle start, progress: 0%
2026-6-9 20:38:09-debug: Num of bundles: 3..., progress: 0%
2026-6-9 20:38:09-debug: Query preload assets/scripts from cc.config.json: 60f7195c-ec2a-45eb-ba94-8955f60e81d0,1c02ae6f-4492-4915-b8f8-7492a3b1e4cd,810e96e4-e456-4468-9b59-f4e8f39732c0,efe8e2a3-eace-427b-b4f1-cb8a937ec77d,e9aa9a3e-5b2b-4ac7-a2c7-073de2b2b24f,8bbdbcdd-5cd4-4100-b6d5-b7c9625b6107,50f4348b-c883-4e2f-8f11-ce233b859fa1,fda095cb-831d-4601-ad94-846013963de8,f92806d7-1768-443f-afe8-12bcde84d0f0,dd3a144d-ab7f-41f0-82b8-2e43a090d496,f0416e68-0200-4b77-a926-4f9d16e494da,970b0598-bcb0-4714-91fb-2e81440dccd8,bcd64cc6-2dd9-43f6-abbe-66318d332032,d930590d-bb92-4cc8-8bd1-23cd027f9edf,a3cd009f-0ab0-420d-9278-b9fdab939bbc,6a2d0734-bd9e-4ddf-946e-caa52498cb75,c27215d8-6835-4b68-bfbb-bdeac6100c04,b5d6115f-0370-4d7c-aad3-c194cc71cf98,871c3b6c-7379-419d-bda3-794b239ab90d,ff9b0199-ce04-4cfe-86cc-6c719f08d6e4,de1c2107-70c8-4021-8459-6399f24d01c6,cbf30902-517f-40dc-af90-a550bac27cf1,5c601d96-e4c7-4698-991b-7ee674b11079
2026-6-9 20:38:09-debug:   Number of all scripts: 24
2026-6-9 20:38:09-debug:   Number of other assets: 360
2026-6-9 20:38:09-debug: Init bundle root assets success..., progress: 0%
2026-6-9 20:38:09-debug: // ---- build task 查询 Asset Bundle ---- (9ms)
2026-6-9 20:38:09-log: run build task 查询 Asset Bundle success in 9 ms√, progress: 5%
2026-6-9 20:38:09-debug: [Build Memory track]: 查询 Asset Bundle start:226.04MB, end 226.46MB, increase: 438.98KB
2026-6-9 20:38:09-debug: 查询 Asset Bundle start, progress: 5%
2026-6-9 20:38:09-debug: // ---- build task 查询 Asset Bundle ----
2026-6-9 20:38:09-debug:   Number of all scenes: 1
2026-6-9 20:38:09-debug: [Build Memory track]: 查询 Asset Bundle start:226.56MB, end 226.65MB, increase: 93.33KB
2026-6-9 20:38:09-debug: // ---- build task 查询 Asset Bundle ---- (11ms)
2026-6-9 20:38:09-debug: 整理部分构建选项内数据到 settings.json start, progress: 10%
2026-6-9 20:38:09-debug: // ---- build task 整理部分构建选项内数据到 settings.json ---- (1ms)
2026-6-9 20:38:09-debug: // ---- build task 整理部分构建选项内数据到 settings.json ----
2026-6-9 20:38:09-log: run build task 整理部分构建选项内数据到 settings.json success in 1 ms√, progress: 12%
2026-6-9 20:38:09-debug: 填充脚本数据到 settings.json start, progress: 12%
2026-6-9 20:38:09-debug: [Build Memory track]: 整理部分构建选项内数据到 settings.json start:226.70MB, end 226.73MB, increase: 29.01KB
2026-6-9 20:38:09-debug: // ---- build task 填充脚本数据到 settings.json ----
2026-6-9 20:38:09-log: run build task 查询 Asset Bundle success in 11 ms√, progress: 10%
2026-6-9 20:38:09-debug: // ---- build task 填充脚本数据到 settings.json ---- (4ms)
2026-6-9 20:38:09-log: run build task 填充脚本数据到 settings.json success in 4 ms√, progress: 13%
2026-6-9 20:38:09-debug: [Build Memory track]: 填充脚本数据到 settings.json start:226.76MB, end 226.81MB, increase: 41.93KB
2026-6-9 20:38:09-debug: 整理部分构建选项内数据到 settings.json start, progress: 13%
2026-6-9 20:38:09-debug: // ---- build task 整理部分构建选项内数据到 settings.json ----
2026-6-9 20:38:09-log: run build task 整理部分构建选项内数据到 settings.json success in 23 ms√, progress: 15%
2026-6-9 20:38:09-debug: [Build Memory track]: 整理部分构建选项内数据到 settings.json start:226.84MB, end 226.98MB, increase: 136.45KB
2026-6-9 20:38:09-debug: // ---- build task 整理部分构建选项内数据到 settings.json ---- (23ms)
2026-6-9 20:38:14-debug: refresh db internal success
2026-6-9 20:38:14-debug: refresh db assets success
2026-6-9 20:38:14-debug: Run asset db hook engine-extends:afterRefresh ...
2026-6-9 20:38:14-debug: Run asset db hook engine-extends:afterRefresh success!
2026-6-9 20:38:14-debug: asset-db:refresh-all-database (52ms)
2026-6-9 20:38:14-debug: asset-db:worker-effect-data-processing (1ms)
2026-6-9 20:38:14-debug: asset-db-hook-engine-extends-afterRefresh (1ms)
2026-6-9 20:38:21-debug: refresh db internal success
2026-6-9 20:38:21-debug: refresh db assets success
2026-6-9 20:38:21-debug: Run asset db hook engine-extends:afterRefresh ...
2026-6-9 20:38:21-debug: Run asset db hook engine-extends:afterRefresh success!
2026-6-9 20:38:21-debug: asset-db:refresh-all-database (34ms)
2026-6-9 20:38:21-debug: asset-db:worker-effect-data-processing (1ms)
2026-6-9 20:38:21-debug: asset-db-hook-engine-extends-afterRefresh (1ms)
2026-6-9 20:40:37-debug: refresh db internal success
2026-6-9 20:40:37-debug: %cImport%c: /Users/zxd/workspace/person/animal-chess-game/assets/scripts/pages/HomePage.tsbackground: #aaff85; color: #000;color: #000;
2026-6-9 20:40:37-debug: refresh db assets success
2026-6-9 20:40:37-debug: Run asset db hook engine-extends:afterRefresh ...
2026-6-9 20:40:37-debug: Run asset db hook engine-extends:afterRefresh success!
2026-6-9 20:40:37-debug: asset-db:refresh-all-database (48ms)
2026-6-9 20:40:37-debug: asset-db:worker-effect-data-processing (2ms)
2026-6-9 20:40:37-debug: asset-db-hook-engine-extends-afterRefresh (2ms)
2026-6-9 20:40:38-debug: Query all assets info in project
2026-6-9 20:40:38-debug: init custom config: keepNodeUuid: false, useCache: true
2026-6-9 20:40:38-debug: Skip compress image, progress: 0%
2026-6-9 20:40:38-debug: Init all bundles start..., progress: 0%
2026-6-9 20:40:38-debug: Num of bundles: 3..., progress: 0%
2026-6-9 20:40:38-debug: 查询 Asset Bundle start, progress: 0%
2026-6-9 20:40:38-debug: // ---- build task 查询 Asset Bundle ----
2026-6-9 20:40:38-debug: Init bundle root assets start..., progress: 0%
2026-6-9 20:40:38-debug: Query preload assets/scripts from cc.config.json: 60f7195c-ec2a-45eb-ba94-8955f60e81d0,1c02ae6f-4492-4915-b8f8-7492a3b1e4cd,810e96e4-e456-4468-9b59-f4e8f39732c0,efe8e2a3-eace-427b-b4f1-cb8a937ec77d,e9aa9a3e-5b2b-4ac7-a2c7-073de2b2b24f,8bbdbcdd-5cd4-4100-b6d5-b7c9625b6107,50f4348b-c883-4e2f-8f11-ce233b859fa1,fda095cb-831d-4601-ad94-846013963de8,f92806d7-1768-443f-afe8-12bcde84d0f0,dd3a144d-ab7f-41f0-82b8-2e43a090d496,f0416e68-0200-4b77-a926-4f9d16e494da,970b0598-bcb0-4714-91fb-2e81440dccd8,bcd64cc6-2dd9-43f6-abbe-66318d332032,d930590d-bb92-4cc8-8bd1-23cd027f9edf,a3cd009f-0ab0-420d-9278-b9fdab939bbc,6a2d0734-bd9e-4ddf-946e-caa52498cb75,c27215d8-6835-4b68-bfbb-bdeac6100c04,b5d6115f-0370-4d7c-aad3-c194cc71cf98,871c3b6c-7379-419d-bda3-794b239ab90d,ff9b0199-ce04-4cfe-86cc-6c719f08d6e4,de1c2107-70c8-4021-8459-6399f24d01c6,cbf30902-517f-40dc-af90-a550bac27cf1,5c601d96-e4c7-4698-991b-7ee674b11079
2026-6-9 20:40:38-debug:   Number of all scenes: 1
2026-6-9 20:40:38-debug:   Number of all scripts: 24
2026-6-9 20:40:38-debug:   Number of other assets: 360
2026-6-9 20:40:38-debug: Init bundle root assets success..., progress: 0%
2026-6-9 20:40:38-debug: // ---- build task 查询 Asset Bundle ---- (19ms)
2026-6-9 20:40:38-log: run build task 查询 Asset Bundle success in 19 ms√, progress: 5%
2026-6-9 20:40:38-debug: [Build Memory track]: 查询 Asset Bundle start:223.58MB, end 223.65MB, increase: 73.71KB
2026-6-9 20:40:38-debug: 查询 Asset Bundle start, progress: 5%
2026-6-9 20:40:38-debug: // ---- build task 查询 Asset Bundle ----
2026-6-9 20:40:39-debug: // ---- build task 查询 Asset Bundle ---- (65ms)
2026-6-9 20:40:39-log: run build task 查询 Asset Bundle success in 65 ms√, progress: 10%
2026-6-9 20:40:39-debug: [Build Memory track]: 查询 Asset Bundle start:223.69MB, end 223.81MB, increase: 126.26KB
2026-6-9 20:40:39-debug: 整理部分构建选项内数据到 settings.json start, progress: 10%
2026-6-9 20:40:39-debug: // ---- build task 整理部分构建选项内数据到 settings.json ----
2026-6-9 20:40:39-debug: // ---- build task 整理部分构建选项内数据到 settings.json ---- (1ms)
2026-6-9 20:40:39-log: run build task 整理部分构建选项内数据到 settings.json success in 1 ms√, progress: 12%
2026-6-9 20:40:39-debug: [Build Memory track]: 整理部分构建选项内数据到 settings.json start:223.85MB, end 223.88MB, increase: 28.21KB
2026-6-9 20:40:39-debug: 填充脚本数据到 settings.json start, progress: 12%
2026-6-9 20:40:39-debug: // ---- build task 填充脚本数据到 settings.json ----
2026-6-9 20:40:39-log: run build task 填充脚本数据到 settings.json success in √, progress: 13%
2026-6-9 20:40:39-debug: [Build Memory track]: 填充脚本数据到 settings.json start:223.92MB, end 223.93MB, increase: 15.96KB
2026-6-9 20:40:39-debug: 整理部分构建选项内数据到 settings.json start, progress: 13%
2026-6-9 20:40:39-debug: // ---- build task 整理部分构建选项内数据到 settings.json ----
2026-6-9 20:40:39-debug: // ---- build task 整理部分构建选项内数据到 settings.json ---- (73ms)
2026-6-9 20:40:39-log: run build task 整理部分构建选项内数据到 settings.json success in 73 ms√, progress: 15%
2026-6-9 20:40:39-debug: [Build Memory track]: 整理部分构建选项内数据到 settings.json start:223.97MB, end 223.43MB, increase: -547.42KB
2026-6-9 20:40:39-debug: Query all assets info in project
2026-6-9 20:40:39-debug: init custom config: keepNodeUuid: false, useCache: true
2026-6-9 20:40:39-debug: Skip compress image, progress: 0%
2026-6-9 20:40:39-debug: Init all bundles start..., progress: 0%
2026-6-9 20:40:39-debug: Num of bundles: 3..., progress: 0%
2026-6-9 20:40:39-debug: // ---- build task 查询 Asset Bundle ----
2026-6-9 20:40:39-debug: 查询 Asset Bundle start, progress: 0%
2026-6-9 20:40:39-debug: Init bundle root assets start..., progress: 0%
2026-6-9 20:40:39-debug: Query preload assets/scripts from cc.config.json: 60f7195c-ec2a-45eb-ba94-8955f60e81d0,1c02ae6f-4492-4915-b8f8-7492a3b1e4cd,810e96e4-e456-4468-9b59-f4e8f39732c0,efe8e2a3-eace-427b-b4f1-cb8a937ec77d,e9aa9a3e-5b2b-4ac7-a2c7-073de2b2b24f,8bbdbcdd-5cd4-4100-b6d5-b7c9625b6107,50f4348b-c883-4e2f-8f11-ce233b859fa1,fda095cb-831d-4601-ad94-846013963de8,f92806d7-1768-443f-afe8-12bcde84d0f0,dd3a144d-ab7f-41f0-82b8-2e43a090d496,f0416e68-0200-4b77-a926-4f9d16e494da,970b0598-bcb0-4714-91fb-2e81440dccd8,bcd64cc6-2dd9-43f6-abbe-66318d332032,d930590d-bb92-4cc8-8bd1-23cd027f9edf,a3cd009f-0ab0-420d-9278-b9fdab939bbc,6a2d0734-bd9e-4ddf-946e-caa52498cb75,c27215d8-6835-4b68-bfbb-bdeac6100c04,b5d6115f-0370-4d7c-aad3-c194cc71cf98,871c3b6c-7379-419d-bda3-794b239ab90d,ff9b0199-ce04-4cfe-86cc-6c719f08d6e4,de1c2107-70c8-4021-8459-6399f24d01c6,cbf30902-517f-40dc-af90-a550bac27cf1,5c601d96-e4c7-4698-991b-7ee674b11079
2026-6-9 20:40:39-debug: // ---- build task 查询 Asset Bundle ---- (39ms)
2026-6-9 20:40:39-log: run build task 查询 Asset Bundle success in 39 ms√, progress: 5%
2026-6-9 20:40:39-debug: [Build Memory track]: 查询 Asset Bundle start:223.91MB, end 223.96MB, increase: 52.42KB
2026-6-9 20:40:39-debug: Init bundle root assets success..., progress: 0%
2026-6-9 20:40:39-debug: // ---- build task 查询 Asset Bundle ----
2026-6-9 20:40:39-debug: 查询 Asset Bundle start, progress: 5%
2026-6-9 20:40:39-debug:   Number of all scripts: 24
2026-6-9 20:40:39-debug:   Number of all scenes: 1
2026-6-9 20:40:39-debug:   Number of other assets: 360
2026-6-9 20:40:39-debug: [Build Memory track]: 查询 Asset Bundle start:224.00MB, end 224.12MB, increase: 126.09KB
2026-6-9 20:40:39-log: run build task 整理部分构建选项内数据到 settings.json success in 3 ms√, progress: 12%
2026-6-9 20:40:39-debug: 整理部分构建选项内数据到 settings.json start, progress: 10%
2026-6-9 20:40:39-debug: 填充脚本数据到 settings.json start, progress: 12%
2026-6-9 20:40:39-debug: // ---- build task 整理部分构建选项内数据到 settings.json ---- (3ms)
2026-6-9 20:40:39-debug: // ---- build task 查询 Asset Bundle ---- (23ms)
2026-6-9 20:40:39-log: run build task 查询 Asset Bundle success in 23 ms√, progress: 10%
2026-6-9 20:40:39-debug: [Build Memory track]: 整理部分构建选项内数据到 settings.json start:224.16MB, end 223.52MB, increase: -649.97KB
2026-6-9 20:40:39-debug: // ---- build task 整理部分构建选项内数据到 settings.json ----
2026-6-9 20:40:39-debug: // ---- build task 填充脚本数据到 settings.json ----
2026-6-9 20:40:39-debug: // ---- build task 填充脚本数据到 settings.json ---- (46ms)
2026-6-9 20:40:39-log: run build task 填充脚本数据到 settings.json success in 46 ms√, progress: 13%
2026-6-9 20:40:39-debug: [Build Memory track]: 填充脚本数据到 settings.json start:223.56MB, end 223.59MB, increase: 30.03KB
2026-6-9 20:40:39-debug: 整理部分构建选项内数据到 settings.json start, progress: 13%
2026-6-9 20:40:39-debug: // ---- build task 整理部分构建选项内数据到 settings.json ----
2026-6-9 20:40:39-debug: // ---- build task 整理部分构建选项内数据到 settings.json ---- (38ms)
2026-6-9 20:40:39-log: run build task 整理部分构建选项内数据到 settings.json success in 38 ms√, progress: 15%
2026-6-9 20:40:39-debug: [Build Memory track]: 整理部分构建选项内数据到 settings.json start:223.63MB, end 223.77MB, increase: 143.02KB
