2026-6-12 17:22:42-log: Cannot access game frame or container.
2026-6-12 17:22:43-debug: asset-db:require-engine-code (1725ms)
2026-6-12 17:22:44-log: [box2d]:box2d wasm lib loaded.
2026-6-12 17:22:44-log: [bullet]:bullet wasm lib loaded.
2026-6-12 17:22:44-log: meshopt wasm decoder initialized
2026-6-12 17:22:44-log: Cocos Creator v3.8.8
2026-6-12 17:22:44-log: Forward render pipeline initialized.
2026-6-12 17:22:44-log: Using legacy pipeline
2026-6-12 17:22:46-debug: [Assets Memory track]: asset-db:worker-init: initPlugin start:117.10MB, end 220.86MB, increase: 103.76MB
2026-6-12 17:22:44-debug: [Assets Memory track]: asset-db:worker-init: initEngine start:31.44MB, end 117.07MB, increase: 85.64MB
2026-6-12 17:22:46-debug: asset-db:worker-init: initPlugin (2368ms)
2026-6-12 17:22:46-debug: [Assets Memory track]: asset-db:worker-init start:31.43MB, end 220.98MB, increase: 189.55MB
2026-6-12 17:22:46-debug: Run asset db hook engine-extends:beforePreStart ...
2026-6-12 17:22:46-debug: Run asset db hook programming:beforePreStart success!
2026-6-12 17:22:46-debug: Run asset db hook engine-extends:beforePreStart success!
2026-6-12 17:22:46-debug: Run asset db hook programming:beforePreStart ...
2026-6-12 17:22:46-debug: asset-db:worker-init (4267ms)
2026-6-12 17:22:46-debug: asset-db-hook-programming-beforePreStart (65ms)
2026-6-12 17:22:46-debug: asset-db-hook-engine-extends-beforePreStart (64ms)
2026-6-12 17:22:46-debug: Preimport db internal success
2026-6-12 17:22:46-debug: %cImport%c: /Users/zxd/workspace/person/animal-chess-game/assets/scripts/framework/PopupManager.ts
background: #aaff85; color: #000;
color: #000;
2026-6-12 17:22:46-debug: %cImport%c: /Users/zxd/workspace/person/animal-chess-game/assets/scripts/utils/SidebarUtils.ts
background: #aaff85; color: #000;
color: #000;
2026-6-12 17:22:46-debug: Preimport db assets success
2026-6-12 17:22:46-debug: Run asset db hook programming:afterPreStart ...
2026-6-12 17:22:46-debug: starting packer-driver...
2026-6-12 17:22:46-debug: initialize scripting environment...
2026-6-12 17:22:46-debug: [[Executor]] prepare before lock
2026-6-12 17:22:46-debug: Set detail map pack:///resolution-detail-map.json: {}
2026-6-12 17:22:46-debug: [[Executor]] prepare after unlock
2026-6-12 17:22:46-debug: Run asset db hook engine-extends:afterPreStart ...
2026-6-12 17:22:46-debug: Run asset db hook programming:afterPreStart success!
2026-6-12 17:22:46-debug: [Assets Memory track]: asset-db:worker-init: preStart start:221.00MB, end 224.97MB, increase: 3.98MB
2026-6-12 17:22:46-debug: Start up the 'internal' database...
2026-6-12 17:22:46-debug: Run asset db hook engine-extends:afterPreStart success!
2026-6-12 17:22:47-debug: asset-db-hook-programming-afterPreStart (466ms)
2026-6-12 17:22:47-debug: asset-db:worker-effect-data-processing (191ms)
2026-6-12 17:22:47-debug: asset-db-hook-engine-extends-afterPreStart (191ms)
2026-6-12 17:22:47-debug: Run asset db hook engine-extends:afterStartDB ...
2026-6-12 17:22:47-debug: recompile effect.bin success
2026-6-12 17:22:47-debug: Run asset db hook engine-extends:afterStartDB success!
2026-6-12 17:22:47-debug: asset-db:worker-effect-data-processing (350ms)
2026-6-12 17:22:47-debug: Start up the 'assets' database...
2026-6-12 17:22:47-debug: asset-db-hook-engine-extends-afterStartDB (350ms)
2026-6-12 17:22:47-debug: Run asset db hook engine-extends:afterStartDB ...
2026-6-12 17:22:47-debug: recompile effect.bin success
2026-6-12 17:22:47-debug: Run asset db hook engine-extends:afterStartDB success!
2026-6-12 17:22:47-debug: [Assets Memory track]: asset-db:worker-init: startup start:224.99MB, end 243.49MB, increase: 18.51MB
2026-6-12 17:22:47-debug: lazy register asset handler *
2026-6-12 17:22:47-debug: lazy register asset handler directory
2026-6-12 17:22:47-debug: lazy register asset handler text
2026-6-12 17:22:47-debug: lazy register asset handler json
2026-6-12 17:22:47-debug: lazy register asset handler spine-data
2026-6-12 17:22:47-debug: lazy register asset handler dragonbones
2026-6-12 17:22:47-debug: lazy register asset handler dragonbones-atlas
2026-6-12 17:22:47-debug: lazy register asset handler terrain
2026-6-12 17:22:47-debug: lazy register asset handler javascript
2026-6-12 17:22:47-debug: lazy register asset handler typescript
2026-6-12 17:22:47-debug: lazy register asset handler scene
2026-6-12 17:22:47-debug: lazy register asset handler prefab
2026-6-12 17:22:47-debug: lazy register asset handler sprite-frame
2026-6-12 17:22:47-debug: lazy register asset handler tiled-map
2026-6-12 17:22:47-debug: lazy register asset handler buffer
2026-6-12 17:22:47-debug: lazy register asset handler image
2026-6-12 17:22:47-debug: lazy register asset handler sign-image
2026-6-12 17:22:47-debug: lazy register asset handler alpha-image
2026-6-12 17:22:47-debug: lazy register asset handler texture
2026-6-12 17:22:47-debug: lazy register asset handler texture-cube
2026-6-12 17:22:47-debug: lazy register asset handler erp-texture-cube
2026-6-12 17:22:47-debug: lazy register asset handler render-texture
2026-6-12 17:22:47-debug: lazy register asset handler texture-cube-face
2026-6-12 17:22:47-debug: lazy register asset handler rt-sprite-frame
2026-6-12 17:22:47-debug: lazy register asset handler gltf
2026-6-12 17:22:47-debug: lazy register asset handler gltf-mesh
2026-6-12 17:22:47-debug: lazy register asset handler gltf-animation
2026-6-12 17:22:47-debug: lazy register asset handler gltf-skeleton
2026-6-12 17:22:47-debug: lazy register asset handler gltf-material
2026-6-12 17:22:47-debug: lazy register asset handler gltf-scene
2026-6-12 17:22:47-debug: lazy register asset handler gltf-embeded-image
2026-6-12 17:22:47-debug: lazy register asset handler fbx
2026-6-12 17:22:47-debug: lazy register asset handler material
2026-6-12 17:22:47-debug: lazy register asset handler physics-material
2026-6-12 17:22:47-debug: lazy register asset handler effect
2026-6-12 17:22:47-debug: lazy register asset handler effect-header
2026-6-12 17:22:47-debug: lazy register asset handler audio-clip
2026-6-12 17:22:47-debug: lazy register asset handler animation-clip
2026-6-12 17:22:47-debug: lazy register asset handler animation-graph
2026-6-12 17:22:47-debug: lazy register asset handler animation-graph-variant
2026-6-12 17:22:47-debug: lazy register asset handler animation-mask
2026-6-12 17:22:47-debug: lazy register asset handler ttf-font
2026-6-12 17:22:47-debug: lazy register asset handler bitmap-font
2026-6-12 17:22:47-debug: lazy register asset handler particle
2026-6-12 17:22:47-debug: lazy register asset handler sprite-atlas
2026-6-12 17:22:47-debug: lazy register asset handler auto-atlas
2026-6-12 17:22:47-debug: lazy register asset handler label-atlas
2026-6-12 17:22:47-debug: lazy register asset handler render-pipeline
2026-6-12 17:22:47-debug: lazy register asset handler render-stage
2026-6-12 17:22:47-debug: lazy register asset handler render-flow
2026-6-12 17:22:47-debug: lazy register asset handler instantiation-material
2026-6-12 17:22:47-debug: lazy register asset handler instantiation-mesh
2026-6-12 17:22:47-debug: lazy register asset handler instantiation-skeleton
2026-6-12 17:22:47-debug: lazy register asset handler instantiation-animation
2026-6-12 17:22:47-debug: lazy register asset handler video-clip
2026-6-12 17:22:48-debug: asset-db:worker-effect-data-processing (818ms)
2026-6-12 17:22:48-debug: asset-db-hook-engine-extends-afterStartDB (818ms)
2026-6-12 17:22:48-debug: asset-db:start-database (1788ms)
2026-6-12 17:22:48-debug: asset-db:ready (8131ms)
2026-6-12 17:22:48-debug: init worker message success
2026-6-12 17:22:48-debug: programming:execute-script (2ms)
2026-6-12 17:22:48-debug: [Build Memory track]: builder:worker-init start:247.74MB, end 256.60MB, increase: 8.86MB
2026-6-12 17:22:48-debug: builder:worker-init (291ms)
2026-6-12 17:22:48-debug: Query all assets info in project
2026-6-12 17:22:48-debug: init custom config: keepNodeUuid: false, useCache: true
2026-6-12 17:22:48-debug: Skip compress image, progress: 0%
2026-6-12 17:22:48-debug: Init all bundles start..., progress: 0%
2026-6-12 17:22:48-debug: Num of bundles: 6..., progress: 0%
2026-6-12 17:22:48-debug: 查询 Asset Bundle start, progress: 0%
2026-6-12 17:22:48-debug: // ---- build task 查询 Asset Bundle ----
2026-6-12 17:22:48-debug: Init bundle root assets start..., progress: 0%
2026-6-12 17:22:48-debug: Query preload assets/scripts from cc.config.json: 60f7195c-ec2a-45eb-ba94-8955f60e81d0,1c02ae6f-4492-4915-b8f8-7492a3b1e4cd,810e96e4-e456-4468-9b59-f4e8f39732c0,efe8e2a3-eace-427b-b4f1-cb8a937ec77d,e9aa9a3e-5b2b-4ac7-a2c7-073de2b2b24f,8bbdbcdd-5cd4-4100-b6d5-b7c9625b6107,50f4348b-c883-4e2f-8f11-ce233b859fa1,fda095cb-831d-4601-ad94-846013963de8,f92806d7-1768-443f-afe8-12bcde84d0f0,dd3a144d-ab7f-41f0-82b8-2e43a090d496,f0416e68-0200-4b77-a926-4f9d16e494da,970b0598-bcb0-4714-91fb-2e81440dccd8,bcd64cc6-2dd9-43f6-abbe-66318d332032,d930590d-bb92-4cc8-8bd1-23cd027f9edf,a3cd009f-0ab0-420d-9278-b9fdab939bbc,6a2d0734-bd9e-4ddf-946e-caa52498cb75,c27215d8-6835-4b68-bfbb-bdeac6100c04,b5d6115f-0370-4d7c-aad3-c194cc71cf98,871c3b6c-7379-419d-bda3-794b239ab90d,ff9b0199-ce04-4cfe-86cc-6c719f08d6e4,de1c2107-70c8-4021-8459-6399f24d01c6,cbf30902-517f-40dc-af90-a550bac27cf1,5c601d96-e4c7-4698-991b-7ee674b11079
2026-6-12 17:22:48-debug:   Number of all scenes: 1
2026-6-12 17:22:48-debug:   Number of all scripts: 25
2026-6-12 17:22:48-debug:   Number of other assets: 409
2026-6-12 17:22:48-debug: Init bundle root assets success..., progress: 0%
2026-6-12 17:22:48-log: run build task 查询 Asset Bundle success in 19 ms√, progress: 5%
2026-6-12 17:22:48-debug: [Build Memory track]: 查询 Asset Bundle start:255.79MB, end 256.83MB, increase: 1.03MB
2026-6-12 17:22:48-debug: 查询 Asset Bundle start, progress: 5%
2026-6-12 17:22:48-debug: // ---- build task 查询 Asset Bundle ----
2026-6-12 17:22:48-debug: // ---- build task 查询 Asset Bundle ---- (19ms)
2026-6-12 17:22:48-debug: // ---- build task 查询 Asset Bundle ---- (12ms)
2026-6-12 17:22:48-log: run build task 查询 Asset Bundle success in 12 ms√, progress: 10%
2026-6-12 17:22:48-debug: [Build Memory track]: 查询 Asset Bundle start:256.86MB, end 257.02MB, increase: 159.22KB
2026-6-12 17:22:48-debug: 整理部分构建选项内数据到 settings.json start, progress: 10%
2026-6-12 17:22:48-debug: // ---- build task 整理部分构建选项内数据到 settings.json ----
2026-6-12 17:22:48-debug: // ---- build task 整理部分构建选项内数据到 settings.json ---- (1ms)
2026-6-12 17:22:48-log: run build task 整理部分构建选项内数据到 settings.json success in 1 ms√, progress: 12%
2026-6-12 17:22:48-log: run build task 填充脚本数据到 settings.json success in 4 ms√, progress: 13%
2026-6-12 17:22:48-debug: [Build Memory track]: 填充脚本数据到 settings.json start:257.13MB, end 257.16MB, increase: 29.41KB
2026-6-12 17:22:48-debug: 整理部分构建选项内数据到 settings.json start, progress: 13%
2026-6-12 17:22:48-debug: // ---- build task 整理部分构建选项内数据到 settings.json ----
2026-6-12 17:22:48-debug: 填充脚本数据到 settings.json start, progress: 12%
2026-6-12 17:22:48-debug: [Build Memory track]: 整理部分构建选项内数据到 settings.json start:257.06MB, end 257.09MB, increase: 31.30KB
2026-6-12 17:22:48-debug: // ---- build task 填充脚本数据到 settings.json ----
2026-6-12 17:22:48-debug: // ---- build task 填充脚本数据到 settings.json ---- (4ms)
2026-6-12 17:22:48-debug: // ---- build task 整理部分构建选项内数据到 settings.json ---- (22ms)
2026-6-12 17:22:48-log: run build task 整理部分构建选项内数据到 settings.json success in 22 ms√, progress: 15%
2026-6-12 17:22:48-debug: [Build Memory track]: 整理部分构建选项内数据到 settings.json start:257.20MB, end 257.34MB, increase: 147.70KB
2026-6-12 17:22:49-debug: Query all assets info in project
2026-6-12 17:22:49-debug: init custom config: keepNodeUuid: false, useCache: true
2026-6-12 17:22:49-debug: Skip compress image, progress: 0%
2026-6-12 17:22:49-debug: Init all bundles start..., progress: 0%
2026-6-12 17:22:49-debug: Init bundle root assets start..., progress: 0%
2026-6-12 17:22:49-debug: Num of bundles: 6..., progress: 0%
2026-6-12 17:22:49-debug: 查询 Asset Bundle start, progress: 0%
2026-6-12 17:22:49-debug: // ---- build task 查询 Asset Bundle ----
2026-6-12 17:22:49-debug: Query preload assets/scripts from cc.config.json: 60f7195c-ec2a-45eb-ba94-8955f60e81d0,1c02ae6f-4492-4915-b8f8-7492a3b1e4cd,810e96e4-e456-4468-9b59-f4e8f39732c0,efe8e2a3-eace-427b-b4f1-cb8a937ec77d,e9aa9a3e-5b2b-4ac7-a2c7-073de2b2b24f,8bbdbcdd-5cd4-4100-b6d5-b7c9625b6107,50f4348b-c883-4e2f-8f11-ce233b859fa1,fda095cb-831d-4601-ad94-846013963de8,f92806d7-1768-443f-afe8-12bcde84d0f0,dd3a144d-ab7f-41f0-82b8-2e43a090d496,f0416e68-0200-4b77-a926-4f9d16e494da,970b0598-bcb0-4714-91fb-2e81440dccd8,bcd64cc6-2dd9-43f6-abbe-66318d332032,d930590d-bb92-4cc8-8bd1-23cd027f9edf,a3cd009f-0ab0-420d-9278-b9fdab939bbc,6a2d0734-bd9e-4ddf-946e-caa52498cb75,c27215d8-6835-4b68-bfbb-bdeac6100c04,b5d6115f-0370-4d7c-aad3-c194cc71cf98,871c3b6c-7379-419d-bda3-794b239ab90d,ff9b0199-ce04-4cfe-86cc-6c719f08d6e4,de1c2107-70c8-4021-8459-6399f24d01c6,cbf30902-517f-40dc-af90-a550bac27cf1,5c601d96-e4c7-4698-991b-7ee674b11079
2026-6-12 17:22:49-debug:   Number of all scenes: 1
2026-6-12 17:22:49-debug:   Number of all scripts: 25
2026-6-12 17:22:49-debug:   Number of other assets: 409
2026-6-12 17:22:49-debug: Init bundle root assets success..., progress: 0%
2026-6-12 17:22:49-debug: // ---- build task 查询 Asset Bundle ---- (9ms)
2026-6-12 17:22:49-debug: // ---- build task 查询 Asset Bundle ----
2026-6-12 17:22:49-log: run build task 查询 Asset Bundle success in 9 ms√, progress: 5%
2026-6-12 17:22:49-debug: [Build Memory track]: 查询 Asset Bundle start:259.01MB, end 254.02MB, increase: -5110.54KB
2026-6-12 17:22:49-debug: 查询 Asset Bundle start, progress: 5%
2026-6-12 17:22:49-debug: // ---- build task 查询 Asset Bundle ---- (9ms)
2026-6-12 17:22:49-log: run build task 查询 Asset Bundle success in 9 ms√, progress: 10%
2026-6-12 17:22:49-debug: 整理部分构建选项内数据到 settings.json start, progress: 10%
2026-6-12 17:22:49-debug: [Build Memory track]: 查询 Asset Bundle start:254.06MB, end 254.22MB, increase: 159.98KB
2026-6-12 17:22:49-debug: // ---- build task 整理部分构建选项内数据到 settings.json ----
2026-6-12 17:22:49-debug: // ---- build task 整理部分构建选项内数据到 settings.json ---- (3ms)
2026-6-12 17:22:49-debug: // ---- build task 填充脚本数据到 settings.json ----
2026-6-12 17:22:49-log: run build task 整理部分构建选项内数据到 settings.json success in 3 ms√, progress: 12%
2026-6-12 17:22:49-debug: [Build Memory track]: 整理部分构建选项内数据到 settings.json start:254.26MB, end 254.30MB, increase: 42.00KB
2026-6-12 17:22:49-debug: 填充脚本数据到 settings.json start, progress: 12%
2026-6-12 17:22:49-debug: // ---- build task 填充脚本数据到 settings.json ---- (5ms)
2026-6-12 17:22:49-log: run build task 填充脚本数据到 settings.json success in 5 ms√, progress: 13%
2026-6-12 17:22:49-debug: [Build Memory track]: 填充脚本数据到 settings.json start:254.34MB, end 254.81MB, increase: 479.63KB
2026-6-12 17:22:49-debug: 整理部分构建选项内数据到 settings.json start, progress: 13%
2026-6-12 17:22:49-debug: // ---- build task 整理部分构建选项内数据到 settings.json ----
2026-6-12 17:22:49-debug: // ---- build task 整理部分构建选项内数据到 settings.json ---- (6ms)
2026-6-12 17:22:49-log: run build task 整理部分构建选项内数据到 settings.json success in 6 ms√, progress: 15%
2026-6-12 17:22:49-debug: [Build Memory track]: 整理部分构建选项内数据到 settings.json start:254.42MB, end 254.55MB, increase: 138.84KB
2026-6-12 17:22:55-debug: Start record console... {file(/Users/zxd/workspace/person/animal-chess-game/temp/builder/log/wechatgame6-11-2026 20-30.log)}
2026-6-12 17:22:55-debug: =================================== build Task (wechatgame) Start ================================
2026-6-12 17:22:55-debug: Start build task, options:
{"name":"animal-chess","server":"","engineModulesConfigKey":"defaultConfig","platform":"wechatgame","buildPath":"project://build","debug":false,"buildMode":"normal","mangleProperties":false,"md5Cache":false,"skipCompressTexture":false,"sourceMaps":false,"overwriteProjectSettings":{"macroConfig":{"cleanupImageCache":"on"},"includeModules":{"physics":"inherit-project-setting","physics-2d":"inherit-project-setting","gfx-webgl2":"off"}},"nativeCodeBundleMode":"wasm","polyfills":{"asyncFunctions":false},"experimentalEraseModules":false,"startSceneAssetBundle":false,"bundleConfigs":[],"inlineEnum":true,"useBuiltinServer":false,"md5CacheOptions":{"excludes":[],"includes":[],"replaceOnly":[],"handleTemplateMd5Link":true},"mainBundleIsRemote":false,"mainBundleCompressionType":"merge_dep","useSplashScreen":true,"bundleCommonChunk":false,"packAutoAtlas":true,"startScene":"de734e68-f879-44d5-9f8c-06a7f6b793ca","outputName":"wechatgame","taskName":"wechatgame","scenes":[{"url":"db://assets/scenes/Main.scene","uuid":"de734e68-f879-44d5-9f8c-06a7f6b793ca"}],"wasmCompressionMode":false,"binGroupConfig":{"threshold":16,"enable":false},"packages":{"wechatgame":{"orientation":"portrait","appid":"wx32ba79b13ebc7f5b","buildOpenDataContextTemplate":"","separateEngine":true,"highPerformanceMode":false,"__version__":"1.0.4"},"cocos-service":{"configID":"b938da","services":[],"__version__":"3.0.9"}},"__version__":"1.3.9","logDest":"project://temp/builder/log/wechatgame6-11-2026 20-30.log"}
2026-6-12 17:22:55-debug: Build with Cocos Creator 3.8.8
2026-6-12 17:22:55-debug: wechatgame:(onBeforeBuild) start..., progress: 0%
2026-6-12 17:22:55-debug: // ---- build task wechatgame：onBeforeBuild ----
2026-6-12 17:22:55-debug: // ---- build task wechatgame：onBeforeBuild ---- (8ms)
2026-6-12 17:22:55-debug: wechatgame:(onBeforeBuild) in 8 ms ✓, progress: 2%
2026-6-12 17:22:55-debug: cocos-service:(onBeforeBuild) start..., progress: 2%
2026-6-12 17:22:55-debug: // ---- build task cocos-service：onBeforeBuild ----
2026-6-12 17:22:55-debug: cocos-service:(onBeforeBuild) in 317 ms ✓, progress: 4%
2026-6-12 17:22:55-debug: // ---- build task scene：onBeforeBuild ----
2026-6-12 17:22:55-debug: scene:(onBeforeBuild) start..., progress: 4%
2026-6-12 17:22:55-debug: // ---- build task cocos-service：onBeforeBuild ---- (317ms)
2026-6-12 17:22:55-debug: // ---- build task scene：onBeforeBuild ---- (20ms)
2026-6-12 17:22:55-debug: scene:(onBeforeBuild) in 20 ms ✓, progress: 5%
2026-6-12 17:22:55-debug: Query all assets info in project
2026-6-12 17:22:55-log: Asset DB is paused with build!
2026-6-12 17:22:55-debug: Start lock asset db..., progress: 5%
2026-6-12 17:22:55-debug: init custom config: keepNodeUuid: false, useCache: true
2026-6-12 17:22:55-debug: wechatgame:(onAfterInit) start..., progress: 5%
2026-6-12 17:22:55-debug: // ---- build task wechatgame：onAfterInit ----
2026-6-12 17:22:55-debug: // ---- build task wechatgame：onAfterInit ---- (11ms)
2026-6-12 17:22:55-debug: wechatgame:(onAfterInit) in 11 ms ✓, progress: 7%
2026-6-12 17:22:55-debug: cocos-service:(onAfterInit) start..., progress: 7%
2026-6-12 17:22:55-debug: // ---- build task cocos-service：onAfterInit ----
2026-6-12 17:22:55-debug: // ---- build task cocos-service：onAfterInit ---- (187ms)
2026-6-12 17:22:55-debug: Skip compress image, progress: 0%
2026-6-12 17:22:55-debug: wechatgame:(onBeforeBundleInit) start..., progress: 9%
2026-6-12 17:22:55-debug: cocos-service:(onAfterInit) in 187 ms ✓, progress: 9%
2026-6-12 17:22:55-debug: wechatgame:(onBeforeBundleInit) start..., progress: 0%
2026-6-12 17:22:55-debug: // ---- build task wechatgame：onBeforeBundleInit ----
2026-6-12 17:22:55-debug: // ---- build task wechatgame：onBeforeBundleInit ---- (11ms)
2026-6-12 17:22:55-debug: wechatgame:(onBeforeBundleInit) in 11 ms ✓, progress: 9%
2026-6-12 17:22:55-debug: wechatgame:(onBeforeBundleInit) in 11 ms ✓, progress: 7%
2026-6-12 17:22:55-debug: adsense-h5g-plugin:(onBeforeBundleInit) start..., progress: 7%
2026-6-12 17:22:55-debug: // ---- build task adsense-h5g-plugin：onBeforeBundleInit ----
2026-6-12 17:22:55-debug: adsense-h5g-plugin:(onBeforeBundleInit) start..., progress: 9%
2026-6-12 17:22:55-debug: [adsense-h5g-plugin] remove script success
2026-6-12 17:22:55-debug: // ---- build task adsense-h5g-plugin：onBeforeBundleInit ---- (10ms)
2026-6-12 17:22:55-debug: adsense-h5g-plugin:(onBeforeBundleInit) in 10 ms ✓, progress: 9%
2026-6-12 17:22:55-debug: adsense-h5g-plugin:(onBeforeBundleInit) in 10 ms ✓, progress: 13%
2026-6-12 17:22:55-debug: Init all bundles start..., progress: 9%
2026-6-12 17:22:55-debug: Init all bundles start..., progress: 13%
2026-6-12 17:22:55-debug: Num of bundles: 6..., progress: 9%
2026-6-12 17:22:55-debug: Num of bundles: 6..., progress: 13%
2026-6-12 17:22:55-debug: 查询 Asset Bundle start, progress: 9%
2026-6-12 17:22:55-debug: // ---- build task 查询 Asset Bundle ----
2026-6-12 17:22:55-debug: Init bundle root assets start..., progress: 9%
2026-6-12 17:22:55-debug: Init bundle root assets start..., progress: 13%
2026-6-12 17:22:55-debug: Query preload assets/scripts from cc.config.json: 60f7195c-ec2a-45eb-ba94-8955f60e81d0,1c02ae6f-4492-4915-b8f8-7492a3b1e4cd,810e96e4-e456-4468-9b59-f4e8f39732c0,efe8e2a3-eace-427b-b4f1-cb8a937ec77d,e9aa9a3e-5b2b-4ac7-a2c7-073de2b2b24f,8bbdbcdd-5cd4-4100-b6d5-b7c9625b6107,50f4348b-c883-4e2f-8f11-ce233b859fa1,fda095cb-831d-4601-ad94-846013963de8,f92806d7-1768-443f-afe8-12bcde84d0f0,dd3a144d-ab7f-41f0-82b8-2e43a090d496,f0416e68-0200-4b77-a926-4f9d16e494da,970b0598-bcb0-4714-91fb-2e81440dccd8,bcd64cc6-2dd9-43f6-abbe-66318d332032,d930590d-bb92-4cc8-8bd1-23cd027f9edf,a3cd009f-0ab0-420d-9278-b9fdab939bbc,6a2d0734-bd9e-4ddf-946e-caa52498cb75,c27215d8-6835-4b68-bfbb-bdeac6100c04,b5d6115f-0370-4d7c-aad3-c194cc71cf98,871c3b6c-7379-419d-bda3-794b239ab90d,ff9b0199-ce04-4cfe-86cc-6c719f08d6e4,de1c2107-70c8-4021-8459-6399f24d01c6,cbf30902-517f-40dc-af90-a550bac27cf1,5c601d96-e4c7-4698-991b-7ee674b11079
2026-6-12 17:22:55-debug: Init bundle root assets success..., progress: 13%
2026-6-12 17:22:55-debug: reload all scripts.
2026-6-12 17:22:55-debug:   Number of other assets: 409
2026-6-12 17:22:55-log: creating executor ...
2026-6-12 17:22:55-debug:   Number of all scenes: 1
2026-6-12 17:22:55-debug:   Number of all scripts: 25
2026-6-12 17:22:55-debug: Init bundle root assets success..., progress: 9%
2026-6-12 17:22:55-debug: [[Executor]] reload before lock
2026-6-12 17:22:55-debug: Set detail map pack:///resolution-detail-map.json: {}
2026-6-12 17:22:55-debug: /Users/zxd/workspace/person/animal-chess-game/temp/programming/packer-driver/targets/editor/chunks/93/93ba276ea7b26ffcdc433fab14afc1ed6f05647b.js resolved to /Users/zxd/workspace/person/animal-chess-game/temp/programming/packer-driver/targets/editor/chunks/93/93ba276ea7b26ffcdc433fab14afc1ed6f05647b.js is not in module cache!
2026-6-12 17:22:55-debug: [[Executor]] Module "cce:/internal/x/cc-fu/gfx-empty" loaded.
2026-6-12 17:22:55-debug: [[Executor]] Module "cce:/internal/x/cc-fu/gfx-webgpu" loaded.
2026-6-12 17:22:55-debug: [[Executor]] Module "cce:/internal/x/cc-fu/3d" loaded.
2026-6-12 17:22:55-debug: [[Executor]] Module "cce:/internal/x/cc-fu/animation" loaded.
2026-6-12 17:22:55-debug: [[Executor]] Module "cce:/internal/x/cc-fu/skeletal-animation" loaded.
2026-6-12 17:22:55-debug: [[Executor]] Module "cce:/internal/x/cc-fu/2d" loaded.
2026-6-12 17:22:55-debug: [[Executor]] Module "cce:/internal/x/cc-fu/sorting" loaded.
2026-6-12 17:22:55-debug: [[Executor]] Module "cce:/internal/x/cc-fu/rich-text" loaded.
2026-6-12 17:22:55-debug: [[Executor]] Module "cce:/internal/x/cc-fu/mask" loaded.
2026-6-12 17:22:55-debug: [[Executor]] Module "cce:/internal/x/cc-fu/graphics" loaded.
2026-6-12 17:22:55-debug: [[Executor]] Module "cce:/internal/x/cc-fu/ui-skew" loaded.
2026-6-12 17:22:55-debug: [[Executor]] Module "cce:/internal/x/cc-fu/ui" loaded.
2026-6-12 17:22:55-debug: [[Executor]] Module "cce:/internal/x/cc-fu/base" loaded.
2026-6-12 17:22:55-debug: [[Executor]] Module "cce:/internal/x/cc-fu/gfx-webgl" loaded.
2026-6-12 17:22:55-debug: [[Executor]] Module "cce:/internal/x/cc-fu/sorting-2d" loaded.
2026-6-12 17:22:55-debug: [[Executor]] Module "cce:/internal/x/cc-fu/particle" loaded.
2026-6-12 17:22:55-debug: [[Executor]] Module "cce:/internal/x/cc-fu/physics-framework" loaded.
2026-6-12 17:22:55-debug: [[Executor]] Module "cce:/internal/x/cc-fu/physics-cannon" loaded.
2026-6-12 17:22:55-debug: [[Executor]] Module "cce:/internal/x/cc-fu/physics-physx" loaded.
2026-6-12 17:22:55-debug: [[Executor]] Module "cce:/internal/x/cc-fu/physics-ammo" loaded.
2026-6-12 17:22:55-debug: [[Executor]] Module "cce:/internal/x/cc-fu/physics-builtin" loaded.
2026-6-12 17:22:55-debug: [[Executor]] Module "cce:/internal/x/cc-fu/particle-2d" loaded.
2026-6-12 17:22:55-debug: [[Executor]] Module "cce:/internal/x/cc-fu/gfx-webgl2" loaded.
2026-6-12 17:22:55-debug: [[Executor]] Module "cce:/internal/x/cc-fu/physics-2d-box2d" loaded.
2026-6-12 17:22:55-debug: [[Executor]] Module "cce:/internal/x/cc-fu/physics-2d-builtin" loaded.
2026-6-12 17:22:55-debug: [[Executor]] Module "cce:/internal/x/cc-fu/physics-2d-box2d-wasm" loaded.
2026-6-12 17:22:55-debug: [[Executor]] Module "cce:/internal/x/cc-fu/intersection-2d" loaded.
2026-6-12 17:22:55-debug: [[Executor]] Module "cce:/internal/x/cc-fu/primitive" loaded.
2026-6-12 17:22:55-debug: [[Executor]] Module "cce:/internal/x/cc-fu/profiler" loaded.
2026-6-12 17:22:55-debug: [[Executor]] Module "cce:/internal/x/cc-fu/geometry-renderer" loaded.
2026-6-12 17:22:55-debug: [[Executor]] Module "cce:/internal/x/cc-fu/audio" loaded.
2026-6-12 17:22:55-debug: [[Executor]] Module "cce:/internal/x/cc-fu/video" loaded.
2026-6-12 17:22:55-debug: [[Executor]] Module "cce:/internal/x/cc-fu/xr" loaded.
2026-6-12 17:22:55-debug: [[Executor]] Module "cce:/internal/x/cc-fu/physics-2d-framework" loaded.
2026-6-12 17:22:55-debug: [[Executor]] Module "cce:/internal/x/cc-fu/terrain" loaded.
2026-6-12 17:22:55-debug: [[Executor]] Module "cce:/internal/x/cc-fu/webview" loaded.
2026-6-12 17:22:55-debug: [[Executor]] Module "cce:/internal/x/cc-fu/tween" loaded.
2026-6-12 17:22:55-debug: [[Executor]] Module "cce:/internal/x/cc-fu/tiled-map" loaded.
2026-6-12 17:22:55-debug: [[Executor]] Module "cce:/internal/x/cc-fu/vendor-google" loaded.
2026-6-12 17:22:55-debug: [[Executor]] Module "cce:/internal/x/cc-fu/spine" loaded.
2026-6-12 17:22:55-debug: [[Executor]] Module "cce:/internal/x/cc-fu/dragon-bones" loaded.
2026-6-12 17:22:55-debug: [[Executor]] Module "cce:/internal/x/cc-fu/custom-pipeline" loaded.
2026-6-12 17:22:55-debug: [[Executor]] Module "cce:/internal/x/cc-fu/custom-pipeline-post-process" loaded.
2026-6-12 17:22:55-debug: [[Executor]] Module "cce:/internal/x/cc-fu/physics-2d-box2d-jsb" loaded.
2026-6-12 17:22:55-debug: [[Executor]] Module "cce:/internal/x/cc-fu/base" loaded.
2026-6-12 17:22:55-debug: [[Executor]] Module "cce:/internal/x/cc-fu/gfx-webgl" loaded.
2026-6-12 17:22:55-debug: [[Executor]] Module "cce:/internal/x/cc-fu/gfx-webgl2" loaded.
2026-6-12 17:22:55-debug: [[Executor]] Module "cce:/internal/x/cc-fu/gfx-empty" loaded.
2026-6-12 17:22:55-debug: [[Executor]] Module "cce:/internal/x/cc-fu/gfx-webgpu" loaded.
2026-6-12 17:22:55-debug: [[Executor]] Module "cce:/internal/x/cc-fu/3d" loaded.
2026-6-12 17:22:55-debug: [[Executor]] Module "cce:/internal/x/cc-fu/animation" loaded.
2026-6-12 17:22:55-debug: [[Executor]] Module "cce:/internal/x/cc-fu/skeletal-animation" loaded.
2026-6-12 17:22:55-debug: [[Executor]] Module "cce:/internal/x/cc-fu/2d" loaded.
2026-6-12 17:22:55-debug: [[Executor]] Module "cce:/internal/x/cc-fu/sorting" loaded.
2026-6-12 17:22:55-debug: [[Executor]] Module "cce:/internal/x/cc-fu/rich-text" loaded.
2026-6-12 17:22:55-debug: [[Executor]] Module "cce:/internal/x/cc-fu/mask" loaded.
2026-6-12 17:22:55-debug: [[Executor]] Module "cce:/internal/x/cc-fu/light-probe" loaded.
2026-6-12 17:22:55-debug: [[Executor]] Module "cce:/internal/x/cc-fu/ui-skew" loaded.
2026-6-12 17:22:55-debug: [[Executor]] Module "cce:/internal/x/cc-fu/ui" loaded.
2026-6-12 17:22:55-debug: [[Executor]] Module "cce:/internal/x/cc-fu/affine-transform" loaded.
2026-6-12 17:22:55-debug: [[Executor]] Module "cce:/internal/x/cc-fu/legacy-pipeline" loaded.
2026-6-12 17:22:55-debug: [[Executor]] Module "cce:/internal/x/cc-fu/particle" loaded.
2026-6-12 17:22:55-debug: [[Executor]] Module "cce:/internal/x/cc-fu/particle-2d" loaded.
2026-6-12 17:22:55-debug: [[Executor]] Module "cce:/internal/x/cc-fu/sorting-2d" loaded.
2026-6-12 17:22:55-debug: [[Executor]] Module "cce:/internal/x/cc-fu/physics-cannon" loaded.
2026-6-12 17:22:55-debug: [[Executor]] Module "cce:/internal/x/cc-fu/affine-transform" loaded.
2026-6-12 17:22:55-debug: [[Executor]] Module "cce:/internal/x/cc-fu/physics-ammo" loaded.
2026-6-12 17:22:55-debug: [[Executor]] Module "cce:/internal/x/cc-fu/graphics" loaded.
2026-6-12 17:22:55-debug: [[Executor]] Module "cce:/internal/x/cc-fu/physics-framework" loaded.
2026-6-12 17:22:55-debug: [[Executor]] Module "cce:/internal/x/cc-fu/physics-2d-framework" loaded.
2026-6-12 17:22:55-debug: [[Executor]] Module "cce:/internal/x/cc-fu/physics-2d-box2d" loaded.
2026-6-12 17:22:55-debug: [[Executor]] Module "cce:/internal/x/cc-fu/physics-2d-builtin" loaded.
2026-6-12 17:22:55-debug: [[Executor]] Module "cce:/internal/x/cc-fu/physics-2d-box2d-wasm" loaded.
2026-6-12 17:22:55-debug: [[Executor]] Module "cce:/internal/x/cc-fu/primitive" loaded.
2026-6-12 17:22:55-debug: [[Executor]] Module "cce:/internal/x/cc-fu/profiler" loaded.
2026-6-12 17:22:55-debug: [[Executor]] Module "cce:/internal/x/cc-fu/geometry-renderer" loaded.
2026-6-12 17:22:55-debug: [[Executor]] Module "cce:/internal/x/cc-fu/audio" loaded.
2026-6-12 17:22:55-debug: [[Executor]] Module "cce:/internal/x/cc-fu/video" loaded.
2026-6-12 17:22:55-debug: [[Executor]] Module "cce:/internal/x/cc-fu/xr" loaded.
2026-6-12 17:22:55-debug: [[Executor]] Module "cce:/internal/x/cc-fu/light-probe" loaded.
2026-6-12 17:22:55-debug: [[Executor]] Module "cce:/internal/x/cc-fu/terrain" loaded.
2026-6-12 17:22:55-debug: [[Executor]] Module "cce:/internal/x/cc-fu/webview" loaded.
2026-6-12 17:22:55-debug: [[Executor]] Module "cce:/internal/x/cc-fu/tween" loaded.
2026-6-12 17:22:55-debug: [[Executor]] Module "cce:/internal/x/cc-fu/tiled-map" loaded.
2026-6-12 17:22:55-debug: [[Executor]] Module "cce:/internal/x/cc-fu/physics-physx" loaded.
2026-6-12 17:22:55-debug: [[Executor]] Module "cce:/internal/x/cc-fu/physics-builtin" loaded.
2026-6-12 17:22:55-debug: [[Executor]] Module "cce:/internal/x/cc-fu/custom-pipeline" loaded.
2026-6-12 17:22:55-debug: [[Executor]] Module "cce:/internal/x/cc-fu/custom-pipeline-post-process" loaded.
2026-6-12 17:22:55-debug: [[Executor]] Module "cce:/internal/x/cc-fu/legacy-pipeline" loaded.
2026-6-12 17:22:55-debug: [[Executor]] Module "cce:/internal/x/cc-fu/vendor-google" loaded.
2026-6-12 17:22:55-debug: [[Executor]] Module "cce:/internal/x/cc-fu/physics-2d-box2d-jsb" loaded.
2026-6-12 17:22:55-debug: [[Executor]] Module "pack:///chunks/93/93ba276ea7b26ffcdc433fab14afc1ed6f05647b.js" loaded.
2026-6-12 17:22:55-debug: Invalidating 'pack:///chunks/93/93ba276ea7b26ffcdc433fab14afc1ed6f05647b.js'
2026-6-12 17:22:55-debug: [[Executor]] Module "cce:/internal/x/cc-fu/dragon-bones" loaded.
2026-6-12 17:22:55-debug: [[Executor]] Module "pack:///chunks/93/93ba276ea7b26ffcdc433fab14afc1ed6f05647b.js" loaded.
2026-6-12 17:22:55-debug: [[Executor]] Module "cce:/internal/x/cc-fu/intersection-2d" loaded.
2026-6-12 17:22:55-debug: [[Executor]] Module "cce:/internal/x/cc-fu/spine" loaded.
2026-6-12 17:22:55-debug: /Users/zxd/workspace/person/animal-chess-game/temp/programming/packer-driver/targets/editor/chunks/6d/6d8fd2b0177941b032ddc0733af48a561fb60657.js resolved to /Users/zxd/workspace/person/animal-chess-game/temp/programming/packer-driver/targets/editor/chunks/6d/6d8fd2b0177941b032ddc0733af48a561fb60657.js is not in module cache!
2026-6-12 17:22:55-debug: [[Executor]] Module "pack:///chunks/6d/6d8fd2b0177941b032ddc0733af48a561fb60657.js" loaded.
2026-6-12 17:22:55-debug: /Users/zxd/workspace/person/animal-chess-game/temp/programming/packer-driver/targets/editor/chunks/3a/3af2b99d9d250d0c94e80c615712be1d07b4cf47.js resolved to /Users/zxd/workspace/person/animal-chess-game/temp/programming/packer-driver/targets/editor/chunks/3a/3af2b99d9d250d0c94e80c615712be1d07b4cf47.js is not in module cache!
2026-6-12 17:22:55-debug: /Users/zxd/workspace/person/animal-chess-game/temp/programming/packer-driver/targets/editor/chunks/6a/6a5019a719a9014c047e67aa1cf34453ab8392ce.js resolved to /Users/zxd/workspace/person/animal-chess-game/temp/programming/packer-driver/targets/editor/chunks/6a/6a5019a719a9014c047e67aa1cf34453ab8392ce.js is not in module cache!
2026-6-12 17:22:55-debug: /Users/zxd/workspace/person/animal-chess-game/temp/programming/packer-driver/targets/editor/chunks/87/87c4b5d58115ee6102b02680ea6b39d34083b342.js resolved to /Users/zxd/workspace/person/animal-chess-game/temp/programming/packer-driver/targets/editor/chunks/87/87c4b5d58115ee6102b02680ea6b39d34083b342.js is not in module cache!
2026-6-12 17:22:55-debug: /Users/zxd/workspace/person/animal-chess-game/temp/programming/packer-driver/targets/editor/chunks/4f/4fd3d121a4e148a0cab634e8b8fe61cad0fda6b5.js resolved to /Users/zxd/workspace/person/animal-chess-game/temp/programming/packer-driver/targets/editor/chunks/4f/4fd3d121a4e148a0cab634e8b8fe61cad0fda6b5.js is not in module cache!
2026-6-12 17:22:55-debug: /Users/zxd/workspace/person/animal-chess-game/temp/programming/packer-driver/targets/editor/chunks/86/86b8638a66ab4c727e439f4d8cdd7595bd7cb611.js resolved to /Users/zxd/workspace/person/animal-chess-game/temp/programming/packer-driver/targets/editor/chunks/86/86b8638a66ab4c727e439f4d8cdd7595bd7cb611.js is not in module cache!
2026-6-12 17:22:55-debug: /Users/zxd/workspace/person/animal-chess-game/temp/programming/packer-driver/targets/editor/chunks/13/13619a4d60fbb6416edf8ba7ec0b195f2fcda55a.js resolved to /Users/zxd/workspace/person/animal-chess-game/temp/programming/packer-driver/targets/editor/chunks/13/13619a4d60fbb6416edf8ba7ec0b195f2fcda55a.js is not in module cache!
2026-6-12 17:22:55-debug: [[Executor]] Module "pack:///chunks/6a/6a5019a719a9014c047e67aa1cf34453ab8392ce.js" loaded.
2026-6-12 17:22:55-debug: [[Executor]] Register BuiltinPipelineSettings
2026-6-12 17:22:55-debug: [[Executor]] Module "pack:///chunks/87/87c4b5d58115ee6102b02680ea6b39d34083b342.js" loaded.
2026-6-12 17:22:55-debug: [[Executor]] Register BuiltinPipelinePassBuilder
2026-6-12 17:22:55-debug: [[Executor]] Module "cce:/internal/x/engine-export-to-editor/cc/editor/populate-internal-constants" loaded.
2026-6-12 17:22:55-debug: [[Executor]] Module "pack:///chunks/13/13619a4d60fbb6416edf8ba7ec0b195f2fcda55a.js" loaded.
2026-6-12 17:22:55-debug: [[Executor]] Register BuiltinDepthOfFieldPass
2026-6-12 17:22:55-debug: [[Executor]] Module "pack:///chunks/3a/3af2b99d9d250d0c94e80c615712be1d07b4cf47.js" loaded.
2026-6-12 17:22:55-debug: [[Executor]] Module "pack:///chunks/86/86b8638a66ab4c727e439f4d8cdd7595bd7cb611.js" loaded.
2026-6-12 17:22:55-debug: [[Executor]] Module "pack:///chunks/4f/4fd3d121a4e148a0cab634e8b8fe61cad0fda6b5.js" loaded.
2026-6-12 17:22:55-debug: [[Executor]] Module "cce:/internal/x/engine-export-to-editor/cc/editor/populate-internal-constants" loaded.
2026-6-12 17:22:55-debug: /Users/zxd/workspace/person/animal-chess-game/temp/programming/packer-driver/targets/editor/chunks/9c/9c8e4ae02cd522e18faba9e72e8803c8bdb97382.js resolved to /Users/zxd/workspace/person/animal-chess-game/temp/programming/packer-driver/targets/editor/chunks/9c/9c8e4ae02cd522e18faba9e72e8803c8bdb97382.js is not in module cache!
2026-6-12 17:22:55-debug: [[Executor]] Register DebugViewRuntimeControl
2026-6-12 17:22:55-debug: [[Executor]] Module "pack:///chunks/9c/9c8e4ae02cd522e18faba9e72e8803c8bdb97382.js" loaded.
2026-6-12 17:22:55-debug: /Users/zxd/workspace/person/animal-chess-game/temp/programming/packer-driver/targets/editor/chunks/67/674419a804a675bdc259110656ab1bc65e04f002.js resolved to /Users/zxd/workspace/person/animal-chess-game/temp/programming/packer-driver/targets/editor/chunks/67/674419a804a675bdc259110656ab1bc65e04f002.js is not in module cache!
2026-6-12 17:22:55-debug: /Users/zxd/workspace/person/animal-chess-game/temp/programming/packer-driver/targets/editor/chunks/67/67ef7aacb0534ffc34f984c40683bb6c1ffb736e.js resolved to /Users/zxd/workspace/person/animal-chess-game/temp/programming/packer-driver/targets/editor/chunks/67/67ef7aacb0534ffc34f984c40683bb6c1ffb736e.js is not in module cache!
2026-6-12 17:22:55-debug: /Users/zxd/workspace/person/animal-chess-game/temp/programming/packer-driver/targets/editor/chunks/23/237757f898bea2d77e719b22285426f1f9ec6476.js resolved to /Users/zxd/workspace/person/animal-chess-game/temp/programming/packer-driver/targets/editor/chunks/23/237757f898bea2d77e719b22285426f1f9ec6476.js is not in module cache!
2026-6-12 17:22:55-debug: /Users/zxd/workspace/person/animal-chess-game/temp/programming/packer-driver/targets/editor/chunks/6d/6df476d10f79c18bd324d0420f268e7c9b104429.js resolved to /Users/zxd/workspace/person/animal-chess-game/temp/programming/packer-driver/targets/editor/chunks/6d/6df476d10f79c18bd324d0420f268e7c9b104429.js is not in module cache!
2026-6-12 17:22:55-debug: /Users/zxd/workspace/person/animal-chess-game/temp/programming/packer-driver/targets/editor/chunks/12/12f6905c2b0e2c07f2e2b57d5108a32579b557ba.js resolved to /Users/zxd/workspace/person/animal-chess-game/temp/programming/packer-driver/targets/editor/chunks/12/12f6905c2b0e2c07f2e2b57d5108a32579b557ba.js is not in module cache!
2026-6-12 17:22:55-debug: /Users/zxd/workspace/person/animal-chess-game/temp/programming/packer-driver/targets/editor/chunks/ff/ffe9cd0e8cb59dde53df7b5ab2ff09cbfa7c4bc7.js resolved to /Users/zxd/workspace/person/animal-chess-game/temp/programming/packer-driver/targets/editor/chunks/ff/ffe9cd0e8cb59dde53df7b5ab2ff09cbfa7c4bc7.js is not in module cache!
2026-6-12 17:22:55-debug: /Users/zxd/workspace/person/animal-chess-game/temp/programming/packer-driver/targets/editor/chunks/96/966be97855b6b244581ac3bc3debe2dac7f513f0.js resolved to /Users/zxd/workspace/person/animal-chess-game/temp/programming/packer-driver/targets/editor/chunks/96/966be97855b6b244581ac3bc3debe2dac7f513f0.js is not in module cache!
2026-6-12 17:22:55-debug: /Users/zxd/workspace/person/animal-chess-game/temp/programming/packer-driver/targets/editor/chunks/dc/dc698acb7dd709e01358d55b8966c9c814637d60.js resolved to /Users/zxd/workspace/person/animal-chess-game/temp/programming/packer-driver/targets/editor/chunks/dc/dc698acb7dd709e01358d55b8966c9c814637d60.js is not in module cache!
2026-6-12 17:22:55-debug: /Users/zxd/workspace/person/animal-chess-game/temp/programming/packer-driver/targets/editor/chunks/0d/0d402ab8eb38bca077e3adb03fde75526f6f2b86.js resolved to /Users/zxd/workspace/person/animal-chess-game/temp/programming/packer-driver/targets/editor/chunks/0d/0d402ab8eb38bca077e3adb03fde75526f6f2b86.js is not in module cache!
2026-6-12 17:22:55-debug: /Users/zxd/workspace/person/animal-chess-game/temp/programming/packer-driver/targets/editor/chunks/6f/6ff53d6523a6076de3e742eaf538792a9b5b0063.js resolved to /Users/zxd/workspace/person/animal-chess-game/temp/programming/packer-driver/targets/editor/chunks/6f/6ff53d6523a6076de3e742eaf538792a9b5b0063.js is not in module cache!
2026-6-12 17:22:55-debug: /Users/zxd/workspace/person/animal-chess-game/temp/programming/packer-driver/targets/editor/chunks/6d/6d4a2ee5b359f4785621b060323b5ce8484bee11.js resolved to /Users/zxd/workspace/person/animal-chess-game/temp/programming/packer-driver/targets/editor/chunks/6d/6d4a2ee5b359f4785621b060323b5ce8484bee11.js is not in module cache!
2026-6-12 17:22:55-debug: /Users/zxd/workspace/person/animal-chess-game/temp/programming/packer-driver/targets/editor/chunks/e9/e910cb3eaa96a186fae8422624fd637735800e8a.js resolved to /Users/zxd/workspace/person/animal-chess-game/temp/programming/packer-driver/targets/editor/chunks/e9/e910cb3eaa96a186fae8422624fd637735800e8a.js is not in module cache!
2026-6-12 17:22:55-debug: /Users/zxd/workspace/person/animal-chess-game/temp/programming/packer-driver/targets/editor/chunks/b8/b8da35b56d1023f35a5ca3c3935c1f34238dca05.js resolved to /Users/zxd/workspace/person/animal-chess-game/temp/programming/packer-driver/targets/editor/chunks/b8/b8da35b56d1023f35a5ca3c3935c1f34238dca05.js is not in module cache!
2026-6-12 17:22:55-debug: /Users/zxd/workspace/person/animal-chess-game/temp/programming/packer-driver/targets/editor/chunks/85/8501847ea404b2c9de4eb76de25022f4e472d006.js resolved to /Users/zxd/workspace/person/animal-chess-game/temp/programming/packer-driver/targets/editor/chunks/85/8501847ea404b2c9de4eb76de25022f4e472d006.js is not in module cache!
2026-6-12 17:22:55-debug: /Users/zxd/workspace/person/animal-chess-game/temp/programming/packer-driver/targets/editor/chunks/24/24b7e4d47902f6d0242a366ca2a227876a946913.js resolved to /Users/zxd/workspace/person/animal-chess-game/temp/programming/packer-driver/targets/editor/chunks/24/24b7e4d47902f6d0242a366ca2a227876a946913.js is not in module cache!
2026-6-12 17:22:55-debug: [[Executor]] Module "pack:///chunks/67/67ef7aacb0534ffc34f984c40683bb6c1ffb736e.js" loaded.
2026-6-12 17:22:55-debug: [[Executor]] Register PopupManager
2026-6-12 17:22:55-debug: [[Executor]] Module "pack:///chunks/6d/6d4a2ee5b359f4785621b060323b5ce8484bee11.js" loaded.
2026-6-12 17:22:55-debug: [[Executor]] Register ResManager
2026-6-12 17:22:55-debug: [[Executor]] Module "pack:///chunks/85/8501847ea404b2c9de4eb76de25022f4e472d006.js" loaded.
2026-6-12 17:22:55-debug: [[Executor]] Register DataManager
2026-6-12 17:22:55-debug: [[Executor]] Module "pack:///chunks/23/237757f898bea2d77e719b22285426f1f9ec6476.js" loaded.
2026-6-12 17:22:55-debug: [[Executor]] Register SoundManager
2026-6-12 17:22:55-debug: /Users/zxd/workspace/person/animal-chess-game/temp/programming/packer-driver/targets/editor/chunks/5e/5e89629cb49b3bc5dec8ff0ce8e4e4a04576e7ab.js resolved to /Users/zxd/workspace/person/animal-chess-game/temp/programming/packer-driver/targets/editor/chunks/5e/5e89629cb49b3bc5dec8ff0ce8e4e4a04576e7ab.js is not in module cache!
2026-6-12 17:22:55-debug: [[Executor]] Module "pack:///chunks/6f/6ff53d6523a6076de3e742eaf538792a9b5b0063.js" loaded.
2026-6-12 17:22:55-debug: [[Executor]] Module "pack:///chunks/e9/e910cb3eaa96a186fae8422624fd637735800e8a.js" loaded.
2026-6-12 17:22:55-debug: [[Executor]] Module "pack:///chunks/6d/6df476d10f79c18bd324d0420f268e7c9b104429.js" loaded.
2026-6-12 17:22:55-debug: [[Executor]] Module "pack:///chunks/12/12f6905c2b0e2c07f2e2b57d5108a32579b557ba.js" loaded.
2026-6-12 17:22:55-debug: [[Executor]] Module "pack:///chunks/b8/b8da35b56d1023f35a5ca3c3935c1f34238dca05.js" loaded.
2026-6-12 17:22:55-debug: [[Executor]] Module "pack:///chunks/ff/ffe9cd0e8cb59dde53df7b5ab2ff09cbfa7c4bc7.js" loaded.
2026-6-12 17:22:55-debug: [[Executor]] Module "pack:///chunks/24/24b7e4d47902f6d0242a366ca2a227876a946913.js" loaded.
2026-6-12 17:22:55-debug: [[Executor]] Register LoadingPage
2026-6-12 17:22:55-debug: [[Executor]] Register UIManager
2026-6-12 17:22:55-debug: [[Executor]] Module "pack:///chunks/5e/5e89629cb49b3bc5dec8ff0ce8e4e4a04576e7ab.js" loaded.
2026-6-12 17:22:55-debug: [[Executor]] Register SidebarPopup
2026-6-12 17:22:55-debug: [[Executor]] Module "pack:///chunks/dc/dc698acb7dd709e01358d55b8966c9c814637d60.js" loaded.
2026-6-12 17:22:55-debug: [[Executor]] Register SettingPopup
2026-6-12 17:22:55-debug: [[Executor]] Module "pack:///chunks/0d/0d402ab8eb38bca077e3adb03fde75526f6f2b86.js" loaded.
2026-6-12 17:22:55-debug: [[Executor]] Register GameMain
2026-6-12 17:22:55-debug: [[Executor]] Module "pack:///chunks/67/674419a804a675bdc259110656ab1bc65e04f002.js" loaded.
2026-6-12 17:22:55-debug: [[Executor]] Register DesktopPopup
2026-6-12 17:22:55-debug: [[Executor]] Register HttpManager
2026-6-12 17:22:55-debug: [[Executor]] Module "pack:///chunks/96/966be97855b6b244581ac3bc3debe2dac7f513f0.js" loaded.
2026-6-12 17:22:55-debug: /Users/zxd/workspace/person/animal-chess-game/temp/programming/packer-driver/targets/editor/chunks/84/848fe469dcc60a4988d015a0af6329f6c3412ea8.js resolved to /Users/zxd/workspace/person/animal-chess-game/temp/programming/packer-driver/targets/editor/chunks/84/848fe469dcc60a4988d015a0af6329f6c3412ea8.js is not in module cache!
2026-6-12 17:22:55-debug: [[Executor]] Register GamePage
2026-6-12 17:22:55-debug: [[Executor]] Module "pack:///chunks/84/848fe469dcc60a4988d015a0af6329f6c3412ea8.js" loaded.
2026-6-12 17:22:55-debug: /Users/zxd/workspace/person/animal-chess-game/temp/programming/packer-driver/targets/editor/chunks/27/27f7d2dcaceeafc067989faa637fb436045f6323.js resolved to /Users/zxd/workspace/person/animal-chess-game/temp/programming/packer-driver/targets/editor/chunks/27/27f7d2dcaceeafc067989faa637fb436045f6323.js is not in module cache!
2026-6-12 17:22:55-debug: [[Executor]] Register HomePage
2026-6-12 17:22:55-debug: [[Executor]] Module "pack:///chunks/27/27f7d2dcaceeafc067989faa637fb436045f6323.js" loaded.
2026-6-12 17:22:55-debug: /Users/zxd/workspace/person/animal-chess-game/temp/programming/packer-driver/targets/editor/chunks/66/6667e0b77234e83ab6d321cc849150030c26b545.js resolved to /Users/zxd/workspace/person/animal-chess-game/temp/programming/packer-driver/targets/editor/chunks/66/6667e0b77234e83ab6d321cc849150030c26b545.js is not in module cache!
2026-6-12 17:22:55-debug: [[Executor]] Module "pack:///chunks/6d/6d8fd2b0177941b032ddc0733af48a561fb60657.js" loaded.
2026-6-12 17:22:55-debug: [[Executor]] Module "pack:///chunks/66/6667e0b77234e83ab6d321cc849150030c26b545.js" loaded.
2026-6-12 17:22:55-debug: [[Executor]] Register RulesPage
2026-6-12 17:22:55-debug: [[Executor]] after unlock
2026-6-12 17:22:55-debug: Incremental keys: regeneratorRuntime,b2jsb
2026-6-12 17:22:55-debug: Init bundle share assets start..., progress: 9%
2026-6-12 17:22:55-debug: Init bundle share assets start..., progress: 13%
2026-6-12 17:22:55-debug: Init bundle share assets success..., progress: 9%
2026-6-12 17:22:55-debug: Init bundle share assets success..., progress: 13%
2026-6-12 17:22:55-debug: handle json group in bundle internal
2026-6-12 17:22:55-debug: handle json group in bundle internal success
2026-6-12 17:22:55-debug: handle json group in bundle game
2026-6-12 17:22:55-debug: handle json group in bundle popups
2026-6-12 17:22:55-debug: handle json group in bundle main
2026-6-12 17:22:55-debug: handle json group in bundle home success
2026-6-12 17:22:55-debug: handle json group in bundle resources
2026-6-12 17:22:55-debug: init image compress task 0 in bundle home
2026-6-12 17:22:55-debug: init image compress task 0 in bundle game
2026-6-12 17:22:55-debug: handle json group in bundle popups success
2026-6-12 17:22:55-debug: init image compress task 0 in bundle popups
2026-6-12 17:22:55-debug: handle json group in bundle main success
2026-6-12 17:22:55-debug: init image compress task 0 in bundle main
2026-6-12 17:22:55-debug: handle json group in bundle resources success
2026-6-12 17:22:55-debug: init image compress task 0 in bundle resources
2026-6-12 17:22:55-debug: init image compress task 0 in bundle internal
2026-6-12 17:22:55-debug: handle json group in bundle home
2026-6-12 17:22:55-debug: handle json group in bundle game success
2026-6-12 17:22:55-debug: // ---- build task 查询 Asset Bundle ---- (161ms)
2026-6-12 17:22:55-debug: 查询 Asset Bundle start, progress: 14%
2026-6-12 17:22:55-debug: [Build Memory track]: 查询 Asset Bundle start:258.82MB, end 259.70MB, increase: 902.03KB
2026-6-12 17:22:55-debug: // ---- build task 查询 Asset Bundle ----
2026-6-12 17:22:55-log: run build task 查询 Asset Bundle success in 161 ms√, progress: 14%
2026-6-12 17:22:55-debug: // ---- build task 查询 Asset Bundle ---- (13ms)
2026-6-12 17:22:55-log: run build task 查询 Asset Bundle success in 13 ms√, progress: 19%
2026-6-12 17:22:55-debug: [Build Memory track]: 查询 Asset Bundle start:259.74MB, end 259.93MB, increase: 197.31KB
2026-6-12 17:22:55-debug: // ---- build task 打包脚本 ----
2026-6-12 17:22:55-debug: 打包脚本 start, progress: 19%
2026-6-12 17:22:56-log: [buildPolyfillsCommand]enter sub process 28557, 9229, see: chrome://inspect/#devices


2026-6-12 17:22:57-debug: execute-script-end with buildPolyfillsCommand 1817ms
2026-6-12 17:22:57-debug: Generate systemJs..., progress: 19%
2026-6-12 17:22:59-debug: execute-script-end with buildSystemJsCommand 1412ms
2026-6-12 17:22:59-debug: 构建项目脚本 start..., progress: 19%
2026-6-12 17:22:59-debug: 构建项目脚本 start..., progress: 13%
2026-6-12 17:23:01-log: [buildScriptCommand]Number of non-entry chunks: 6


2026-6-12 17:23:01-debug: execute-script-end with buildScriptCommand 2146ms
2026-6-12 17:23:01-debug: Copy externalScripts success!
2026-6-12 17:23:01-debug: 构建项目脚本 in (2174 ms) √, progress: 19%
2026-6-12 17:23:01-debug: 构建项目脚本 in (2174 ms) √, progress: 13%
2026-6-12 17:23:01-debug: 构建引擎脚本 start..., progress: 19%
2026-6-12 17:23:01-debug: Error: Exit process with code:null, signal:SIGTERM in task build-script
    at ChildProcess.<anonymous> (/Applications/Cocos/Creator/3.8.8/CocosCreator.app/Contents/Resources/app.asar/builtin/builder/dist/worker/worker-pools/sub-process-manager.ccc:1:2409)
    at ChildProcess.emit (node:events:519:28)
    at Process.ChildProcess._handle.onexit (node:internal/child_process:294:12)

2026-6-12 17:23:01-log: [buildSeparateEngine]enter sub process 28627, 9229, see: chrome://inspect/#devices


2026-6-12 17:23:03-debug: execute-script-end with buildSeparateEngine 1825ms
2026-6-12 17:23:03-debug: 构建引擎脚本 in (1828 ms) √, progress: 19%
2026-6-12 17:23:03-debug: Copy plugin script ..., progress: 19%
2026-6-12 17:23:03-debug: Generate import-map..., progress: 19%
2026-6-12 17:23:03-debug: // ---- build task 打包脚本 ---- (7289ms)
2026-6-12 17:23:03-debug: // ---- build task Build Assets ----
2026-6-12 17:23:03-debug: Build bundles..., progress: 24%
2026-6-12 17:23:03-debug: Pack Images start, progress: 24%
2026-6-12 17:23:03-debug: Pack Images start, progress: 13%
2026-6-12 17:23:03-debug: Number of pac assets: 1
2026-6-12 17:23:03-debug: No pack results
2026-6-12 17:23:03-debug: Compress image start..., progress: 24%
2026-6-12 17:23:03-debug: Compress image start..., progress: 13%
2026-6-12 17:23:03-debug: sort compress task {}
2026-6-12 17:23:03-debug: Num of all image compress task 0, really: 0, configTasks: 0
2026-6-12 17:23:03-debug: No image need to compress
2026-6-12 17:23:03-debug: Compress image success..., progress: 24%
2026-6-12 17:23:03-debug: Compress image success..., progress: 13%
2026-6-12 17:23:03-debug: Output asset in bundles start, progress: 24%
2026-6-12 17:23:03-debug: Output asset in bundles start, progress: 13%
2026-6-12 17:23:03-debug: Handle all json groups in bundle internal
2026-6-12 17:23:03-debug: handle json group
2026-6-12 17:23:03-debug: Handle all json groups in bundle resources
2026-6-12 17:23:03-debug: handle json group
2026-6-12 17:23:03-debug: [Build Memory track]: 打包脚本 start:260.07MB, end 261.41MB, increase: 1.34MB
2026-6-12 17:23:03-debug: Build Assets start, progress: 24%
2026-6-12 17:23:03-debug: Handle all json groups in bundle main
2026-6-12 17:23:03-debug: handle json group
2026-6-12 17:23:03-debug: handle single json
2026-6-12 17:23:03-debug: Handle all json groups in bundle game
2026-6-12 17:23:03-debug: handle json group
2026-6-12 17:23:03-debug: handle single json
2026-6-12 17:23:03-debug: Handle all json groups in bundle home
2026-6-12 17:23:03-debug: handle json group
2026-6-12 17:23:03-debug: handle single json
2026-6-12 17:23:03-debug: Handle all json groups in bundle popups
2026-6-12 17:23:03-debug: handle json group
2026-6-12 17:23:03-log: run build task 打包脚本 success in 7 s√, progress: 24%
2026-6-12 17:23:03-debug: handle single json
2026-6-12 17:23:03-debug: Json group(02c4348ca) compile success，json number: 6
2026-6-12 17:23:03-debug: handle single json
2026-6-12 17:23:03-debug: handle single json
2026-6-12 17:23:03-debug: Json group(04f923b60) compile success，json number: 6
2026-6-12 17:23:03-debug: Output asset in bundles success, progress: 24%
2026-6-12 17:23:03-debug: Output asset in bundles success, progress: 13%
2026-6-12 17:23:03-debug: Output asset in bundles start, progress: 24%
2026-6-12 17:23:03-debug: Output asset in bundles start, progress: 13%
2026-6-12 17:23:03-debug: compress config of bundle internal...
2026-6-12 17:23:03-debug: compress config of bundle resources...
2026-6-12 17:23:03-debug: compress config of bundle internal success
2026-6-12 17:23:03-debug: compress config of bundle main...
2026-6-12 17:23:03-debug: compress config of bundle home success
2026-6-12 17:23:03-debug: compress config of bundle game...
2026-6-12 17:23:03-debug: compress config of bundle game success
2026-6-12 17:23:03-debug: compress config of bundle popups...
2026-6-12 17:23:03-debug: compress config of bundle popups success
2026-6-12 17:23:03-debug: output config of bundle internal
2026-6-12 17:23:03-debug: output config of bundle internal success
2026-6-12 17:23:03-debug: output config of bundle resources
2026-6-12 17:23:03-debug: output config of bundle resources success
2026-6-12 17:23:03-debug: output config of bundle main
2026-6-12 17:23:03-debug: output config of bundle home
2026-6-12 17:23:03-debug: output config of bundle main success
2026-6-12 17:23:03-debug: output config of bundle home success
2026-6-12 17:23:03-debug: output config of bundle game
2026-6-12 17:23:03-debug: output config of bundle game success
2026-6-12 17:23:03-debug: compress config of bundle resources success
2026-6-12 17:23:03-debug: output config of bundle popups success
2026-6-12 17:23:03-debug: Output asset in bundles success, progress: 24%
2026-6-12 17:23:03-debug: Output asset in bundles success, progress: 13%
2026-6-12 17:23:03-debug: compress config of bundle home...
2026-6-12 17:23:03-debug: compress config of bundle main success
2026-6-12 17:23:03-debug: output config of bundle popups
2026-6-12 17:23:03-debug: // ---- build task Build Assets ---- (271ms)
2026-6-12 17:23:03-log: run build task Build Assets success in 271 ms√, progress: 29%
2026-6-12 17:23:03-debug: [Build Memory track]: Build Assets start:261.45MB, end 264.60MB, increase: 3.15MB
2026-6-12 17:23:03-debug: wechatgame:(onAfterBundleBuildTask) start..., progress: 29%
2026-6-12 17:23:03-debug: wechatgame:(onAfterBundleBuildTask) start..., progress: 13%
2026-6-12 17:23:03-debug: // ---- build task wechatgame：onAfterBundleBuildTask ----
2026-6-12 17:23:03-debug: // ---- build task wechatgame：onAfterBundleBuildTask ---- (17ms)
2026-6-12 17:23:03-debug: wechatgame:(onAfterBundleBuildTask) in 17 ms ✓, progress: 29%
2026-6-12 17:23:03-debug: wechatgame:(onAfterBuildAssets) start..., progress: 29%
2026-6-12 17:23:03-debug: wechatgame:(onAfterBundleBuildTask) in 17 ms ✓, progress: 20%
2026-6-12 17:23:03-debug: // ---- build task wechatgame：onAfterBuildAssets ----
2026-6-12 17:23:03-debug: // ---- build task wechatgame：onAfterBuildAssets ---- (13ms)
2026-6-12 17:23:03-debug: // ---- build task 整理部分构建选项内数据到 settings.json ----
2026-6-12 17:23:03-debug: wechatgame:(onAfterBuildAssets) in 13 ms ✓, progress: 31%
2026-6-12 17:23:03-debug: 整理部分构建选项内数据到 settings.json start, progress: 31%
2026-6-12 17:23:03-debug: // ---- build task 整理部分构建选项内数据到 settings.json ---- (15ms)
2026-6-12 17:23:03-log: run build task 整理部分构建选项内数据到 settings.json success in 15 ms√, progress: 33%
2026-6-12 17:23:03-debug: [Build Memory track]: 整理部分构建选项内数据到 settings.json start:264.96MB, end 265.06MB, increase: 104.05KB
2026-6-12 17:23:03-debug: 填充脚本数据到 settings.json start, progress: 33%
2026-6-12 17:23:03-debug: // ---- build task 填充脚本数据到 settings.json ----
2026-6-12 17:23:03-debug: // ---- build task 填充脚本数据到 settings.json ---- (13ms)
2026-6-12 17:23:03-debug: [Build Memory track]: 填充脚本数据到 settings.json start:265.10MB, end 265.53MB, increase: 436.34KB
2026-6-12 17:23:03-log: run build task 填充脚本数据到 settings.json success in 13 ms√, progress: 34%
2026-6-12 17:23:03-debug: // ---- build task 整理部分构建选项内数据到 settings.json ----
2026-6-12 17:23:03-debug: 整理部分构建选项内数据到 settings.json start, progress: 34%
2026-6-12 17:23:03-debug: // ---- build task 整理部分构建选项内数据到 settings.json ---- (17ms)
2026-6-12 17:23:03-log: run build task 整理部分构建选项内数据到 settings.json success in 17 ms√, progress: 36%
2026-6-12 17:23:03-debug: [Build Memory track]: 整理部分构建选项内数据到 settings.json start:265.24MB, end 265.43MB, increase: 199.48KB
2026-6-12 17:23:03-debug: wechatgame:(onBeforeCompressSettings) start..., progress: 36%
2026-6-12 17:23:03-debug: // ---- build task wechatgame：onBeforeCompressSettings ----
2026-6-12 17:23:03-debug: // ---- build task wechatgame：onBeforeCompressSettings ---- (13ms)
2026-6-12 17:23:03-debug: wechatgame:(onBeforeCompressSettings) in 13 ms ✓, progress: 38%
2026-6-12 17:23:03-debug: cocos-service:(onBeforeCompressSettings) start..., progress: 38%
2026-6-12 17:23:03-debug: // ---- build task cocos-service：onBeforeCompressSettings ----
2026-6-12 17:23:03-debug: // ---- build task cocos-service：onBeforeCompressSettings ---- (154ms)
2026-6-12 17:23:03-debug: cocos-service:(onBeforeCompressSettings) in 154 ms ✓, progress: 40%
2026-6-12 17:23:03-debug: 整理静态模板文件 start, progress: 40%
2026-6-12 17:23:03-debug: // ---- build task 整理静态模板文件 ----
2026-6-12 17:23:03-debug: // ---- build task 整理静态模板文件 ---- (49ms)
2026-6-12 17:23:03-debug: [Build Memory track]: 整理静态模板文件 start:265.78MB, end 266.91MB, increase: 1.13MB
2026-6-12 17:23:03-log: run build task 整理静态模板文件 success in 49 ms√, progress: 45%
2026-6-12 17:23:03-debug: cocos-service:(onAfterCompressSettings) start..., progress: 45%
2026-6-12 17:23:03-debug: // ---- build task cocos-service：onAfterCompressSettings ----
2026-6-12 17:23:03-debug: // ---- build task cocos-service：onAfterCompressSettings ---- (163ms)
2026-6-12 17:23:03-debug: cocos-service:(onAfterCompressSettings) in 163 ms ✓, progress: 46%
2026-6-12 17:23:03-debug: wechatgame:(onBeforeCopyBuildTemplate) start..., progress: 46%
2026-6-12 17:23:03-debug: // ---- build task wechatgame：onBeforeCopyBuildTemplate ----
2026-6-12 17:23:03-debug: // ---- build task wechatgame：onBeforeCopyBuildTemplate ---- (18ms)
2026-6-12 17:23:03-debug: wechatgame:(onBeforeCopyBuildTemplate) in 18 ms ✓, progress: 48%
2026-6-12 17:23:03-debug: wechatgame:(onAfterCopyBuildTemplate) start..., progress: 48%
2026-6-12 17:23:03-debug: // ---- build task wechatgame：onAfterCopyBuildTemplate ----
2026-6-12 17:23:04-debug: // ---- build task wechatgame：onAfterCopyBuildTemplate ---- (19ms)
2026-6-12 17:23:04-debug: wechatgame:(onAfterCopyBuildTemplate) in 19 ms ✓, progress: 50%
2026-6-12 17:23:04-debug: 给所有的资源加上 MD5 后缀 start, progress: 50%
2026-6-12 17:23:04-debug: // ---- build task 给所有的资源加上 MD5 后缀 ----
2026-6-12 17:23:04-debug: // ---- build task 给所有的资源加上 MD5 后缀 ---- (19ms)
2026-6-12 17:23:04-debug: [Build Memory track]: 给所有的资源加上 MD5 后缀 start:264.22MB, end 264.31MB, increase: 86.37KB
2026-6-12 17:23:04-log: run build task 给所有的资源加上 MD5 后缀 success in 19 ms√, progress: 60%
2026-6-12 17:23:04-debug: wechatgame:(onAfterBuild) start..., progress: 60%
2026-6-12 17:23:04-debug: // ---- build task wechatgame：onAfterBuild ----
2026-6-12 17:23:04-debug: // ---- build task wechatgame：onAfterBuild ---- (363ms)
2026-6-12 17:23:04-debug: wechatgame:(onAfterBuild) in 363 ms ✓, progress: 62%
2026-6-12 17:23:04-debug: cocos-service:(onAfterBuild) start..., progress: 62%
2026-6-12 17:23:04-debug: // ---- build task cocos-service：onAfterBuild ----
2026-6-12 17:23:04-debug: // ---- build task cocos-service：onAfterBuild ---- (66ms)
2026-6-12 17:23:04-debug: cocos-service:(onAfterBuild) in 66 ms ✓, progress: 64%
2026-6-12 17:23:04-debug: adsense-h5g-plugin:(onAfterBuild) start..., progress: 64%
2026-6-12 17:23:04-debug: // ---- build task adsense-h5g-plugin：onAfterBuild ----
2026-6-12 17:23:04-debug: // ---- build task adsense-h5g-plugin：onAfterBuild ---- (12ms)
2026-6-12 17:23:04-debug: adsense-h5g-plugin:(onAfterBuild) in丞尧2 ms ✓, progress: 65%
2026-6-12 17:23:04-debug: wechat-subpackage-builder:(onAfterBuild) start..., progress: 65%
2026-6-12 17:23:04-debug: // ---- build task wechat-subpackage-builder：onAfterBuild ----
2026-6-12 17:23:04-log: [wechat-subpackage-builder] wechatgame subpackages generated: resources, home, game
2026-6-12 17:23:04-debug: // ---- build task wechat-subpackage-builder：onAfterBuild ---- (17ms)
2026-6-12 17:23:04-debug: wechat-subpackage-builder:(onAfterBuild) in 17 ms ✓, progress: 67%
2026-6-12 17:23:04-log: Asset DB is resume!
2026-6-12 17:23:04-debug: builder:build-project-total (9329ms)
2026-6-12 17:23:04-debug: build task(wechatgame) in 9329!
2026-6-12 17:23:04-debug: [Build Memory track]: builder:build-project-total start:256.03MB, end 265.65MB, increase: 9.61MB
2026-6-12 17:23:04-debug: Stop record console. {file(/Users/zxd/workspace/person/animal-chess-game/temp/builder/log/wechatgame6-11-2026 20-30.log)}
2026-6-12 17:23:04-debug: ================================ build Task (wechatgame) Finished in (9 s)ms ================================
2026-6-12 17:23:05-debug: Start record console... {file(/Users/zxd/workspace/person/animal-chess-game/temp/builder/log/bytedance-mini-game6-11-2026 19-20.log)}
2026-6-12 17:23:05-debug: =================================== build Task (bytedance-mini-game) Start ================================
2026-6-12 17:23:05-debug: Build with Cocos Creator 3.8.8
2026-6-12 17:23:05-debug: Start build task, options:
{"name":"欢乐斗兽棋","server":"","engineModulesConfigKey":"defaultConfig","platform":"bytedance-mini-game","buildPath":"project://build","debug":false,"buildMode":"normal","mangleProperties":false,"md5Cache":false,"skipCompressTexture":false,"sourceMaps":false,"overwriteProjectSettings":{"macroConfig":{"cleanupImageCache":"inherit-project-setting"},"includeModules":{"physics":"inherit-project-setting","physics-2d":"inherit-project-setting","gfx-webgl2":"off"}},"nativeCodeBundleMode":"both","polyfills":{"asyncFunctions":false},"experimentalEraseModules":false,"startSceneAssetBundle":false,"bundleConfigs":[],"inlineEnum":true,"useBuiltinServer":false,"md5CacheOptions":{"excludes":[],"includes":[],"replaceOnly":[],"handleTemplateMd5Link":true},"mainBundleIsRemote":false,"mainBundleCompressionType":"merge_dep","useSplashScreen":true,"bundleCommonChunk":false,"packAutoAtlas":true,"startScene":"de734e68-f879-44d5-9f8c-06a7f6b793ca","outputName":"bytedance-mini-game","taskName":"bytedance-mini-game","scenes":[{"url":"db://assets/scenes/Main.scene","uuid":"de734e68-f879-44d5-9f8c-06a7f6b793ca"}],"wasmCompressionMode":false,"binGroupConfig":{"threshold":16,"enable":false},"packages":{"bytedance-mini-game":{"buildOpenDataContextTemplate":"","appid":"tt5eff2842c09bb6b802","orientation":"portrait","physX":{"use":"project","notPackPhysXLibs":false,"multiThread":false,"subThreadCount":1,"epsilon":0.001},"devToolsLaunchMethod":"lite","separateEngine":true,"__version__":"1.0.3"},"cocos-service":{"configID":"b938da","services":[]}},"__version__":"1.3.9","logDest":"project://temp/builder/log/bytedance-mini-game6-11-2026 19-20.log"}
2026-6-12 17:23:05-debug: bytedance-mini-game:(onBeforeBuild) start..., progress: 0%
2026-6-12 17:23:05-debug: // ---- build task bytedance-mini-game：onBeforeBuild ----
2026-6-12 17:23:05-debug: // ---- build task bytedance-mini-game：onBeforeBuild ---- (9ms)
2026-6-12 17:23:05-debug: cocos-service:(onBeforeBuild) start..., progress: 2%
2026-6-12 17:23:05-debug: // ---- build task cocos-service：onBeforeBuild ----
2026-6-12 17:23:05-debug: bytedance-mini-game:(onBeforeBuild) in 9 ms ✓, progress: 2%
2026-6-12 17:23:05-debug: // ---- build task cocos-service：onBeforeBuild ---- (152ms)
2026-6-12 17:23:05-debug: cocos-service:(onBeforeBuild) in 152 ms ✓, progress: 4%
2026-6-12 17:23:05-debug: scene:(onBeforeBuild) start..., progress: 4%
2026-6-12 17:23:05-debug: // ---- build task scene：onBeforeBuild ----
2026-6-12 17:23:05-debug: // ---- build task scene：onBeforeBuild ---- (19ms)
2026-6-12 17:23:05-debug: Start lock asset db..., progress: 5%
2026-6-12 17:23:05-log: Asset DB is paused with build!
2026-6-12 17:23:05-debug: scene:(onBeforeBuild) in 19 ms ✓, progress: 5%
2026-6-12 17:23:05-debug: Query all assets info in project
2026-6-12 17:23:05-debug: init custom config: keepNodeUuid: false, useCache: true
2026-6-12 17:23:05-debug: bytedance-mini-game:(onAfterInit) start..., progress: 5%
2026-6-12 17:23:05-debug: // ---- build task bytedance-mini-game：onAfterInit ----
2026-6-12 17:23:05-debug: // ---- build task bytedance-mini-game：onAfterInit ---- (10ms)
2026-6-12 17:23:05-debug: bytedance-mini-game:(onAfterInit) in 10 ms ✓, progress: 7%
2026-6-12 17:23:05-debug: cocos-service:(onAfterInit) start..., progress: 7%
2026-6-12 17:23:05-debug: // ---- build task cocos-service：onAfterInit ----
2026-6-12 17:23:05-debug: // ---- build task cocos-service：onAfterInit ---- (75ms)
2026-6-12 17:23:05-debug: bytedance-mini-game:(onBeforeBundleInit) start..., progress: 9%
2026-6-12 17:23:05-debug: // ---- build task bytedance-mini-game：onBeforeBundleInit ----
2026-6-12 17:23:05-debug: Skip compress image, progress: 0%
2026-6-12 17:23:05-debug: cocos-service:(onAfterInit) in 75 ms ✓, progress: 9%
2026-6-12 17:23:05-debug: bytedance-mini-game:(onBeforeBundleInit) start..., progress: 0%
2026-6-12 17:23:05-debug: // ---- build task bytedance-mini-game：onBeforeBundleInit ---- (14ms)
2026-6-12 17:23:05-debug: bytedance-mini-game:(onBeforeBundleInit) in 14 ms ✓, progress: 9%
2026-6-12 17:23:05-debug: adsense-h5g-plugin:(onBeforeBundleInit) start..., progress: 9%
2026-6-12 17:23:05-debug: // ---- build task adsense-h5g-plugin：onBeforeBundleInit ----
2026-6-12 17:23:05-debug: [adsense-h5g-plugin] remove script success
2026-6-12 17:23:05-debug: bytedance-mini-game:(onBeforeBundleInit) in 14 ms ✓, progress: 7%
2026-6-12 17:23:05-debug: adsense-h5g-plugin:(onBeforeBundleInit) start..., progress: 7%
2026-6-12 17:23:05-debug: // ---- build task adsense-h5g-plugin：onBeforeBundleInit ---- (14ms)
2026-6-12 17:23:05-debug: adsense-h5g-plugin:(onBeforeBundleInit) in 14 ms ✓, progress: 9%
2026-6-12 17:23:05-debug: adsense-h5g-plugin:(onBeforeBundleInit) in 14 ms ✓, progress: 13%
2026-6-12 17:23:05-debug: Init all bundles start..., progress: 9%
2026-6-12 17:23:05-debug: Num of bundles: 6..., progress: 13%
2026-6-12 17:23:05-debug: // ---- build task 查询 Asset Bundle ----
2026-6-12 17:23:05-debug: Init bundle root assets start..., progress: 9%
2026-6-12 17:23:05-debug: Init bundle root assets start..., progress: 13%
2026-6-12 17:23:05-debug: 查询 Asset Bundle start, progress: 9%
2026-6-12 17:23:05-debug: Init all bundles start..., progress: 13%
2026-6-12 17:23:05-debug: Num of bundles: 6..., progress: 9%
2026-6-12 17:23:05-debug: Query preload assets/scripts from cc.config.json: 60f7195c-ec2a-45eb-ba94-8955f60e81d0,1c02ae6f-4492-4915-b8f8-7492a3b1e4cd,810e96e4-e456-4468-9b59-f4e8f39732c0,efe8e2a3-eace-427b-b4f1-cb8a937ec77d,e9aa9a3e-5b2b-4ac7-a2c7-073de2b2b24f,8bbdbcdd-5cd4-4100-b6d5-b7c9625b6107,50f4348b-c883-4e2f-8f11-ce233b859fa1,fda095cb-831d-4601-ad94-846013963de8,f92806d7-1768-443f-afe8-12bcde84d0f0,dd3a144d-ab7f-41f0-82b8-2e43a090d496,f0416e68-0200-4b77-a926-4f9d16e494da,970b0598-bcb0-4714-91fb-2e81440dccd8,bcd64cc6-2dd9-43f6-abbe-66318d332032,d930590d-bb92-4cc8-8bd1-23cd027f9edf,a3cd009f-0ab0-420d-9278-b9fdab939bbc,6a2d0734-bd9e-4ddf-946e-caa52498cb75,c27215d8-6835-4b68-bfbb-bdeac6100c04,b5d6115f-0370-4d7c-aad3-c194cc71cf98,871c3b6c-7379-419d-bda3-794b239ab90d,ff9b0199-ce04-4cfe-86cc-6c719f08d6e4,de1c2107-70c8-4021-8459-6399f24d01c6,cbf30902-517f-40dc-af90-a550bac27cf1,5c601d96-e4c7-4698-991b-7ee674b11079
2026-6-12 17:23:05-debug:   Number of all scenes: 1
2026-6-12 17:23:05-debug: Init bundle root assets success..., progress: 9%
2026-6-12 17:23:05-debug: Init bundle root assets success..., progress: 13%
2026-6-12 17:23:05-debug: reload all scripts.
2026-6-12 17:23:05-debug:   Number of all scripts: 25
2026-6-12 17:23:05-debug:   Number of other assets: 409
2026-6-12 17:23:05-debug: [[Executor]] reload before lock
2026-6-12 17:23:05-debug: Set detail map pack:///resolution-detail-map.json: {}
2026-6-12 17:23:05-debug: Unregister BuiltinPipelineSettings
2026-6-12 17:23:05-debug: Unregister BuiltinPipelinePassBuilder
2026-6-12 17:23:05-debug: Unregister BuiltinDepthOfFieldPass
2026-6-12 17:23:05-debug: Unregister UIManager
2026-6-12 17:23:05-debug: Unregister PopupManager
2026-6-12 17:23:05-debug: Unregister ResManager
2026-6-12 17:23:05-debug: Unregister DataManager
2026-6-12 17:23:05-debug: Unregister SoundManager
2026-6-12 17:23:05-debug: Unregister HttpManager
2026-6-12 17:23:05-debug: Unregister LoadingPage
2026-6-12 17:23:05-debug: Unregister DesktopPopup
2026-6-12 17:23:05-debug: Unregister SidebarPopup
2026-6-12 17:23:05-debug: Unregister SettingPopup
2026-6-12 17:23:05-debug: Unregister GameMain
2026-6-12 17:23:05-debug: Unregister HomePage
2026-6-12 17:23:05-debug: Unregister GamePage
2026-6-12 17:23:05-debug: Unregister RulesPage
2026-6-12 17:23:05-debug: Invalidating 'pack:///chunks/93/93ba276ea7b26ffcdc433fab14afc1ed6f05647b.js'
2026-6-12 17:23:05-debug: Invalidating 'pack:///chunks/6d/6d8fd2b0177941b032ddc0733af48a561fb60657.js'
2026-6-12 17:23:05-debug: Invalidating 'pack:///chunks/3a/3af2b99d9d250d0c94e80c615712be1d07b4cf47.js'
2026-6-12 17:23:05-debug: Invalidating 'pack:///chunks/6a/6a5019a719a9014c047e67aa1cf34453ab8392ce.js'
2026-6-12 17:23:05-debug: Invalidating 'pack:///chunks/87/87c4b5d58115ee6102b02680ea6b39d34083b342.js'
2026-6-12 17:23:05-debug: Invalidating 'pack:///chunks/4f/4fd3d121a4e148a0cab634e8b8fe61cad0fda6b5.js'
2026-6-12 17:23:05-debug: Invalidating 'pack:///chunks/86/86b8638a66ab4c727e439f4d8cdd7595bd7cb611.js'
2026-6-12 17:23:05-debug: Invalidating 'pack:///chunks/9c/9c8e4ae02cd522e18faba9e72e8803c8bdb97382.js'
2026-6-12 17:23:05-debug: Invalidating 'pack:///chunks/67/67ef7aacb0534ffc34f984c40683bb6c1ffb736e.js'
2026-6-12 17:23:05-debug: Invalidating 'pack:///chunks/6d/6d4a2ee5b359f4785621b060323b5ce8484bee11.js'
2026-6-12 17:23:05-debug: Invalidating 'pack:///chunks/6f/6ff53d6523a6076de3e742eaf538792a9b5b0063.js'
2026-6-12 17:23:05-debug: Invalidating 'pack:///chunks/e9/e910cb3eaa96a186fae8422624fd637735800e8a.js'
2026-6-12 17:23:05-debug: Invalidating 'pack:///chunks/23/237757f898bea2d77e719b22285426f1f9ec6476.js'
2026-6-12 17:23:05-debug: Invalidating 'pack:///chunks/6d/6df476d10f79c18bd324d0420f268e7c9b104429.js'
2026-6-12 17:23:05-debug: Invalidating 'pack:///chunks/12/12f6905c2b0e2c07f2e2b57d5108a32579b557ba.js'
2026-6-12 17:23:05-debug: Invalidating 'pack:///chunks/ff/ffe9cd0e8cb59dde53df7b5ab2ff09cbfa7c4bc7.js'
2026-6-12 17:23:05-debug: Invalidating 'pack:///chunks/96/966be97855b6b244581ac3bc3debe2dac7f513f0.js'
2026-6-12 17:23:05-debug: Invalidating 'pack:///chunks/dc/dc698acb7dd709e01358d55b8966c9c814637d60.js'
2026-6-12 17:23:05-debug: Invalidating 'pack:///chunks/0d/0d402ab8eb38bca077e3adb03fde75526f6f2b86.js'
2026-6-12 17:23:05-debug: Invalidating 'pack:///chunks/b8/b8da35b56d1023f35a5ca3c3935c1f34238dca05.js'
2026-6-12 17:23:05-debug: Invalidating 'pack:///chunks/85/8501847ea404b2c9de4eb76de25022f4e472d006.js'
2026-6-12 17:23:05-debug: Invalidating 'pack:///chunks/24/24b7e4d47902f6d0242a366ca2a227876a946913.js'
2026-6-12 17:23:05-debug: Invalidating 'pack:///chunks/5e/5e89629cb49b3bc5dec8ff0ce8e4e4a04576e7ab.js'
2026-6-12 17:23:05-debug: Invalidating 'pack:///chunks/84/848fe469dcc60a4988d015a0af6329f6c3412ea8.js'
2026-6-12 17:23:05-debug: Invalidating 'pack:///chunks/27/27f7d2dcaceeafc067989faa637fb436045f6323.js'
2026-6-12 17:23:05-debug: Invalidating 'pack:///chunks/66/6667e0b77234e83ab6d321cc849150030c26b545.js'
2026-6-12 17:23:05-debug: [[Executor]] Module "pack:///chunks/93/93ba276ea7b26ffcdc433fab14afc1ed6f05647b.js" loaded.
2026-6-12 17:23:05-debug: [[Executor]] Module "pack:///chunks/6d/6d8fd2b0177941b032ddc0733af48a561fb60657.js" loaded.
2026-6-12 17:23:05-debug: [[Executor]] Module "pack:///chunks/6a/6a5019a719a9014c047e67aa1cf34453ab8392ce.js" loaded.
2026-6-12 17:23:05-debug: [[Executor]] Module "pack:///chunks/13/13619a4d60fbb6416edf8ba7ec0b195f2fcda55a.js" loaded.
2026-6-12 17:23:05-debug: [[Executor]] Register BuiltinPipelineSettings
2026-6-12 17:23:05-debug: [[Executor]] Module "pack:///chunks/87/87c4b5d58115ee6102b02680ea6b39d34083b342.js" loaded.
2026-6-12 17:23:05-debug: [[Executor]] Register BuiltinPipelinePassBuilder
2026-6-12 17:23:05-debug: [[Executor]] Module "pack:///chunks/4f/4fd3d121a4e148a0cab634e8b8fe61cad0fda6b5.js" loaded.
2026-6-12 17:23:05-debug: [[Executor]] Module "pack:///chunks/86/86b8638a66ab4c727e439f4d8cdd7595bd7cb611.js" loaded.
2026-6-12 17:23:05-debug: [[Executor]] Register BuiltinDepthOfFieldPass
2026-6-12 17:23:05-debug: [[Executor]] Module "pack:///chunks/3a/3af2b99d9d250d0c94e80c615712be1d07b4cf47.js" loaded.
2026-6-12 17:23:05-debug: [[Executor]] Register DebugViewRuntimeControl
2026-6-12 17:23:05-debug: [[Executor]] Module "pack:///chunks/9c/9c8e4ae02cd522e18faba9e72e8803c8bdb97382.js" loaded.
2026-6-12 17:23:05-debug: [[Executor]] Module "pack:///chunks/b8/b8da35b56d1023f35a5ca3c3935c1f34238dca05.js" loaded.
2026-6-12 17:23:05-debug: [[Executor]] Register UIManager
2026-6-12 17:23:05-debug: [[Executor]] Module "pack:///chunks/67/67ef7aacb0534ffc34f984c40683bb6c1ffb736e.js" loaded.
2026-6-12 17:23:05-debug: [[Executor]] Register PopupManager
2026-6-12 17:23:05-debug: [[Executor]] Module "pack:///chunks/6d/6d4a2ee5b359f4785621b060323b5ce8484bee11.js" loaded.
2026-6-12 17:23:05-debug: [[Executor]] Register ResManager
2026-6-12 17:23:05-debug: [[Executor]] Module "pack:///chunks/85/8501847ea404b2c9de4eb76de25022f4e472d006.js" loaded.
2026-6-12 17:23:05-debug: [[Executor]] Register DataManager
2026-6-12 17:23:05-debug: [[Executor]] Module "pack:///chunks/23/237757f898bea2d77e719b22285426f1f9ec6476.js" loaded.
2026-6-12 17:23:05-debug: [[Executor]] Register SoundManager
2026-6-12 17:23:05-debug: [[Executor]] Module "pack:///chunks/6f/6ff53d6523a6076de3e742eaf538792a9b5b0063.js" loaded.
2026-6-12 17:23:05-debug: [[Executor]] Register HttpManager
2026-6-12 17:23:05-debug: [[Executor]] Module "pack:///chunks/e9/e910cb3eaa96a186fae8422624fd637735800e8a.js" loaded.
2026-6-12 17:23:05-debug: [[Executor]] Module "pack:///chunks/6d/6df476d10f79c18bd324d0420f268e7c9b104429.js" loaded.
2026-6-12 17:23:05-debug: [[Executor]] Module "pack:///chunks/12/12f6905c2b0e2c07f2e2b57d5108a32579b557ba.js" loaded.
2026-6-12 17:23:05-error: A Class already exists with the same __cid__ : LoadingPage. 
2026-6-12 17:23:05-debug: [[Executor]] Register LoadingPage
2026-6-12 17:23:05-debug: [[Executor]] Module "pack:///chunks/ff/ffe9cd0e8cb59dde53df7b5ab2ff09cbfa7c4bc7.js" loaded.
2026-6-12 17:23:05-debug: [[Executor]] Module "pack:///chunks/24/24b7e4d47902f6d0242a366ca2a227876a946913.js" loaded.
2026-6-12 17:23:05-debug: Unregister DebugViewRuntimeControl
2026-6-12 17:23:05-debug: [[Executor]] Register DesktopPopup
2026-6-12 17:23:05-debug: [[Executor]] Module "pack:///chunks/96/966be97855b6b244581ac3bc3debe2dac7f513f0.js" loaded.
2026-6-12 17:23:05-debug: [[Executor]] Module "pack:///chunks/5e/5e89629cb49b3bc5dec8ff0ce8e4e4a04576e7ab.js" loaded.
2026-6-12 17:23:05-error: A Class already exists with the same __cid__ : SidebarPopup. 
2026-6-12 17:23:05-debug: [[Executor]] Register SidebarPopup
2026-6-12 17:23:05-debug: [[Executor]] Module "pack:///chunks/dc/dc698acb7dd709e01358d55b8966c9c814637d60.js" loaded.
2026-6-12 17:23:05-error: A Class already exists with the same __cid__ : SettingPopup. 
2026-6-12 17:23:05-debug: [[Executor]] Register SettingPopup
2026-6-12 17:23:05-debug: [[Executor]] Module "pack:///chunks/0d/0d402ab8eb38bca077e3adb03fde75526f6f2b86.js" loaded.
2026-6-12 17:23:05-error: A Class already exists with the same __cid__ : GameMain. 
2026-6-12 17:23:05-debug: [[Executor]] Register GameMain
2026-6-12 17:23:05-error: "39bb67ff-34a0-41a7-af7c-00c4b48a1fa5" has already been set as name or alias of another class.
2026-6-12 17:23:05-error: "39bb67ff-34a0-41a7-af7c-00c4b48a1fa5" has already been set as id or alias of another class.
2026-6-12 17:23:05-debug: [[Executor]] Module "pack:///chunks/67/674419a804a675bdc259110656ab1bc65e04f002.js" loaded.
2026-6-12 17:23:05-error: A Class already exists with the same __cid__ : GamePage. 
2026-6-12 17:23:05-debug: [[Executor]] Register GamePage
2026-6-12 17:23:05-debug: [[Executor]] Module "pack:///chunks/84/848fe469dcc60a4988d015a0af6329f6c3412ea8.js" loaded.
2026-6-12 17:23:05-error: A Class already exists with the same __cid__ : HomePage. 
2026-6-12 17:23:05-debug: [[Executor]] Register HomePage
2026-6-12 17:23:05-debug: [[Executor]] Module "pack:///chunks/27/27f7d2dcaceeafc067989faa637fb436045f6323.js" loaded.
2026-6-12 17:23:05-debug: [[Executor]] Register RulesPage
2026-6-12 17:23:05-debug: [[Executor]] Module "pack:///chunks/66/6667e0b77234e83ab6d321cc849150030c26b545.js" loaded.
2026-6-12 17:23:05-debug: [[Executor]] Module "pack:///chunks/6d/6d8fd2b0177941b032ddc0733af48a561fb60657.js" loaded.
2026-6-12 17:23:05-debug: Invalidating 'pack:///chunks/13/13619a4d60fbb6416edf8ba7ec0b195f2fcda55a.js'
2026-6-12 17:23:05-debug: Invalidating 'pack:///chunks/67/674419a804a675bdc259110656ab1bc65e04f002.js'
2026-6-12 17:23:05-error: A Class already exists with the same __cid__ : DesktopPopup. 
2026-6-12 17:23:05-debug: [[Executor]] after unlock
2026-6-12 17:23:05-debug: Incremental keys: 
2026-6-12 17:23:05-debug: Init bundle share assets start..., progress: 9%
2026-6-12 17:23:05-debug: Init bundle share assets start..., progress: 13%
2026-6-12 17:23:05-debug: Init bundle share assets success..., progress: 9%
2026-6-12 17:23:05-debug: Init bundle share assets success..., progress: 13%
2026-6-12 17:23:05-debug: handle json group in bundle internal
2026-6-12 17:23:05-debug: handle json group in bundle main
2026-6-12 17:23:05-debug: handle json group in bundle game
2026-6-12 17:23:05-debug: handle json group in bundle popups
2026-6-12 17:23:05-debug: init image compress task 0 in bundle internal
2026-6-12 17:23:05-debug: handle json group in bundle home success
2026-6-12 17:23:05-debug: handle json group in bundle game success
2026-6-12 17:23:05-debug: init image compress task 0 in bundle home
2026-6-12 17:23:05-debug: handle json group in bundle internal success
2026-6-12 17:23:05-debug: init image compress task 0 in bundle popups
2026-6-12 17:23:05-debug: handle json group in bundle popups success
2026-6-12 17:23:05-debug: init image compress task 0 in bundle game
2026-6-12 17:23:05-debug: init image compress task 0 in bundle main
2026-6-12 17:23:05-debug: handle json group in bundle home
2026-6-12 17:23:05-debug: init image compress task 0 in bundle resources
2026-6-12 17:23:05-debug: handle json group in bundle resources success
2026-6-12 17:23:05-debug: handle json group in bundle main success
2026-6-12 17:23:05-debug: handle json group in bundle resources
2026-6-12 17:23:05-debug: // ---- build task 查询 Asset Bundle ---- (164ms)
2026-6-12 17:23:05-debug: [Build Memory track]: 查询 Asset Bundle start:230.39MB, end 263.05MB, increase: 32.66MB
2026-6-12 17:23:05-log: run build task 查询 Asset Bundle success in 164 ms√, progress: 14%
2026-6-12 17:23:05-debug: // ---- build task 查询 Asset Bundle ----
2026-6-12 17:23:05-debug: 查询 Asset Bundle start, progress: 14%
2026-6-12 17:23:05-debug: // ---- build task 查询 Asset Bundle ---- (28ms)
2026-6-12 17:23:05-log: run build task 查询 Asset Bundle success in 28 ms√, progress: 19%
2026-6-12 17:23:05-debug: [Build Memory track]: 查询 Asset Bundle start:263.08MB, end 263.37MB, increase: 300.45KB
2026-6-12 17:23:05-debug: 打包脚本 start, progress: 19%
2026-6-12 17:23:05-debug: // ---- build task 打包脚本 ----
2026-6-12 17:23:06-log: [buildPolyfillsCommand]enter sub process 28842, 9229, see: chrome://inspect/#devices


2026-6-12 17:23:07-debug: execute-script-end with buildPolyfillsCommand 2087ms
2026-6-12 17:23:07-debug: Generate systemJs..., progress: 19%
2026-6-12 17:23:09-debug: execute-script-end with buildSystemJsCommand 1571ms
2026-6-12 17:23:09-debug: 构建项目脚本 start..., progress: 19%
2026-6-12 17:23:09-debug: 构建项目脚本 start..., progress: 13%
2026-6-12 17:23:11-log: [buildScriptCommand]Number of non-entry chunks: 6


2026-6-12 17:23:11-debug: execute-script-end with buildScriptCommand 2295ms
2026-6-12 17:23:11-debug: Copy externalScripts success!
2026-6-12 17:23:11-debug: 构建项目脚本 in (2325 ms) √, progress: 19%
2026-6-12 17:23:11-debug: 构建引擎脚本 start..., progress: 19%
2026-6-12 17:23:11-debug: 构建项目脚本 in (2325 ms) √, progress: 13%
2026-6-12 17:23:11-debug: Error: Exit process with code:null, signal:SIGTERM in task build-script
    at ChildProcess.<anonymous> (/Applications/Cocos/Creator/3.8.8/CocosCreator.app/Contents/Resources/app.asar/builtin/builder/dist/worker/worker-pools/sub-process-manager.ccc:1:2409)
    at ChildProcess.emit (node:events:519:28)
    at Process.ChildProcess._handle.onexit (node:internal/child_process:294:12)

2026-6-12 17:23:11-debug: execute-script-end with buildSeparateEngine 44ms
2026-6-12 17:23:11-debug: 构建引擎脚本 in (44 ms) √, progress: 19%
2026-6-12 17:23:11-debug: Copy plugin script ..., progress: 19%
2026-6-12 17:23:11-debug: Generate import-map..., progress: 19%
2026-6-12 17:23:11-debug: // ---- build task 打包脚本 ---- (6068ms)
2026-6-12 17:23:11-log: run build task 打包脚本 success in 6 s√, progress: 24%
2026-6-12 17:23:11-debug: [Build Memory track]: 打包脚本 start:263.50MB, end 268.01MB, increase: 4.50MB
2026-6-12 17:23:11-debug: Build Assets start, progress: 24%
2026-6-12 17:23:11-debug: // ---- build task Build Assets ----
2026-6-12 17:23:11-debug: Build bundles..., progress: 24%
2026-6-12 17:23:11-debug: Pack Images start, progress: 24%
2026-6-12 17:23:11-debug: Pack Images start, progress: 13%
2026-6-12 17:23:11-debug: Number of pac assets: 1
2026-6-12 17:23:11-debug: No pack results
2026-6-12 17:23:11-debug: Compress image start..., progress: 24%
2026-6-12 17:23:11-debug: Compress image start..., progress: 13%
2026-6-12 17:23:11-debug: sort compress task {}
2026-6-12 17:23:11-debug: Num of all image compress task 0, really: 0, configTasks: 0
2026-6-12 17:23:11-debug: No image need to compress
2026-6-12 17:23:11-debug: Compress image success..., progress: 24%
2026-6-12 17:23:11-debug: Compress image success..., progress: 13%
2026-6-12 17:23:11-debug: Output asset in bundles start, progress: 24%
2026-6-12 17:23:11-debug: Output asset in bundles start, progress: 13%
2026-6-12 17:23:11-debug: Handle all json groups in bundle internal
2026-6-12 17:23:11-debug: Handle all json groups in bundle main
2026-6-12 17:23:11-debug: handle json group
2026-6-12 17:23:11-debug: handle single json
2026-6-12 17:23:11-debug: handle json group
2026-6-12 17:23:11-debug: Handle all json groups in bundle home
2026-6-12 17:23:11-debug: Handle all json groups in bundle game
2026-6-12 17:23:11-debug: handle json group
2026-6-12 17:23:11-debug: Handle all json groups in bundle resources
2026-6-12 17:23:11-debug: Handle all json groups in bundle popups
2026-6-12 17:23:11-debug: handle json group
2026-6-12 17:23:11-debug: handle single json
2026-6-12 17:23:11-debug: handle json group
2026-6-12 17:23:11-debug: handle single json
2026-6-12 17:23:11-debug: handle json group
2026-6-12 17:23:11-debug: handle single json
2026-6-12 17:23:11-debug: Json group(02c4348ca) compile success，json number: 6
2026-6-12 17:23:11-debug: handle single json
2026-6-12 17:23:11-debug: Json group(04f923b60) compile success，json number: 6
2026-6-12 17:23:11-debug: handle single json
2026-6-12 17:23:12-debug: Output asset in bundles success, progress: 24%
2026-6-12 17:23:12-debug: Output asset in bundles success, progress: 13%
2026-6-12 17:23:12-debug: Output asset in bundles start, progress: 24%
2026-6-12 17:23:12-debug: compress config of bundle resources...
2026-6-12 17:23:12-debug: compress config of bundle resources success
2026-6-12 17:23:12-debug: compress config of bundle main success
2026-6-12 17:23:12-debug: compress config of bundle main...
2026-6-12 17:23:12-debug: compress config of bundle home...
2026-6-12 17:23:12-debug: compress config of bundle home success
2026-6-12 17:23:12-debug: compress config of bundle internal...
2026-6-12 17:23:12-debug: compress config of bundle popups...
2026-6-12 17:23:12-debug: compress config of bundle game success
2026-6-12 17:23:12-debug: compress config of bundle popups success
2026-6-12 17:23:12-debug: output config of bundle internal
2026-6-12 17:23:12-debug: Output asset in bundles start, progress: 13%
2026-6-12 17:23:12-debug: output config of bundle internal success
2026-6-12 17:23:12-debug: output config of bundle resources
2026-6-12 17:23:12-debug: output config of bundle main
2026-6-12 17:23:12-debug: output config of bundle home
2026-6-12 17:23:12-debug: output config of bundle home success
2026-6-12 17:23:12-debug: output config of bundle game
2026-6-12 17:23:12-debug: output config of bundle game success
2026-6-12 17:23:12-debug: output config of bundle popups
2026-6-12 17:23:12-debug: output config of bundle popups success
2026-6-12 17:23:12-debug: output config of bundle main success
2026-6-12 17:23:12-debug: Output asset in bundles success, progress: 24%
2026-6-12 17:23:12-debug: Output asset in bundles success, progress: 13%
2026-6-12 17:23:12-debug: compress config of bundle game...
2026-6-12 17:23:12-debug: compress config of bundle internal success
2026-6-12 17:23:12-debug: output config of bundle resources success
2026-6-12 17:23:12-debug: // ---- build task Build Assets ---- (118ms)
2026-6-12 17:23:12-log: run build task Build Assets success in 118 ms√, progress: 29%
2026-6-12 17:23:12-debug: [Build Memory track]: Build Assets start:268.03MB, end 266.19MB, increase: -1892.38KB
2026-6-12 17:23:12-debug: bytedance-mini-game:(onAfterBundleBuildTask) start..., progress: 29%
2026-6-12 17:23:12-debug: bytedance-mini-game:(onAfterBundleBuildTask) start..., progress: 13%
2026-6-12 17:23:12-debug: // ---- build task bytedance-mini-game：onAfterBundleBuildTask ----
2026-6-12 17:23:12-debug: // ---- build task bytedance-mini-game：onAfterBundleBuildTask ---- (22ms)
2026-6-12 17:23:12-debug: bytedance-mini-game:(onAfterBundleBuildTask) in 22 ms ✓, progress: 20%
2026-6-12 17:23:12-debug: // ---- build task 整理部分构建选项内数据到 settings.json ----
2026-6-12 17:23:12-debug: bytedance-mini-game:(onAfterBundleBuildTask) in 22 ms ✓, progress: 29%
2026-6-12 17:23:12-debug: 整理部分构建选项内数据到 settings.json start, progress: 29%
2026-6-12 17:23:12-debug: // ---- build task 整理部分构建选项内数据到 settings.json ---- (18ms)
2026-6-12 17:23:12-log: run build task 整理部分构建选项内数据到 settings.json success in 18 ms√, progress: 31%
2026-6-12 17:23:12-debug: [Build Memory track]: 整理部分构建选项内数据到 settings.json start:266.41MB, end 266.51MB, increase: 99.64KB
2026-6-12 17:23:12-debug: 填充脚本数据到 settings.json start, progress: 31%
2026-6-12 17:23:12-debug: // ---- build task 填充脚本数据到 settings.json ----
2026-6-12 17:23:12-debug: // ---- build task 填充脚本数据到 settings.json ---- (15ms)
2026-6-12 17:23:12-debug: [Build Memory track]: 填充脚本数据到 settings.json start:266.54MB, end 266.63MB, increase: 98.58KB
2026-6-12 17:23:12-debug: 整理部分构建选项内数据到 settings.json start, progress: 32%
2026-6-12 17:23:12-debug: // ---- build task 整理部分构建选项内数据到 settings.json ----
2026-6-12 17:23:12-log: run build task 填充脚本数据到 settings.json success in 15 ms√, progress: 32%
2026-6-12 17:23:12-debug: // ---- build task 整理部分构建选项内数据到 settings.json ---- (19ms)
2026-6-12 17:23:12-log: run build task 整理部分构建选项内数据到 settings.json success in 19 ms√, progress: 34%
2026-6-12 17:23:12-debug: [Build Memory track]: 整理部分构建选项内数据到 settings.json start:266.66MB, end 266.87MB, increase: 216.02KB
2026-6-12 17:23:12-debug: bytedance-mini-game:(onBeforeCompressSettings) start..., progress: 34%
2026-6-12 17:23:12-debug: // ---- build task bytedance-mini-game：onBeforeCompressSettings ----
2026-6-12 17:23:12-debug: // ---- build task bytedance-mini-game：onBeforeCompressSettings ---- (15ms)
2026-6-12 17:23:12-debug: bytedance-mini-game:(onBeforeCompressSettings) in 15 ms ✓, progress: 36%
2026-6-12 17:23:12-debug: cocos-service:(onBeforeCompressSettings) start..., progress: 36%
2026-6-12 17:23:12-debug: // ---- build task cocos-service：onBeforeCompressSettings ----
2026-6-12 17:23:12-debug: cocos-service:(onBeforeCompressSettings) in 185 ms ✓, progress: 38%
2026-6-12 17:23:12-debug: // ---- build task cocos-service：onBeforeCompressSettings ---- (185ms)
2026-6-12 17:23:12-debug: 整理静态模板文件 start, progress: 38%
2026-6-12 17:23:12-debug: // ---- build task 整理静态模板文件 ----
2026-6-12 17:23:12-log: run build task 整理静态模板文件 success in 34 ms√, progress: 43%
2026-6-12 17:23:12-debug: // ---- build task 整理静态模板文件 ---- (34ms)
2026-6-12 17:23:12-debug: [Build Memory track]: 整理静态模板文件 start:267.18MB, end 264.75MB, increase: -2483.93KB
2026-6-12 17:23:12-debug: // ---- build task cocos-service：onAfterCompressSettings ----
2026-6-12 17:23:12-debug: cocos-service:(onAfterCompressSettings) start..., progress: 43%
2026-6-12 17:23:12-debug: // ---- build task cocos-service：onAfterCompressSettings ---- (95ms)
2026-6-12 17:23:12-debug: cocos-service:(onAfterCompressSettings) in 95 ms ✓, progress: 45%
2026-6-12 17:23:12-debug: bytedance-mini-game:(onBeforeCopyBuildTemplate) start..., progress: 45%
2026-6-12 17:23:12-debug: // ---- build task bytedance-mini-game：onBeforeCopyBuildTemplate ----
2026-6-12 17:23:12-debug: bytedance-mini-game:(onBeforeCopyBuildTemplate) in 20 ms ✓, progress: 46%
2026-6-12 17:23:12-debug: // ---- build task bytedance-mini-game：onBeforeCopyBuildTemplate ---- (20ms)
2026-6-12 17:23:12-debug: bytedance-mini-game:(onAfterCopyBuildTemplate) start..., progress: 46%
2026-6-12 17:23:12-debug: // ---- build task bytedance-mini-game：onAfterCopyBuildTemplate ----
2026-6-12 17:23:12-debug: // ---- build task bytedance-mini-game：onAfterCopyBuildTemplate ---- (14ms)
2026-6-12 17:23:12-debug: bytedance-mini-game:(onAfterCopyBuildTemplate) in 14 ms ✓, progress: 48%
2026-6-12 17:23:12-debug: 给所有的资源加上 MD5 后缀 start, progress: 48%
2026-6-12 17:23:12-debug: // ---- build task 给所有的资源加上 MD5 后缀 ----
2026-6-12 17:23:12-debug: // ---- build task 给所有的资源加上 MD5 后缀 ---- (15ms)
2026-6-12 17:23:12-debug: [Build Memory track]: 给所有的资源加上 MD5 后缀 start:265.39MB, end 265.48MB, increase: 97.07KB
2026-6-12 17:23:12-debug: bytedance-mini-game:(onAfterBuild) start..., progress: 58%
2026-6-12 17:23:12-log: run build task 给所有的资源加上 MD5 后缀 success in 15 ms√, progress: 58%
2026-6-12 17:23:12-debug: // ---- build task bytedance-mini-game：onAfterBuild ----
2026-6-12 17:23:12-debug: // ---- build task bytedance-mini-game：onAfterBuild ---- (17ms)
2026-6-12 17:23:12-debug: bytedance-mini-game:(onAfterBuild) in 17 ms ✓, progress: 60%
2026-6-12 17:23:12-debug: cocos-service:(onAfterBuild) start..., progress: 60%
2026-6-12 17:23:12-debug: // ---- build task cocos-service：onAfterBuild ----
2026-6-12 17:23:12-debug: // ---- build task cocos-service：onAfterBuild ---- (70ms)
2026-6-12 17:23:12-debug: cocos-service:(onAfterBuild) in 70 ms ✓, progress: 62%
2026-6-12 17:23:12-debug: adsense-h5g-plugin:(onAfterBuild) start..., progress: 62%
2026-6-12 17:23:12-debug: // ---- build task adsense-h5g-plugin：onAfterBuild ----
2026-6-12 17:23:12-debug: // ---- build task adsense-h5g-plugin：onAfterBuild ---- (17ms)
2026-6-12 17:23:12-debug: adsense-h5g-plugin:(onAfterBuild) in 17 ms ✓, progress: 64%
2026-6-12 17:23:12-debug: wechat-subpackage-builder:(onAfterBuild) start..., progress: 64%
2026-6-12 17:23:12-debug: // ---- build task wechat-subpackage-builder：onAfterBuild ----
2026-6-12 17:23:12-log: [wechat-subpackage-builder] bytedance-mini-game subpackages generated: resources, home, game
2026-6-12 17:23:12-debug: // ---- build task wechat-subpackage-builder：onAfterBuild ---- (22ms)
2026-6-12 17:23:12-debug: wechat-subpackage-builder:(onAfterBuild) in 22 ms ✓, progress: 65%
2026-6-12 17:23:12-log: Asset DB is resume!
2026-6-12 17:23:12-debug: builder:build-project-total (7306ms)
2026-6-12 17:23:12-debug: build task(bytedance-mini-game) in 7306!
2026-6-12 17:23:12-debug: [Build Memory track]: builder:build-project-total start:228.76MB, end 270.58MB, increase: 41.82MB
2026-6-12 17:23:12-debug: ================================ build Task (bytedance-mini-game) Finished in (7 s)ms ================================
2026-6-12 17:23:12-debug: Stop record console. {file(/Users/zxd/workspace/person/animal-chess-game/temp/builder/log/bytedance-mini-game6-11-2026 19-20.log)}
2026-6-12 17:23:38-debug: refresh db internal success
2026-6-12 17:23:38-debug: refresh db assets success
2026-6-12 17:23:38-debug: Run asset db hook engine-extends:afterRefresh ...
2026-6-12 17:23:38-debug: Run asset db hook engine-extends:afterRefresh success!
2026-6-12 17:23:38-debug: asset-db:refresh-all-database (51ms)
2026-6-12 17:23:38-debug: asset-db:worker-effect-data-processing (1ms)
2026-6-12 17:23:38-debug: asset-db-hook-engine-extends-afterRefresh (1ms)
2026-6-12 17:34:25-debug: refresh db internal success
2026-6-12 17:34:25-debug: refresh db assets success
2026-6-12 17:34:25-debug: Run asset db hook engine-extends:afterRefresh ...
2026-6-12 17:34:25-debug: Run asset db hook engine-extends:afterRefresh success!
2026-6-12 17:34:25-debug: asset-db:refresh-all-database (61ms)
2026-6-12 17:34:25-debug: asset-db:worker-effect-data-processing (1ms)
2026-6-12 17:34:25-debug: asset-db-hook-engine-extends-afterRefresh (3ms)
2026-6-12 17:43:11-debug: Error: Exit process with code:null, signal:SIGTERM in task build-engine
    at ChildProcess.<anonymous> (/Applications/Cocos/Creator/3.8.8/CocosCreator.app/Contents/Resources/app.asar/builtin/builder/dist/worker/worker-pools/sub-process-manager.ccc:1:2409)
    at ChildProcess.emit (node:events:519:28)
    at Process.ChildProcess._handle.onexit (node:internal/child_process:294:12)

