2026-6-9 20:33:56-log: Cannot access game frame or container.
2026-6-9 20:33:58-debug: asset-db:require-engine-code (1534ms)
2026-6-9 20:33:58-log: [box2d]:box2d wasm lib loaded.
2026-6-9 20:33:58-log: meshopt wasm decoder initialized
2026-6-9 20:33:58-log: [bullet]:bullet wasm lib loaded.
2026-6-9 20:33:58-log: Cocos Creator v3.8.8
2026-6-9 20:33:58-log: Using legacy pipeline
2026-6-9 20:33:58-log: Forward render pipeline initialized.
2026-6-9 20:33:58-debug: [Assets Memory track]: asset-db:worker-init: initEngine start:30.61MB, end 117.00MB, increase: 86.39MB
2026-6-9 20:34:00-debug: [Assets Memory track]: asset-db:worker-init: initPlugin start:78.66MB, end 198.81MB, increase: 120.15MB
2026-6-9 20:34:00-debug: asset-db:worker-init: initPlugin (2451ms)
2026-6-9 20:34:00-debug: [Assets Memory track]: asset-db:worker-init start:30.60MB, end 198.93MB, increase: 168.33MB
2026-6-9 20:34:00-debug: Run asset db hook programming:beforePreStart ...
2026-6-9 20:34:00-debug: Run asset db hook programming:beforePreStart success!
2026-6-9 20:34:00-debug: Run asset db hook engine-extends:beforePreStart ...
2026-6-9 20:34:00-debug: Run asset db hook engine-extends:beforePreStart success!
2026-6-9 20:34:00-debug: asset-db:worker-init (4121ms)
2026-6-9 20:34:00-debug: asset-db-hook-programming-beforePreStart (63ms)
2026-6-9 20:34:00-debug: asset-db-hook-engine-extends-beforePreStart (63ms)
2026-6-9 20:34:00-debug: Preimport db internal success
2026-6-9 20:34:00-debug: Preimport db assets success
2026-6-9 20:34:00-debug: Run asset db hook programming:afterPreStart ...
2026-6-9 20:34:00-debug: starting packer-driver...
2026-6-9 20:34:00-debug: initialize scripting environment...
2026-6-9 20:34:00-debug: [[Executor]] prepare before lock
2026-6-9 20:34:00-debug: Set detail map pack:///resolution-detail-map.json: {}
2026-6-9 20:34:00-debug: [[Executor]] prepare after unlock
2026-6-9 20:34:00-debug: Start up the 'internal' database...
2026-6-9 20:34:00-debug: Run asset db hook programming:afterPreStart success!
2026-6-9 20:34:00-debug: Run asset db hook engine-extends:afterPreStart ...
2026-6-9 20:34:00-debug: Run asset db hook engine-extends:afterPreStart success!
2026-6-9 20:34:01-debug: asset-db-hook-programming-afterPreStart (362ms)
2026-6-9 20:34:01-debug: asset-db:worker-effect-data-processing (202ms)
2026-6-9 20:34:01-debug: asset-db-hook-engine-extends-afterPreStart (203ms)
2026-6-9 20:34:01-debug: Run asset db hook engine-extends:afterStartDB ...
2026-6-9 20:34:01-debug: recompile effect.bin success
2026-6-9 20:34:01-debug: Run asset db hook engine-extends:afterStartDB success!
2026-6-9 20:34:01-debug: Start up the 'assets' database...
2026-6-9 20:34:01-debug: asset-db:worker-effect-data-processing (301ms)
2026-6-9 20:34:01-debug: asset-db-hook-engine-extends-afterStartDB (302ms)
2026-6-9 20:34:01-debug: Run asset db hook engine-extends:afterStartDB ...
2026-6-9 20:34:01-debug: recompile effect.bin success
2026-6-9 20:34:01-debug: Run asset db hook engine-extends:afterStartDB success!
2026-6-9 20:34:01-debug: [Assets Memory track]: asset-db:worker-init: startup start:199.93MB, end 221.74MB, increase: 21.81MB
2026-6-9 20:34:01-debug: lazy register asset handler *
2026-6-9 20:34:01-debug: lazy register asset handler directory
2026-6-9 20:34:01-debug: lazy register asset handler text
2026-6-9 20:34:01-debug: lazy register asset handler json
2026-6-9 20:34:01-debug: lazy register asset handler spine-data
2026-6-9 20:34:01-debug: lazy register asset handler dragonbones
2026-6-9 20:34:01-debug: lazy register asset handler dragonbones-atlas
2026-6-9 20:34:01-debug: lazy register asset handler terrain
2026-6-9 20:34:01-debug: lazy register asset handler typescript
2026-6-9 20:34:01-debug: lazy register asset handler scene
2026-6-9 20:34:01-debug: lazy register asset handler prefab
2026-6-9 20:34:01-debug: lazy register asset handler javascript
2026-6-9 20:34:01-debug: lazy register asset handler sprite-frame
2026-6-9 20:34:01-debug: lazy register asset handler buffer
2026-6-9 20:34:01-debug: lazy register asset handler image
2026-6-9 20:34:01-debug: lazy register asset handler sign-image
2026-6-9 20:34:01-debug: lazy register asset handler alpha-image
2026-6-9 20:34:01-debug: lazy register asset handler tiled-map
2026-6-9 20:34:01-debug: lazy register asset handler texture
2026-6-9 20:34:01-debug: lazy register asset handler texture-cube
2026-6-9 20:34:01-debug: lazy register asset handler erp-texture-cube
2026-6-9 20:34:01-debug: lazy register asset handler render-texture
2026-6-9 20:34:01-debug: lazy register asset handler texture-cube-face
2026-6-9 20:34:01-debug: lazy register asset handler rt-sprite-frame
2026-6-9 20:34:01-debug: lazy register asset handler gltf-mesh
2026-6-9 20:34:01-debug: lazy register asset handler gltf-animation
2026-6-9 20:34:01-debug: lazy register asset handler gltf-skeleton
2026-6-9 20:34:01-debug: lazy register asset handler gltf-material
2026-6-9 20:34:01-debug: lazy register asset handler gltf-embeded-image
2026-6-9 20:34:01-debug: lazy register asset handler fbx
2026-6-9 20:34:01-debug: lazy register asset handler material
2026-6-9 20:34:01-debug: lazy register asset handler physics-material
2026-6-9 20:34:01-debug: lazy register asset handler effect
2026-6-9 20:34:01-debug: lazy register asset handler effect-header
2026-6-9 20:34:01-debug: lazy register asset handler audio-clip
2026-6-9 20:34:01-debug: lazy register asset handler animation-clip
2026-6-9 20:34:01-debug: lazy register asset handler animation-graph
2026-6-9 20:34:01-debug: lazy register asset handler animation-graph-variant
2026-6-9 20:34:01-debug: lazy register asset handler animation-mask
2026-6-9 20:34:01-debug: lazy register asset handler ttf-font
2026-6-9 20:34:01-debug: lazy register asset handler bitmap-font
2026-6-9 20:34:01-debug: lazy register asset handler particle
2026-6-9 20:34:01-debug: lazy register asset handler sprite-atlas
2026-6-9 20:34:01-debug: lazy register asset handler auto-atlas
2026-6-9 20:34:01-debug: lazy register asset handler label-atlas
2026-6-9 20:34:01-debug: lazy register asset handler render-pipeline
2026-6-9 20:34:01-debug: lazy register asset handler render-flow
2026-6-9 20:34:01-debug: lazy register asset handler instantiation-material
2026-6-9 20:34:01-debug: lazy register asset handler instantiation-mesh
2026-6-9 20:34:01-debug: lazy register asset handler instantiation-skeleton
2026-6-9 20:34:01-debug: lazy register asset handler instantiation-animation
2026-6-9 20:34:01-debug: lazy register asset handler video-clip
2026-6-9 20:34:01-debug: lazy register asset handler gltf
2026-6-9 20:34:01-debug: lazy register asset handler gltf-scene
2026-6-9 20:34:01-debug: lazy register asset handler render-stage
2026-6-9 20:34:02-debug: asset-db-hook-engine-extends-afterStartDB (928ms)
2026-6-9 20:34:02-debug: asset-db:start-database (1749ms)
2026-6-9 20:34:02-debug: asset-db:worker-effect-data-processing (928ms)
2026-6-9 20:34:02-debug: asset-db:ready (8187ms)
2026-6-9 20:34:02-debug: init worker message success
2026-6-9 20:34:02-debug: programming:execute-script (1ms)
2026-6-9 20:34:02-debug: [Build Memory track]: builder:worker-init start:225.74MB, end 235.03MB, increase: 9.29MB
2026-6-9 20:34:02-debug: builder:worker-init (342ms)
2026-6-9 20:34:02-debug: Query all assets info in project
2026-6-9 20:34:02-debug: init custom config: keepNodeUuid: false, useCache: true
2026-6-9 20:34:02-debug: Skip compress image, progress: 0%
2026-6-9 20:34:02-debug: Init all bundles start..., progress: 0%
2026-6-9 20:34:02-debug: 查询 Asset Bundle start, progress: 0%
2026-6-9 20:34:02-debug: Init bundle root assets start..., progress: 0%
2026-6-9 20:34:02-debug: Num of bundles: 3..., progress: 0%
2026-6-9 20:34:02-debug: // ---- build task 查询 Asset Bundle ----
2026-6-9 20:34:02-debug: Query preload assets/scripts from cc.config.json: 60f7195c-ec2a-45eb-ba94-8955f60e81d0,1c02ae6f-4492-4915-b8f8-7492a3b1e4cd,810e96e4-e456-4468-9b59-f4e8f39732c0,efe8e2a3-eace-427b-b4f1-cb8a937ec77d,e9aa9a3e-5b2b-4ac7-a2c7-073de2b2b24f,8bbdbcdd-5cd4-4100-b6d5-b7c9625b6107,50f4348b-c883-4e2f-8f11-ce233b859fa1,fda095cb-831d-4601-ad94-846013963de8,f92806d7-1768-443f-afe8-12bcde84d0f0,dd3a144d-ab7f-41f0-82b8-2e43a090d496,f0416e68-0200-4b77-a926-4f9d16e494da,970b0598-bcb0-4714-91fb-2e81440dccd8,bcd64cc6-2dd9-43f6-abbe-66318d332032,d930590d-bb92-4cc8-8bd1-23cd027f9edf,a3cd009f-0ab0-420d-9278-b9fdab939bbc,6a2d0734-bd9e-4ddf-946e-caa52498cb75,c27215d8-6835-4b68-bfbb-bdeac6100c04,b5d6115f-0370-4d7c-aad3-c194cc71cf98,871c3b6c-7379-419d-bda3-794b239ab90d,ff9b0199-ce04-4cfe-86cc-6c719f08d6e4,de1c2107-70c8-4021-8459-6399f24d01c6,cbf30902-517f-40dc-af90-a550bac27cf1,5c601d96-e4c7-4698-991b-7ee674b11079
2026-6-9 20:34:03-debug: Init bundle root assets success..., progress: 0%
2026-6-9 20:34:03-debug: // ---- build task 查询 Asset Bundle ---- (61ms)
2026-6-9 20:34:03-log: run build task 查询 Asset Bundle success in 61 ms√, progress: 5%
2026-6-9 20:34:03-debug: [Build Memory track]: 查询 Asset Bundle start:233.23MB, end 233.86MB, increase: 643.10KB
2026-6-9 20:34:03-debug: 查询 Asset Bundle start, progress: 5%
2026-6-9 20:34:03-debug: // ---- build task 查询 Asset Bundle ----
2026-6-9 20:34:03-debug:   Number of all scenes: 1
2026-6-9 20:34:03-debug:   Number of all scripts: 24
2026-6-9 20:34:03-debug:   Number of other assets: 360
2026-6-9 20:34:03-debug: [Build Memory track]: 查询 Asset Bundle start:233.89MB, end 234.03MB, increase: 136.37KB
2026-6-9 20:34:03-log: run build task 查询 Asset Bundle success in 22 ms√, progress: 10%
2026-6-9 20:34:03-debug: 整理部分构建选项内数据到 settings.json start, progress: 10%
2026-6-9 20:34:03-debug: // ---- build task 整理部分构建选项内数据到 settings.json ----
2026-6-9 20:34:03-debug: // ---- build task 查询 Asset Bundle ---- (22ms)
2026-6-9 20:34:03-debug: // ---- build task 整理部分构建选项内数据到 settings.json ---- (7ms)
2026-6-9 20:34:03-log: run build task 整理部分构建选项内数据到 settings.json success in 7 ms√, progress: 12%
2026-6-9 20:34:03-debug: [Build Memory track]: 整理部分构建选项内数据到 settings.json start:234.07MB, end 234.12MB, increase: 60.04KB
2026-6-9 20:34:03-debug: 填充脚本数据到 settings.json start, progress: 12%
2026-6-9 20:34:03-debug: // ---- build task 填充脚本数据到 settings.json ---- (13ms)
2026-6-9 20:34:03-log: run build task 填充脚本数据到 settings.json success in 13 ms√, progress: 13%
2026-6-9 20:34:03-debug: [Build Memory track]: 填充脚本数据到 settings.json start:234.16MB, end 234.19MB, increase: 31.11KB
2026-6-9 20:34:03-debug: 整理部分构建选项内数据到 settings.json start, progress: 13%
2026-6-9 20:34:03-debug: // ---- build task 整理部分构建选项内数据到 settings.json ----
2026-6-9 20:34:03-debug: // ---- build task 填充脚本数据到 settings.json ----
2026-6-9 20:34:03-debug: // ---- build task 整理部分构建选项内数据到 settings.json ---- (27ms)
2026-6-9 20:34:03-log: run build task 整理部分构建选项内数据到 settings.json success in 27 ms√, progress: 15%
2026-6-9 20:34:03-debug: [Build Memory track]: 整理部分构建选项内数据到 settings.json start:234.23MB, end 234.38MB, increase: 146.83KB
2026-6-9 20:34:03-debug: Query all assets info in project
2026-6-9 20:34:03-debug: init custom config: keepNodeUuid: false, useCache: true
2026-6-9 20:34:03-debug: Skip compress image, progress: 0%
2026-6-9 20:34:03-debug: Init all bundles start..., progress: 0%
2026-6-9 20:34:03-debug: 查询 Asset Bundle start, progress: 0%
2026-6-9 20:34:03-debug: // ---- build task 查询 Asset Bundle ----
2026-6-9 20:34:03-debug: Init bundle root assets start..., progress: 0%
2026-6-9 20:34:03-debug: Num of bundles: 3..., progress: 0%
2026-6-9 20:34:03-debug:   Number of all scenes: 1
2026-6-9 20:34:03-debug:   Number of all scripts: 24
2026-6-9 20:34:03-debug:   Number of other assets: 360
2026-6-9 20:34:03-debug: Init bundle root assets success..., progress: 0%
2026-6-9 20:34:03-debug: Query preload assets/scripts from cc.config.json: 60f7195c-ec2a-45eb-ba94-8955f60e81d0,1c02ae6f-4492-4915-b8f8-7492a3b1e4cd,810e96e4-e456-4468-9b59-f4e8f39732c0,efe8e2a3-eace-427b-b4f1-cb8a937ec77d,e9aa9a3e-5b2b-4ac7-a2c7-073de2b2b24f,8bbdbcdd-5cd4-4100-b6d5-b7c9625b6107,50f4348b-c883-4e2f-8f11-ce233b859fa1,fda095cb-831d-4601-ad94-846013963de8,f92806d7-1768-443f-afe8-12bcde84d0f0,dd3a144d-ab7f-41f0-82b8-2e43a090d496,f0416e68-0200-4b77-a926-4f9d16e494da,970b0598-bcb0-4714-91fb-2e81440dccd8,bcd64cc6-2dd9-43f6-abbe-66318d332032,d930590d-bb92-4cc8-8bd1-23cd027f9edf,a3cd009f-0ab0-420d-9278-b9fdab939bbc,6a2d0734-bd9e-4ddf-946e-caa52498cb75,c27215d8-6835-4b68-bfbb-bdeac6100c04,b5d6115f-0370-4d7c-aad3-c194cc71cf98,871c3b6c-7379-419d-bda3-794b239ab90d,ff9b0199-ce04-4cfe-86cc-6c719f08d6e4,de1c2107-70c8-4021-8459-6399f24d01c6,cbf30902-517f-40dc-af90-a550bac27cf1,5c601d96-e4c7-4698-991b-7ee674b11079
2026-6-9 20:34:03-debug: // ---- build task 查询 Asset Bundle ---- (33ms)
2026-6-9 20:34:03-debug: [Build Memory track]: 查询 Asset Bundle start:234.84MB, end 235.78MB, increase: 960.07KB
2026-6-9 20:34:03-debug: 查询 Asset Bundle start, progress: 5%
2026-6-9 20:34:03-debug: // ---- build task 查询 Asset Bundle ----
2026-6-9 20:34:03-log: run build task 查询 Asset Bundle success in 33 ms√, progress: 5%
2026-6-9 20:34:03-debug: // ---- build task 查询 Asset Bundle ---- (10ms)
2026-6-9 20:34:03-log: run build task 查询 Asset Bundle success in 10 ms√, progress: 10%
2026-6-9 20:34:03-debug: [Build Memory track]: 查询 Asset Bundle start:235.81MB, end 235.95MB, increase: 139.28KB
2026-6-9 20:34:03-debug: 整理部分构建选项内数据到 settings.json start, progress: 10%
2026-6-9 20:34:03-debug: // ---- build task 整理部分构建选项内数据到 settings.json ----
2026-6-9 20:34:03-debug: // ---- build task 整理部分构建选项内数据到 settings.json ---- (2ms)
2026-6-9 20:34:03-log: run build task 整理部分构建选项内数据到 settings.json success in 2 ms√, progress: 12%
2026-6-9 20:34:03-debug: [Build Memory track]: 整理部分构建选项内数据到 settings.json start:235.99MB, end 236.03MB, increase: 34.95KB
2026-6-9 20:34:03-debug: 填充脚本数据到 settings.json start, progress: 12%
2026-6-9 20:34:03-debug: // ---- build task 填充脚本数据到 settings.json ----
2026-6-9 20:34:03-debug: // ---- build task 填充脚本数据到 settings.json ---- (3ms)
2026-6-9 20:34:03-debug: [Build Memory track]: 填充脚本数据到 settings.json start:236.07MB, end 236.10MB, increase: 39.20KB
2026-6-9 20:34:03-debug: 整理部分构建选项内数据到 settings.json start, progress: 13%
2026-6-9 20:34:03-debug: // ---- build task 整理部分构建选项内数据到 settings.json ----
2026-6-9 20:34:03-log: run build task 填充脚本数据到 settings.json success in 3 ms√, progress: 13%
2026-6-9 20:34:03-debug: // ---- build task 整理部分构建选项内数据到 settings.json ---- (14ms)
2026-6-9 20:34:03-log: run build task 整理部分构建选项内数据到 settings.json success in 14 ms√, progress: 15%
2026-6-9 20:34:03-debug: [Build Memory track]: 整理部分构建选项内数据到 settings.json start:236.15MB, end 236.30MB, increase: 152.24KB
2026-6-9 20:34:03-debug: Query all assets info in project
2026-6-9 20:34:04-debug: init custom config: keepNodeUuid: false, useCache: true
2026-6-9 20:34:04-debug: Skip compress image, progress: 0%
2026-6-9 20:34:04-debug: Init all bundles start..., progress: 0%
2026-6-9 20:34:04-debug: // ---- build task 查询 Asset Bundle ----
2026-6-9 20:34:04-debug: Init bundle root assets start..., progress: 0%
2026-6-9 20:34:04-debug: Num of bundles: 3..., progress: 0%
2026-6-9 20:34:04-debug: 查询 Asset Bundle start, progress: 0%
2026-6-9 20:34:04-debug: Query preload assets/scripts from cc.config.json: 60f7195c-ec2a-45eb-ba94-8955f60e81d0,1c02ae6f-4492-4915-b8f8-7492a3b1e4cd,810e96e4-e456-4468-9b59-f4e8f39732c0,efe8e2a3-eace-427b-b4f1-cb8a937ec77d,e9aa9a3e-5b2b-4ac7-a2c7-073de2b2b24f,8bbdbcdd-5cd4-4100-b6d5-b7c9625b6107,50f4348b-c883-4e2f-8f11-ce233b859fa1,fda095cb-831d-4601-ad94-846013963de8,f92806d7-1768-443f-afe8-12bcde84d0f0,dd3a144d-ab7f-41f0-82b8-2e43a090d496,f0416e68-0200-4b77-a926-4f9d16e494da,970b0598-bcb0-4714-91fb-2e81440dccd8,bcd64cc6-2dd9-43f6-abbe-66318d332032,d930590d-bb92-4cc8-8bd1-23cd027f9edf,a3cd009f-0ab0-420d-9278-b9fdab939bbc,6a2d0734-bd9e-4ddf-946e-caa52498cb75,c27215d8-6835-4b68-bfbb-bdeac6100c04,b5d6115f-0370-4d7c-aad3-c194cc71cf98,871c3b6c-7379-419d-bda3-794b239ab90d,ff9b0199-ce04-4cfe-86cc-6c719f08d6e4,de1c2107-70c8-4021-8459-6399f24d01c6,cbf30902-517f-40dc-af90-a550bac27cf1,5c601d96-e4c7-4698-991b-7ee674b11079
2026-6-9 20:34:04-debug:   Number of all scenes: 1
2026-6-9 20:34:04-debug:   Number of all scripts: 24
2026-6-9 20:34:04-debug:   Number of other assets: 360
2026-6-9 20:34:04-debug: // ---- build task 查询 Asset Bundle ---- (10ms)
2026-6-9 20:34:04-log: run build task 查询 Asset Bundle success in 10 ms√, progress: 5%
2026-6-9 20:34:04-debug: [Build Memory track]: 查询 Asset Bundle start:237.52MB, end 238.20MB, increase: 703.32KB
2026-6-9 20:34:04-debug: 查询 Asset Bundle start, progress: 5%
2026-6-9 20:34:04-debug: // ---- build task 查询 Asset Bundle ----
2026-6-9 20:34:04-debug: Init bundle root assets success..., progress: 0%
2026-6-9 20:34:04-debug: // ---- build task 查询 Asset Bundle ---- (44ms)
2026-6-9 20:34:04-log: run build task 查询 Asset Bundle success in 44 ms√, progress: 10%
2026-6-9 20:34:04-debug: [Build Memory track]: 查询 Asset Bundle start:238.24MB, end 232.69MB, increase: -5686.66KB
2026-6-9 20:34:04-debug: 整理部分构建选项内数据到 settings.json start, progress: 10%
2026-6-9 20:34:04-debug: // ---- build task 整理部分构建选项内数据到 settings.json ----
2026-6-9 20:34:04-log: run build task 整理部分构建选项内数据到 settings.json success in 1 ms√, progress: 12%
2026-6-9 20:34:04-debug: [Build Memory track]: 整理部分构建选项内数据到 settings.json start:232.73MB, end 232.75MB, increase: 28.49KB
2026-6-9 20:34:04-debug: // ---- build task 填充脚本数据到 settings.json ---- (4ms)
2026-6-9 20:34:04-debug: [Build Memory track]: 填充脚本数据到 settings.json start:232.79MB, end 232.82MB, increase: 29.00KB
2026-6-9 20:34:04-debug: 整理部分构建选项内数据到 settings.json start, progress: 13%
2026-6-9 20:34:04-debug: // ---- build task 整理部分构建选项内数据到 settings.json ----
2026-6-9 20:34:04-log: run build task 填充脚本数据到 settings.json success in 4 ms√, progress: 13%
2026-6-9 20:34:04-debug: 填充脚本数据到 settings.json start, progress: 12%
2026-6-9 20:34:04-debug: // ---- build task 填充脚本数据到 settings.json ----
2026-6-9 20:34:04-debug: // ---- build task 整理部分构建选项内数据到 settings.json ---- (1ms)
2026-6-9 20:34:04-debug: // ---- build task 整理部分构建选项内数据到 settings.json ---- (19ms)
2026-6-9 20:34:04-log: run build task 整理部分构建选项内数据到 settings.json success in 19 ms√, progress: 15%
2026-6-9 20:34:04-debug: [Build Memory track]: 整理部分构建选项内数据到 settings.json start:232.86MB, end 232.99MB, increase: 135.54KB
2026-6-9 20:34:04-debug: Query all assets info in project
2026-6-9 20:34:04-debug: init custom config: keepNodeUuid: false, useCache: true
2026-6-9 20:34:04-debug: Skip compress image, progress: 0%
2026-6-9 20:34:04-debug: Init all bundles start..., progress: 0%
2026-6-9 20:34:04-debug: Num of bundles: 3..., progress: 0%
2026-6-9 20:34:04-debug: 查询 Asset Bundle start, progress: 0%
2026-6-9 20:34:04-debug: // ---- build task 查询 Asset Bundle ----
2026-6-9 20:34:04-debug: Init bundle root assets start..., progress: 0%
2026-6-9 20:34:04-debug:   Number of all scripts: 24
2026-6-9 20:34:04-debug:   Number of other assets: 360
2026-6-9 20:34:04-debug: Init bundle root assets success..., progress: 0%
2026-6-9 20:34:04-debug: // ---- build task 查询 Asset Bundle ---- (30ms)
2026-6-9 20:34:04-log: run build task 查询 Asset Bundle success in 30 ms√, progress: 5%
2026-6-9 20:34:04-debug: [Build Memory track]: 查询 Asset Bundle start:233.45MB, end 234.34MB, increase: 910.41KB
2026-6-9 20:34:04-debug: 查询 Asset Bundle start, progress: 5%
2026-6-9 20:34:04-debug:   Number of all scenes: 1
2026-6-9 20:34:04-debug: // ---- build task 查询 Asset Bundle ----
2026-6-9 20:34:04-debug: Query preload assets/scripts from cc.config.json: 60f7195c-ec2a-45eb-ba94-8955f60e81d0,1c02ae6f-4492-4915-b8f8-7492a3b1e4cd,810e96e4-e456-4468-9b59-f4e8f39732c0,efe8e2a3-eace-427b-b4f1-cb8a937ec77d,e9aa9a3e-5b2b-4ac7-a2c7-073de2b2b24f,8bbdbcdd-5cd4-4100-b6d5-b7c9625b6107,50f4348b-c883-4e2f-8f11-ce233b859fa1,fda095cb-831d-4601-ad94-846013963de8,f92806d7-1768-443f-afe8-12bcde84d0f0,dd3a144d-ab7f-41f0-82b8-2e43a090d496,f0416e68-0200-4b77-a926-4f9d16e494da,970b0598-bcb0-4714-91fb-2e81440dccd8,bcd64cc6-2dd9-43f6-abbe-66318d332032,d930590d-bb92-4cc8-8bd1-23cd027f9edf,a3cd009f-0ab0-420d-9278-b9fdab939bbc,6a2d0734-bd9e-4ddf-946e-caa52498cb75,c27215d8-6835-4b68-bfbb-bdeac6100c04,b5d6115f-0370-4d7c-aad3-c194cc71cf98,871c3b6c-7379-419d-bda3-794b239ab90d,ff9b0199-ce04-4cfe-86cc-6c719f08d6e4,de1c2107-70c8-4021-8459-6399f24d01c6,cbf30902-517f-40dc-af90-a550bac27cf1,5c601d96-e4c7-4698-991b-7ee674b11079
2026-6-9 20:34:04-log: run build task 查询 Asset Bundle success in 65 ms√, progress: 10%
2026-6-9 20:34:04-debug: [Build Memory track]: 查询 Asset Bundle start:234.38MB, end 234.53MB, increase: 157.96KB
2026-6-9 20:34:04-debug: // ---- build task 整理部分构建选项内数据到 settings.json ----
2026-6-9 20:34:04-debug: // ---- build task 整理部分构建选项内数据到 settings.json ---- (2ms)
2026-6-9 20:34:04-log: run build task 整理部分构建选项内数据到 settings.json success in 2 ms√, progress: 12%
2026-6-9 20:34:04-debug: [Build Memory track]: 整理部分构建选项内数据到 settings.json start:234.57MB, end 234.61MB, increase: 36.76KB
2026-6-9 20:34:04-debug: 填充脚本数据到 settings.json start, progress: 12%
2026-6-9 20:34:04-debug: // ---- build task 填充脚本数据到 settings.json ----
2026-6-9 20:34:04-debug: 整理部分构建选项内数据到 settings.json start, progress: 10%
2026-6-9 20:34:04-debug: // ---- build task 查询 Asset Bundle ---- (65ms)
2026-6-9 20:34:04-debug: // ---- build task 填充脚本数据到 settings.json ---- (3ms)
2026-6-9 20:34:04-debug: [Build Memory track]: 填充脚本数据到 settings.json start:234.65MB, end 234.68MB, increase: 30.23KB
2026-6-9 20:34:04-debug: 整理部分构建选项内数据到 settings.json start, progress: 13%
2026-6-9 20:34:04-debug: // ---- build task 整理部分构建选项内数据到 settings.json ----
2026-6-9 20:34:04-log: run build task 填充脚本数据到 settings.json success in 3 ms√, progress: 13%
2026-6-9 20:34:04-log: run build task 整理部分构建选项内数据到 settings.json success in 23 ms√, progress: 15%
2026-6-9 20:34:04-debug: [Build Memory track]: 整理部分构建选项内数据到 settings.json start:234.71MB, end 234.86MB, increase: 151.41KB
2026-6-9 20:34:04-debug: // ---- build task 整理部分构建选项内数据到 settings.json ---- (23ms)
