2026-6-11 18:09:02-log: Cannot access game frame or container.
2026-6-11 18:09:02-debug: asset-db:require-engine-code (729ms)
2026-6-11 18:09:02-log: meshopt wasm decoder initialized
2026-6-11 18:09:02-log: [box2d]:box2d wasm lib loaded.
2026-6-11 18:09:02-log: [bullet]:bullet wasm lib loaded.
2026-6-11 18:09:02-log: Cocos Creator v3.8.8
2026-6-11 18:09:02-log: Using legacy pipeline
2026-6-11 18:09:02-log: Forward render pipeline initialized.
2026-6-11 18:09:02-debug: [Assets Memory track]: asset-db:worker-init: initEngine start:30.59MB, end 79.10MB, increase: 48.51MB
2026-6-11 18:09:05-debug: [Assets Memory track]: asset-db:worker-init: initPlugin start:79.15MB, end 342.44MB, increase: 263.30MB
2026-6-11 18:09:05-debug: run package(windows) handler(enable) start
2026-6-11 18:09:05-debug: run package(xiaomi-quick-game) handler(enable) success!
2026-6-11 18:09:05-debug: run package(cocos-service) handler(enable) success!
2026-6-11 18:09:05-debug: run package(cocos-service) handler(enable) start
2026-6-11 18:09:05-debug: run package(im-plugin) handler(enable) success!
2026-6-11 18:09:05-debug: run package(placeholder) handler(enable) start
2026-6-11 18:09:05-debug: run package(placeholder) handler(enable) success!
2026-6-11 18:09:05-debug: run package(im-plugin) handler(enable) start
2026-6-11 18:09:05-debug: run package(windows) handler(enable) success!
2026-6-11 18:09:05-debug: run package(xiaomi-quick-game) handler(enable) start
2026-6-11 18:09:05-debug: asset-db:worker-init: initPlugin (2398ms)
2026-6-11 18:09:05-debug: [Assets Memory track]: asset-db:worker-init start:30.58MB, end 341.07MB, increase: 310.49MB
2026-6-11 18:09:05-debug: Run asset db hook engine-extends:beforePreStart success!
2026-6-11 18:09:05-debug: Run asset db hook programming:beforePreStart success!
2026-6-11 18:09:05-debug: Run asset db hook engine-extends:beforePreStart ...
2026-6-11 18:09:05-debug: Run asset db hook programming:beforePreStart ...
2026-6-11 18:09:05-debug: asset-db:worker-init (3267ms)
2026-6-11 18:09:05-debug: asset-db-hook-programming-beforePreStart (60ms)
2026-6-11 18:09:05-debug: asset-db-hook-engine-extends-beforePreStart (60ms)
2026-6-11 18:09:05-debug: Preimport db internal success
2026-6-11 18:09:05-debug: Preimport db assets success
2026-6-11 18:09:05-debug: Run asset db hook programming:afterPreStart ...
2026-6-11 18:09:05-debug: starting packer-driver...
2026-6-11 18:09:05-debug: initialize scripting environment...
2026-6-11 18:09:05-debug: [[Executor]] prepare before lock
2026-6-11 18:09:05-debug: Set detail map pack:///resolution-detail-map.json: {}
2026-6-11 18:09:05-debug: [[Executor]] prepare after unlock
2026-6-11 18:09:05-debug: [Assets Memory track]: asset-db:worker-init: preStart start:341.09MB, end 343.40MB, increase: 2.31MB
2026-6-11 18:09:05-debug: Start up the 'internal' database...
2026-6-11 18:09:05-debug: Run asset db hook engine-extends:afterPreStart success!
2026-6-11 18:09:05-debug: Run asset db hook programming:afterPreStart success!
2026-6-11 18:09:05-debug: Run asset db hook engine-extends:afterPreStart ...
2026-6-11 18:09:05-debug: asset-db-hook-programming-afterPreStart (352ms)
2026-6-11 18:09:05-debug: asset-db:worker-effect-data-processing (198ms)
2026-6-11 18:09:05-debug: asset-db-hook-engine-extends-afterPreStart (198ms)
2026-6-11 18:09:05-debug: Run asset db hook engine-extends:afterStartDB ...
2026-6-11 18:09:06-debug: recompile effect.bin success
2026-6-11 18:09:06-debug: Run asset db hook engine-extends:afterStartDB success!
2026-6-11 18:09:06-debug: Start up the 'assets' database...
2026-6-11 18:09:06-debug: asset-db:worker-effect-data-processing (416ms)
2026-6-11 18:09:06-debug: asset-db-hook-engine-extends-afterStartDB (416ms)
2026-6-11 18:09:06-debug: Run asset db hook engine-extends:afterStartDB ...
2026-6-11 18:09:06-debug: recompile effect.bin success
2026-6-11 18:09:06-debug: [Assets Memory track]: asset-db:worker-init: startup start:343.41MB, end 389.18MB, increase: 45.77MB
2026-6-11 18:09:06-debug: lazy register asset handler *
2026-6-11 18:09:06-debug: lazy register asset handler text
2026-6-11 18:09:06-debug: lazy register asset handler spine-data
2026-6-11 18:09:06-debug: lazy register asset handler dragonbones-atlas
2026-6-11 18:09:06-debug: lazy register asset handler terrain
2026-6-11 18:09:06-debug: lazy register asset handler javascript
2026-6-11 18:09:06-debug: lazy register asset handler dragonbones
2026-6-11 18:09:06-debug: lazy register asset handler typescript
2026-6-11 18:09:06-debug: lazy register asset handler scene
2026-6-11 18:09:06-debug: lazy register asset handler prefab
2026-6-11 18:09:06-debug: lazy register asset handler sprite-frame
2026-6-11 18:09:06-debug: lazy register asset handler tiled-map
2026-6-11 18:09:06-debug: lazy register asset handler buffer
2026-6-11 18:09:06-debug: lazy register asset handler image
2026-6-11 18:09:06-debug: lazy register asset handler sign-image
2026-6-11 18:09:06-debug: lazy register asset handler texture
2026-6-11 18:09:06-debug: lazy register asset handler texture-cube
2026-6-11 18:09:06-debug: lazy register asset handler alpha-image
2026-6-11 18:09:06-debug: lazy register asset handler render-texture
2026-6-11 18:09:06-debug: lazy register asset handler texture-cube-face
2026-6-11 18:09:06-debug: lazy register asset handler rt-sprite-frame
2026-6-11 18:09:06-debug: lazy register asset handler erp-texture-cube
2026-6-11 18:09:06-debug: lazy register asset handler gltf
2026-6-11 18:09:06-debug: lazy register asset handler gltf-mesh
2026-6-11 18:09:06-debug: lazy register asset handler gltf-animation
2026-6-11 18:09:06-debug: lazy register asset handler gltf-skeleton
2026-6-11 18:09:06-debug: lazy register asset handler gltf-material
2026-6-11 18:09:06-debug: lazy register asset handler gltf-scene
2026-6-11 18:09:06-debug: lazy register asset handler gltf-embeded-image
2026-6-11 18:09:06-debug: lazy register asset handler fbx
2026-6-11 18:09:06-debug: lazy register asset handler material
2026-6-11 18:09:06-debug: lazy register asset handler physics-material
2026-6-11 18:09:06-debug: lazy register asset handler effect
2026-6-11 18:09:06-debug: lazy register asset handler effect-header
2026-6-11 18:09:06-debug: lazy register asset handler audio-clip
2026-6-11 18:09:06-debug: lazy register asset handler animation-clip
2026-6-11 18:09:06-debug: lazy register asset handler animation-graph
2026-6-11 18:09:06-debug: lazy register asset handler animation-graph-variant
2026-6-11 18:09:06-debug: lazy register asset handler animation-mask
2026-6-11 18:09:06-debug: lazy register asset handler ttf-font
2026-6-11 18:09:06-debug: Run asset db hook engine-extends:afterStartDB success!
2026-6-11 18:09:06-debug: lazy register asset handler bitmap-font
2026-6-11 18:09:06-debug: lazy register asset handler particle
2026-6-11 18:09:06-debug: lazy register asset handler auto-atlas
2026-6-11 18:09:06-debug: lazy register asset handler label-atlas
2026-6-11 18:09:06-debug: lazy register asset handler render-pipeline
2026-6-11 18:09:06-debug: lazy register asset handler render-stage
2026-6-11 18:09:06-debug: lazy register asset handler render-flow
2026-6-11 18:09:06-debug: lazy register asset handler instantiation-material
2026-6-11 18:09:06-debug: lazy register asset handler instantiation-mesh
2026-6-11 18:09:06-debug: lazy register asset handler instantiation-skeleton
2026-6-11 18:09:06-debug: lazy register asset handler instantiation-animation
2026-6-11 18:09:06-debug: lazy register asset handler video-clip
2026-6-11 18:09:06-debug: lazy register asset handler json
2026-6-11 18:09:06-debug: lazy register asset handler sprite-atlas
2026-6-11 18:09:06-debug: lazy register asset handler directory
2026-6-11 18:09:06-debug: asset-db:worker-effect-data-processing (731ms)
2026-6-11 18:09:06-debug: asset-db-hook-engine-extends-afterStartDB (731ms)
2026-6-11 18:09:06-debug: asset-db:start-database (1640ms)
2026-6-11 18:09:06-debug: asset-db:ready (6650ms)
2026-6-11 18:09:06-debug: init worker message success
2026-6-11 18:09:06-debug: programming:execute-script (1ms)
2026-6-11 18:09:07-debug: [Build Memory track]: builder:worker-init start:385.44MB, end 397.93MB, increase: 12.49MB
2026-6-11 18:09:07-debug: builder:worker-init (299ms)
2026-6-11 18:09:07-debug: Query all assets info in project
2026-6-11 18:09:07-debug: init custom config: keepNodeUuid: false, useCache: true
2026-6-11 18:09:07-debug: Skip compress image, progress: 0%
2026-6-11 18:09:07-debug: Init all bundles start..., progress: 0%
2026-6-11 18:09:07-debug: Num of bundles: 3..., progress: 0%
2026-6-11 18:09:07-debug: 查询 Asset Bundle start, progress: 0%
2026-6-11 18:09:07-debug: // ---- build task 查询 Asset Bundle ----
2026-6-11 18:09:07-debug: Init bundle root assets start..., progress: 0%
2026-6-11 18:09:07-debug: Query preload assets/scripts from cc.config.json: 60f7195c-ec2a-45eb-ba94-8955f60e81d0,1c02ae6f-4492-4915-b8f8-7492a3b1e4cd,810e96e4-e456-4468-9b59-f4e8f39732c0,efe8e2a3-eace-427b-b4f1-cb8a937ec77d,e9aa9a3e-5b2b-4ac7-a2c7-073de2b2b24f,8bbdbcdd-5cd4-4100-b6d5-b7c9625b6107,50f4348b-c883-4e2f-8f11-ce233b859fa1,fda095cb-831d-4601-ad94-846013963de8,f92806d7-1768-443f-afe8-12bcde84d0f0,dd3a144d-ab7f-41f0-82b8-2e43a090d496,f0416e68-0200-4b77-a926-4f9d16e494da,970b0598-bcb0-4714-91fb-2e81440dccd8,bcd64cc6-2dd9-43f6-abbe-66318d332032,d930590d-bb92-4cc8-8bd1-23cd027f9edf,a3cd009f-0ab0-420d-9278-b9fdab939bbc,6a2d0734-bd9e-4ddf-946e-caa52498cb75,c27215d8-6835-4b68-bfbb-bdeac6100c04,b5d6115f-0370-4d7c-aad3-c194cc71cf98,871c3b6c-7379-419d-bda3-794b239ab90d,ff9b0199-ce04-4cfe-86cc-6c719f08d6e4,de1c2107-70c8-4021-8459-6399f24d01c6,cbf30902-517f-40dc-af90-a550bac27cf1,5c601d96-e4c7-4698-991b-7ee674b11079
2026-6-11 18:09:07-debug:   Number of all scenes: 1
2026-6-11 18:09:07-debug:   Number of all scripts: 21
2026-6-11 18:09:07-debug:   Number of other assets: 382
2026-6-11 18:09:07-debug: Init bundle root assets success..., progress: 0%
2026-6-11 18:09:07-debug: // ---- build task 查询 Asset Bundle ---- (7ms)
2026-6-11 18:09:07-log: run build task 查询 Asset Bundle success in 7 ms√, progress: 5%
2026-6-11 18:09:07-debug: [Build Memory track]: 查询 Asset Bundle start:222.11MB, end 223.29MB, increase: 1.18MB
2026-6-11 18:09:07-debug: 查询 Asset Bundle start, progress: 5%
2026-6-11 18:09:07-debug: // ---- build task 查询 Asset Bundle ----
2026-6-11 18:09:07-debug: // ---- build task 查询 Asset Bundle ---- (7ms)
2026-6-11 18:09:07-log: run build task 查询 Asset Bundle success in 7 ms√, progress: 10%
2026-6-11 18:09:07-debug: [Build Memory track]: 查询 Asset Bundle start:223.31MB, end 223.43MB, increase: 130.95KB
2026-6-11 18:09:07-debug: 整理部分构建选项内数据到 settings.json start, progress: 10%
2026-6-11 18:09:07-debug: // ---- build task 整理部分构建选项内数据到 settings.json ----
2026-6-11 18:09:07-debug: // ---- build task 整理部分构建选项内数据到 settings.json ---- (1ms)
2026-6-11 18:09:07-log: run build task 整理部分构建选项内数据到 settings.json success in 1 ms√, progress: 12%
2026-6-11 18:09:07-debug: [Build Memory track]: 整理部分构建选项内数据到 settings.json start:223.48MB, end 223.51MB, increase: 31.77KB
2026-6-11 18:09:07-debug: 填充脚本数据到 settings.json start, progress: 12%
2026-6-11 18:09:07-debug: // ---- build task 填充脚本数据到 settings.json ----
2026-6-11 18:09:07-debug: // ---- build task 填充脚本数据到 settings.json ---- (4ms)
2026-6-11 18:09:07-log: run build task 填充脚本数据到 settings.json success in 4 ms√, progress: 13%
2026-6-11 18:09:07-debug: [Build Memory track]: 填充脚本数据到 settings.json start:223.55MB, end 223.58MB, increase: 32.44KB
2026-6-11 18:09:07-debug: 整理部分构建选项内数据到 settings.json start, progress: 13%
2026-6-11 18:09:07-debug: // ---- build task 整理部分构建选项内数据到 settings.json ----
2026-6-11 18:09:07-debug: // ---- build task 整理部分构建选项内数据到 settings.json ---- (11ms)
2026-6-11 18:09:07-log: run build task 整理部分构建选项内数据到 settings.json success in 11 ms√, progress: 15%
2026-6-11 18:09:07-debug: [Build Memory track]: 整理部分构建选项内数据到 settings.json start:223.62MB, end 223.76MB, increase: 145.40KB
2026-6-11 18:09:07-debug: Query all assets info in project
2026-6-11 18:09:07-debug: init custom config: keepNodeUuid: false, useCache: true
2026-6-11 18:09:07-debug: Skip compress image, progress: 0%
2026-6-11 18:09:07-debug: Init all bundles start..., progress: 0%
2026-6-11 18:09:07-debug: 查询 Asset Bundle start, progress: 0%
2026-6-11 18:09:07-debug: Num of bundles: 3..., progress: 0%
2026-6-11 18:09:07-debug: // ---- build task 查询 Asset Bundle ----
2026-6-11 18:09:07-debug: Init bundle root assets start..., progress: 0%
2026-6-11 18:09:07-debug: Query preload assets/scripts from cc.config.json: 60f7195c-ec2a-45eb-ba94-8955f60e81d0,1c02ae6f-4492-4915-b8f8-7492a3b1e4cd,810e96e4-e456-4468-9b59-f4e8f39732c0,efe8e2a3-eace-427b-b4f1-cb8a937ec77d,e9aa9a3e-5b2b-4ac7-a2c7-073de2b2b24f,8bbdbcdd-5cd4-4100-b6d5-b7c9625b6107,50f4348b-c883-4e2f-8f11-ce233b859fa1,fda095cb-831d-4601-ad94-846013963de8,f92806d7-1768-443f-afe8-12bcde84d0f0,dd3a144d-ab7f-41f0-82b8-2e43a090d496,f0416e68-0200-4b77-a926-4f9d16e494da,970b0598-bcb0-4714-91fb-2e81440dccd8,bcd64cc6-2dd9-43f6-abbe-66318d332032,d930590d-bb92-4cc8-8bd1-23cd027f9edf,a3cd009f-0ab0-420d-9278-b9fdab939bbc,6a2d0734-bd9e-4ddf-946e-caa52498cb75,c27215d8-6835-4b68-bfbb-bdeac6100c04,b5d6115f-0370-4d7c-aad3-c194cc71cf98,871c3b6c-7379-419d-bda3-794b239ab90d,ff9b0199-ce04-4cfe-86cc-6c719f08d6e4,de1c2107-70c8-4021-8459-6399f24d01c6,cbf30902-517f-40dc-af90-a550bac27cf1,5c601d96-e4c7-4698-991b-7ee674b11079
2026-6-11 18:09:07-debug:   Number of all scenes: 1
2026-6-11 18:09:07-debug:   Number of all scripts: 21
2026-6-11 18:09:07-debug:   Number of other assets: 382
2026-6-11 18:09:07-debug: Init bundle root assets success..., progress: 0%
2026-6-11 18:09:07-debug: // ---- build task 查询 Asset Bundle ---- (5ms)
2026-6-11 18:09:07-log: run build task 查询 Asset Bundle success in 5 ms√, progress: 5%
2026-6-11 18:09:07-debug: [Build Memory track]: 查询 Asset Bundle start:224.24MB, end 225.29MB, increase: 1.05MB
2026-6-11 18:09:07-debug: // ---- build task 查询 Asset Bundle ----
2026-6-11 18:09:07-debug: 查询 Asset Bundle start, progress: 5%
2026-6-11 18:09:07-log: run build task 查询 Asset Bundle success in 19 ms√, progress: 10%
2026-6-11 18:09:07-debug: 整理部分构建选项内数据到 settings.json start, progress: 10%
2026-6-11 18:09:07-debug: // ---- build task 整理部分构建选项内数据到 settings.json ----
2026-6-11 18:09:07-debug: // ---- build task 整理部分构建选项内数据到 settings.json ---- (2ms)
2026-6-11 18:09:07-log: run build task 整理部分构建选项内数据到 settings.json success in 2 ms√, progress: 12%
2026-6-11 18:09:07-debug: [Build Memory track]: 整理部分构建选项内数据到 settings.json start:225.50MB, end 225.53MB, increase: 30.97KB
2026-6-11 18:09:07-debug: 填充脚本数据到 settings.json start, progress: 12%
2026-6-11 18:09:07-debug: // ---- build task 填充脚本数据到 settings.json ----
2026-6-11 18:09:07-debug: // ---- build task 查询 Asset Bundle ---- (19ms)
2026-6-11 18:09:07-debug: [Build Memory track]: 查询 Asset Bundle start:225.33MB, end 225.45MB, increase: 126.87KB
2026-6-11 18:09:07-debug: // ---- build task 填充脚本数据到 settings.json ---- (6ms)
2026-6-11 18:09:07-debug: [Build Memory track]: 填充脚本数据到 settings.json start:225.56MB, end 225.61MB, increase: 42.55KB
2026-6-11 18:09:07-debug: 整理部分构建选项内数据到 settings.json start, progress: 13%
2026-6-11 18:09:07-debug: // ---- build task 整理部分构建选项内数据到 settings.json ----
2026-6-11 18:09:07-log: run build task 填充脚本数据到 settings.json success in 6 ms√, progress: 13%
2026-6-11 18:09:07-debug: // ---- build task 整理部分构建选项内数据到 settings.json ---- (9ms)
2026-6-11 18:09:07-log: run build task 整理部分构建选项内数据到 settings.json success in 9 ms√, progress: 15%
2026-6-11 18:09:07-debug: [Build Memory track]: 整理部分构建选项内数据到 settings.json start:225.64MB, end 225.79MB, increase: 154.04KB
2026-6-11 18:09:08-debug: Query all assets info in project
2026-6-11 18:09:08-debug: init custom config: keepNodeUuid: false, useCache: true
2026-6-11 18:09:08-debug: Skip compress image, progress: 0%
2026-6-11 18:09:08-debug: Init all bundles start..., progress: 0%
2026-6-11 18:09:08-debug: Init bundle root assets start..., progress: 0%
2026-6-11 18:09:08-debug: Num of bundles: 3..., progress: 0%
2026-6-11 18:09:08-debug: // ---- build task 查询 Asset Bundle ----
2026-6-11 18:09:08-debug: 查询 Asset Bundle start, progress: 0%
2026-6-11 18:09:08-debug: Query preload assets/scripts from cc.config.json: 60f7195c-ec2a-45eb-ba94-8955f60e81d0,1c02ae6f-4492-4915-b8f8-7492a3b1e4cd,810e96e4-e456-4468-9b59-f4e8f39732c0,efe8e2a3-eace-427b-b4f1-cb8a937ec77d,e9aa9a3e-5b2b-4ac7-a2c7-073de2b2b24f,8bbdbcdd-5cd4-4100-b6d5-b7c9625b6107,50f4348b-c883-4e2f-8f11-ce233b859fa1,fda095cb-831d-4601-ad94-846013963de8,f92806d7-1768-443f-afe8-12bcde84d0f0,dd3a144d-ab7f-41f0-82b8-2e43a090d496,f0416e68-0200-4b77-a926-4f9d16e494da,970b0598-bcb0-4714-91fb-2e81440dccd8,bcd64cc6-2dd9-43f6-abbe-66318d332032,d930590d-bb92-4cc8-8bd1-23cd027f9edf,a3cd009f-0ab0-420d-9278-b9fdab939bbc,6a2d0734-bd9e-4ddf-946e-caa52498cb75,c27215d8-6835-4b68-bfbb-bdeac6100c04,b5d6115f-0370-4d7c-aad3-c194cc71cf98,871c3b6c-7379-419d-bda3-794b239ab90d,ff9b0199-ce04-4cfe-86cc-6c719f08d6e4,de1c2107-70c8-4021-8459-6399f24d01c6,cbf30902-517f-40dc-af90-a550bac27cf1,5c601d96-e4c7-4698-991b-7ee674b11079
2026-6-11 18:09:08-debug:   Number of all scenes: 1
2026-6-11 18:09:08-debug:   Number of all scripts: 21
2026-6-11 18:09:08-debug:   Number of other assets: 382
2026-6-11 18:09:08-debug: Init bundle root assets success..., progress: 0%
2026-6-11 18:09:08-debug: // ---- build task 查询 Asset Bundle ---- (6ms)
2026-6-11 18:09:08-log: run build task 查询 Asset Bundle success in 6 ms√, progress: 5%
2026-6-11 18:09:08-debug: [Build Memory track]: 查询 Asset Bundle start:227.45MB, end 228.53MB, increase: 1.08MB
2026-6-11 18:09:08-debug: 查询 Asset Bundle start, progress: 5%
2026-6-11 18:09:08-debug: // ---- build task 查询 Asset Bundle ----
2026-6-11 18:09:08-debug: // ---- build task 查询 Asset Bundle ---- (4ms)
2026-6-11 18:09:08-log: run build task 查询 Asset Bundle success in 4 ms√, progress: 10%
2026-6-11 18:09:08-debug: [Build Memory track]: 查询 Asset Bundle start:228.57MB, end 222.57MB, increase: -6147.58KB
2026-6-11 18:09:08-debug: 整理部分构建选项内数据到 settings.json start, progress: 10%
2026-6-11 18:09:08-debug: // ---- build task 整理部分构建选项内数据到 settings.json ----
2026-6-11 18:09:08-debug: // ---- build task 整理部分构建选项内数据到 settings.json ---- (1ms)
2026-6-11 18:09:08-log: run build task 整理部分构建选项内数据到 settings.json success in 1 ms√, progress: 12%
2026-6-11 18:09:08-debug: [Build Memory track]: 整理部分构建选项内数据到 settings.json start:222.60MB, end 222.63MB, increase: 31.91KB
2026-6-11 18:09:08-debug: // ---- build task 填充脚本数据到 settings.json ----
2026-6-11 18:09:08-debug: 填充脚本数据到 settings.json start, progress: 12%
2026-6-11 18:09:08-log: run build task 填充脚本数据到 settings.json success in 1 ms√, progress: 13%
2026-6-11 18:09:08-debug: [Build Memory track]: 填充脚本数据到 settings.json start:222.67MB, end 222.70MB, increase: 29.05KB
2026-6-11 18:09:08-debug: 整理部分构建选项内数据到 settings.json start, progress: 13%
2026-6-11 18:09:08-debug: // ---- build task 整理部分构建选项内数据到 settings.json ----
2026-6-11 18:09:08-debug: // ---- build task 填充脚本数据到 settings.json ---- (1ms)
2026-6-11 18:09:08-debug: // ---- build task 整理部分构建选项内数据到 settings.json ---- (6ms)
2026-6-11 18:09:08-log: run build task 整理部分构建选项内数据到 settings.json success in 6 ms√, progress: 15%
2026-6-11 18:09:08-debug: [Build Memory track]: 整理部分构建选项内数据到 settings.json start:222.74MB, end 222.90MB, increase: 169.27KB
2026-6-11 18:09:27-debug: refresh db internal success
2026-6-11 18:09:27-debug: refresh db assets success
2026-6-11 18:09:27-debug: Run asset db hook engine-extends:afterRefresh ...
2026-6-11 18:09:27-debug: Run asset db hook engine-extends:afterRefresh success!
2026-6-11 18:09:27-debug: asset-db:refresh-all-database (37ms)
2026-6-11 18:09:27-debug: asset-db:worker-effect-data-processing (1ms)
2026-6-11 18:09:27-debug: asset-db-hook-engine-extends-afterRefresh (1ms)
2026-6-11 18:09:30-debug: Query all assets info in project
2026-6-11 18:09:30-debug: init custom config: keepNodeUuid: false, useCache: true
2026-6-11 18:09:30-debug: Skip compress image, progress: 0%
2026-6-11 18:09:30-debug: Init all bundles start..., progress: 0%
2026-6-11 18:09:30-debug: Num of bundles: 3..., progress: 0%
2026-6-11 18:09:30-debug: 查询 Asset Bundle start, progress: 0%
2026-6-11 18:09:30-debug: // ---- build task 查询 Asset Bundle ----
2026-6-11 18:09:30-debug: Init bundle root assets start..., progress: 0%
2026-6-11 18:09:30-debug: Query preload assets/scripts from cc.config.json: 60f7195c-ec2a-45eb-ba94-8955f60e81d0,1c02ae6f-4492-4915-b8f8-7492a3b1e4cd,810e96e4-e456-4468-9b59-f4e8f39732c0,efe8e2a3-eace-427b-b4f1-cb8a937ec77d,e9aa9a3e-5b2b-4ac7-a2c7-073de2b2b24f,8bbdbcdd-5cd4-4100-b6d5-b7c9625b6107,50f4348b-c883-4e2f-8f11-ce233b859fa1,fda095cb-831d-4601-ad94-846013963de8,f92806d7-1768-443f-afe8-12bcde84d0f0,dd3a144d-ab7f-41f0-82b8-2e43a090d496,f0416e68-0200-4b77-a926-4f9d16e494da,970b0598-bcb0-4714-91fb-2e81440dccd8,bcd64cc6-2dd9-43f6-abbe-66318d332032,d930590d-bb92-4cc8-8bd1-23cd027f9edf,a3cd009f-0ab0-420d-9278-b9fdab939bbc,6a2d0734-bd9e-4ddf-946e-caa52498cb75,c27215d8-6835-4b68-bfbb-bdeac6100c04,b5d6115f-0370-4d7c-aad3-c194cc71cf98,871c3b6c-7379-419d-bda3-794b239ab90d,ff9b0199-ce04-4cfe-86cc-6c719f08d6e4,de1c2107-70c8-4021-8459-6399f24d01c6,cbf30902-517f-40dc-af90-a550bac27cf1,5c601d96-e4c7-4698-991b-7ee674b11079
2026-6-11 18:09:30-debug:   Number of other assets: 382
2026-6-11 18:09:30-debug:   Number of all scenes: 1
2026-6-11 18:09:30-debug:   Number of all scripts: 21
2026-6-11 18:09:30-debug: Init bundle root assets success..., progress: 0%
2026-6-11 18:09:30-debug: // ---- build task 查询 Asset Bundle ---- (7ms)
2026-6-11 18:09:30-log: run build task 查询 Asset Bundle success in 7 ms√, progress: 5%
2026-6-11 18:09:30-debug: 查询 Asset Bundle start, progress: 5%
2026-6-11 18:09:30-debug: [Build Memory track]: 查询 Asset Bundle start:222.36MB, end 222.51MB, increase: 158.49KB
2026-6-11 18:09:30-debug: // ---- build task 查询 Asset Bundle ----
2026-6-11 18:09:30-debug: // ---- build task 查询 Asset Bundle ---- (2ms)
2026-6-11 18:09:30-log: run build task 查询 Asset Bundle success in 2 ms√, progress: 10%
2026-6-11 18:09:30-debug: 整理部分构建选项内数据到 settings.json start, progress: 10%
2026-6-11 18:09:30-debug: // ---- build task 整理部分构建选项内数据到 settings.json ----
2026-6-11 18:09:30-debug: [Build Memory track]: 查询 Asset Bundle start:222.55MB, end 222.69MB, increase: 138.35KB
2026-6-11 18:09:30-debug: // ---- build task 整理部分构建选项内数据到 settings.json ---- (1ms)
2026-6-11 18:09:30-log: run build task 整理部分构建选项内数据到 settings.json success in 1 ms√, progress: 12%
2026-6-11 18:09:30-debug: [Build Memory track]: 整理部分构建选项内数据到 settings.json start:222.72MB, end 222.76MB, increase: 38.55KB
2026-6-11 18:09:30-debug: 填充脚本数据到 settings.json start, progress: 12%
2026-6-11 18:09:30-debug: // ---- build task 填充脚本数据到 settings.json ----
2026-6-11 18:09:30-debug: // ---- build task 填充脚本数据到 settings.json ---- (1ms)
2026-6-11 18:09:30-debug: // ---- build task 整理部分构建选项内数据到 settings.json ----
2026-6-11 18:09:30-log: run build task 填充脚本数据到 settings.json success in 1 ms√, progress: 13%
2026-6-11 18:09:30-debug: 整理部分构建选项内数据到 settings.json start, progress: 13%
2026-6-11 18:09:30-debug: [Build Memory track]: 填充脚本数据到 settings.json start:222.80MB, end 222.14MB, increase: -673.27KB
2026-6-11 18:09:30-debug: // ---- build task 整理部分构建选项内数据到 settings.json ---- (3ms)
2026-6-11 18:09:30-log: run build task 整理部分构建选项内数据到 settings.json success in 3 ms√, progress: 15%
2026-6-11 18:09:30-debug: [Build Memory track]: 整理部分构建选项内数据到 settings.json start:222.18MB, end 222.31MB, increase: 133.73KB
2026-6-11 18:09:33-debug: refresh db internal success
2026-6-11 18:09:33-debug: refresh db assets success
2026-6-11 18:09:33-debug: Run asset db hook engine-extends:afterRefresh ...
2026-6-11 18:09:33-debug: Run asset db hook engine-extends:afterRefresh success!
2026-6-11 18:09:33-debug: asset-db:refresh-all-database (26ms)
2026-6-11 18:09:33-debug: asset-db:worker-effect-data-processing (1ms)
2026-6-11 18:09:33-debug: asset-db-hook-engine-extends-afterRefresh (1ms)
2026-6-11 18:09:37-debug: Query all assets info in project
2026-6-11 18:09:37-debug: init custom config: keepNodeUuid: false, useCache: true
2026-6-11 18:09:37-debug: Skip compress image, progress: 0%
2026-6-11 18:09:37-debug: Init all bundles start..., progress: 0%
2026-6-11 18:09:37-debug: Num of bundles: 3..., progress: 0%
2026-6-11 18:09:37-debug: 查询 Asset Bundle start, progress: 0%
2026-6-11 18:09:37-debug: // ---- build task 查询 Asset Bundle ----
2026-6-11 18:09:37-debug: Init bundle root assets start..., progress: 0%
2026-6-11 18:09:37-debug: Query preload assets/scripts from cc.config.json: 60f7195c-ec2a-45eb-ba94-8955f60e81d0,1c02ae6f-4492-4915-b8f8-7492a3b1e4cd,810e96e4-e456-4468-9b59-f4e8f39732c0,efe8e2a3-eace-427b-b4f1-cb8a937ec77d,e9aa9a3e-5b2b-4ac7-a2c7-073de2b2b24f,8bbdbcdd-5cd4-4100-b6d5-b7c9625b6107,50f4348b-c883-4e2f-8f11-ce233b859fa1,fda095cb-831d-4601-ad94-846013963de8,f92806d7-1768-443f-afe8-12bcde84d0f0,dd3a144d-ab7f-41f0-82b8-2e43a090d496,f0416e68-0200-4b77-a926-4f9d16e494da,970b0598-bcb0-4714-91fb-2e81440dccd8,bcd64cc6-2dd9-43f6-abbe-66318d332032,d930590d-bb92-4cc8-8bd1-23cd027f9edf,a3cd009f-0ab0-420d-9278-b9fdab939bbc,6a2d0734-bd9e-4ddf-946e-caa52498cb75,c27215d8-6835-4b68-bfbb-bdeac6100c04,b5d6115f-0370-4d7c-aad3-c194cc71cf98,871c3b6c-7379-419d-bda3-794b239ab90d,ff9b0199-ce04-4cfe-86cc-6c719f08d6e4,de1c2107-70c8-4021-8459-6399f24d01c6,cbf30902-517f-40dc-af90-a550bac27cf1,5c601d96-e4c7-4698-991b-7ee674b11079
2026-6-11 18:09:37-debug: Init bundle root assets success..., progress: 0%
2026-6-11 18:09:37-debug:   Number of all scripts: 21
2026-6-11 18:09:37-debug:   Number of other assets: 382
2026-6-11 18:09:37-debug:   Number of all scenes: 1
2026-6-11 18:09:37-debug: // ---- build task 查询 Asset Bundle ---- (9ms)
2026-6-11 18:09:37-debug: [Build Memory track]: 查询 Asset Bundle start:223.34MB, end 224.40MB, increase: 1.06MB
2026-6-11 18:09:37-debug: 查询 Asset Bundle start, progress: 5%
2026-6-11 18:09:37-log: run build task 查询 Asset Bundle success in 9 ms√, progress: 5%
2026-6-11 18:09:37-debug: // ---- build task 查询 Asset Bundle ----
2026-6-11 18:09:37-debug: // ---- build task 查询 Asset Bundle ---- (3ms)
2026-6-11 18:09:37-debug: // ---- build task 整理部分构建选项内数据到 settings.json ----
2026-6-11 18:09:37-debug: [Build Memory track]: 查询 Asset Bundle start:224.44MB, end 224.56MB, increase: 129.52KB
2026-6-11 18:09:37-debug: 整理部分构建选项内数据到 settings.json start, progress: 10%
2026-6-11 18:09:37-log: run build task 查询 Asset Bundle success in 3 ms√, progress: 10%
2026-6-11 18:09:37-debug: // ---- build task 整理部分构建选项内数据到 settings.json ---- (2ms)
2026-6-11 18:09:37-log: run build task 整理部分构建选项内数据到 settings.json success in 2 ms√, progress: 12%
2026-6-11 18:09:37-debug: [Build Memory track]: 整理部分构建选项内数据到 settings.json start:224.60MB, end 223.26MB, increase: -1375.96KB
2026-6-11 18:09:37-debug: 填充脚本数据到 settings.json start, progress: 12%
2026-6-11 18:09:37-debug: // ---- build task 填充脚本数据到 settings.json ----
2026-6-11 18:09:37-debug: // ---- build task 填充脚本数据到 settings.json ---- (1ms)
2026-6-11 18:09:37-log: run build task 填充脚本数据到 settings.json success in 1 ms√, progress: 13%
2026-6-11 18:09:37-debug: // ---- build task 整理部分构建选项内数据到 settings.json ----
2026-6-11 18:09:37-debug: [Build Memory track]: 填充脚本数据到 settings.json start:223.29MB, end 223.32MB, increase: 31.04KB
2026-6-11 18:09:37-debug: 整理部分构建选项内数据到 settings.json start, progress: 13%
2026-6-11 18:09:37-debug: // ---- build task 整理部分构建选项内数据到 settings.json ---- (4ms)
2026-6-11 18:09:37-log: run build task 整理部分构建选项内数据到 settings.json success in 4 ms√, progress: 15%
2026-6-11 18:09:37-debug: [Build Memory track]: 整理部分构建选项内数据到 settings.json start:223.36MB, end 223.50MB, increase: 139.09KB
2026-6-11 18:22:42-debug: refresh db internal success
2026-6-11 18:22:42-debug: %cImport%c: /Users/zxd/workspace/person/animal-chess-game/assets/scripts/pages/GamePage.tsbackground: #aaff85; color: #000;color: #000;
2026-6-11 18:22:42-debug: refresh db assets success
2026-6-11 18:22:42-debug: Run asset db hook engine-extends:afterRefresh ...
2026-6-11 18:22:42-debug: Run asset db hook engine-extends:afterRefresh success!
2026-6-11 18:22:42-debug: asset-db:refresh-all-database (66ms)
2026-6-11 18:22:42-debug: asset-db:worker-effect-data-processing (1ms)
2026-6-11 18:22:42-debug: asset-db-hook-engine-extends-afterRefresh (2ms)
2026-6-11 18:22:43-debug: Query all assets info in project
2026-6-11 18:22:43-debug: init custom config: keepNodeUuid: false, useCache: true
2026-6-11 18:22:43-debug: Skip compress image, progress: 0%
2026-6-11 18:22:43-debug: Init all bundles start..., progress: 0%
2026-6-11 18:22:43-debug: 查询 Asset Bundle start, progress: 0%
2026-6-11 18:22:43-debug: Num of bundles: 3..., progress: 0%
2026-6-11 18:22:43-debug: // ---- build task 查询 Asset Bundle ----
2026-6-11 18:22:43-debug: Init bundle root assets start..., progress: 0%
2026-6-11 18:22:43-debug: Query preload assets/scripts from cc.config.json: 60f7195c-ec2a-45eb-ba94-8955f60e81d0,1c02ae6f-4492-4915-b8f8-7492a3b1e4cd,810e96e4-e456-4468-9b59-f4e8f39732c0,efe8e2a3-eace-427b-b4f1-cb8a937ec77d,e9aa9a3e-5b2b-4ac7-a2c7-073de2b2b24f,8bbdbcdd-5cd4-4100-b6d5-b7c9625b6107,50f4348b-c883-4e2f-8f11-ce233b859fa1,fda095cb-831d-4601-ad94-846013963de8,f92806d7-1768-443f-afe8-12bcde84d0f0,dd3a144d-ab7f-41f0-82b8-2e43a090d496,f0416e68-0200-4b77-a926-4f9d16e494da,970b0598-bcb0-4714-91fb-2e81440dccd8,bcd64cc6-2dd9-43f6-abbe-66318d332032,d930590d-bb92-4cc8-8bd1-23cd027f9edf,a3cd009f-0ab0-420d-9278-b9fdab939bbc,6a2d0734-bd9e-4ddf-946e-caa52498cb75,c27215d8-6835-4b68-bfbb-bdeac6100c04,b5d6115f-0370-4d7c-aad3-c194cc71cf98,871c3b6c-7379-419d-bda3-794b239ab90d,ff9b0199-ce04-4cfe-86cc-6c719f08d6e4,de1c2107-70c8-4021-8459-6399f24d01c6,cbf30902-517f-40dc-af90-a550bac27cf1,5c601d96-e4c7-4698-991b-7ee674b11079
2026-6-11 18:22:43-debug: Init bundle root assets success..., progress: 0%
2026-6-11 18:22:43-debug:   Number of all scenes: 1
2026-6-11 18:22:43-debug:   Number of all scripts: 21
2026-6-11 18:22:43-debug:   Number of other assets: 382
2026-6-11 18:22:43-debug: // ---- build task 查询 Asset Bundle ---- (8ms)
2026-6-11 18:22:43-log: run build task 查询 Asset Bundle success in 8 ms√, progress: 5%
2026-6-11 18:22:43-debug: [Build Memory track]: 查询 Asset Bundle start:225.20MB, end 224.57MB, increase: -648.14KB
2026-6-11 18:22:43-debug: // ---- build task 查询 Asset Bundle ----
2026-6-11 18:22:43-debug: 查询 Asset Bundle start, progress: 5%
2026-6-11 18:22:43-debug: // ---- build task 查询 Asset Bundle ---- (15ms)
2026-6-11 18:22:43-log: run build task 查询 Asset Bundle success in 15 ms√, progress: 10%
2026-6-11 18:22:43-debug: [Build Memory track]: 查询 Asset Bundle start:224.61MB, end 224.73MB, increase: 127.73KB
2026-6-11 18:22:43-debug: 整理部分构建选项内数据到 settings.json start, progress: 10%
2026-6-11 18:22:43-debug: // ---- build task 整理部分构建选项内数据到 settings.json ----
2026-6-11 18:22:43-debug: // ---- build task 整理部分构建选项内数据到 settings.json ---- (1ms)
2026-6-11 18:22:43-log: run build task 整理部分构建选项内数据到 settings.json success in 1 ms√, progress: 12%
2026-6-11 18:22:43-debug: [Build Memory track]: 整理部分构建选项内数据到 settings.json start:224.77MB, end 224.80MB, increase: 31.52KB
2026-6-11 18:22:43-debug: 填充脚本数据到 settings.json start, progress: 12%
2026-6-11 18:22:43-debug: // ---- build task 填充脚本数据到 settings.json ----
2026-6-11 18:22:43-log: run build task 填充脚本数据到 settings.json success in 3 ms√, progress: 13%
2026-6-11 18:22:43-debug: // ---- build task 填充脚本数据到 settings.json ---- (3ms)
2026-6-11 18:22:43-debug: [Build Memory track]: 填充脚本数据到 settings.json start:224.84MB, end 224.87MB, increase: 29.09KB
2026-6-11 18:22:43-debug: // ---- build task 整理部分构建选项内数据到 settings.json ----
2026-6-11 18:22:43-debug: 整理部分构建选项内数据到 settings.json start, progress: 13%
2026-6-11 18:22:43-debug: [Build Memory track]: 整理部分构建选项内数据到 settings.json start:224.90MB, end 225.04MB, increase: 144.03KB
2026-6-11 18:22:43-log: run build task 整理部分构建选项内数据到 settings.json success in 4 ms√, progress: 15%
2026-6-11 18:22:43-debug: // ---- build task 整理部分构建选项内数据到 settings.json ---- (4ms)
2026-6-11 18:22:43-debug: Query all assets info in project
2026-6-11 18:22:43-debug: init custom config: keepNodeUuid: false, useCache: true
2026-6-11 18:22:43-debug: Skip compress image, progress: 0%
