2026-6-11 11:59:45-log: Cannot access game frame or container.
2026-6-11 11:59:46-debug: asset-db:require-engine-code (1175ms)
2026-6-11 11:59:46-log: [bullet]:bullet wasm lib loaded.
2026-6-11 11:59:46-log: [box2d]:box2d wasm lib loaded.
2026-6-11 11:59:46-log: meshopt wasm decoder initialized
2026-6-11 11:59:46-log: Cocos Creator v3.8.8
2026-6-11 11:59:46-log: Forward render pipeline initialized.
2026-6-11 11:59:46-debug: [Assets Memory track]: asset-db:worker-init: initEngine start:30.79MB, end 117.06MB, increase: 86.27MB
2026-6-11 11:59:46-log: Using legacy pipeline
2026-6-11 11:59:48-debug: [Assets Memory track]: asset-db:worker-init: initPlugin start:78.74MB, end 273.56MB, increase: 194.82MB
2026-6-11 11:59:48-debug: asset-db:worker-init: initPlugin (2313ms)
2026-6-11 11:59:48-debug: [Assets Memory track]: asset-db:worker-init start:30.79MB, end 273.67MB, increase: 242.89MB
2026-6-11 11:59:48-debug: Run asset db hook engine-extends:beforePreStart success!
2026-6-11 11:59:48-debug: Run asset db hook engine-extends:beforePreStart ...
2026-6-11 11:59:48-debug: Run asset db hook programming:beforePreStart success!
2026-6-11 11:59:48-debug: Run asset db hook programming:beforePreStart ...
2026-6-11 11:59:49-debug: asset-db:worker-init (3647ms)
2026-6-11 11:59:49-debug: asset-db-hook-programming-beforePreStart (74ms)
2026-6-11 11:59:49-debug: asset-db-hook-engine-extends-beforePreStart (74ms)
2026-6-11 11:59:49-debug: Preimport db internal success
2026-6-11 11:59:49-debug: %cImport%c: /Users/zxd/workspace/person/animal-chess-game/assets/scripts/pages/GamePage.tsbackground: #aaff85; color: #000;color: #000;
2026-6-11 11:59:49-debug: %cImport%c: /Users/zxd/workspace/person/animal-chess-game/assets/scripts/system/UserSystem.tsbackground: #aaff85; color: #000;color: #000;
2026-6-11 11:59:49-debug: %cImport%c: /Users/zxd/workspace/person/animal-chess-game/assets/scripts/utils/Constants.tsbackground: #aaff85; color: #000;color: #000;
2026-6-11 11:59:49-debug: Preimport db assets success
2026-6-11 11:59:49-debug: starting packer-driver...
2026-6-11 11:59:49-debug: Run asset db hook programming:afterPreStart ...
2026-6-11 11:59:49-debug: initialize scripting environment...
2026-6-11 11:59:49-debug: [[Executor]] prepare before lock
2026-6-11 11:59:49-debug: Set detail map pack:///resolution-detail-map.json: {}
2026-6-11 11:59:49-debug: Run asset db hook programming:afterPreStart success!
2026-6-11 11:59:49-debug: Run asset db hook engine-extends:afterPreStart ...
2026-6-11 11:59:49-debug: Run asset db hook engine-extends:afterPreStart success!
2026-6-11 11:59:49-debug: [Assets Memory track]: asset-db:worker-init: preStart start:273.69MB, end 278.05MB, increase: 4.37MB
2026-6-11 11:59:49-debug: [[Executor]] prepare after unlock
2026-6-11 11:59:49-debug: Start up the 'internal' database...
2026-6-11 11:59:49-debug: asset-db-hook-programming-afterPreStart (740ms)
2026-6-11 11:59:49-debug: asset-db:worker-effect-data-processing (262ms)
2026-6-11 11:59:49-debug: asset-db-hook-engine-extends-afterPreStart (262ms)
2026-6-11 11:59:49-debug: Run asset db hook engine-extends:afterStartDB ...
2026-6-11 11:59:50-debug: Run asset db hook engine-extends:afterStartDB success!
2026-6-11 11:59:50-debug: recompile effect.bin success
2026-6-11 11:59:50-debug: Start up the 'assets' database...
2026-6-11 11:59:50-debug: asset-db:worker-effect-data-processing (332ms)
2026-6-11 11:59:50-debug: asset-db-hook-engine-extends-afterStartDB (332ms)
2026-6-11 11:59:50-debug: Run asset db hook engine-extends:afterStartDB ...
2026-6-11 11:59:50-debug: recompile effect.bin success
2026-6-11 11:59:50-debug: Run asset db hook engine-extends:afterStartDB success!
2026-6-11 11:59:50-debug: lazy register asset handler *
2026-6-11 11:59:50-debug: lazy register asset handler directory
2026-6-11 11:59:50-debug: lazy register asset handler text
2026-6-11 11:59:50-debug: lazy register asset handler json
2026-6-11 11:59:50-debug: lazy register asset handler spine-data
2026-6-11 11:59:50-debug: lazy register asset handler dragonbones-atlas
2026-6-11 11:59:50-debug: lazy register asset handler typescript
2026-6-11 11:59:50-debug: lazy register asset handler prefab
2026-6-11 11:59:50-debug: lazy register asset handler scene
2026-6-11 11:59:50-debug: lazy register asset handler sprite-frame
2026-6-11 11:59:50-debug: lazy register asset handler tiled-map
2026-6-11 11:59:50-debug: lazy register asset handler buffer
2026-6-11 11:59:50-debug: lazy register asset handler image
2026-6-11 11:59:50-debug: lazy register asset handler sign-image
2026-6-11 11:59:50-debug: lazy register asset handler alpha-image
2026-6-11 11:59:50-debug: lazy register asset handler texture
2026-6-11 11:59:50-debug: lazy register asset handler texture-cube
2026-6-11 11:59:50-debug: lazy register asset handler erp-texture-cube
2026-6-11 11:59:50-debug: lazy register asset handler render-texture
2026-6-11 11:59:50-debug: lazy register asset handler texture-cube-face
2026-6-11 11:59:50-debug: lazy register asset handler rt-sprite-frame
2026-6-11 11:59:50-debug: lazy register asset handler gltf
2026-6-11 11:59:50-debug: lazy register asset handler javascript
2026-6-11 11:59:50-debug: lazy register asset handler gltf-animation
2026-6-11 11:59:50-debug: lazy register asset handler terrain
2026-6-11 11:59:50-debug: lazy register asset handler gltf-skeleton
2026-6-11 11:59:50-debug: lazy register asset handler gltf-material
2026-6-11 11:59:50-debug: lazy register asset handler gltf-scene
2026-6-11 11:59:50-debug: lazy register asset handler gltf-embeded-image
2026-6-11 11:59:50-debug: lazy register asset handler material
2026-6-11 11:59:50-debug: lazy register asset handler effect
2026-6-11 11:59:50-debug: lazy register asset handler fbx
2026-6-11 11:59:50-debug: lazy register asset handler effect-header
2026-6-11 11:59:50-debug: lazy register asset handler audio-clip
2026-6-11 11:59:50-debug: lazy register asset handler animation-clip
2026-6-11 11:59:50-debug: lazy register asset handler animation-graph
2026-6-11 11:59:50-debug: lazy register asset handler animation-graph-variant
2026-6-11 11:59:50-debug: lazy register asset handler animation-mask
2026-6-11 11:59:50-debug: lazy register asset handler ttf-font
2026-6-11 11:59:50-debug: lazy register asset handler bitmap-font
2026-6-11 11:59:50-debug: lazy register asset handler particle
2026-6-11 11:59:50-debug: lazy register asset handler physics-material
2026-6-11 11:59:50-debug: lazy register asset handler auto-atlas
2026-6-11 11:59:50-debug: lazy register asset handler label-atlas
2026-6-11 11:59:50-debug: lazy register asset handler render-pipeline
2026-6-11 11:59:50-debug: lazy register asset handler render-stage
2026-6-11 11:59:50-debug: lazy register asset handler instantiation-material
2026-6-11 11:59:50-debug: lazy register asset handler render-flow
2026-6-11 11:59:50-debug: lazy register asset handler instantiation-mesh
2026-6-11 11:59:50-debug: lazy register asset handler instantiation-skeleton
2026-6-11 11:59:50-debug: lazy register asset handler instantiation-animation
2026-6-11 11:59:50-debug: lazy register asset handler video-clip
2026-6-11 11:59:50-debug: lazy register asset handler sprite-atlas
2026-6-11 11:59:50-debug: lazy register asset handler dragonbones
2026-6-11 11:59:50-debug: lazy register asset handler gltf-mesh
2026-6-11 11:59:50-debug: asset-db:worker-effect-data-processing (671ms)
2026-6-11 11:59:50-debug: asset-db-hook-engine-extends-afterStartDB (672ms)
2026-6-11 11:59:50-debug: asset-db:ready (7531ms)
2026-6-11 11:59:50-debug: asset-db:start-database (1911ms)
2026-6-11 11:59:50-debug: init worker message success
2026-6-11 11:59:50-debug: programming:execute-script (10ms)
2026-6-11 11:59:51-debug: [Build Memory track]: builder:worker-init start:225.13MB, end 234.48MB, increase: 9.35MB
2026-6-11 11:59:51-debug: builder:worker-init (307ms)
2026-6-11 11:59:51-debug: Query all assets info in project
2026-6-11 11:59:51-debug: init custom config: keepNodeUuid: false, useCache: true
2026-6-11 11:59:51-debug: Skip compress image, progress: 0%
2026-6-11 11:59:51-debug: Init all bundles start..., progress: 0%
2026-6-11 11:59:51-debug: 查询 Asset Bundle start, progress: 0%
2026-6-11 11:59:51-debug: Num of bundles: 3..., progress: 0%
2026-6-11 11:59:51-debug: // ---- build task 查询 Asset Bundle ----
2026-6-11 11:59:51-debug: Init bundle root assets start..., progress: 0%
2026-6-11 11:59:51-debug: Query preload assets/scripts from cc.config.json: 60f7195c-ec2a-45eb-ba94-8955f60e81d0,1c02ae6f-4492-4915-b8f8-7492a3b1e4cd,810e96e4-e456-4468-9b59-f4e8f39732c0,efe8e2a3-eace-427b-b4f1-cb8a937ec77d,e9aa9a3e-5b2b-4ac7-a2c7-073de2b2b24f,8bbdbcdd-5cd4-4100-b6d5-b7c9625b6107,50f4348b-c883-4e2f-8f11-ce233b859fa1,fda095cb-831d-4601-ad94-846013963de8,f92806d7-1768-443f-afe8-12bcde84d0f0,dd3a144d-ab7f-41f0-82b8-2e43a090d496,f0416e68-0200-4b77-a926-4f9d16e494da,970b0598-bcb0-4714-91fb-2e81440dccd8,bcd64cc6-2dd9-43f6-abbe-66318d332032,d930590d-bb92-4cc8-8bd1-23cd027f9edf,a3cd009f-0ab0-420d-9278-b9fdab939bbc,6a2d0734-bd9e-4ddf-946e-caa52498cb75,c27215d8-6835-4b68-bfbb-bdeac6100c04,b5d6115f-0370-4d7c-aad3-c194cc71cf98,871c3b6c-7379-419d-bda3-794b239ab90d,ff9b0199-ce04-4cfe-86cc-6c719f08d6e4,de1c2107-70c8-4021-8459-6399f24d01c6,cbf30902-517f-40dc-af90-a550bac27cf1,5c601d96-e4c7-4698-991b-7ee674b11079
2026-6-11 11:59:51-debug:   Number of all scenes: 1
2026-6-11 11:59:51-debug:   Number of all scripts: 21
2026-6-11 11:59:51-debug:   Number of other assets: 376
2026-6-11 11:59:51-debug: Init bundle root assets success..., progress: 0%
2026-6-11 11:59:51-debug: // ---- build task 查询 Asset Bundle ---- (5ms)
2026-6-11 11:59:51-debug: [Build Memory track]: 查询 Asset Bundle start:232.49MB, end 233.65MB, increase: 1.16MB
2026-6-11 11:59:51-log: run build task 查询 Asset Bundle success in 5 ms√, progress: 5%
2026-6-11 11:59:51-debug: 查询 Asset Bundle start, progress: 5%
2026-6-11 11:59:51-debug: // ---- build task 查询 Asset Bundle ----
2026-6-11 11:59:51-debug: // ---- build task 查询 Asset Bundle ---- (2ms)
2026-6-11 11:59:51-log: run build task 查询 Asset Bundle success in 2 ms√, progress: 10%
2026-6-11 11:59:51-debug: [Build Memory track]: 查询 Asset Bundle start:233.69MB, end 233.84MB, increase: 148.96KB
2026-6-11 11:59:51-debug: 整理部分构建选项内数据到 settings.json start, progress: 10%
2026-6-11 11:59:51-debug: // ---- build task 整理部分构建选项内数据到 settings.json ----
2026-6-11 11:59:51-debug: // ---- build task 整理部分构建选项内数据到 settings.json ---- (1ms)
2026-6-11 11:59:51-debug: 填充脚本数据到 settings.json start, progress: 12%
2026-6-11 11:59:51-log: run build task 整理部分构建选项内数据到 settings.json success in 1 ms√, progress: 12%
2026-6-11 11:59:51-debug: [Build Memory track]: 整理部分构建选项内数据到 settings.json start:234.27MB, end 233.91MB, increase: -364.51KB
2026-6-11 11:59:51-debug: // ---- build task 填充脚本数据到 settings.json ----
2026-6-11 11:59:51-debug: // ---- build task 填充脚本数据到 settings.json ---- (2ms)
2026-6-11 11:59:51-log: run build task 填充脚本数据到 settings.json success in 2 ms√, progress: 13%
2026-6-11 11:59:51-debug: [Build Memory track]: 填充脚本数据到 settings.json start:233.95MB, end 233.98MB, increase: 33.79KB
2026-6-11 11:59:51-debug: 整理部分构建选项内数据到 settings.json start, progress: 13%
2026-6-11 11:59:51-debug: // ---- build task 整理部分构建选项内数据到 settings.json ----
2026-6-11 11:59:51-debug: // ---- build task 整理部分构建选项内数据到 settings.json ---- (9ms)
2026-6-11 11:59:51-log: run build task 整理部分构建选项内数据到 settings.json success in 9 ms√, progress: 15%
2026-6-11 11:59:51-debug: [Build Memory track]: 整理部分构建选项内数据到 settings.json start:234.02MB, end 234.16MB, increase: 143.68KB
2026-6-11 12:01:29-debug: refresh db internal success
2026-6-11 12:01:29-debug: refresh db assets success
2026-6-11 12:01:29-debug: Run asset db hook engine-extends:afterRefresh ...
2026-6-11 12:01:29-debug: Run asset db hook engine-extends:afterRefresh success!
2026-6-11 12:01:29-debug: asset-db:refresh-all-database (45ms)
2026-6-11 12:01:29-debug: asset-db:worker-effect-data-processing (1ms)
2026-6-11 12:01:29-debug: asset-db-hook-engine-extends-afterRefresh (1ms)
2026-6-11 12:01:34-debug: Query all assets info in project
2026-6-11 12:01:34-debug: init custom config: keepNodeUuid: false, useCache: true
2026-6-11 12:01:34-debug: Skip compress image, progress: 0%
2026-6-11 12:01:34-debug: Init all bundles start..., progress: 0%
2026-6-11 12:01:34-debug: Num of bundles: 3..., progress: 0%
2026-6-11 12:01:34-debug: 查询 Asset Bundle start, progress: 0%
2026-6-11 12:01:34-debug: Init bundle root assets start..., progress: 0%
2026-6-11 12:01:34-debug: // ---- build task 查询 Asset Bundle ----
2026-6-11 12:01:34-debug: Query preload assets/scripts from cc.config.json: 60f7195c-ec2a-45eb-ba94-8955f60e81d0,1c02ae6f-4492-4915-b8f8-7492a3b1e4cd,810e96e4-e456-4468-9b59-f4e8f39732c0,efe8e2a3-eace-427b-b4f1-cb8a937ec77d,e9aa9a3e-5b2b-4ac7-a2c7-073de2b2b24f,8bbdbcdd-5cd4-4100-b6d5-b7c9625b6107,50f4348b-c883-4e2f-8f11-ce233b859fa1,fda095cb-831d-4601-ad94-846013963de8,f92806d7-1768-443f-afe8-12bcde84d0f0,dd3a144d-ab7f-41f0-82b8-2e43a090d496,f0416e68-0200-4b77-a926-4f9d16e494da,970b0598-bcb0-4714-91fb-2e81440dccd8,bcd64cc6-2dd9-43f6-abbe-66318d332032,d930590d-bb92-4cc8-8bd1-23cd027f9edf,a3cd009f-0ab0-420d-9278-b9fdab939bbc,6a2d0734-bd9e-4ddf-946e-caa52498cb75,c27215d8-6835-4b68-bfbb-bdeac6100c04,b5d6115f-0370-4d7c-aad3-c194cc71cf98,871c3b6c-7379-419d-bda3-794b239ab90d,ff9b0199-ce04-4cfe-86cc-6c719f08d6e4,de1c2107-70c8-4021-8459-6399f24d01c6,cbf30902-517f-40dc-af90-a550bac27cf1,5c601d96-e4c7-4698-991b-7ee674b11079
2026-6-11 12:01:34-debug:   Number of all scenes: 1
2026-6-11 12:01:34-debug:   Number of all scripts: 21
2026-6-11 12:01:34-debug:   Number of other assets: 376
2026-6-11 12:01:34-debug: Init bundle root assets success..., progress: 0%
2026-6-11 12:01:34-debug: // ---- build task 查询 Asset Bundle ---- (7ms)
2026-6-11 12:01:34-debug: // ---- build task 查询 Asset Bundle ----
2026-6-11 12:01:34-debug: [Build Memory track]: 查询 Asset Bundle start:223.08MB, end 223.25MB, increase: 169.18KB
2026-6-11 12:01:34-debug: 查询 Asset Bundle start, progress: 5%
2026-6-11 12:01:34-log: run build task 查询 Asset Bundle success in 7 ms√, progress: 5%
2026-6-11 12:01:34-debug: // ---- build task 查询 Asset Bundle ---- (2ms)
2026-6-11 12:01:34-log: run build task 查询 Asset Bundle success in 2 ms√, progress: 10%
2026-6-11 12:01:34-debug: // ---- build task 整理部分构建选项内数据到 settings.json ----
2026-6-11 12:01:34-debug: [Build Memory track]: 查询 Asset Bundle start:223.28MB, end 223.41MB, increase: 132.11KB
2026-6-11 12:01:34-debug: 整理部分构建选项内数据到 settings.json start, progress: 10%
2026-6-11 12:01:34-debug: // ---- build task 整理部分构建选项内数据到 settings.json ---- (1ms)
2026-6-11 12:01:34-debug: // ---- build task 填充脚本数据到 settings.json ----
2026-6-11 12:01:34-debug: [Build Memory track]: 整理部分构建选项内数据到 settings.json start:223.46MB, end 223.49MB, increase: 31.97KB
2026-6-11 12:01:34-debug: 填充脚本数据到 settings.json start, progress: 12%
2026-6-11 12:01:34-log: run build task 整理部分构建选项内数据到 settings.json success in 1 ms√, progress: 12%
2026-6-11 12:01:34-log: run build task 填充脚本数据到 settings.json success in √, progress: 13%
2026-6-11 12:01:34-debug: 整理部分构建选项内数据到 settings.json start, progress: 13%
2026-6-11 12:01:34-debug: // ---- build task 整理部分构建选项内数据到 settings.json ----
2026-6-11 12:01:34-debug: [Build Memory track]: 填充脚本数据到 settings.json start:223.53MB, end 223.55MB, increase: 23.94KB
2026-6-11 12:01:34-debug: // ---- build task 整理部分构建选项内数据到 settings.json ---- (3ms)
2026-6-11 12:01:34-log: run build task 整理部分构建选项内数据到 settings.json success in 3 ms√, progress: 15%
2026-6-11 12:01:34-debug: [Build Memory track]: 整理部分构建选项内数据到 settings.json start:223.59MB, end 223.73MB, increase: 140.40KB
2026-6-11 12:01:42-debug: Query all assets info in project
2026-6-11 12:01:42-debug: init custom config: keepNodeUuid: false, useCache: true
2026-6-11 12:01:42-debug: Skip compress image, progress: 0%
2026-6-11 12:01:42-debug: Init all bundles start..., progress: 0%
2026-6-11 12:01:42-debug: // ---- build task 查询 Asset Bundle ----
2026-6-11 12:01:42-debug: 查询 Asset Bundle start, progress: 0%
2026-6-11 12:01:42-debug: Num of bundles: 3..., progress: 0%
2026-6-11 12:01:42-debug: Init bundle root assets start..., progress: 0%
2026-6-11 12:01:42-debug: Query preload assets/scripts from cc.config.json: 60f7195c-ec2a-45eb-ba94-8955f60e81d0,1c02ae6f-4492-4915-b8f8-7492a3b1e4cd,810e96e4-e456-4468-9b59-f4e8f39732c0,efe8e2a3-eace-427b-b4f1-cb8a937ec77d,e9aa9a3e-5b2b-4ac7-a2c7-073de2b2b24f,8bbdbcdd-5cd4-4100-b6d5-b7c9625b6107,50f4348b-c883-4e2f-8f11-ce233b859fa1,fda095cb-831d-4601-ad94-846013963de8,f92806d7-1768-443f-afe8-12bcde84d0f0,dd3a144d-ab7f-41f0-82b8-2e43a090d496,f0416e68-0200-4b77-a926-4f9d16e494da,970b0598-bcb0-4714-91fb-2e81440dccd8,bcd64cc6-2dd9-43f6-abbe-66318d332032,d930590d-bb92-4cc8-8bd1-23cd027f9edf,a3cd009f-0ab0-420d-9278-b9fdab939bbc,6a2d0734-bd9e-4ddf-946e-caa52498cb75,c27215d8-6835-4b68-bfbb-bdeac6100c04,b5d6115f-0370-4d7c-aad3-c194cc71cf98,871c3b6c-7379-419d-bda3-794b239ab90d,ff9b0199-ce04-4cfe-86cc-6c719f08d6e4,de1c2107-70c8-4021-8459-6399f24d01c6,cbf30902-517f-40dc-af90-a550bac27cf1,5c601d96-e4c7-4698-991b-7ee674b11079
2026-6-11 12:01:42-debug:   Number of all scripts: 21
2026-6-11 12:01:42-debug: Init bundle root assets success..., progress: 0%
2026-6-11 12:01:42-debug:   Number of other assets: 376
2026-6-11 12:01:42-debug:   Number of all scenes: 1
2026-6-11 12:01:42-debug: // ---- build task 查询 Asset Bundle ---- (7ms)
2026-6-11 12:01:42-log: run build task 查询 Asset Bundle success in 7 ms√, progress: 5%
2026-6-11 12:01:42-debug: [Build Memory track]: 查询 Asset Bundle start:223.64MB, end 223.76MB, increase: 122.09KB
2026-6-11 12:01:42-debug: 查询 Asset Bundle start, progress: 5%
2026-6-11 12:01:42-debug: // ---- build task 查询 Asset Bundle ----
2026-6-11 12:01:42-debug: // ---- build task 查询 Asset Bundle ---- (2ms)
2026-6-11 12:01:42-debug: // ---- build task 整理部分构建选项内数据到 settings.json ----
2026-6-11 12:01:42-log: run build task 查询 Asset Bundle success in 2 ms√, progress: 10%
2026-6-11 12:01:42-debug: 整理部分构建选项内数据到 settings.json start, progress: 10%
2026-6-11 12:01:42-debug: [Build Memory track]: 查询 Asset Bundle start:223.80MB, end 223.93MB, increase: 127.17KB
2026-6-11 12:01:42-debug: // ---- build task 整理部分构建选项内数据到 settings.json ---- (3ms)
2026-6-11 12:01:42-debug: [Build Memory track]: 整理部分构建选项内数据到 settings.json start:223.96MB, end 223.26MB, increase: -723.99KB
2026-6-11 12:01:42-log: run build task 整理部分构建选项内数据到 settings.json success in 3 ms√, progress: 12%
2026-6-11 12:01:42-debug: 填充脚本数据到 settings.json start, progress: 12%
2026-6-11 12:01:42-debug: // ---- build task 填充脚本数据到 settings.json ----
2026-6-11 12:01:42-debug: // ---- build task 填充脚本数据到 settings.json ---- (1ms)
2026-6-11 12:01:42-debug: 整理部分构建选项内数据到 settings.json start, progress: 13%
2026-6-11 12:01:42-debug: [Build Memory track]: 填充脚本数据到 settings.json start:223.29MB, end 223.32MB, increase: 30.95KB
2026-6-11 12:01:42-debug: // ---- build task 整理部分构建选项内数据到 settings.json ----
2026-6-11 12:01:42-log: run build task 填充脚本数据到 settings.json success in 1 ms√, progress: 13%
2026-6-11 12:01:42-debug: // ---- build task 整理部分构建选项内数据到 settings.json ---- (3ms)
2026-6-11 12:01:42-debug: [Build Memory track]: 整理部分构建选项内数据到 settings.json start:223.39MB, end 223.53MB, increase: 144.46KB
2026-6-11 12:01:42-log: run build task 整理部分构建选项内数据到 settings.json success in 3 ms√, progress: 15%
2026-6-11 12:01:43-debug: refresh db internal success
2026-6-11 12:01:43-debug: refresh db assets success
2026-6-11 12:01:43-debug: Run asset db hook engine-extends:afterRefresh ...
2026-6-11 12:01:43-debug: Run asset db hook engine-extends:afterRefresh success!
2026-6-11 12:01:43-debug: asset-db:refresh-all-database (31ms)
2026-6-11 12:01:43-debug: asset-db:worker-effect-data-processing (1ms)
2026-6-11 12:01:43-debug: asset-db-hook-engine-extends-afterRefresh (1ms)
2026-6-11 12:02:08-debug: Query all assets info in project
2026-6-11 12:02:08-debug: init custom config: keepNodeUuid: false, useCache: true
2026-6-11 12:02:08-debug: Skip compress image, progress: 0%
2026-6-11 12:02:08-debug: Init all bundles start..., progress: 0%
2026-6-11 12:02:08-debug: Num of bundles: 3..., progress: 0%
2026-6-11 12:02:08-debug: // ---- build task 查询 Asset Bundle ----
2026-6-11 12:02:08-debug: 查询 Asset Bundle start, progress: 0%
2026-6-11 12:02:08-debug: Init bundle root assets start..., progress: 0%
2026-6-11 12:02:08-debug: Query preload assets/scripts from cc.config.json: 60f7195c-ec2a-45eb-ba94-8955f60e81d0,1c02ae6f-4492-4915-b8f8-7492a3b1e4cd,810e96e4-e456-4468-9b59-f4e8f39732c0,efe8e2a3-eace-427b-b4f1-cb8a937ec77d,e9aa9a3e-5b2b-4ac7-a2c7-073de2b2b24f,8bbdbcdd-5cd4-4100-b6d5-b7c9625b6107,50f4348b-c883-4e2f-8f11-ce233b859fa1,fda095cb-831d-4601-ad94-846013963de8,f92806d7-1768-443f-afe8-12bcde84d0f0,dd3a144d-ab7f-41f0-82b8-2e43a090d496,f0416e68-0200-4b77-a926-4f9d16e494da,970b0598-bcb0-4714-91fb-2e81440dccd8,bcd64cc6-2dd9-43f6-abbe-66318d332032,d930590d-bb92-4cc8-8bd1-23cd027f9edf,a3cd009f-0ab0-420d-9278-b9fdab939bbc,6a2d0734-bd9e-4ddf-946e-caa52498cb75,c27215d8-6835-4b68-bfbb-bdeac6100c04,b5d6115f-0370-4d7c-aad3-c194cc71cf98,871c3b6c-7379-419d-bda3-794b239ab90d,ff9b0199-ce04-4cfe-86cc-6c719f08d6e4,de1c2107-70c8-4021-8459-6399f24d01c6,cbf30902-517f-40dc-af90-a550bac27cf1,5c601d96-e4c7-4698-991b-7ee674b11079
2026-6-11 12:02:08-debug: Init bundle root assets success..., progress: 0%
2026-6-11 12:02:08-debug:   Number of all scenes: 1
2026-6-11 12:02:08-debug:   Number of other assets: 376
2026-6-11 12:02:08-debug:   Number of all scripts: 21
2026-6-11 12:02:08-debug: // ---- build task 查询 Asset Bundle ---- (7ms)
2026-6-11 12:02:08-log: run build task 查询 Asset Bundle success in 7 ms√, progress: 5%
2026-6-11 12:02:08-debug: [Build Memory track]: 查询 Asset Bundle start:225.15MB, end 224.59MB, increase: -575.73KB
2026-6-11 12:02:08-debug: 查询 Asset Bundle start, progress: 5%
2026-6-11 12:02:08-debug: // ---- build task 查询 Asset Bundle ----
2026-6-11 12:02:08-debug: // ---- build task 查询 Asset Bundle ---- (2ms)
2026-6-11 12:02:08-debug: // ---- build task 整理部分构建选项内数据到 settings.json ----
2026-6-11 12:02:08-log: run build task 查询 Asset Bundle success in 2 ms√, progress: 10%
2026-6-11 12:02:08-debug: 整理部分构建选项内数据到 settings.json start, progress: 10%
2026-6-11 12:02:08-debug: [Build Memory track]: 查询 Asset Bundle start:224.63MB, end 224.76MB, increase: 135.88KB
2026-6-11 12:02:08-debug: // ---- build task 整理部分构建选项内数据到 settings.json ---- (2ms)
2026-6-11 12:02:08-debug: [Build Memory track]: 整理部分构建选项内数据到 settings.json start:224.80MB, end 224.84MB, increase: 42.67KB
2026-6-11 12:02:08-debug: // ---- build task 填充脚本数据到 settings.json ----
2026-6-11 12:02:08-log: run build task 整理部分构建选项内数据到 settings.json success in 2 ms√, progress: 12%
2026-6-11 12:02:08-debug: 填充脚本数据到 settings.json start, progress: 12%
2026-6-11 12:02:08-debug: // ---- build task 填充脚本数据到 settings.json ---- (1ms)
2026-6-11 12:02:08-debug: 整理部分构建选项内数据到 settings.json start, progress: 13%
2026-6-11 12:02:08-debug: [Build Memory track]: 填充脚本数据到 settings.json start:224.88MB, end 224.91MB, increase: 30.98KB
2026-6-11 12:02:08-debug: // ---- build task 整理部分构建选项内数据到 settings.json ----
2026-6-11 12:02:08-log: run build task 填充脚本数据到 settings.json success in 1 ms√, progress: 13%
2026-6-11 12:02:08-debug: // ---- build task 整理部分构建选项内数据到 settings.json ---- (4ms)
2026-6-11 12:02:08-debug: [Build Memory track]: 整理部分构建选项内数据到 settings.json start:224.94MB, end 225.07MB, increase: 132.94KB
2026-6-11 12:02:08-log: run build task 整理部分构建选项内数据到 settings.json success in 4 ms√, progress: 15%
2026-6-11 12:04:05-debug: Query all assets info in project
2026-6-11 12:04:05-debug: init custom config: keepNodeUuid: false, useCache: true
2026-6-11 12:04:05-debug: Skip compress image, progress: 0%
2026-6-11 12:04:05-debug: Init all bundles start..., progress: 0%
2026-6-11 12:04:05-debug: Num of bundles: 3..., progress: 0%
2026-6-11 12:04:05-debug: 查询 Asset Bundle start, progress: 0%
2026-6-11 12:04:05-debug: // ---- build task 查询 Asset Bundle ----
2026-6-11 12:04:05-debug: Init bundle root assets start..., progress: 0%
2026-6-11 12:04:05-debug: Query preload assets/scripts from cc.config.json: 60f7195c-ec2a-45eb-ba94-8955f60e81d0,1c02ae6f-4492-4915-b8f8-7492a3b1e4cd,810e96e4-e456-4468-9b59-f4e8f39732c0,efe8e2a3-eace-427b-b4f1-cb8a937ec77d,e9aa9a3e-5b2b-4ac7-a2c7-073de2b2b24f,8bbdbcdd-5cd4-4100-b6d5-b7c9625b6107,50f4348b-c883-4e2f-8f11-ce233b859fa1,fda095cb-831d-4601-ad94-846013963de8,f92806d7-1768-443f-afe8-12bcde84d0f0,dd3a144d-ab7f-41f0-82b8-2e43a090d496,f0416e68-0200-4b77-a926-4f9d16e494da,970b0598-bcb0-4714-91fb-2e81440dccd8,bcd64cc6-2dd9-43f6-abbe-66318d332032,d930590d-bb92-4cc8-8bd1-23cd027f9edf,a3cd009f-0ab0-420d-9278-b9fdab939bbc,6a2d0734-bd9e-4ddf-946e-caa52498cb75,c27215d8-6835-4b68-bfbb-bdeac6100c04,b5d6115f-0370-4d7c-aad3-c194cc71cf98,871c3b6c-7379-419d-bda3-794b239ab90d,ff9b0199-ce04-4cfe-86cc-6c719f08d6e4,de1c2107-70c8-4021-8459-6399f24d01c6,cbf30902-517f-40dc-af90-a550bac27cf1,5c601d96-e4c7-4698-991b-7ee674b11079
2026-6-11 12:04:05-debug:   Number of all scripts: 21
2026-6-11 12:04:05-debug:   Number of other assets: 376
2026-6-11 12:04:05-debug:   Number of all scenes: 1
2026-6-11 12:04:05-debug: Init bundle root assets success..., progress: 0%
2026-6-11 12:04:05-debug: // ---- build task 查询 Asset Bundle ---- (8ms)
2026-6-11 12:04:05-debug: 查询 Asset Bundle start, progress: 5%
2026-6-11 12:04:05-debug: [Build Memory track]: 查询 Asset Bundle start:225.28MB, end 225.40MB, increase: 126.08KB
2026-6-11 12:04:05-log: run build task 查询 Asset Bundle success in 8 ms√, progress: 5%
2026-6-11 12:04:05-debug: // ---- build task 查询 Asset Bundle ----
2026-6-11 12:04:05-debug: // ---- build task 查询 Asset Bundle ---- (2ms)
2026-6-11 12:04:05-debug: [Build Memory track]: 查询 Asset Bundle start:225.44MB, end 224.88MB, increase: -574.63KB
2026-6-11 12:04:05-log: run build task 查询 Asset Bundle success in 2 ms√, progress: 10%
2026-6-11 12:04:05-debug: 整理部分构建选项内数据到 settings.json start, progress: 10%
2026-6-11 12:04:05-debug: // ---- build task 整理部分构建选项内数据到 settings.json ----
2026-6-11 12:04:05-debug: // ---- build task 整理部分构建选项内数据到 settings.json ---- (1ms)
2026-6-11 12:04:05-log: run build task 整理部分构建选项内数据到 settings.json success in 1 ms√, progress: 12%
2026-6-11 12:04:05-debug: // ---- build task 填充脚本数据到 settings.json ----
2026-6-11 12:04:05-debug: 填充脚本数据到 settings.json start, progress: 12%
2026-6-11 12:04:05-debug: [Build Memory track]: 整理部分构建选项内数据到 settings.json start:224.92MB, end 224.95MB, increase: 31.56KB
2026-6-11 12:04:05-debug: // ---- build task 填充脚本数据到 settings.json ---- (1ms)
2026-6-11 12:04:05-log: run build task 填充脚本数据到 settings.json success in 1 ms√, progress: 13%
2026-6-11 12:04:05-debug: // ---- build task 整理部分构建选项内数据到 settings.json ----
2026-6-11 12:04:05-debug: 整理部分构建选项内数据到 settings.json start, progress: 13%
2026-6-11 12:04:05-debug: [Build Memory track]: 填充脚本数据到 settings.json start:224.99MB, end 225.02MB, increase: 35.39KB
2026-6-11 12:04:05-debug: // ---- build task 整理部分构建选项内数据到 settings.json ---- (3ms)
2026-6-11 12:04:05-log: run build task 整理部分构建选项内数据到 settings.json success in 3 ms√, progress: 15%
2026-6-11 12:04:05-debug: [Build Memory track]: 整理部分构建选项内数据到 settings.json start:225.06MB, end 225.19MB, increase: 134.89KB
2026-6-11 12:04:50-debug: Query all assets info in project
2026-6-11 12:04:50-debug: init custom config: keepNodeUuid: false, useCache: true
2026-6-11 12:04:50-debug: Skip compress image, progress: 0%
2026-6-11 12:04:50-debug: Init all bundles start..., progress: 0%
2026-6-11 12:04:50-debug: Init bundle root assets start..., progress: 0%
2026-6-11 12:04:50-debug: Num of bundles: 3..., progress: 0%
2026-6-11 12:04:50-debug: // ---- build task 查询 Asset Bundle ----
2026-6-11 12:04:50-debug: 查询 Asset Bundle start, progress: 0%
2026-6-11 12:04:50-debug: Query preload assets/scripts from cc.config.json: 60f7195c-ec2a-45eb-ba94-8955f60e81d0,1c02ae6f-4492-4915-b8f8-7492a3b1e4cd,810e96e4-e456-4468-9b59-f4e8f39732c0,efe8e2a3-eace-427b-b4f1-cb8a937ec77d,e9aa9a3e-5b2b-4ac7-a2c7-073de2b2b24f,8bbdbcdd-5cd4-4100-b6d5-b7c9625b6107,50f4348b-c883-4e2f-8f11-ce233b859fa1,fda095cb-831d-4601-ad94-846013963de8,f92806d7-1768-443f-afe8-12bcde84d0f0,dd3a144d-ab7f-41f0-82b8-2e43a090d496,f0416e68-0200-4b77-a926-4f9d16e494da,970b0598-bcb0-4714-91fb-2e81440dccd8,bcd64cc6-2dd9-43f6-abbe-66318d332032,d930590d-bb92-4cc8-8bd1-23cd027f9edf,a3cd009f-0ab0-420d-9278-b9fdab939bbc,6a2d0734-bd9e-4ddf-946e-caa52498cb75,c27215d8-6835-4b68-bfbb-bdeac6100c04,b5d6115f-0370-4d7c-aad3-c194cc71cf98,871c3b6c-7379-419d-bda3-794b239ab90d,ff9b0199-ce04-4cfe-86cc-6c719f08d6e4,de1c2107-70c8-4021-8459-6399f24d01c6,cbf30902-517f-40dc-af90-a550bac27cf1,5c601d96-e4c7-4698-991b-7ee674b11079
2026-6-11 12:04:50-debug:   Number of all scenes: 1
2026-6-11 12:04:50-debug:   Number of all scripts: 21
2026-6-11 12:04:50-debug:   Number of other assets: 376
2026-6-11 12:04:50-debug: Init bundle root assets success..., progress: 0%
2026-6-11 12:04:50-debug: // ---- build task 查询 Asset Bundle ---- (43ms)
2026-6-11 12:04:50-log: run build task 查询 Asset Bundle success in 43 ms√, progress: 5%
2026-6-11 12:04:50-debug: 查询 Asset Bundle start, progress: 5%
2026-6-11 12:04:50-debug: [Build Memory track]: 查询 Asset Bundle start:225.40MB, end 225.53MB, increase: 126.27KB
2026-6-11 12:04:50-debug: // ---- build task 查询 Asset Bundle ----
2026-6-11 12:04:50-debug: // ---- build task 查询 Asset Bundle ---- (19ms)
2026-6-11 12:04:50-log: run build task 查询 Asset Bundle success in 19 ms√, progress: 10%
2026-6-11 12:04:50-debug: [Build Memory track]: 查询 Asset Bundle start:225.56MB, end 224.97MB, increase: -609.07KB
2026-6-11 12:04:50-debug: [Build Memory track]: 整理部分构建选项内数据到 settings.json start:225.01MB, end 225.03MB, increase: 28.60KB
2026-6-11 12:04:50-debug: 填充脚本数据到 settings.json start, progress: 12%
2026-6-11 12:04:50-debug: // ---- build task 填充脚本数据到 settings.json ----
2026-6-11 12:04:50-log: run build task 整理部分构建选项内数据到 settings.json success in 1 ms√, progress: 12%
2026-6-11 12:04:50-debug: 整理部分构建选项内数据到 settings.json start, progress: 10%
2026-6-11 12:04:50-debug: // ---- build task 整理部分构建选项内数据到 settings.json ----
2026-6-11 12:04:50-debug: // ---- build task 整理部分构建选项内数据到 settings.json ---- (1ms)
2026-6-11 12:04:50-log: run build task 填充脚本数据到 settings.json success in 3 ms√, progress: 13%
2026-6-11 12:04:50-debug: // ---- build task 填充脚本数据到 settings.json ---- (3ms)
2026-6-11 12:04:50-debug: [Build Memory track]: 填充脚本数据到 settings.json start:225.07MB, end 225.10MB, increase: 29.94KB
2026-6-11 12:04:50-debug: 整理部分构建选项内数据到 settings.json start, progress: 13%
2026-6-11 12:04:50-debug: // ---- build task 整理部分构建选项内数据到 settings.json ----
2026-6-11 12:04:50-debug: [Build Memory track]: 整理部分构建选项内数据到 settings.json start:225.14MB, end 225.27MB, increase: 132.99KB
2026-6-11 12:04:50-debug: // ---- build task 整理部分构建选项内数据到 settings.json ---- (24ms)
2026-6-11 12:04:50-log: run build task 整理部分构建选项内数据到 settings.json success in 24 ms√, progress: 15%
