2026-6-9 20:11:56-log: Cannot access game frame or container.
2026-6-9 20:11:56-debug: asset-db:require-engine-code (608ms)
2026-6-9 20:11:56-log: [bullet]:bullet wasm lib loaded.
2026-6-9 20:11:56-log: [box2d]:box2d wasm lib loaded.
2026-6-9 20:11:56-log: meshopt wasm decoder initialized
2026-6-9 20:11:56-log: Cocos Creator v3.8.8
2026-6-9 20:11:56-log: Using legacy pipeline
2026-6-9 20:11:56-log: Forward render pipeline initialized.
2026-6-9 20:11:56-debug: [Assets Memory track]: asset-db:worker-init: initEngine start:30.98MB, end 79.17MB, increase: 48.19MB
2026-6-9 20:11:59-debug: [Assets Memory track]: asset-db:worker-init: initPlugin start:79.21MB, end 273.63MB, increase: 194.41MB
2026-6-9 20:11:59-debug: run package(windows) handler(enable) start
2026-6-9 20:11:59-debug: run package(xiaomi-quick-game) handler(enable) start
2026-6-9 20:11:59-debug: run package(xiaomi-quick-game) handler(enable) success!
2026-6-9 20:11:59-debug: run package(cocos-service) handler(enable) start
2026-6-9 20:11:59-debug: run package(cocos-service) handler(enable) success!
2026-6-9 20:11:59-debug: run package(placeholder) handler(enable) start
2026-6-9 20:11:59-debug: run package(placeholder) handler(enable) success!
2026-6-9 20:11:59-debug: run package(im-plugin) handler(enable) success!
2026-6-9 20:11:59-debug: run package(im-plugin) handler(enable) start
2026-6-9 20:11:59-debug: run package(windows) handler(enable) success!
2026-6-9 20:11:59-debug: asset-db:worker-init: initPlugin (2292ms)
2026-6-9 20:11:59-debug: [Assets Memory track]: asset-db:worker-init start:30.97MB, end 274.11MB, increase: 243.14MB
2026-6-9 20:11:59-debug: Run asset db hook engine-extends:beforePreStart success!
2026-6-9 20:11:59-debug: Run asset db hook programming:beforePreStart success!
2026-6-9 20:11:59-debug: Run asset db hook engine-extends:beforePreStart ...
2026-6-9 20:11:59-debug: Run asset db hook programming:beforePreStart ...
2026-6-9 20:11:59-debug: asset-db:worker-init (3058ms)
2026-6-9 20:11:59-debug: Preimport db internal success
2026-6-9 20:11:59-debug: asset-db-hook-programming-beforePreStart (108ms)
2026-6-9 20:11:59-debug: asset-db-hook-engine-extends-beforePreStart (108ms)
2026-6-9 20:11:59-debug: Preimport db assets success
2026-6-9 20:11:59-debug: Run asset db hook programming:afterPreStart ...
2026-6-9 20:11:59-debug: starting packer-driver...
2026-6-9 20:11:59-debug: initialize scripting environment...
2026-6-9 20:11:59-debug: [[Executor]] prepare before lock
2026-6-9 20:11:59-debug: Set detail map pack:///resolution-detail-map.json: {}
2026-6-9 20:11:59-debug: [[Executor]] prepare after unlock
2026-6-9 20:11:59-debug: [Assets Memory track]: asset-db:worker-init: preStart start:274.12MB, end 277.69MB, increase: 3.57MB
2026-6-9 20:11:59-debug: Start up the 'internal' database...
2026-6-9 20:11:59-debug: Run asset db hook engine-extends:afterPreStart ...
2026-6-9 20:11:59-debug: Run asset db hook programming:afterPreStart success!
2026-6-9 20:11:59-debug: Run asset db hook engine-extends:afterPreStart success!
2026-6-9 20:11:59-debug: asset-db-hook-programming-afterPreStart (353ms)
2026-6-9 20:11:59-debug: asset-db:worker-effect-data-processing (196ms)
2026-6-9 20:11:59-debug: asset-db-hook-engine-extends-afterPreStart (196ms)
2026-6-9 20:11:59-debug: Run asset db hook engine-extends:afterStartDB ...
2026-6-9 20:12:00-debug: recompile effect.bin success
2026-6-9 20:12:00-debug: Run asset db hook engine-extends:afterStartDB success!
2026-6-9 20:12:00-debug: Start up the 'assets' database...
2026-6-9 20:12:00-debug: asset-db:worker-effect-data-processing (331ms)
2026-6-9 20:12:00-debug: asset-db-hook-engine-extends-afterStartDB (331ms)
2026-6-9 20:12:00-debug: Run asset db hook engine-extends:afterStartDB ...
2026-6-9 20:12:00-debug: recompile effect.bin success
2026-6-9 20:12:00-debug: Run asset db hook engine-extends:afterStartDB success!
2026-6-9 20:12:00-debug: [Assets Memory track]: asset-db:worker-init: startup start:277.70MB, end 298.39MB, increase: 20.69MB
2026-6-9 20:12:00-debug: lazy register asset handler *
2026-6-9 20:12:00-debug: lazy register asset handler directory
2026-6-9 20:12:00-debug: lazy register asset handler text
2026-6-9 20:12:00-debug: lazy register asset handler json
2026-6-9 20:12:00-debug: lazy register asset handler spine-data
2026-6-9 20:12:00-debug: lazy register asset handler terrain
2026-6-9 20:12:00-debug: lazy register asset handler javascript
2026-6-9 20:12:00-debug: lazy register asset handler typescript
2026-6-9 20:12:00-debug: lazy register asset handler scene
2026-6-9 20:12:00-debug: lazy register asset handler prefab
2026-6-9 20:12:00-debug: lazy register asset handler sprite-frame
2026-6-9 20:12:00-debug: lazy register asset handler tiled-map
2026-6-9 20:12:00-debug: lazy register asset handler buffer
2026-6-9 20:12:00-debug: lazy register asset handler image
2026-6-9 20:12:00-debug: lazy register asset handler sign-image
2026-6-9 20:12:00-debug: lazy register asset handler alpha-image
2026-6-9 20:12:00-debug: lazy register asset handler texture
2026-6-9 20:12:00-debug: lazy register asset handler texture-cube
2026-6-9 20:12:00-debug: lazy register asset handler erp-texture-cube
2026-6-9 20:12:00-debug: lazy register asset handler render-texture
2026-6-9 20:12:00-debug: lazy register asset handler rt-sprite-frame
2026-6-9 20:12:00-debug: lazy register asset handler gltf
2026-6-9 20:12:00-debug: lazy register asset handler gltf-mesh
2026-6-9 20:12:00-debug: lazy register asset handler gltf-animation
2026-6-9 20:12:00-debug: lazy register asset handler gltf-skeleton
2026-6-9 20:12:00-debug: lazy register asset handler gltf-material
2026-6-9 20:12:00-debug: lazy register asset handler gltf-scene
2026-6-9 20:12:00-debug: lazy register asset handler gltf-embeded-image
2026-6-9 20:12:00-debug: lazy register asset handler fbx
2026-6-9 20:12:00-debug: lazy register asset handler material
2026-6-9 20:12:00-debug: lazy register asset handler physics-material
2026-6-9 20:12:00-debug: lazy register asset handler effect
2026-6-9 20:12:00-debug: lazy register asset handler effect-header
2026-6-9 20:12:00-debug: lazy register asset handler audio-clip
2026-6-9 20:12:00-debug: lazy register asset handler animation-graph
2026-6-9 20:12:00-debug: lazy register asset handler animation-clip
2026-6-9 20:12:00-debug: lazy register asset handler animation-graph-variant
2026-6-9 20:12:00-debug: lazy register asset handler animation-mask
2026-6-9 20:12:00-debug: lazy register asset handler ttf-font
2026-6-9 20:12:00-debug: lazy register asset handler bitmap-font
2026-6-9 20:12:00-debug: lazy register asset handler particle
2026-6-9 20:12:00-debug: lazy register asset handler sprite-atlas
2026-6-9 20:12:00-debug: lazy register asset handler auto-atlas
2026-6-9 20:12:00-debug: lazy register asset handler label-atlas
2026-6-9 20:12:00-debug: lazy register asset handler render-pipeline
2026-6-9 20:12:00-debug: lazy register asset handler render-stage
2026-6-9 20:12:00-debug: lazy register asset handler render-flow
2026-6-9 20:12:00-debug: lazy register asset handler instantiation-material
2026-6-9 20:12:00-debug: lazy register asset handler instantiation-mesh
2026-6-9 20:12:00-debug: lazy register asset handler instantiation-skeleton
2026-6-9 20:12:00-debug: lazy register asset handler instantiation-animation
2026-6-9 20:12:00-debug: lazy register asset handler video-clip
2026-6-9 20:12:00-debug: lazy register asset handler dragonbones-atlas
2026-6-9 20:12:00-debug: lazy register asset handler dragonbones
2026-6-9 20:12:00-debug: lazy register asset handler texture-cube-face
2026-6-9 20:12:00-debug: asset-db:worker-effect-data-processing (264ms)
2026-6-9 20:12:00-debug: asset-db-hook-engine-extends-afterStartDB (265ms)
2026-6-9 20:12:00-debug: asset-db:start-database (1113ms)
2026-6-9 20:12:00-debug: asset-db:ready (6147ms)
2026-6-9 20:12:00-debug: init worker message success
2026-6-9 20:12:00-debug: programming:execute-script (1ms)
2026-6-9 20:12:00-debug: [Build Memory track]: builder:worker-init start:302.26MB, end 311.97MB, increase: 9.70MB
2026-6-9 20:12:00-debug: builder:worker-init (229ms)
2026-6-9 20:12:12-debug: Query all assets info in project
2026-6-9 20:12:12-debug: init custom config: keepNodeUuid: false, useCache: true
2026-6-9 20:12:12-debug: Skip compress image, progress: 0%
2026-6-9 20:12:12-debug: Init all bundles start..., progress: 0%
2026-6-9 20:12:12-debug: Num of bundles: 3..., progress: 0%
2026-6-9 20:12:12-debug: 查询 Asset Bundle start, progress: 0%
2026-6-9 20:12:12-debug: // ---- build task 查询 Asset Bundle ----
2026-6-9 20:12:12-debug: Init bundle root assets start..., progress: 0%
2026-6-9 20:12:12-debug: Query preload assets/scripts from cc.config.json: 60f7195c-ec2a-45eb-ba94-8955f60e81d0,1c02ae6f-4492-4915-b8f8-7492a3b1e4cd,810e96e4-e456-4468-9b59-f4e8f39732c0,efe8e2a3-eace-427b-b4f1-cb8a937ec77d,e9aa9a3e-5b2b-4ac7-a2c7-073de2b2b24f,8bbdbcdd-5cd4-4100-b6d5-b7c9625b6107,50f4348b-c883-4e2f-8f11-ce233b859fa1,fda095cb-831d-4601-ad94-846013963de8,f92806d7-1768-443f-afe8-12bcde84d0f0,dd3a144d-ab7f-41f0-82b8-2e43a090d496,f0416e68-0200-4b77-a926-4f9d16e494da,970b0598-bcb0-4714-91fb-2e81440dccd8,bcd64cc6-2dd9-43f6-abbe-66318d332032,d930590d-bb92-4cc8-8bd1-23cd027f9edf,a3cd009f-0ab0-420d-9278-b9fdab939bbc,6a2d0734-bd9e-4ddf-946e-caa52498cb75,c27215d8-6835-4b68-bfbb-bdeac6100c04,b5d6115f-0370-4d7c-aad3-c194cc71cf98,871c3b6c-7379-419d-bda3-794b239ab90d,ff9b0199-ce04-4cfe-86cc-6c719f08d6e4,de1c2107-70c8-4021-8459-6399f24d01c6,cbf30902-517f-40dc-af90-a550bac27cf1,5c601d96-e4c7-4698-991b-7ee674b11079
2026-6-9 20:12:12-debug: Init bundle root assets success..., progress: 0%
2026-6-9 20:12:12-debug:   Number of all scenes: 1
2026-6-9 20:12:12-debug:   Number of all scripts: 24
2026-6-9 20:12:12-debug:   Number of other assets: 360
2026-6-9 20:12:12-debug: // ---- build task 查询 Asset Bundle ---- (6ms)
2026-6-9 20:12:12-log: run build task 查询 Asset Bundle success in 6 ms√, progress: 5%
2026-6-9 20:12:12-debug: 查询 Asset Bundle start, progress: 5%
2026-6-9 20:12:12-debug: // ---- build task 查询 Asset Bundle ----
2026-6-9 20:12:12-debug: [Build Memory track]: 查询 Asset Bundle start:222.93MB, end 223.94MB, increase: 1.01MB
2026-6-9 20:12:12-debug: // ---- build task 查询 Asset Bundle ---- (2ms)
2026-6-9 20:12:12-log: run build task 查询 Asset Bundle success in 2 ms√, progress: 10%
2026-6-9 20:12:12-debug: [Build Memory track]: 查询 Asset Bundle start:223.98MB, end 224.10MB, increase: 123.52KB
2026-6-9 20:12:12-debug: 整理部分构建选项内数据到 settings.json start, progress: 10%
2026-6-9 20:12:12-debug: // ---- build task 整理部分构建选项内数据到 settings.json ----
2026-6-9 20:12:12-debug: // ---- build task 整理部分构建选项内数据到 settings.json ---- (2ms)
2026-6-9 20:12:12-log: run build task 整理部分构建选项内数据到 settings.json success in 2 ms√, progress: 12%
2026-6-9 20:12:12-debug: [Build Memory track]: 整理部分构建选项内数据到 settings.json start:224.15MB, end 224.20MB, increase: 59.39KB
2026-6-9 20:12:12-debug: 填充脚本数据到 settings.json start, progress: 12%
2026-6-9 20:12:12-debug: // ---- build task 填充脚本数据到 settings.json ----
2026-6-9 20:12:12-log: run build task 填充脚本数据到 settings.json success in √, progress: 13%
2026-6-9 20:12:12-debug: [Build Memory track]: 填充脚本数据到 settings.json start:224.24MB, end 224.26MB, increase: 19.35KB
2026-6-9 20:12:12-debug: 整理部分构建选项内数据到 settings.json start, progress: 13%
2026-6-9 20:12:12-debug: // ---- build task 整理部分构建选项内数据到 settings.json ----
2026-6-9 20:12:12-debug: // ---- build task 整理部分构建选项内数据到 settings.json ---- (6ms)
2026-6-9 20:12:12-log: run build task 整理部分构建选项内数据到 settings.json success in 6 ms√, progress: 15%
2026-6-9 20:12:12-debug: [Build Memory track]: 整理部分构建选项内数据到 settings.json start:224.53MB, end 224.45MB, increase: -73.89KB
2026-6-9 20:12:35-debug: Query all assets info in project
2026-6-9 20:12:35-debug: init custom config: keepNodeUuid: false, useCache: true
2026-6-9 20:12:35-debug: Skip compress image, progress: 0%
2026-6-9 20:12:35-debug: Init all bundles start..., progress: 0%
2026-6-9 20:12:35-debug: Num of bundles: 3..., progress: 0%
2026-6-9 20:12:35-debug: 查询 Asset Bundle start, progress: 0%
2026-6-9 20:12:35-debug: Init bundle root assets start..., progress: 0%
2026-6-9 20:12:35-debug: // ---- build task 查询 Asset Bundle ----
2026-6-9 20:12:35-debug: Query preload assets/scripts from cc.config.json: 60f7195c-ec2a-45eb-ba94-8955f60e81d0,1c02ae6f-4492-4915-b8f8-7492a3b1e4cd,810e96e4-e456-4468-9b59-f4e8f39732c0,efe8e2a3-eace-427b-b4f1-cb8a937ec77d,e9aa9a3e-5b2b-4ac7-a2c7-073de2b2b24f,8bbdbcdd-5cd4-4100-b6d5-b7c9625b6107,50f4348b-c883-4e2f-8f11-ce233b859fa1,fda095cb-831d-4601-ad94-846013963de8,f92806d7-1768-443f-afe8-12bcde84d0f0,dd3a144d-ab7f-41f0-82b8-2e43a090d496,f0416e68-0200-4b77-a926-4f9d16e494da,970b0598-bcb0-4714-91fb-2e81440dccd8,bcd64cc6-2dd9-43f6-abbe-66318d332032,d930590d-bb92-4cc8-8bd1-23cd027f9edf,a3cd009f-0ab0-420d-9278-b9fdab939bbc,6a2d0734-bd9e-4ddf-946e-caa52498cb75,c27215d8-6835-4b68-bfbb-bdeac6100c04,b5d6115f-0370-4d7c-aad3-c194cc71cf98,871c3b6c-7379-419d-bda3-794b239ab90d,ff9b0199-ce04-4cfe-86cc-6c719f08d6e4,de1c2107-70c8-4021-8459-6399f24d01c6,cbf30902-517f-40dc-af90-a550bac27cf1,5c601d96-e4c7-4698-991b-7ee674b11079
2026-6-9 20:12:35-debug:   Number of other assets: 360
2026-6-9 20:12:35-debug: Init bundle root assets success..., progress: 0%
2026-6-9 20:12:35-debug:   Number of all scenes: 1
2026-6-9 20:12:35-debug:   Number of all scripts: 24
2026-6-9 20:12:35-debug: // ---- build task 查询 Asset Bundle ---- (7ms)
2026-6-9 20:12:35-debug: // ---- build task 查询 Asset Bundle ----
2026-6-9 20:12:35-log: run build task 查询 Asset Bundle success in 7 ms√, progress: 5%
2026-6-9 20:12:35-debug: [Build Memory track]: 查询 Asset Bundle start:221.93MB, end 221.97MB, increase: 44.22KB
2026-6-9 20:12:35-debug: 查询 Asset Bundle start, progress: 5%
2026-6-9 20:12:35-debug: // ---- build task 查询 Asset Bundle ---- (2ms)
2026-6-9 20:12:35-debug: [Build Memory track]: 查询 Asset Bundle start:222.01MB, end 222.13MB, increase: 122.72KB
2026-6-9 20:12:35-debug: 整理部分构建选项内数据到 settings.json start, progress: 10%
2026-6-9 20:12:35-debug: // ---- build task 整理部分构建选项内数据到 settings.json ----
2026-6-9 20:12:35-log: run build task 查询 Asset Bundle success in 2 ms√, progress: 10%
2026-6-9 20:12:35-log: run build task 整理部分构建选项内数据到 settings.json success in √, progress: 12%
2026-6-9 20:12:35-debug: [Build Memory track]: 整理部分构建选项内数据到 settings.json start:222.21MB, end 222.20MB, increase: -14.54KB
2026-6-9 20:12:35-debug: 填充脚本数据到 settings.json start, progress: 12%
2026-6-9 20:12:35-debug: // ---- build task 填充脚本数据到 settings.json ----
2026-6-9 20:12:35-debug: // ---- build task 填充脚本数据到 settings.json ---- (2ms)
2026-6-9 20:12:35-log: run build task 填充脚本数据到 settings.json success in 2 ms√, progress: 13%
2026-6-9 20:12:35-debug: // ---- build task 整理部分构建选项内数据到 settings.json ----
2026-6-9 20:12:35-debug: [Build Memory track]: 填充脚本数据到 settings.json start:222.24MB, end 222.28MB, increase: 40.43KB
2026-6-9 20:12:35-debug: 整理部分构建选项内数据到 settings.json start, progress: 13%
2026-6-9 20:12:35-debug: // ---- build task 整理部分构建选项内数据到 settings.json ---- (5ms)
2026-6-9 20:12:35-log: run build task 整理部分构建选项内数据到 settings.json success in 5 ms√, progress: 15%
2026-6-9 20:12:35-debug: [Build Memory track]: 整理部分构建选项内数据到 settings.json start:222.32MB, end 221.76MB, increase: -567.20KB
2026-6-9 20:12:51-debug: Query all assets info in project
2026-6-9 20:12:51-debug: init custom config: keepNodeUuid: false, useCache: true
2026-6-9 20:12:51-debug: Skip compress image, progress: 0%
2026-6-9 20:12:51-debug: Init all bundles start..., progress: 0%
2026-6-9 20:12:51-debug: Num of bundles: 3..., progress: 0%
2026-6-9 20:12:51-debug: 查询 Asset Bundle start, progress: 0%
2026-6-9 20:12:51-debug: // ---- build task 查询 Asset Bundle ----
2026-6-9 20:12:51-debug: Init bundle root assets start..., progress: 0%
2026-6-9 20:12:51-debug: Query preload assets/scripts from cc.config.json: 60f7195c-ec2a-45eb-ba94-8955f60e81d0,1c02ae6f-4492-4915-b8f8-7492a3b1e4cd,810e96e4-e456-4468-9b59-f4e8f39732c0,efe8e2a3-eace-427b-b4f1-cb8a937ec77d,e9aa9a3e-5b2b-4ac7-a2c7-073de2b2b24f,8bbdbcdd-5cd4-4100-b6d5-b7c9625b6107,50f4348b-c883-4e2f-8f11-ce233b859fa1,fda095cb-831d-4601-ad94-846013963de8,f92806d7-1768-443f-afe8-12bcde84d0f0,dd3a144d-ab7f-41f0-82b8-2e43a090d496,f0416e68-0200-4b77-a926-4f9d16e494da,970b0598-bcb0-4714-91fb-2e81440dccd8,bcd64cc6-2dd9-43f6-abbe-66318d332032,d930590d-bb92-4cc8-8bd1-23cd027f9edf,a3cd009f-0ab0-420d-9278-b9fdab939bbc,6a2d0734-bd9e-4ddf-946e-caa52498cb75,c27215d8-6835-4b68-bfbb-bdeac6100c04,b5d6115f-0370-4d7c-aad3-c194cc71cf98,871c3b6c-7379-419d-bda3-794b239ab90d,ff9b0199-ce04-4cfe-86cc-6c719f08d6e4,de1c2107-70c8-4021-8459-6399f24d01c6,cbf30902-517f-40dc-af90-a550bac27cf1,5c601d96-e4c7-4698-991b-7ee674b11079
2026-6-9 20:12:51-debug:   Number of other assets: 360
2026-6-9 20:12:51-debug:   Number of all scenes: 1
2026-6-9 20:12:51-debug: Init bundle root assets success..., progress: 0%
2026-6-9 20:12:51-debug:   Number of all scripts: 24
2026-6-9 20:12:51-debug: // ---- build task 查询 Asset Bundle ---- (6ms)
2026-6-9 20:12:51-debug: [Build Memory track]: 查询 Asset Bundle start:222.61MB, end 221.92MB, increase: -701.32KB
2026-6-9 20:12:51-log: run build task 查询 Asset Bundle success in 6 ms√, progress: 5%
2026-6-9 20:12:51-debug: 查询 Asset Bundle start, progress: 5%
2026-6-9 20:12:51-debug: // ---- build task 查询 Asset Bundle ----
2026-6-9 20:12:51-debug: // ---- build task 查询 Asset Bundle ---- (3ms)
2026-6-9 20:12:51-debug: 整理部分构建选项内数据到 settings.json start, progress: 10%
2026-6-9 20:12:51-debug: [Build Memory track]: 查询 Asset Bundle start:221.96MB, end 222.08MB, increase: 124.37KB
2026-6-9 20:12:51-log: run build task 查询 Asset Bundle success in 3 ms√, progress: 10%
2026-6-9 20:12:51-debug: // ---- build task 整理部分构建选项内数据到 settings.json ----
2026-6-9 20:12:51-debug: // ---- build task 整理部分构建选项内数据到 settings.json ---- (2ms)
2026-6-9 20:12:51-log: run build task 整理部分构建选项内数据到 settings.json success in 2 ms√, progress: 12%
2026-6-9 20:12:51-debug: [Build Memory track]: 整理部分构建选项内数据到 settings.json start:222.12MB, end 222.15MB, increase: 31.75KB
2026-6-9 20:12:51-debug: 填充脚本数据到 settings.json start, progress: 12%
2026-6-9 20:12:51-debug: // ---- build task 填充脚本数据到 settings.json ----
2026-6-9 20:12:51-debug: // ---- build task 填充脚本数据到 settings.json ---- (1ms)
2026-6-9 20:12:51-debug: // ---- build task 整理部分构建选项内数据到 settings.json ----
2026-6-9 20:12:51-debug: [Build Memory track]: 填充脚本数据到 settings.json start:222.19MB, end 222.22MB, increase: 31.27KB
2026-6-9 20:12:51-debug: 整理部分构建选项内数据到 settings.json start, progress: 13%
2026-6-9 20:12:51-log: run build task 填充脚本数据到 settings.json success in 1 ms√, progress: 13%
2026-6-9 20:12:51-debug: // ---- build task 整理部分构建选项内数据到 settings.json ---- (3ms)
2026-6-9 20:12:51-log: run build task 整理部分构建选项内数据到 settings.json success in 3 ms√, progress: 15%
2026-6-9 20:12:51-debug: [Build Memory track]: 整理部分构建选项内数据到 settings.json start:222.25MB, end 222.39MB, increase: 142.72KB
2026-6-9 20:14:29-debug: refresh db internal success
2026-6-9 20:14:29-debug: %cImport%c: /Users/zxd/workspace/person/animal-chess-game/assets/resources/images/homebackground: #aaff85; color: #000;color: #000;
2026-6-9 20:14:29-debug: %cImport%c: /Users/zxd/workspace/person/animal-chess-game/assets/resources/images/home/setting.pngbackground: #aaff85; color: #000;color: #000;
2026-6-9 20:14:29-debug: %cReImport%c: /Users/zxd/workspace/person/animal-chess-game/assets/resources/images/home/setting.png@6c48abackground: #aaff85; color: #000;color: #000;
2026-6-9 20:14:29-debug: refresh db assets success
2026-6-9 20:14:29-debug: asset-db:worker-effect-data-processing (1ms)
2026-6-9 20:14:29-debug: Run asset db hook engine-extends:afterRefresh ...
2026-6-9 20:14:29-debug: asset-db:refresh-all-database (70ms)
2026-6-9 20:14:29-debug: Run asset db hook engine-extends:afterRefresh success!
2026-6-9 20:14:29-debug: asset-db-hook-engine-extends-afterRefresh (2ms)
2026-6-9 20:14:35-debug: Query all assets info in project
2026-6-9 20:14:35-debug: init custom config: keepNodeUuid: false, useCache: true
2026-6-9 20:14:35-debug: Skip compress image, progress: 0%
2026-6-9 20:14:35-debug: Init all bundles start..., progress: 0%
2026-6-9 20:14:35-debug: Num of bundles: 3..., progress: 0%
2026-6-9 20:14:35-debug: 查询 Asset Bundle start, progress: 0%
2026-6-9 20:14:35-debug: // ---- build task 查询 Asset Bundle ----
2026-6-9 20:14:35-debug: Init bundle root assets start..., progress: 0%
2026-6-9 20:14:35-debug: Query preload assets/scripts from cc.config.json: 60f7195c-ec2a-45eb-ba94-8955f60e81d0,1c02ae6f-4492-4915-b8f8-7492a3b1e4cd,810e96e4-e456-4468-9b59-f4e8f39732c0,efe8e2a3-eace-427b-b4f1-cb8a937ec77d,e9aa9a3e-5b2b-4ac7-a2c7-073de2b2b24f,8bbdbcdd-5cd4-4100-b6d5-b7c9625b6107,50f4348b-c883-4e2f-8f11-ce233b859fa1,fda095cb-831d-4601-ad94-846013963de8,f92806d7-1768-443f-afe8-12bcde84d0f0,dd3a144d-ab7f-41f0-82b8-2e43a090d496,f0416e68-0200-4b77-a926-4f9d16e494da,970b0598-bcb0-4714-91fb-2e81440dccd8,bcd64cc6-2dd9-43f6-abbe-66318d332032,d930590d-bb92-4cc8-8bd1-23cd027f9edf,a3cd009f-0ab0-420d-9278-b9fdab939bbc,6a2d0734-bd9e-4ddf-946e-caa52498cb75,c27215d8-6835-4b68-bfbb-bdeac6100c04,b5d6115f-0370-4d7c-aad3-c194cc71cf98,871c3b6c-7379-419d-bda3-794b239ab90d,ff9b0199-ce04-4cfe-86cc-6c719f08d6e4,de1c2107-70c8-4021-8459-6399f24d01c6,cbf30902-517f-40dc-af90-a550bac27cf1,5c601d96-e4c7-4698-991b-7ee674b11079
2026-6-9 20:14:35-debug:   Number of other assets: 360
2026-6-9 20:14:35-debug:   Number of all scenes: 1
2026-6-9 20:14:35-debug: Init bundle root assets success..., progress: 0%
2026-6-9 20:14:35-debug:   Number of all scripts: 24
2026-6-9 20:14:35-debug: // ---- build task 查询 Asset Bundle ---- (5ms)
2026-6-9 20:14:35-log: run build task 查询 Asset Bundle success in 5 ms√, progress: 5%
2026-6-9 20:14:35-debug: 查询 Asset Bundle start, progress: 5%
2026-6-9 20:14:35-debug: [Build Memory track]: 查询 Asset Bundle start:223.71MB, end 223.78MB, increase: 71.32KB
2026-6-9 20:14:35-debug: // ---- build task 查询 Asset Bundle ----
2026-6-9 20:14:35-debug: // ---- build task 查询 Asset Bundle ---- (2ms)
2026-6-9 20:14:35-debug: [Build Memory track]: 查询 Asset Bundle start:223.82MB, end 223.94MB, increase: 122.92KB
2026-6-9 20:14:35-debug: 整理部分构建选项内数据到 settings.json start, progress: 10%
2026-6-9 20:14:35-debug: // ---- build task 整理部分构建选项内数据到 settings.json ----
2026-6-9 20:14:35-log: run build task 查询 Asset Bundle success in 2 ms√, progress: 10%
2026-6-9 20:14:35-debug: // ---- build task 整理部分构建选项内数据到 settings.json ---- (1ms)
2026-6-9 20:14:35-debug: [Build Memory track]: 整理部分构建选项内数据到 settings.json start:223.98MB, end 224.01MB, increase: 36.47KB
2026-6-9 20:14:35-debug: 填充脚本数据到 settings.json start, progress: 12%
2026-6-9 20:14:35-debug: // ---- build task 填充脚本数据到 settings.json ----
2026-6-9 20:14:35-log: run build task 整理部分构建选项内数据到 settings.json success in 1 ms√, progress: 12%
2026-6-9 20:14:35-debug: // ---- build task 填充脚本数据到 settings.json ---- (1ms)
2026-6-9 20:14:35-log: run build task 填充脚本数据到 settings.json success in 1 ms√, progress: 13%
2026-6-9 20:14:35-debug: [Build Memory track]: 填充脚本数据到 settings.json start:224.05MB, end 224.08MB, increase: 28.75KB
2026-6-9 20:14:35-debug: 整理部分构建选项内数据到 settings.json start, progress: 13%
2026-6-9 20:14:35-debug: // ---- build task 整理部分构建选项内数据到 settings.json ----
2026-6-9 20:14:35-debug: // ---- build task 整理部分构建选项内数据到 settings.json ---- (6ms)
2026-6-9 20:14:35-log: run build task 整理部分构建选项内数据到 settings.json success in 6 ms√, progress: 15%
2026-6-9 20:14:35-debug: [Build Memory track]: 整理部分构建选项内数据到 settings.json start:224.12MB, end 223.54MB, increase: -585.24KB
2026-6-9 20:15:02-debug: Query all assets info in project
2026-6-9 20:15:02-debug: Skip compress image, progress: 0%
2026-6-9 20:15:02-debug: init custom config: keepNodeUuid: false, useCache: true
2026-6-9 20:15:02-debug: Init all bundles start..., progress: 0%
2026-6-9 20:15:02-debug: Num of bundles: 3..., progress: 0%
2026-6-9 20:15:02-debug: // ---- build task 查询 Asset Bundle ----
2026-6-9 20:15:02-debug: Init bundle root assets start..., progress: 0%
2026-6-9 20:15:02-debug: 查询 Asset Bundle start, progress: 0%
2026-6-9 20:15:02-debug: Query preload assets/scripts from cc.config.json: 60f7195c-ec2a-45eb-ba94-8955f60e81d0,1c02ae6f-4492-4915-b8f8-7492a3b1e4cd,810e96e4-e456-4468-9b59-f4e8f39732c0,efe8e2a3-eace-427b-b4f1-cb8a937ec77d,e9aa9a3e-5b2b-4ac7-a2c7-073de2b2b24f,8bbdbcdd-5cd4-4100-b6d5-b7c9625b6107,50f4348b-c883-4e2f-8f11-ce233b859fa1,fda095cb-831d-4601-ad94-846013963de8,f92806d7-1768-443f-afe8-12bcde84d0f0,dd3a144d-ab7f-41f0-82b8-2e43a090d496,f0416e68-0200-4b77-a926-4f9d16e494da,970b0598-bcb0-4714-91fb-2e81440dccd8,bcd64cc6-2dd9-43f6-abbe-66318d332032,d930590d-bb92-4cc8-8bd1-23cd027f9edf,a3cd009f-0ab0-420d-9278-b9fdab939bbc,6a2d0734-bd9e-4ddf-946e-caa52498cb75,c27215d8-6835-4b68-bfbb-bdeac6100c04,b5d6115f-0370-4d7c-aad3-c194cc71cf98,871c3b6c-7379-419d-bda3-794b239ab90d,ff9b0199-ce04-4cfe-86cc-6c719f08d6e4,de1c2107-70c8-4021-8459-6399f24d01c6,cbf30902-517f-40dc-af90-a550bac27cf1,5c601d96-e4c7-4698-991b-7ee674b11079
2026-6-9 20:15:02-debug:   Number of all scenes: 1
2026-6-9 20:15:02-debug:   Number of all scripts: 24
2026-6-9 20:15:02-debug:   Number of other assets: 360
2026-6-9 20:15:02-debug: Init bundle root assets success..., progress: 0%
2026-6-9 20:15:02-debug: // ---- build task 查询 Asset Bundle ---- (5ms)
2026-6-9 20:15:02-log: run build task 查询 Asset Bundle success in 5 ms√, progress: 5%
2026-6-9 20:15:02-debug: [Build Memory track]: 查询 Asset Bundle start:224.38MB, end 223.59MB, increase: -808.14KB
2026-6-9 20:15:02-debug: // ---- build task 查询 Asset Bundle ----
2026-6-9 20:15:02-debug: 查询 Asset Bundle start, progress: 5%
2026-6-9 20:15:02-debug: // ---- build task 查询 Asset Bundle ---- (3ms)
2026-6-9 20:15:02-log: run build task 查询 Asset Bundle success in 3 ms√, progress: 10%
2026-6-9 20:15:02-debug: 整理部分构建选项内数据到 settings.json start, progress: 10%
2026-6-9 20:15:02-debug: // ---- build task 整理部分构建选项内数据到 settings.json ----
2026-6-9 20:15:02-debug: [Build Memory track]: 查询 Asset Bundle start:223.63MB, end 223.75MB, increase: 126.54KB
2026-6-9 20:15:02-log: run build task 整理部分构建选项内数据到 settings.json success in √, progress: 12%
2026-6-9 20:15:02-debug: 填充脚本数据到 settings.json start, progress: 12%
2026-6-9 20:15:02-debug: [Build Memory track]: 整理部分构建选项内数据到 settings.json start:223.79MB, end 223.81MB, increase: 19.30KB
2026-6-9 20:15:02-debug: // ---- build task 填充脚本数据到 settings.json ----
2026-6-9 20:15:02-log: run build task 填充脚本数据到 settings.json success in √, progress: 13%
2026-6-9 20:15:02-debug: 整理部分构建选项内数据到 settings.json start, progress: 13%
2026-6-9 20:15:02-debug: [Build Memory track]: 填充脚本数据到 settings.json start:223.84MB, end 223.86MB, increase: 17.84KB
2026-6-9 20:15:02-debug: // ---- build task 整理部分构建选项内数据到 settings.json ----
2026-6-9 20:15:02-debug: // ---- build task 整理部分构建选项内数据到 settings.json ---- (2ms)
2026-6-9 20:15:02-log: run build task 整理部分构建选项内数据到 settings.json success in 2 ms√, progress: 15%
2026-6-9 20:15:02-debug: [Build Memory track]: 整理部分构建选项内数据到 settings.json start:223.90MB, end 224.03MB, increase: 134.50KB
2026-6-9 20:19:16-debug: refresh db internal success
2026-6-9 20:19:16-debug: %cImport%c: /Users/zxd/workspace/person/animal-chess-game/assets/resources/images/loadingbackground: #aaff85; color: #000;color: #000;
2026-6-9 20:19:16-debug: %cImport%c: /Users/zxd/workspace/person/animal-chess-game/assets/resources/images/loading/dragon.pngbackground: #aaff85; color: #000;color: #000;
2026-6-9 20:19:16-debug: %cReImport%c: /Users/zxd/workspace/person/animal-chess-game/assets/resources/images/loading/dragon.png@6c48abackground: #aaff85; color: #000;color: #000;
2026-6-9 20:19:16-debug: refresh db assets success
2026-6-9 20:19:16-debug: Run asset db hook engine-extends:afterRefresh ...
2026-6-9 20:19:16-debug: Run asset db hook engine-extends:afterRefresh success!
2026-6-9 20:19:16-debug: asset-db:refresh-all-database (71ms)
2026-6-9 20:19:16-debug: asset-db:worker-effect-data-processing (1ms)
2026-6-9 20:19:16-debug: asset-db-hook-engine-extends-afterRefresh (2ms)
2026-6-9 20:19:20-debug: Query all assets info in project
2026-6-9 20:19:20-debug: init custom config: keepNodeUuid: false, useCache: true
2026-6-9 20:19:20-debug: Skip compress image, progress: 0%
2026-6-9 20:19:20-debug: Init all bundles start..., progress: 0%
2026-6-9 20:19:20-debug: Num of bundles: 3..., progress: 0%
2026-6-9 20:19:20-debug: 查询 Asset Bundle start, progress: 0%
2026-6-9 20:19:20-debug: // ---- build task 查询 Asset Bundle ----
2026-6-9 20:19:20-debug: Init bundle root assets start..., progress: 0%
2026-6-9 20:19:20-debug: Query preload assets/scripts from cc.config.json: 60f7195c-ec2a-45eb-ba94-8955f60e81d0,1c02ae6f-4492-4915-b8f8-7492a3b1e4cd,810e96e4-e456-4468-9b59-f4e8f39732c0,efe8e2a3-eace-427b-b4f1-cb8a937ec77d,e9aa9a3e-5b2b-4ac7-a2c7-073de2b2b24f,8bbdbcdd-5cd4-4100-b6d5-b7c9625b6107,50f4348b-c883-4e2f-8f11-ce233b859fa1,fda095cb-831d-4601-ad94-846013963de8,f92806d7-1768-443f-afe8-12bcde84d0f0,dd3a144d-ab7f-41f0-82b8-2e43a090d496,f0416e68-0200-4b77-a926-4f9d16e494da,970b0598-bcb0-4714-91fb-2e81440dccd8,bcd64cc6-2dd9-43f6-abbe-66318d332032,d930590d-bb92-4cc8-8bd1-23cd027f9edf,a3cd009f-0ab0-420d-9278-b9fdab939bbc,6a2d0734-bd9e-4ddf-946e-caa52498cb75,c27215d8-6835-4b68-bfbb-bdeac6100c04,b5d6115f-0370-4d7c-aad3-c194cc71cf98,871c3b6c-7379-419d-bda3-794b239ab90d,ff9b0199-ce04-4cfe-86cc-6c719f08d6e4,de1c2107-70c8-4021-8459-6399f24d01c6,cbf30902-517f-40dc-af90-a550bac27cf1,5c601d96-e4c7-4698-991b-7ee674b11079
2026-6-9 20:19:20-debug:   Number of all scenes: 1
2026-6-9 20:19:20-debug:   Number of all scripts: 24
2026-6-9 20:19:20-debug:   Number of other assets: 360
2026-6-9 20:19:20-debug: Init bundle root assets success..., progress: 0%
2026-6-9 20:19:20-log: run build task 查询 Asset Bundle success in 5 ms√, progress: 5%
2026-6-9 20:19:20-debug: [Build Memory track]: 查询 Asset Bundle start:225.25MB, end 225.25MB, increase: 7.04KB
2026-6-9 20:19:20-debug: 查询 Asset Bundle start, progress: 5%
2026-6-9 20:19:20-debug: // ---- build task 查询 Asset Bundle ----
2026-6-9 20:19:20-debug: // ---- build task 查询 Asset Bundle ---- (5ms)
2026-6-9 20:19:20-debug: // ---- build task 查询 Asset Bundle ---- (5ms)
2026-6-9 20:19:20-log: run build task 查询 Asset Bundle success in 5 ms√, progress: 10%
2026-6-9 20:19:20-debug: [Build Memory track]: 查询 Asset Bundle start:225.29MB, end 225.41MB, increase: 122.80KB
2026-6-9 20:19:20-debug: // ---- build task 整理部分构建选项内数据到 settings.json ----
2026-6-9 20:19:20-debug: 整理部分构建选项内数据到 settings.json start, progress: 10%
2026-6-9 20:19:20-debug: // ---- build task 整理部分构建选项内数据到 settings.json ---- (1ms)
2026-6-9 20:19:20-log: run build task 整理部分构建选项内数据到 settings.json success in 1 ms√, progress: 12%
2026-6-9 20:19:20-debug: [Build Memory track]: 整理部分构建选项内数据到 settings.json start:225.45MB, end 225.47MB, increase: 28.70KB
2026-6-9 20:19:20-debug: 填充脚本数据到 settings.json start, progress: 12%
2026-6-9 20:19:20-debug: // ---- build task 填充脚本数据到 settings.json ----
2026-6-9 20:19:20-debug: // ---- build task 填充脚本数据到 settings.json ---- (2ms)
2026-6-9 20:19:20-debug: [Build Memory track]: 填充脚本数据到 settings.json start:225.51MB, end 225.54MB, increase: 33.67KB
2026-6-9 20:19:20-log: run build task 填充脚本数据到 settings.json success in 2 ms√, progress: 13%
2026-6-9 20:19:20-debug: // ---- build task 整理部分构建选项内数据到 settings.json ----
2026-6-9 20:19:20-debug: 整理部分构建选项内数据到 settings.json start, progress: 13%
2026-6-9 20:19:20-debug: // ---- build task 整理部分构建选项内数据到 settings.json ---- (4ms)
2026-6-9 20:19:20-log: run build task 整理部分构建选项内数据到 settings.json success in 4 ms√, progress: 15%
2026-6-9 20:19:20-debug: [Build Memory track]: 整理部分构建选项内数据到 settings.json start:225.58MB, end 225.03MB, increase: -560.16KB
2026-6-9 20:19:25-debug: Query all assets info in project
2026-6-9 20:19:25-debug: Skip compress image, progress: 0%
2026-6-9 20:19:25-debug: init custom config: keepNodeUuid: false, useCache: true
2026-6-9 20:19:25-debug: Init all bundles start..., progress: 0%
2026-6-9 20:19:25-debug: 查询 Asset Bundle start, progress: 0%
2026-6-9 20:19:25-debug: Init bundle root assets start..., progress: 0%
2026-6-9 20:19:25-debug: Num of bundles: 3..., progress: 0%
2026-6-9 20:19:25-debug: // ---- build task 查询 Asset Bundle ----
2026-6-9 20:19:25-debug: Query preload assets/scripts from cc.config.json: 60f7195c-ec2a-45eb-ba94-8955f60e81d0,1c02ae6f-4492-4915-b8f8-7492a3b1e4cd,810e96e4-e456-4468-9b59-f4e8f39732c0,efe8e2a3-eace-427b-b4f1-cb8a937ec77d,e9aa9a3e-5b2b-4ac7-a2c7-073de2b2b24f,8bbdbcdd-5cd4-4100-b6d5-b7c9625b6107,50f4348b-c883-4e2f-8f11-ce233b859fa1,fda095cb-831d-4601-ad94-846013963de8,f92806d7-1768-443f-afe8-12bcde84d0f0,dd3a144d-ab7f-41f0-82b8-2e43a090d496,f0416e68-0200-4b77-a926-4f9d16e494da,970b0598-bcb0-4714-91fb-2e81440dccd8,bcd64cc6-2dd9-43f6-abbe-66318d332032,d930590d-bb92-4cc8-8bd1-23cd027f9edf,a3cd009f-0ab0-420d-9278-b9fdab939bbc,6a2d0734-bd9e-4ddf-946e-caa52498cb75,c27215d8-6835-4b68-bfbb-bdeac6100c04,b5d6115f-0370-4d7c-aad3-c194cc71cf98,871c3b6c-7379-419d-bda3-794b239ab90d,ff9b0199-ce04-4cfe-86cc-6c719f08d6e4,de1c2107-70c8-4021-8459-6399f24d01c6,cbf30902-517f-40dc-af90-a550bac27cf1,5c601d96-e4c7-4698-991b-7ee674b11079
2026-6-9 20:19:25-debug:   Number of all scenes: 1
2026-6-9 20:19:25-debug:   Number of all scripts: 24
2026-6-9 20:19:25-debug: // ---- build task 查询 Asset Bundle ---- (5ms)
2026-6-9 20:19:25-debug: [Build Memory track]: 查询 Asset Bundle start:225.86MB, end 225.13MB, increase: -743.66KB
2026-6-9 20:19:25-debug: 查询 Asset Bundle start, progress: 5%
2026-6-9 20:19:25-debug: // ---- build task 查询 Asset Bundle ----
2026-6-9 20:19:25-debug:   Number of other assets: 360
2026-6-9 20:19:25-debug: Init bundle root assets success..., progress: 0%
2026-6-9 20:19:25-log: run build task 查询 Asset Bundle success in 5 ms√, progress: 5%
2026-6-9 20:19:25-debug: // ---- build task 查询 Asset Bundle ---- (2ms)
2026-6-9 20:19:25-log: run build task 查询 Asset Bundle success in 2 ms√, progress: 10%
2026-6-9 20:19:25-debug: [Build Memory track]: 查询 Asset Bundle start:225.17MB, end 225.31MB, increase: 136.73KB
2026-6-9 20:19:25-debug: 整理部分构建选项内数据到 settings.json start, progress: 10%
2026-6-9 20:19:25-debug: // ---- build task 整理部分构建选项内数据到 settings.json ----
2026-6-9 20:19:25-log: run build task 整理部分构建选项内数据到 settings.json success in √, progress: 12%
2026-6-9 20:19:25-debug: [Build Memory track]: 整理部分构建选项内数据到 settings.json start:225.35MB, end 225.37MB, increase: 27.74KB
2026-6-9 20:19:25-debug: 填充脚本数据到 settings.json start, progress: 12%
2026-6-9 20:19:25-debug: // ---- build task 填充脚本数据到 settings.json ----
2026-6-9 20:19:25-log: run build task 填充脚本数据到 settings.json success in √, progress: 13%
2026-6-9 20:19:25-debug: [Build Memory track]: 填充脚本数据到 settings.json start:225.41MB, end 225.43MB, increase: 19.29KB
2026-6-9 20:19:25-debug: 整理部分构建选项内数据到 settings.json start, progress: 13%
2026-6-9 20:19:25-debug: // ---- build task 整理部分构建选项内数据到 settings.json ----
2026-6-9 20:19:25-debug: // ---- build task 整理部分构建选项内数据到 settings.json ---- (3ms)
2026-6-9 20:19:25-log: run build task 整理部分构建选项内数据到 settings.json success in 3 ms√, progress: 15%
2026-6-9 20:19:25-debug: [Build Memory track]: 整理部分构建选项内数据到 settings.json start:225.47MB, end 225.59MB, increase: 128.70KB
2026-6-9 20:19:29-debug: Query all assets info in project
2026-6-9 20:19:29-debug: init custom config: keepNodeUuid: false, useCache: true
2026-6-9 20:19:29-debug: Skip compress image, progress: 0%
2026-6-9 20:19:29-debug: Init all bundles start..., progress: 0%
2026-6-9 20:19:29-debug: Num of bundles: 3..., progress: 0%
2026-6-9 20:19:29-debug: 查询 Asset Bundle start, progress: 0%
2026-6-9 20:19:29-debug: Init bundle root assets start..., progress: 0%
2026-6-9 20:19:29-debug: // ---- build task 查询 Asset Bundle ----
2026-6-9 20:19:29-debug: Query preload assets/scripts from cc.config.json: 60f7195c-ec2a-45eb-ba94-8955f60e81d0,1c02ae6f-4492-4915-b8f8-7492a3b1e4cd,810e96e4-e456-4468-9b59-f4e8f39732c0,efe8e2a3-eace-427b-b4f1-cb8a937ec77d,e9aa9a3e-5b2b-4ac7-a2c7-073de2b2b24f,8bbdbcdd-5cd4-4100-b6d5-b7c9625b6107,50f4348b-c883-4e2f-8f11-ce233b859fa1,fda095cb-831d-4601-ad94-846013963de8,f92806d7-1768-443f-afe8-12bcde84d0f0,dd3a144d-ab7f-41f0-82b8-2e43a090d496,f0416e68-0200-4b77-a926-4f9d16e494da,970b0598-bcb0-4714-91fb-2e81440dccd8,bcd64cc6-2dd9-43f6-abbe-66318d332032,d930590d-bb92-4cc8-8bd1-23cd027f9edf,a3cd009f-0ab0-420d-9278-b9fdab939bbc,6a2d0734-bd9e-4ddf-946e-caa52498cb75,c27215d8-6835-4b68-bfbb-bdeac6100c04,b5d6115f-0370-4d7c-aad3-c194cc71cf98,871c3b6c-7379-419d-bda3-794b239ab90d,ff9b0199-ce04-4cfe-86cc-6c719f08d6e4,de1c2107-70c8-4021-8459-6399f24d01c6,cbf30902-517f-40dc-af90-a550bac27cf1,5c601d96-e4c7-4698-991b-7ee674b11079
2026-6-9 20:19:29-debug:   Number of other assets: 360
2026-6-9 20:19:29-debug:   Number of all scenes: 1
2026-6-9 20:19:29-debug:   Number of all scripts: 24
2026-6-9 20:19:29-debug: Init bundle root assets success..., progress: 0%
2026-6-9 20:19:29-debug: // ---- build task 查询 Asset Bundle ---- (4ms)
2026-6-9 20:19:29-debug: [Build Memory track]: 查询 Asset Bundle start:225.68MB, end 225.67MB, increase: -9.21KB
2026-6-9 20:19:29-debug: // ---- build task 查询 Asset Bundle ----
2026-6-9 20:19:29-debug: 查询 Asset Bundle start, progress: 5%
2026-6-9 20:19:29-log: run build task 查询 Asset Bundle success in 4 ms√, progress: 5%
2026-6-9 20:19:29-debug: // ---- build task 查询 Asset Bundle ---- (1ms)
2026-6-9 20:19:29-log: run build task 查询 Asset Bundle success in 1 ms√, progress: 10%
2026-6-9 20:19:29-debug: 整理部分构建选项内数据到 settings.json start, progress: 10%
2026-6-9 20:19:29-debug: [Build Memory track]: 查询 Asset Bundle start:225.70MB, end 225.81MB, increase: 114.82KB
2026-6-9 20:19:29-debug: // ---- build task 整理部分构建选项内数据到 settings.json ----
2026-6-9 20:19:29-debug: // ---- build task 整理部分构建选项内数据到 settings.json ---- (1ms)
2026-6-9 20:19:29-log: run build task 整理部分构建选项内数据到 settings.json success in 1 ms√, progress: 12%
2026-6-9 20:19:29-debug: [Build Memory track]: 整理部分构建选项内数据到 settings.json start:225.84MB, end 225.87MB, increase: 32.21KB
2026-6-9 20:19:29-debug: 填充脚本数据到 settings.json start, progress: 12%
2026-6-9 20:19:29-debug: // ---- build task 填充脚本数据到 settings.json ----
2026-6-9 20:19:29-debug: // ---- build task 填充脚本数据到 settings.json ---- (1ms)
2026-6-9 20:19:29-debug: 整理部分构建选项内数据到 settings.json start, progress: 13%
2026-6-9 20:19:29-debug: // ---- build task 整理部分构建选项内数据到 settings.json ----
2026-6-9 20:19:29-log: run build task 填充脚本数据到 settings.json success in 1 ms√, progress: 13%
2026-6-9 20:19:29-debug: [Build Memory track]: 填充脚本数据到 settings.json start:225.90MB, end 225.92MB, increase: 27.46KB
2026-6-9 20:19:29-debug: // ---- build task 整理部分构建选项内数据到 settings.json ---- (4ms)
2026-6-9 20:19:29-log: run build task 整理部分构建选项内数据到 settings.json success in 4 ms√, progress: 15%
2026-6-9 20:19:29-debug: [Build Memory track]: 整理部分构建选项内数据到 settings.json start:225.95MB, end 225.36MB, increase: -605.37KB
2026-6-9 20:22:02-debug: refresh db internal success
2026-6-9 20:22:02-debug: %cImport%c: /Users/zxd/workspace/person/animal-chess-game/assets/resources/images/homebackground: #aaff85; color: #000;color: #000;
2026-6-9 20:22:02-debug: %cImport%c: /Users/zxd/workspace/person/animal-chess-game/assets/resources/images/home/collect.pngbackground: #aaff85; color: #000;color: #000;
2026-6-9 20:22:02-debug: %cImport%c: /Users/zxd/workspace/person/animal-chess-game/assets/resources/images/home/reward.pngbackground: #aaff85; color: #000;color: #000;
2026-6-9 20:22:02-debug: %cReImport%c: /Users/zxd/workspace/person/animal-chess-game/assets/resources/images/home/collect.png@6c48abackground: #aaff85; color: #000;color: #000;
2026-6-9 20:22:02-debug: %cReImport%c: /Users/zxd/workspace/person/animal-chess-game/assets/resources/images/home/reward.png@6c48abackground: #aaff85; color: #000;color: #000;
2026-6-9 20:22:02-debug: refresh db assets success
2026-6-9 20:22:02-debug: Run asset db hook engine-extends:afterRefresh ...
2026-6-9 20:22:02-debug: Run asset db hook engine-extends:afterRefresh success!
2026-6-9 20:22:02-debug: asset-db:refresh-all-database (60ms)
2026-6-9 20:22:02-debug: asset-db:worker-effect-data-processing (1ms)
2026-6-9 20:22:02-debug: asset-db-hook-engine-extends-afterRefresh (1ms)
2026-6-9 20:22:06-debug: Query all assets info in project
2026-6-9 20:22:06-debug: init custom config: keepNodeUuid: false, useCache: true
2026-6-9 20:22:06-debug: Skip compress image, progress: 0%
2026-6-9 20:22:06-debug: Init all bundles start..., progress: 0%
2026-6-9 20:22:06-debug: Num of bundles: 3..., progress: 0%
2026-6-9 20:22:06-debug: 查询 Asset Bundle start, progress: 0%
2026-6-9 20:22:06-debug: Init bundle root assets start..., progress: 0%
2026-6-9 20:22:06-debug: // ---- build task 查询 Asset Bundle ----
2026-6-9 20:22:06-debug: Query preload assets/scripts from cc.config.json: 60f7195c-ec2a-45eb-ba94-8955f60e81d0,1c02ae6f-4492-4915-b8f8-7492a3b1e4cd,810e96e4-e456-4468-9b59-f4e8f39732c0,efe8e2a3-eace-427b-b4f1-cb8a937ec77d,e9aa9a3e-5b2b-4ac7-a2c7-073de2b2b24f,8bbdbcdd-5cd4-4100-b6d5-b7c9625b6107,50f4348b-c883-4e2f-8f11-ce233b859fa1,fda095cb-831d-4601-ad94-846013963de8,f92806d7-1768-443f-afe8-12bcde84d0f0,dd3a144d-ab7f-41f0-82b8-2e43a090d496,f0416e68-0200-4b77-a926-4f9d16e494da,970b0598-bcb0-4714-91fb-2e81440dccd8,bcd64cc6-2dd9-43f6-abbe-66318d332032,d930590d-bb92-4cc8-8bd1-23cd027f9edf,a3cd009f-0ab0-420d-9278-b9fdab939bbc,6a2d0734-bd9e-4ddf-946e-caa52498cb75,c27215d8-6835-4b68-bfbb-bdeac6100c04,b5d6115f-0370-4d7c-aad3-c194cc71cf98,871c3b6c-7379-419d-bda3-794b239ab90d,ff9b0199-ce04-4cfe-86cc-6c719f08d6e4,de1c2107-70c8-4021-8459-6399f24d01c6,cbf30902-517f-40dc-af90-a550bac27cf1,5c601d96-e4c7-4698-991b-7ee674b11079
2026-6-9 20:22:06-debug:   Number of all scripts: 24
2026-6-9 20:22:06-debug:   Number of other assets: 360
2026-6-9 20:22:06-debug: Init bundle root assets success..., progress: 0%
2026-6-9 20:22:06-debug:   Number of all scenes: 1
2026-6-9 20:22:06-debug: // ---- build task 查询 Asset Bundle ---- (6ms)
2026-6-9 20:22:06-log: run build task 查询 Asset Bundle success in 6 ms√, progress: 5%
2026-6-9 20:22:06-debug: // ---- build task 查询 Asset Bundle ----
2026-6-9 20:22:06-debug: 查询 Asset Bundle start, progress: 5%
2026-6-9 20:22:06-debug: [Build Memory track]: 查询 Asset Bundle start:227.62MB, end 227.27MB, increase: -360.70KB
2026-6-9 20:22:06-debug: // ---- build task 查询 Asset Bundle ---- (2ms)
2026-6-9 20:22:06-log: run build task 查询 Asset Bundle success in 2 ms√, progress: 10%
2026-6-9 20:22:06-debug: [Build Memory track]: 查询 Asset Bundle start:227.30MB, end 226.70MB, increase: -609.04KB
2026-6-9 20:22:06-debug: 整理部分构建选项内数据到 settings.json start, progress: 10%
2026-6-9 20:22:06-debug: // ---- build task 整理部分构建选项内数据到 settings.json ----
2026-6-9 20:22:06-log: run build task 整理部分构建选项内数据到 settings.json success in √, progress: 12%
2026-6-9 20:22:06-debug: 填充脚本数据到 settings.json start, progress: 12%
2026-6-9 20:22:06-debug: [Build Memory track]: 整理部分构建选项内数据到 settings.json start:226.73MB, end 226.74MB, increase: 15.65KB
2026-6-9 20:22:06-debug: // ---- build task 填充脚本数据到 settings.json ----
2026-6-9 20:22:06-debug: // ---- build task 填充脚本数据到 settings.json ---- (1ms)
2026-6-9 20:22:06-debug: [Build Memory track]: 填充脚本数据到 settings.json start:226.77MB, end 226.79MB, increase: 23.38KB
2026-6-9 20:22:06-debug: 整理部分构建选项内数据到 settings.json start, progress: 13%
2026-6-9 20:22:06-log: run build task 填充脚本数据到 settings.json success in 1 ms√, progress: 13%
2026-6-9 20:22:06-debug: // ---- build task 整理部分构建选项内数据到 settings.json ----
2026-6-9 20:22:06-debug: // ---- build task 整理部分构建选项内数据到 settings.json ---- (6ms)
2026-6-9 20:22:06-log: run build task 整理部分构建选项内数据到 settings.json success in 6 ms√, progress: 15%
2026-6-9 20:22:06-debug: [Build Memory track]: 整理部分构建选项内数据到 settings.json start:226.82MB, end 226.95MB, increase: 133.20KB
2026-6-9 20:23:46-debug: refresh db internal success
2026-6-9 20:23:46-debug: %cImport%c: /Users/zxd/workspace/person/animal-chess-game/assets/resources/images/loadingbackground: #aaff85; color: #000;color: #000;
2026-6-9 20:23:46-debug: %cImport%c: /Users/zxd/workspace/person/animal-chess-game/assets/resources/images/loading/dragon.pngbackground: #aaff85; color: #000;color: #000;
2026-6-9 20:23:46-debug: %cReImport%c: /Users/zxd/workspace/person/animal-chess-game/assets/resources/images/loading/dragon.png@6c48abackground: #aaff85; color: #000;color: #000;
2026-6-9 20:23:46-debug: refresh db assets success
2026-6-9 20:23:46-debug: Run asset db hook engine-extends:afterRefresh ...
2026-6-9 20:23:46-debug: Run asset db hook engine-extends:afterRefresh success!
2026-6-9 20:23:46-debug: asset-db:refresh-all-database (69ms)
2026-6-9 20:23:46-debug: asset-db:worker-effect-data-processing (3ms)
2026-6-9 20:23:46-debug: asset-db-hook-engine-extends-afterRefresh (4ms)
2026-6-9 20:23:50-debug: refresh db internal success
2026-6-9 20:23:50-debug: refresh db assets success
2026-6-9 20:23:50-debug: Run asset db hook engine-extends:afterRefresh ...
2026-6-9 20:23:50-debug: Run asset db hook engine-extends:afterRefresh success!
2026-6-9 20:23:50-debug: asset-db:refresh-all-database (28ms)
2026-6-9 20:23:50-debug: asset-db:worker-effect-data-processing (1ms)
2026-6-9 20:23:50-debug: asset-db-hook-engine-extends-afterRefresh (2ms)
2026-6-9 20:23:55-debug: Query all assets info in project
2026-6-9 20:23:55-debug: init custom config: keepNodeUuid: false, useCache: true
2026-6-9 20:23:55-debug: Skip compress image, progress: 0%
2026-6-9 20:23:55-debug: Init all bundles start..., progress: 0%
2026-6-9 20:23:55-debug: Num of bundles: 3..., progress: 0%
2026-6-9 20:23:55-debug: 查询 Asset Bundle start, progress: 0%
2026-6-9 20:23:55-debug: // ---- build task 查询 Asset Bundle ----
2026-6-9 20:23:55-debug: Init bundle root assets start..., progress: 0%
2026-6-9 20:23:55-debug: Query preload assets/scripts from cc.config.json: 60f7195c-ec2a-45eb-ba94-8955f60e81d0,1c02ae6f-4492-4915-b8f8-7492a3b1e4cd,810e96e4-e456-4468-9b59-f4e8f39732c0,efe8e2a3-eace-427b-b4f1-cb8a937ec77d,e9aa9a3e-5b2b-4ac7-a2c7-073de2b2b24f,8bbdbcdd-5cd4-4100-b6d5-b7c9625b6107,50f4348b-c883-4e2f-8f11-ce233b859fa1,fda095cb-831d-4601-ad94-846013963de8,f92806d7-1768-443f-afe8-12bcde84d0f0,dd3a144d-ab7f-41f0-82b8-2e43a090d496,f0416e68-0200-4b77-a926-4f9d16e494da,970b0598-bcb0-4714-91fb-2e81440dccd8,bcd64cc6-2dd9-43f6-abbe-66318d332032,d930590d-bb92-4cc8-8bd1-23cd027f9edf,a3cd009f-0ab0-420d-9278-b9fdab939bbc,6a2d0734-bd9e-4ddf-946e-caa52498cb75,c27215d8-6835-4b68-bfbb-bdeac6100c04,b5d6115f-0370-4d7c-aad3-c194cc71cf98,871c3b6c-7379-419d-bda3-794b239ab90d,ff9b0199-ce04-4cfe-86cc-6c719f08d6e4,de1c2107-70c8-4021-8459-6399f24d01c6,cbf30902-517f-40dc-af90-a550bac27cf1,5c601d96-e4c7-4698-991b-7ee674b11079
2026-6-9 20:23:55-debug:   Number of all scenes: 1
2026-6-9 20:23:55-debug:   Number of other assets: 360
2026-6-9 20:23:55-debug:   Number of all scripts: 24
2026-6-9 20:23:55-debug: Init bundle root assets success..., progress: 0%
2026-6-9 20:23:55-debug: // ---- build task 查询 Asset Bundle ---- (6ms)
2026-6-9 20:23:55-log: run build task 查询 Asset Bundle success in 6 ms√, progress: 5%
2026-6-9 20:23:55-debug: [Build Memory track]: 查询 Asset Bundle start:230.11MB, end 229.22MB, increase: -908.95KB
2026-6-9 20:23:55-debug: 查询 Asset Bundle start, progress: 5%
2026-6-9 20:23:55-debug: // ---- build task 查询 Asset Bundle ----
2026-6-9 20:23:55-log: run build task 查询 Asset Bundle success in 6 ms√, progress: 10%
2026-6-9 20:23:55-debug: // ---- build task 查询 Asset Bundle ---- (6ms)
2026-6-9 20:23:55-debug: [Build Memory track]: 查询 Asset Bundle start:229.25MB, end 229.36MB, increase: 114.77KB
2026-6-9 20:23:55-debug: // ---- build task 整理部分构建选项内数据到 settings.json ----
2026-6-9 20:23:55-debug: 整理部分构建选项内数据到 settings.json start, progress: 10%
2026-6-9 20:23:55-debug: // ---- build task 整理部分构建选项内数据到 settings.json ---- (1ms)
2026-6-9 20:23:55-debug: [Build Memory track]: 整理部分构建选项内数据到 settings.json start:229.39MB, end 229.42MB, increase: 35.07KB
2026-6-9 20:23:55-log: run build task 填充脚本数据到 settings.json success in √, progress: 13%
2026-6-9 20:23:55-debug: 填充脚本数据到 settings.json start, progress: 12%
2026-6-9 20:23:55-log: run build task 整理部分构建选项内数据到 settings.json success in 1 ms√, progress: 12%
2026-6-9 20:23:55-debug: [Build Memory track]: 填充脚本数据到 settings.json start:229.45MB, end 229.47MB, increase: 18.81KB
2026-6-9 20:23:55-debug: // ---- build task 填充脚本数据到 settings.json ----
2026-6-9 20:23:55-debug: 整理部分构建选项内数据到 settings.json start, progress: 13%
2026-6-9 20:23:55-debug: // ---- build task 整理部分构建选项内数据到 settings.json ----
2026-6-9 20:23:55-debug: // ---- build task 整理部分构建选项内数据到 settings.json ---- (5ms)
2026-6-9 20:23:55-debug: [Build Memory track]: 整理部分构建选项内数据到 settings.json start:229.50MB, end 229.63MB, increase: 132.10KB
2026-6-9 20:23:55-log: run build task 整理部分构建选项内数据到 settings.json success in 5 ms√, progress: 15%
2026-6-9 20:29:00-debug: refresh db internal success
2026-6-9 20:29:00-debug: %cImport%c: /Users/zxd/workspace/person/animal-chess-game/assets/resources/images/homebackground: #aaff85; color: #000;color: #000;
2026-6-9 20:29:00-debug: %cImport%c: /Users/zxd/workspace/person/animal-chess-game/assets/resources/images/home/bg.pngbackground: #aaff85; color: #000;color: #000;
2026-6-9 20:29:00-debug: %cReImport%c: /Users/zxd/workspace/person/animal-chess-game/assets/resources/images/home/bg.png@6c48abackground: #aaff85; color: #000;color: #000;
2026-6-9 20:29:00-debug: refresh db assets success
2026-6-9 20:29:00-debug: Run asset db hook engine-extends:afterRefresh success!
2026-6-9 20:29:00-debug: Run asset db hook engine-extends:afterRefresh ...
2026-6-9 20:29:00-debug: asset-db:refresh-all-database (54ms)
2026-6-9 20:29:00-debug: asset-db:worker-effect-data-processing (1ms)
2026-6-9 20:29:00-debug: asset-db-hook-engine-extends-afterRefresh (2ms)
2026-6-9 20:29:26-debug: Query all assets info in project
2026-6-9 20:29:26-debug: init custom config: keepNodeUuid: false, useCache: true
2026-6-9 20:29:26-debug: Skip compress image, progress: 0%
2026-6-9 20:29:26-debug: Init all bundles start..., progress: 0%
2026-6-9 20:29:26-debug: Num of bundles: 3..., progress: 0%
2026-6-9 20:29:26-debug: 查询 Asset Bundle start, progress: 0%
2026-6-9 20:29:26-debug: // ---- build task 查询 Asset Bundle ----
2026-6-9 20:29:26-debug: Init bundle root assets start..., progress: 0%
2026-6-9 20:29:26-debug: Query preload assets/scripts from cc.config.json: 60f7195c-ec2a-45eb-ba94-8955f60e81d0,1c02ae6f-4492-4915-b8f8-7492a3b1e4cd,810e96e4-e456-4468-9b59-f4e8f39732c0,efe8e2a3-eace-427b-b4f1-cb8a937ec77d,e9aa9a3e-5b2b-4ac7-a2c7-073de2b2b24f,8bbdbcdd-5cd4-4100-b6d5-b7c9625b6107,50f4348b-c883-4e2f-8f11-ce233b859fa1,fda095cb-831d-4601-ad94-846013963de8,f92806d7-1768-443f-afe8-12bcde84d0f0,dd3a144d-ab7f-41f0-82b8-2e43a090d496,f0416e68-0200-4b77-a926-4f9d16e494da,970b0598-bcb0-4714-91fb-2e81440dccd8,bcd64cc6-2dd9-43f6-abbe-66318d332032,d930590d-bb92-4cc8-8bd1-23cd027f9edf,a3cd009f-0ab0-420d-9278-b9fdab939bbc,6a2d0734-bd9e-4ddf-946e-caa52498cb75,c27215d8-6835-4b68-bfbb-bdeac6100c04,b5d6115f-0370-4d7c-aad3-c194cc71cf98,871c3b6c-7379-419d-bda3-794b239ab90d,ff9b0199-ce04-4cfe-86cc-6c719f08d6e4,de1c2107-70c8-4021-8459-6399f24d01c6,cbf30902-517f-40dc-af90-a550bac27cf1,5c601d96-e4c7-4698-991b-7ee674b11079
2026-6-9 20:29:26-debug: Init bundle root assets success..., progress: 0%
2026-6-9 20:29:26-debug:   Number of all scenes: 1
2026-6-9 20:29:26-debug:   Number of other assets: 360
2026-6-9 20:29:26-debug:   Number of all scripts: 24
2026-6-9 20:29:26-debug: // ---- build task 查询 Asset Bundle ---- (7ms)
2026-6-9 20:29:26-log: run build task 查询 Asset Bundle success in 7 ms√, progress: 5%
2026-6-9 20:29:26-debug: 查询 Asset Bundle start, progress: 5%
2026-6-9 20:29:26-debug: // ---- build task 查询 Asset Bundle ----
2026-6-9 20:29:26-debug: [Build Memory track]: 查询 Asset Bundle start:230.17MB, end 230.13MB, increase: -39.48KB
2026-6-9 20:29:26-debug: // ---- build task 查询 Asset Bundle ---- (3ms)
2026-6-9 20:29:26-debug: // ---- build task 整理部分构建选项内数据到 settings.json ----
2026-6-9 20:29:26-debug: [Build Memory track]: 查询 Asset Bundle start:230.15MB, end 230.27MB, increase: 116.96KB
2026-6-9 20:29:26-debug: 整理部分构建选项内数据到 settings.json start, progress: 10%
2026-6-9 20:29:26-log: run build task 查询 Asset Bundle success in 3 ms√, progress: 10%
2026-6-9 20:29:26-debug: // ---- build task 整理部分构建选项内数据到 settings.json ---- (1ms)
2026-6-9 20:29:26-debug: // ---- build task 填充脚本数据到 settings.json ----
2026-6-9 20:29:26-log: run build task 整理部分构建选项内数据到 settings.json success in 1 ms√, progress: 12%
2026-6-9 20:29:26-debug: 填充脚本数据到 settings.json start, progress: 12%
2026-6-9 20:29:26-debug: [Build Memory track]: 整理部分构建选项内数据到 settings.json start:230.30MB, end 230.32MB, increase: 24.41KB
2026-6-9 20:29:26-debug: // ---- build task 填充脚本数据到 settings.json ---- (2ms)
2026-6-9 20:29:26-log: run build task 填充脚本数据到 settings.json success in 2 ms√, progress: 13%
2026-6-9 20:29:26-debug: 整理部分构建选项内数据到 settings.json start, progress: 13%
2026-6-9 20:29:26-debug: // ---- build task 整理部分构建选项内数据到 settings.json ----
2026-6-9 20:29:26-debug: [Build Memory track]: 填充脚本数据到 settings.json start:230.35MB, end 230.37MB, increase: 22.28KB
2026-6-9 20:29:26-debug: // ---- build task 整理部分构建选项内数据到 settings.json ---- (6ms)
2026-6-9 20:29:26-debug: [Build Memory track]: 整理部分构建选项内数据到 settings.json start:230.40MB, end 230.52MB, increase: 130.11KB
2026-6-9 20:29:26-log: run build task 整理部分构建选项内数据到 settings.json success in 6 ms√, progress: 15%
2026-6-9 20:29:33-debug: Query all assets info in project
2026-6-9 20:29:33-debug: init custom config: keepNodeUuid: false, useCache: true
2026-6-9 20:29:33-debug: Skip compress image, progress: 0%
2026-6-9 20:29:33-debug: Init all bundles start..., progress: 0%
2026-6-9 20:29:33-debug: Num of bundles: 3..., progress: 0%
2026-6-9 20:29:33-debug: 查询 Asset Bundle start, progress: 0%
2026-6-9 20:29:33-debug: // ---- build task 查询 Asset Bundle ----
2026-6-9 20:29:33-debug: Init bundle root assets start..., progress: 0%
2026-6-9 20:29:34-debug: Query preload assets/scripts from cc.config.json: 60f7195c-ec2a-45eb-ba94-8955f60e81d0,1c02ae6f-4492-4915-b8f8-7492a3b1e4cd,810e96e4-e456-4468-9b59-f4e8f39732c0,efe8e2a3-eace-427b-b4f1-cb8a937ec77d,e9aa9a3e-5b2b-4ac7-a2c7-073de2b2b24f,8bbdbcdd-5cd4-4100-b6d5-b7c9625b6107,50f4348b-c883-4e2f-8f11-ce233b859fa1,fda095cb-831d-4601-ad94-846013963de8,f92806d7-1768-443f-afe8-12bcde84d0f0,dd3a144d-ab7f-41f0-82b8-2e43a090d496,f0416e68-0200-4b77-a926-4f9d16e494da,970b0598-bcb0-4714-91fb-2e81440dccd8,bcd64cc6-2dd9-43f6-abbe-66318d332032,d930590d-bb92-4cc8-8bd1-23cd027f9edf,a3cd009f-0ab0-420d-9278-b9fdab939bbc,6a2d0734-bd9e-4ddf-946e-caa52498cb75,c27215d8-6835-4b68-bfbb-bdeac6100c04,b5d6115f-0370-4d7c-aad3-c194cc71cf98,871c3b6c-7379-419d-bda3-794b239ab90d,ff9b0199-ce04-4cfe-86cc-6c719f08d6e4,de1c2107-70c8-4021-8459-6399f24d01c6,cbf30902-517f-40dc-af90-a550bac27cf1,5c601d96-e4c7-4698-991b-7ee674b11079
2026-6-9 20:29:34-debug: Init bundle root assets success..., progress: 0%
2026-6-9 20:29:34-debug:   Number of all scripts: 24
2026-6-9 20:29:34-debug:   Number of other assets: 360
2026-6-9 20:29:34-debug:   Number of all scenes: 1
2026-6-9 20:29:34-debug: // ---- build task 查询 Asset Bundle ---- (7ms)
2026-6-9 20:29:34-debug: 查询 Asset Bundle start, progress: 5%
2026-6-9 20:29:34-debug: [Build Memory track]: 查询 Asset Bundle start:230.61MB, end 230.62MB, increase: 15.81KB
2026-6-9 20:29:34-debug: // ---- build task 查询 Asset Bundle ----
2026-6-9 20:29:34-log: run build task 查询 Asset Bundle success in 7 ms√, progress: 5%
2026-6-9 20:29:34-debug: // ---- build task 查询 Asset Bundle ---- (2ms)
2026-6-9 20:29:34-debug: // ---- build task 整理部分构建选项内数据到 settings.json ----
2026-6-9 20:29:34-debug: [Build Memory track]: 查询 Asset Bundle start:230.65MB, end 230.76MB, increase: 115.73KB
2026-6-9 20:29:34-debug: 整理部分构建选项内数据到 settings.json start, progress: 10%
2026-6-9 20:29:34-log: run build task 查询 Asset Bundle success in 2 ms√, progress: 10%
2026-6-9 20:29:34-debug: // ---- build task 整理部分构建选项内数据到 settings.json ---- (1ms)
2026-6-9 20:29:34-log: run build task 整理部分构建选项内数据到 settings.json success in 1 ms√, progress: 12%
2026-6-9 20:29:34-debug: [Build Memory track]: 整理部分构建选项内数据到 settings.json start:230.79MB, end 230.82MB, increase: 24.41KB
2026-6-9 20:29:34-debug: // ---- build task 填充脚本数据到 settings.json ----
2026-6-9 20:29:34-debug: 填充脚本数据到 settings.json start, progress: 12%
2026-6-9 20:29:34-debug: // ---- build task 填充脚本数据到 settings.json ---- (1ms)
2026-6-9 20:29:34-debug: // ---- build task 整理部分构建选项内数据到 settings.json ----
2026-6-9 20:29:34-debug: [Build Memory track]: 填充脚本数据到 settings.json start:230.84MB, end 230.87MB, increase: 23.95KB
2026-6-9 20:29:34-debug: 整理部分构建选项内数据到 settings.json start, progress: 13%
2026-6-9 20:29:34-log: run build task 填充脚本数据到 settings.json success in 1 ms√, progress: 13%
2026-6-9 20:29:34-debug: // ---- build task 整理部分构建选项内数据到 settings.json ---- (4ms)
2026-6-9 20:29:34-debug: [Build Memory track]: 整理部分构建选项内数据到 settings.json start:230.89MB, end 230.33MB, increase: -579.27KB
2026-6-9 20:29:34-log: run build task 整理部分构建选项内数据到 settings.json success in 4 ms√, progress: 15%
2026-6-9 20:33:40-debug: refresh db internal success
2026-6-9 20:33:40-debug: refresh db assets success
2026-6-9 20:33:40-debug: Run asset db hook engine-extends:afterRefresh success!
2026-6-9 20:33:40-debug: Run asset db hook engine-extends:afterRefresh ...
2026-6-9 20:33:40-debug: asset-db:refresh-all-database (45ms)
2026-6-9 20:33:40-debug: asset-db:worker-effect-data-processing (2ms)
2026-6-9 20:33:40-debug: asset-db-hook-engine-extends-afterRefresh (2ms)
