2026-6-9 20:35:12-log: Cannot access game frame or container.
2026-6-9 20:35:13-debug: asset-db:require-engine-code (1034ms)
2026-6-9 20:35:13-log: meshopt wasm decoder initialized
2026-6-9 20:35:13-log: [bullet]:bullet wasm lib loaded.
2026-6-9 20:35:13-log: [box2d]:box2d wasm lib loaded.
2026-6-9 20:35:13-log: Cocos Creator v3.8.8
2026-6-9 20:35:13-log: Using legacy pipeline
2026-6-9 20:35:13-log: Forward render pipeline initialized.
2026-6-9 20:35:13-debug: [Assets Memory track]: asset-db:worker-init: initEngine start:30.66MB, end 79.18MB, increase: 48.52MB
2026-6-9 20:35:15-debug: [Assets Memory track]: asset-db:worker-init: initPlugin start:79.23MB, end 273.63MB, increase: 194.40MB
2026-6-9 20:35:15-debug: asset-db:worker-init: initPlugin (2190ms)
2026-6-9 20:35:15-debug: [Assets Memory track]: asset-db:worker-init start:30.66MB, end 273.73MB, increase: 243.07MB
2026-6-9 20:35:15-debug: Run asset db hook programming:beforePreStart ...
2026-6-9 20:35:15-debug: Run asset db hook programming:beforePreStart success!
2026-6-9 20:35:15-debug: Run asset db hook engine-extends:beforePreStart ...
2026-6-9 20:35:15-debug: Run asset db hook engine-extends:beforePreStart success!
2026-6-9 20:35:15-debug: asset-db:worker-init (3415ms)
2026-6-9 20:35:15-debug: asset-db-hook-programming-beforePreStart (63ms)
2026-6-9 20:35:15-debug: asset-db-hook-engine-extends-beforePreStart (62ms)
2026-6-9 20:35:15-debug: Preimport db internal success
2026-6-9 20:35:15-debug: %cImport%c: /Users/zxd/workspace/person/animal-chess-game/assets/scripts/pages/HomePage.tsbackground: #aaff85; color: #000;color: #000;
2026-6-9 20:35:15-debug: Preimport db assets success
2026-6-9 20:35:15-debug: Run asset db hook programming:afterPreStart ...
2026-6-9 20:35:15-debug: starting packer-driver...
2026-6-9 20:35:16-debug: initialize scripting environment...
2026-6-9 20:35:16-debug: [[Executor]] prepare before lock
2026-6-9 20:35:16-debug: Set detail map pack:///resolution-detail-map.json: {}
2026-6-9 20:35:16-debug: [[Executor]] prepare after unlock
2026-6-9 20:35:16-debug: Run asset db hook programming:afterPreStart success!
2026-6-9 20:35:16-debug: Run asset db hook engine-extends:afterPreStart ...
2026-6-9 20:35:16-debug: Run asset db hook engine-extends:afterPreStart success!
2026-6-9 20:35:16-debug: [Assets Memory track]: asset-db:worker-init: preStart start:273.74MB, end 277.64MB, increase: 3.89MB
2026-6-9 20:35:16-debug: Start up the 'internal' database...
2026-6-9 20:35:16-debug: asset-db-hook-programming-afterPreStart (501ms)
2026-6-9 20:35:16-debug: asset-db:worker-effect-data-processing (248ms)
2026-6-9 20:35:16-debug: asset-db-hook-engine-extends-afterPreStart (248ms)
2026-6-9 20:35:16-debug: Run asset db hook engine-extends:afterStartDB ...
2026-6-9 20:35:16-debug: recompile effect.bin success
2026-6-9 20:35:16-debug: Run asset db hook engine-extends:afterStartDB success!
2026-6-9 20:35:16-debug: Start up the 'assets' database...
2026-6-9 20:35:16-debug: asset-db:worker-effect-data-processing (297ms)
2026-6-9 20:35:16-debug: asset-db-hook-engine-extends-afterStartDB (297ms)
2026-6-9 20:35:16-debug: Run asset db hook engine-extends:afterStartDB ...
2026-6-9 20:35:17-debug: recompile effect.bin success
2026-6-9 20:35:17-debug: lazy register asset handler text
2026-6-9 20:35:17-debug: lazy register asset handler json
2026-6-9 20:35:17-debug: lazy register asset handler spine-data
2026-6-9 20:35:17-debug: lazy register asset handler dragonbones
2026-6-9 20:35:17-debug: lazy register asset handler dragonbones-atlas
2026-6-9 20:35:17-debug: lazy register asset handler terrain
2026-6-9 20:35:17-debug: lazy register asset handler javascript
2026-6-9 20:35:17-debug: lazy register asset handler typescript
2026-6-9 20:35:17-debug: Run asset db hook engine-extends:afterStartDB success!
2026-6-9 20:35:17-debug: lazy register asset handler scene
2026-6-9 20:35:17-debug: lazy register asset handler prefab
2026-6-9 20:35:17-debug: lazy register asset handler sprite-frame
2026-6-9 20:35:17-debug: lazy register asset handler tiled-map
2026-6-9 20:35:17-debug: lazy register asset handler image
2026-6-9 20:35:17-debug: lazy register asset handler sign-image
2026-6-9 20:35:17-debug: lazy register asset handler alpha-image
2026-6-9 20:35:17-debug: lazy register asset handler texture
2026-6-9 20:35:17-debug: lazy register asset handler texture-cube
2026-6-9 20:35:17-debug: lazy register asset handler erp-texture-cube
2026-6-9 20:35:17-debug: lazy register asset handler render-texture
2026-6-9 20:35:17-debug: lazy register asset handler texture-cube-face
2026-6-9 20:35:17-debug: lazy register asset handler rt-sprite-frame
2026-6-9 20:35:17-debug: lazy register asset handler gltf
2026-6-9 20:35:17-debug: lazy register asset handler gltf-mesh
2026-6-9 20:35:17-debug: lazy register asset handler gltf-animation
2026-6-9 20:35:17-debug: lazy register asset handler gltf-skeleton
2026-6-9 20:35:17-debug: lazy register asset handler gltf-material
2026-6-9 20:35:17-debug: lazy register asset handler gltf-scene
2026-6-9 20:35:17-debug: lazy register asset handler gltf-embeded-image
2026-6-9 20:35:17-debug: lazy register asset handler fbx
2026-6-9 20:35:17-debug: lazy register asset handler material
2026-6-9 20:35:17-debug: lazy register asset handler physics-material
2026-6-9 20:35:17-debug: lazy register asset handler effect
2026-6-9 20:35:17-debug: lazy register asset handler audio-clip
2026-6-9 20:35:17-debug: lazy register asset handler animation-clip
2026-6-9 20:35:17-debug: lazy register asset handler effect-header
2026-6-9 20:35:17-debug: lazy register asset handler animation-mask
2026-6-9 20:35:17-debug: lazy register asset handler ttf-font
2026-6-9 20:35:17-debug: lazy register asset handler bitmap-font
2026-6-9 20:35:17-debug: lazy register asset handler particle
2026-6-9 20:35:17-debug: lazy register asset handler sprite-atlas
2026-6-9 20:35:17-debug: lazy register asset handler label-atlas
2026-6-9 20:35:17-debug: lazy register asset handler render-pipeline
2026-6-9 20:35:17-debug: lazy register asset handler auto-atlas
2026-6-9 20:35:17-debug: lazy register asset handler render-flow
2026-6-9 20:35:17-debug: lazy register asset handler instantiation-material
2026-6-9 20:35:17-debug: lazy register asset handler instantiation-mesh
2026-6-9 20:35:17-debug: lazy register asset handler animation-graph-variant
2026-6-9 20:35:17-debug: lazy register asset handler render-stage
2026-6-9 20:35:17-debug: lazy register asset handler instantiation-skeleton
2026-6-9 20:35:17-debug: lazy register asset handler instantiation-animation
2026-6-9 20:35:17-debug: lazy register asset handler video-clip
2026-6-9 20:35:17-debug: lazy register asset handler animation-graph
2026-6-9 20:35:17-debug: lazy register asset handler directory
2026-6-9 20:35:17-debug: lazy register asset handler *
2026-6-9 20:35:17-debug: lazy register asset handler buffer
2026-6-9 20:35:17-debug: asset-db:worker-effect-data-processing (792ms)
2026-6-9 20:35:17-debug: asset-db-hook-engine-extends-afterStartDB (792ms)
2026-6-9 20:35:17-debug: asset-db:start-database (1743ms)
2026-6-9 20:35:17-debug: asset-db:ready (7208ms)
2026-6-9 20:35:17-debug: init worker message success
2026-6-9 20:35:18-debug: programming:execute-script (4ms)
2026-6-9 20:35:18-debug: [Build Memory track]: builder:worker-init start:225.04MB, end 237.07MB, increase: 12.03MB
2026-6-9 20:35:18-debug: builder:worker-init (346ms)
2026-6-9 20:35:18-debug: Query all assets info in project
2026-6-9 20:35:18-debug: init custom config: keepNodeUuid: false, useCache: true
2026-6-9 20:35:18-debug: Skip compress image, progress: 0%
2026-6-9 20:35:18-debug: Init all bundles start..., progress: 0%
2026-6-9 20:35:18-debug: Init bundle root assets start..., progress: 0%
2026-6-9 20:35:18-debug: 查询 Asset Bundle start, progress: 0%
2026-6-9 20:35:18-debug: // ---- build task 查询 Asset Bundle ----
2026-6-9 20:35:18-debug: Num of bundles: 3..., progress: 0%
2026-6-9 20:35:18-debug: Query preload assets/scripts from cc.config.json: 60f7195c-ec2a-45eb-ba94-8955f60e81d0,1c02ae6f-4492-4915-b8f8-7492a3b1e4cd,810e96e4-e456-4468-9b59-f4e8f39732c0,efe8e2a3-eace-427b-b4f1-cb8a937ec77d,e9aa9a3e-5b2b-4ac7-a2c7-073de2b2b24f,8bbdbcdd-5cd4-4100-b6d5-b7c9625b6107,50f4348b-c883-4e2f-8f11-ce233b859fa1,fda095cb-831d-4601-ad94-846013963de8,f92806d7-1768-443f-afe8-12bcde84d0f0,dd3a144d-ab7f-41f0-82b8-2e43a090d496,f0416e68-0200-4b77-a926-4f9d16e494da,970b0598-bcb0-4714-91fb-2e81440dccd8,bcd64cc6-2dd9-43f6-abbe-66318d332032,d930590d-bb92-4cc8-8bd1-23cd027f9edf,a3cd009f-0ab0-420d-9278-b9fdab939bbc,6a2d0734-bd9e-4ddf-946e-caa52498cb75,c27215d8-6835-4b68-bfbb-bdeac6100c04,b5d6115f-0370-4d7c-aad3-c194cc71cf98,871c3b6c-7379-419d-bda3-794b239ab90d,ff9b0199-ce04-4cfe-86cc-6c719f08d6e4,de1c2107-70c8-4021-8459-6399f24d01c6,cbf30902-517f-40dc-af90-a550bac27cf1,5c601d96-e4c7-4698-991b-7ee674b11079
2026-6-9 20:35:18-debug: Init bundle root assets success..., progress: 0%
2026-6-9 20:35:18-debug: // ---- build task 查询 Asset Bundle ---- (27ms)
2026-6-9 20:35:18-log: run build task 查询 Asset Bundle success in 27 ms√, progress: 5%
2026-6-9 20:35:18-debug: [Build Memory track]: 查询 Asset Bundle start:232.53MB, end 233.52MB, increase: 1016.11KB
2026-6-9 20:35:18-debug: 查询 Asset Bundle start, progress: 5%
2026-6-9 20:35:18-debug: // ---- build task 查询 Asset Bundle ----
2026-6-9 20:35:18-debug:   Number of all scenes: 1
2026-6-9 20:35:18-debug:   Number of all scripts: 24
2026-6-9 20:35:18-debug:   Number of other assets: 360
2026-6-9 20:35:18-debug: // ---- build task 查询 Asset Bundle ---- (22ms)
2026-6-9 20:35:18-log: run build task 查询 Asset Bundle success in 22 ms√, progress: 10%
2026-6-9 20:35:18-debug: [Build Memory track]: 查询 Asset Bundle start:233.56MB, end 233.37MB, increase: -195.77KB
2026-6-9 20:35:18-debug: 整理部分构建选项内数据到 settings.json start, progress: 10%
2026-6-9 20:35:18-debug: // ---- build task 整理部分构建选项内数据到 settings.json ----
2026-6-9 20:35:18-log: run build task 整理部分构建选项内数据到 settings.json success in 1 ms√, progress: 12%
2026-6-9 20:35:18-debug: // ---- build task 整理部分构建选项内数据到 settings.json ---- (1ms)
2026-6-9 20:35:18-debug: [Build Memory track]: 整理部分构建选项内数据到 settings.json start:233.41MB, end 233.44MB, increase: 35.06KB
2026-6-9 20:35:18-debug: 填充脚本数据到 settings.json start, progress: 12%
2026-6-9 20:35:18-debug: // ---- build task 填充脚本数据到 settings.json ----
2026-6-9 20:35:18-debug: // ---- build task 填充脚本数据到 settings.json ---- (5ms)
2026-6-9 20:35:18-log: run build task 填充脚本数据到 settings.json success in 5 ms√, progress: 13%
2026-6-9 20:35:18-debug: [Build Memory track]: 填充脚本数据到 settings.json start:233.48MB, end 233.51MB, increase: 31.11KB
2026-6-9 20:35:18-debug: 整理部分构建选项内数据到 settings.json start, progress: 13%
2026-6-9 20:35:18-debug: // ---- build task 整理部分构建选项内数据到 settings.json ----
2026-6-9 20:35:18-debug: // ---- build task 整理部分构建选项内数据到 settings.json ---- (25ms)
2026-6-9 20:35:18-log: run build task 整理部分构建选项内数据到 settings.json success in 25 ms√, progress: 15%
2026-6-9 20:35:18-debug: [Build Memory track]: 整理部分构建选项内数据到 settings.json start:233.55MB, end 233.69MB, increase: 146.96KB
2026-6-9 20:35:18-debug: Query all assets info in project
2026-6-9 20:35:18-debug: Skip compress image, progress: 0%
2026-6-9 20:35:18-debug: init custom config: keepNodeUuid: false, useCache: true
2026-6-9 20:35:18-debug: Num of bundles: 3..., progress: 0%
2026-6-9 20:35:18-debug: // ---- build task 查询 Asset Bundle ----
2026-6-9 20:35:18-debug: Init bundle root assets start..., progress: 0%
2026-6-9 20:35:18-debug: Init all bundles start..., progress: 0%
2026-6-9 20:35:18-debug: 查询 Asset Bundle start, progress: 0%
2026-6-9 20:35:18-debug: Query preload assets/scripts from cc.config.json: 60f7195c-ec2a-45eb-ba94-8955f60e81d0,1c02ae6f-4492-4915-b8f8-7492a3b1e4cd,810e96e4-e456-4468-9b59-f4e8f39732c0,efe8e2a3-eace-427b-b4f1-cb8a937ec77d,e9aa9a3e-5b2b-4ac7-a2c7-073de2b2b24f,8bbdbcdd-5cd4-4100-b6d5-b7c9625b6107,50f4348b-c883-4e2f-8f11-ce233b859fa1,fda095cb-831d-4601-ad94-846013963de8,f92806d7-1768-443f-afe8-12bcde84d0f0,dd3a144d-ab7f-41f0-82b8-2e43a090d496,f0416e68-0200-4b77-a926-4f9d16e494da,970b0598-bcb0-4714-91fb-2e81440dccd8,bcd64cc6-2dd9-43f6-abbe-66318d332032,d930590d-bb92-4cc8-8bd1-23cd027f9edf,a3cd009f-0ab0-420d-9278-b9fdab939bbc,6a2d0734-bd9e-4ddf-946e-caa52498cb75,c27215d8-6835-4b68-bfbb-bdeac6100c04,b5d6115f-0370-4d7c-aad3-c194cc71cf98,871c3b6c-7379-419d-bda3-794b239ab90d,ff9b0199-ce04-4cfe-86cc-6c719f08d6e4,de1c2107-70c8-4021-8459-6399f24d01c6,cbf30902-517f-40dc-af90-a550bac27cf1,5c601d96-e4c7-4698-991b-7ee674b11079
2026-6-9 20:35:18-debug: Init bundle root assets success..., progress: 0%
2026-6-9 20:35:18-debug: // ---- build task 查询 Asset Bundle ---- (48ms)
2026-6-9 20:35:18-log: run build task 查询 Asset Bundle success in 48 ms√, progress: 5%
2026-6-9 20:35:18-debug: [Build Memory track]: 查询 Asset Bundle start:234.53MB, end 235.13MB, increase: 606.09KB
2026-6-9 20:35:18-debug: 查询 Asset Bundle start, progress: 5%
2026-6-9 20:35:18-debug: // ---- build task 查询 Asset Bundle ----
2026-6-9 20:35:18-debug:   Number of all scenes: 1
2026-6-9 20:35:18-debug:   Number of all scripts: 24
2026-6-9 20:35:18-debug:   Number of other assets: 360
2026-6-9 20:35:18-debug: // ---- build task 查询 Asset Bundle ---- (16ms)
2026-6-9 20:35:18-log: run build task 查询 Asset Bundle success in 16 ms√, progress: 10%
2026-6-9 20:35:18-debug: [Build Memory track]: 查询 Asset Bundle start:235.16MB, end 235.29MB, increase: 128.86KB
2026-6-9 20:35:18-debug: 整理部分构建选项内数据到 settings.json start, progress: 10%
2026-6-9 20:35:18-debug: // ---- build task 整理部分构建选项内数据到 settings.json ----
2026-6-9 20:35:18-debug: // ---- build task 整理部分构建选项内数据到 settings.json ---- (2ms)
2026-6-9 20:35:18-log: run build task 整理部分构建选项内数据到 settings.json success in 2 ms√, progress: 12%
2026-6-9 20:35:18-debug: [Build Memory track]: 整理部分构建选项内数据到 settings.json start:235.33MB, end 235.37MB, increase: 45.11KB
2026-6-9 20:35:18-debug: 填充脚本数据到 settings.json start, progress: 12%
2026-6-9 20:35:18-debug: // ---- build task 填充脚本数据到 settings.json ----
2026-6-9 20:35:18-log: run build task 填充脚本数据到 settings.json success in 4 ms√, progress: 13%
2026-6-9 20:35:18-debug: [Build Memory track]: 填充脚本数据到 settings.json start:235.41MB, end 235.75MB, increase: 348.54KB
2026-6-9 20:35:18-debug: // ---- build task 填充脚本数据到 settings.json ---- (4ms)
2026-6-9 20:35:18-debug: // ---- build task 整理部分构建选项内数据到 settings.json ----
2026-6-9 20:35:18-debug: 整理部分构建选项内数据到 settings.json start, progress: 13%
2026-6-9 20:35:18-debug: // ---- build task 整理部分构建选项内数据到 settings.json ---- (26ms)
2026-6-9 20:35:18-debug: [Build Memory track]: 整理部分构建选项内数据到 settings.json start:235.49MB, end 235.63MB, increase: 142.23KB
2026-6-9 20:35:18-log: run build task 整理部分构建选项内数据到 settings.json success in 26 ms√, progress: 15%
2026-6-9 20:35:18-debug: Query all assets info in project
2026-6-9 20:35:19-debug: init custom config: keepNodeUuid: false, useCache: true
2026-6-9 20:35:19-debug: Skip compress image, progress: 0%
2026-6-9 20:35:19-debug: Init all bundles start..., progress: 0%
2026-6-9 20:35:19-debug: Num of bundles: 3..., progress: 0%
2026-6-9 20:35:19-debug: 查询 Asset Bundle start, progress: 0%
2026-6-9 20:35:19-debug: // ---- build task 查询 Asset Bundle ----
2026-6-9 20:35:19-debug: Init bundle root assets start..., progress: 0%
2026-6-9 20:35:19-debug: Query preload assets/scripts from cc.config.json: 60f7195c-ec2a-45eb-ba94-8955f60e81d0,1c02ae6f-4492-4915-b8f8-7492a3b1e4cd,810e96e4-e456-4468-9b59-f4e8f39732c0,efe8e2a3-eace-427b-b4f1-cb8a937ec77d,e9aa9a3e-5b2b-4ac7-a2c7-073de2b2b24f,8bbdbcdd-5cd4-4100-b6d5-b7c9625b6107,50f4348b-c883-4e2f-8f11-ce233b859fa1,fda095cb-831d-4601-ad94-846013963de8,f92806d7-1768-443f-afe8-12bcde84d0f0,dd3a144d-ab7f-41f0-82b8-2e43a090d496,f0416e68-0200-4b77-a926-4f9d16e494da,970b0598-bcb0-4714-91fb-2e81440dccd8,bcd64cc6-2dd9-43f6-abbe-66318d332032,d930590d-bb92-4cc8-8bd1-23cd027f9edf,a3cd009f-0ab0-420d-9278-b9fdab939bbc,6a2d0734-bd9e-4ddf-946e-caa52498cb75,c27215d8-6835-4b68-bfbb-bdeac6100c04,b5d6115f-0370-4d7c-aad3-c194cc71cf98,871c3b6c-7379-419d-bda3-794b239ab90d,ff9b0199-ce04-4cfe-86cc-6c719f08d6e4,de1c2107-70c8-4021-8459-6399f24d01c6,cbf30902-517f-40dc-af90-a550bac27cf1,5c601d96-e4c7-4698-991b-7ee674b11079
2026-6-9 20:35:19-debug:   Number of all scenes: 1
2026-6-9 20:35:19-debug:   Number of all scripts: 24
2026-6-9 20:35:19-debug:   Number of other assets: 360
2026-6-9 20:35:19-debug: Init bundle root assets success..., progress: 0%
2026-6-9 20:35:19-log: run build task 查询 Asset Bundle success in 51 ms√, progress: 5%
2026-6-9 20:35:19-debug: [Build Memory track]: 查询 Asset Bundle start:236.56MB, end 237.53MB, increase: 986.89KB
2026-6-9 20:35:19-debug: 查询 Asset Bundle start, progress: 5%
2026-6-9 20:35:19-debug: // ---- build task 查询 Asset Bundle ----
2026-6-9 20:35:19-debug: // ---- build task 查询 Asset Bundle ---- (51ms)
2026-6-9 20:35:19-debug: // ---- build task 查询 Asset Bundle ---- (13ms)
2026-6-9 20:35:19-log: run build task 查询 Asset Bundle success in 13 ms√, progress: 10%
2026-6-9 20:35:19-debug: [Build Memory track]: 查询 Asset Bundle start:237.57MB, end 231.84MB, increase: -5861.78KB
2026-6-9 20:35:19-debug: 整理部分构建选项内数据到 settings.json start, progress: 10%
2026-6-9 20:35:19-debug: // ---- build task 整理部分构建选项内数据到 settings.json ----
2026-6-9 20:35:19-debug: // ---- build task 整理部分构建选项内数据到 settings.json ---- (1ms)
2026-6-9 20:35:19-log: run build task 整理部分构建选项内数据到 settings.json success in 1 ms√, progress: 12%
2026-6-9 20:35:19-debug: [Build Memory track]: 整理部分构建选项内数据到 settings.json start:231.88MB, end 231.91MB, increase: 29.26KB
2026-6-9 20:35:19-debug: 填充脚本数据到 settings.json start, progress: 12%
2026-6-9 20:35:19-debug: // ---- build task 填充脚本数据到 settings.json ----
2026-6-9 20:35:19-debug: // ---- build task 填充脚本数据到 settings.json ---- (4ms)
2026-6-9 20:35:19-log: run build task 填充脚本数据到 settings.json success in 4 ms√, progress: 13%
2026-6-9 20:35:19-debug: [Build Memory track]: 填充脚本数据到 settings.json start:231.94MB, end 231.98MB, increase: 32.28KB
2026-6-9 20:35:19-debug: 整理部分构建选项内数据到 settings.json start, progress: 13%
2026-6-9 20:35:19-debug: // ---- build task 整理部分构建选项内数据到 settings.json ----
2026-6-9 20:35:19-debug: // ---- build task 整理部分构建选项内数据到 settings.json ---- (11ms)
2026-6-9 20:35:19-log: run build task 整理部分构建选项内数据到 settings.json success in 11 ms√, progress: 15%
2026-6-9 20:35:19-debug: [Build Memory track]: 整理部分构建选项内数据到 settings.json start:232.01MB, end 232.15MB, increase: 138.37KB
2026-6-9 20:35:19-debug: Query all assets info in project
2026-6-9 20:35:19-debug: init custom config: keepNodeUuid: false, useCache: true
2026-6-9 20:35:19-debug: Skip compress image, progress: 0%
2026-6-9 20:35:19-debug: Init all bundles start..., progress: 0%
2026-6-9 20:35:19-debug: Num of bundles: 3..., progress: 0%
2026-6-9 20:35:19-debug: 查询 Asset Bundle start, progress: 0%
2026-6-9 20:35:19-debug: // ---- build task 查询 Asset Bundle ----
2026-6-9 20:35:19-debug: Init bundle root assets start..., progress: 0%
2026-6-9 20:35:19-debug: Query preload assets/scripts from cc.config.json: 60f7195c-ec2a-45eb-ba94-8955f60e81d0,1c02ae6f-4492-4915-b8f8-7492a3b1e4cd,810e96e4-e456-4468-9b59-f4e8f39732c0,efe8e2a3-eace-427b-b4f1-cb8a937ec77d,e9aa9a3e-5b2b-4ac7-a2c7-073de2b2b24f,8bbdbcdd-5cd4-4100-b6d5-b7c9625b6107,50f4348b-c883-4e2f-8f11-ce233b859fa1,fda095cb-831d-4601-ad94-846013963de8,f92806d7-1768-443f-afe8-12bcde84d0f0,dd3a144d-ab7f-41f0-82b8-2e43a090d496,f0416e68-0200-4b77-a926-4f9d16e494da,970b0598-bcb0-4714-91fb-2e81440dccd8,bcd64cc6-2dd9-43f6-abbe-66318d332032,d930590d-bb92-4cc8-8bd1-23cd027f9edf,a3cd009f-0ab0-420d-9278-b9fdab939bbc,6a2d0734-bd9e-4ddf-946e-caa52498cb75,c27215d8-6835-4b68-bfbb-bdeac6100c04,b5d6115f-0370-4d7c-aad3-c194cc71cf98,871c3b6c-7379-419d-bda3-794b239ab90d,ff9b0199-ce04-4cfe-86cc-6c719f08d6e4,de1c2107-70c8-4021-8459-6399f24d01c6,cbf30902-517f-40dc-af90-a550bac27cf1,5c601d96-e4c7-4698-991b-7ee674b11079
2026-6-9 20:35:19-debug: // ---- build task 查询 Asset Bundle ---- (23ms)
2026-6-9 20:35:19-log: run build task 查询 Asset Bundle success in 23 ms√, progress: 5%
2026-6-9 20:35:19-debug: [Build Memory track]: 查询 Asset Bundle start:233.30MB, end 234.23MB, increase: 957.05KB
2026-6-9 20:35:19-debug: 查询 Asset Bundle start, progress: 5%
2026-6-9 20:35:19-debug: // ---- build task 查询 Asset Bundle ----
2026-6-9 20:35:19-debug: Init bundle root assets success..., progress: 0%
2026-6-9 20:35:19-debug:   Number of all scenes: 1
2026-6-9 20:35:19-debug:   Number of all scripts: 24
2026-6-9 20:35:19-debug:   Number of other assets: 360
2026-6-9 20:35:19-debug: // ---- build task 查询 Asset Bundle ---- (19ms)
2026-6-9 20:35:19-log: run build task 查询 Asset Bundle success in 19 ms√, progress: 10%
2026-6-9 20:35:19-debug: [Build Memory track]: 查询 Asset Bundle start:234.27MB, end 234.42MB, increase: 153.38KB
2026-6-9 20:35:19-debug: 整理部分构建选项内数据到 settings.json start, progress: 10%
2026-6-9 20:35:19-debug: // ---- build task 整理部分构建选项内数据到 settings.json ----
2026-6-9 20:35:19-debug: // ---- build task 整理部分构建选项内数据到 settings.json ---- (2ms)
2026-6-9 20:35:19-log: run build task 整理部分构建选项内数据到 settings.json success in 2 ms√, progress: 12%
2026-6-9 20:35:19-debug: [Build Memory track]: 整理部分构建选项内数据到 settings.json start:234.46MB, end 234.50MB, increase: 38.29KB
2026-6-9 20:35:19-debug: 填充脚本数据到 settings.json start, progress: 12%
2026-6-9 20:35:19-debug: // ---- build task 填充脚本数据到 settings.json ----
2026-6-9 20:35:19-debug: // ---- build task 填充脚本数据到 settings.json ---- (1ms)
2026-6-9 20:35:19-log: run build task 填充脚本数据到 settings.json success in 1 ms√, progress: 13%
2026-6-9 20:35:19-debug: [Build Memory track]: 填充脚本数据到 settings.json start:234.53MB, end 234.57MB, increase: 36.24KB
2026-6-9 20:35:19-debug: 整理部分构建选项内数据到 settings.json start, progress: 13%
2026-6-9 20:35:19-debug: // ---- build task 整理部分构建选项内数据到 settings.json ----
2026-6-9 20:35:19-debug: // ---- build task 整理部分构建选项内数据到 settings.json ---- (25ms)
2026-6-9 20:35:19-log: run build task 整理部分构建选项内数据到 settings.json success in 25 ms√, progress: 15%
2026-6-9 20:35:19-debug: [Build Memory track]: 整理部分构建选项内数据到 settings.json start:234.61MB, end 234.75MB, increase: 149.65KB
2026-6-9 20:35:47-debug: Query all assets info in project
2026-6-9 20:35:47-debug: Skip compress image, progress: 0%
2026-6-9 20:35:47-debug: init custom config: keepNodeUuid: false, useCache: true
2026-6-9 20:35:47-debug: Num of bundles: 3..., progress: 0%
2026-6-9 20:35:47-debug: Init bundle root assets start..., progress: 0%
2026-6-9 20:35:47-debug: 查询 Asset Bundle start, progress: 0%
2026-6-9 20:35:47-debug: // ---- build task 查询 Asset Bundle ----
2026-6-9 20:35:47-debug: Init all bundles start..., progress: 0%
2026-6-9 20:35:47-debug: Query preload assets/scripts from cc.config.json: 60f7195c-ec2a-45eb-ba94-8955f60e81d0,1c02ae6f-4492-4915-b8f8-7492a3b1e4cd,810e96e4-e456-4468-9b59-f4e8f39732c0,efe8e2a3-eace-427b-b4f1-cb8a937ec77d,e9aa9a3e-5b2b-4ac7-a2c7-073de2b2b24f,8bbdbcdd-5cd4-4100-b6d5-b7c9625b6107,50f4348b-c883-4e2f-8f11-ce233b859fa1,fda095cb-831d-4601-ad94-846013963de8,f92806d7-1768-443f-afe8-12bcde84d0f0,dd3a144d-ab7f-41f0-82b8-2e43a090d496,f0416e68-0200-4b77-a926-4f9d16e494da,970b0598-bcb0-4714-91fb-2e81440dccd8,bcd64cc6-2dd9-43f6-abbe-66318d332032,d930590d-bb92-4cc8-8bd1-23cd027f9edf,a3cd009f-0ab0-420d-9278-b9fdab939bbc,6a2d0734-bd9e-4ddf-946e-caa52498cb75,c27215d8-6835-4b68-bfbb-bdeac6100c04,b5d6115f-0370-4d7c-aad3-c194cc71cf98,871c3b6c-7379-419d-bda3-794b239ab90d,ff9b0199-ce04-4cfe-86cc-6c719f08d6e4,de1c2107-70c8-4021-8459-6399f24d01c6,cbf30902-517f-40dc-af90-a550bac27cf1,5c601d96-e4c7-4698-991b-7ee674b11079
2026-6-9 20:35:47-debug:   Number of all scenes: 1
2026-6-9 20:35:47-debug:   Number of other assets: 360
2026-6-9 20:35:47-debug: Init bundle root assets success..., progress: 0%
2026-6-9 20:35:47-debug:   Number of all scripts: 24
2026-6-9 20:35:47-debug: // ---- build task 查询 Asset Bundle ---- (8ms)
2026-6-9 20:35:47-log: run build task 查询 Asset Bundle success in 8 ms√, progress: 5%
2026-6-9 20:35:47-debug: [Build Memory track]: 查询 Asset Bundle start:222.09MB, end 222.12MB, increase: 30.51KB
2026-6-9 20:35:47-debug: 查询 Asset Bundle start, progress: 5%
2026-6-9 20:35:47-debug: // ---- build task 查询 Asset Bundle ----
2026-6-9 20:35:47-debug: // ---- build task 查询 Asset Bundle ---- (3ms)
2026-6-9 20:35:47-debug: [Build Memory track]: 查询 Asset Bundle start:222.16MB, end 222.28MB, increase: 125.78KB
2026-6-9 20:35:47-debug: 整理部分构建选项内数据到 settings.json start, progress: 10%
2026-6-9 20:35:47-debug: // ---- build task 整理部分构建选项内数据到 settings.json ----
2026-6-9 20:35:47-log: run build task 查询 Asset Bundle success in 3 ms√, progress: 10%
2026-6-9 20:35:47-debug: // ---- build task 整理部分构建选项内数据到 settings.json ---- (3ms)
2026-6-9 20:35:47-debug: [Build Memory track]: 整理部分构建选项内数据到 settings.json start:222.32MB, end 222.35MB, increase: 31.45KB
2026-6-9 20:35:47-debug: 填充脚本数据到 settings.json start, progress: 12%
2026-6-9 20:35:47-debug: // ---- build task 填充脚本数据到 settings.json ----
2026-6-9 20:35:47-log: run build task 整理部分构建选项内数据到 settings.json success in 3 ms√, progress: 12%
2026-6-9 20:35:47-debug: [Build Memory track]: 填充脚本数据到 settings.json start:222.39MB, end 222.42MB, increase: 29.06KB
2026-6-9 20:35:47-debug: 整理部分构建选项内数据到 settings.json start, progress: 13%
2026-6-9 20:35:47-debug: // ---- build task 整理部分构建选项内数据到 settings.json ----
2026-6-9 20:35:47-debug: // ---- build task 填充脚本数据到 settings.json ---- (3ms)
2026-6-9 20:35:47-log: run build task 填充脚本数据到 settings.json success in 3 ms√, progress: 13%
2026-6-9 20:35:48-debug: // ---- build task 整理部分构建选项内数据到 settings.json ---- (31ms)
2026-6-9 20:35:48-log: run build task 整理部分构建选项内数据到 settings.json success in 31 ms√, progress: 15%
2026-6-9 20:35:48-debug: [Build Memory track]: 整理部分构建选项内数据到 settings.json start:222.45MB, end 221.91MB, increase: -560.98KB
